
Abstract Syntax:
[ 1:]
int main( ):
[ 2:] while [ 3:] ( $2{x} < 0 || $2{x} > 0 ) do
[ 4:]   if ( $2{x} > 0 ) then
[ 5:]     $2{x} := $2{x} - 1
[ 6:]
        else
[ 7:]     $2{x} := $2{x} + 1
[ 8:]
        endif
[ 9:]
      od
[10:] $1{$1} := 0
[11:] return
[12:]

Property: exit: true

[ -2:]:
top ? 0.

[ -1:]:
top ? 0.

[ 2:]:
top ? bottom

[ 3:]:
top ? bottom

[ 4:]:
top ? bottom

[ 5:]:
top ? bottom

[ 6:]:
top ? bottom

[ 7:]:
top ? bottom

[ 8:]:
top ? bottom

[ 9:]:
top ? bottom

[10:]:
top ? bottom

[11:]:
top ? bottom

[12:]:
top ? bottom

Property: AF{exit: true}

[ -2:]:
top ? 0.

[ -1:]:
top ? 0.

[ 2:]:
-$2{x} >= 0 ? -3$2{x}+2
$2{x} >= 1 ? 3$2{x}+2

[ 3:]:
-$2{x} >= 0 ? -3$2{x}+2
$2{x} >= 1 ? 3$2{x}+2

[ 4:]:
-$2{x} >= 1 ? -3$2{x}+1
$2{x} == 0 ? 7
$2{x} >= 1 ? 3$2{x}+1

[ 5:]:
-$2{x} >= -1 ? -3$2{x}+6
$2{x} >= 2 ? 3$2{x}+0

[ 6:]:
-$2{x} >= 0 ? -3$2{x}+2
$2{x} >= 1 ? 3$2{x}+2

[ 7:]:
-$2{x} >= 1 ? -3$2{x}+0
$2{x} >= 0 ? 3$2{x}+6

[ 8:]:
-$2{x} >= 0 ? -3$2{x}+2
$2{x} >= 1 ? 3$2{x}+2

[ 9:]:
-$2{x} >= 0 ? -3$2{x}+2
$2{x} >= 1 ? 3$2{x}+2

[10:]:
top ? 1

[11:]:
top ? bottom

[12:]:
top ? bottom


Time: 0.013650
Analysis Result: TRUE
