
Abstract Syntax:
[ 1:]
void main( ):
[ 2:] while [ 3:] ( $1{x} > 0 && $2{y} > 0 ) do
[ 4:]   if ( ? ) then
[ 5:]     $1{x} := $1{x} - 1
[ 6:]     $2{y} := $2{y} + 1
[ 7:]
        else
[ 8:]     $2{y} := $2{y} - 1
[ 9:]
        endif
[10:]
      od
[11:]

Property: exit: true

[ -1:]:
top ? 0.

[ 2:]:
top ? bottom

[ 3:]:
top ? bottom

[ 4:]:
top ? bottom

[ 5:]:
top ? bottom

[ 6:]:
top ? bottom

[ 7:]:
top ? bottom

[ 8:]:
top ? bottom

[ 9:]:
top ? bottom

[10:]:
top ? bottom

[11:]:
top ? bottom

Property: AF{exit: true}

[ -1:]:
top ? 0.

[ 2:]:
-$2{y} >= 0 ? 1
$2{y} >= 1 && -$1{x} >= 0 ? 1
$2{y} >= 1 && $1{x} >= 1 ? 7$1{x}+3$2{y}-5

[ 3:]:
-$2{y} >= 0 ? 1
$2{y} >= 1 && -$1{x} >= 0 ? 1
$2{y} >= 1 && $1{x} >= 1 ? 7$1{x}+3$2{y}-5

[ 4:]:
-$2{y} >= 1 ? 4
$2{y} == 0 && -$1{x} >= -1 ? 4
$2{y} == 0 && $1{x} >= 2 ? 7$1{x}-6
$2{y} == 1 && -$1{x} >= -1 ? 4
$2{y} == 1 && $1{x} >= 2 ? 7$1{x}-3
$2{y} >= 2 && -$1{x} >= 0 ? 4
$2{y} >= 2 && $1{x} >= 1 ? 7$1{x}+3$2{y}-6

[ 5:]:
-$2{y} >= 1 ? 3
$2{y} >= 0 && -$1{x} >= -1 ? 3
$2{y} >= 0 && $1{x} >= 2 ? 7$1{x}+3$2{y}-7

[ 6:]:
-$2{y} >= 1 ? 2
$2{y} >= 0 && -$1{x} >= 0 ? 2
$2{y} >= 0 && $1{x} >= 1 ? 7$1{x}+3$2{y}-1

[ 7:]:
-$2{y} >= 0 ? 1
$2{y} >= 1 && -$1{x} >= 0 ? 1
$2{y} >= 1 && $1{x} >= 1 ? 7$1{x}+3$2{y}-5

[ 8:]:
-$2{y} >= -1 ? 2
$2{y} >= 2 && -$1{x} >= 0 ? 2
$2{y} >= 2 && $1{x} >= 1 ? 7$1{x}+3$2{y}-7

[ 9:]:
-$2{y} >= 0 ? 1
$2{y} >= 1 && -$1{x} >= 0 ? 1
$2{y} >= 1 && $1{x} >= 1 ? 7$1{x}+3$2{y}-5

[10:]:
-$2{y} >= 0 ? 1
$2{y} >= 1 && -$1{x} >= 0 ? 1
$2{y} >= 1 && $1{x} >= 1 ? 7$1{x}+3$2{y}-5

[11:]:
top ? bottom


Time: 0.071996
Analysis Result: TRUE
