
Abstract Syntax:
[ 1:]
int main( ):
[ 2:] while [ 3:] ( ($2{x1} < 0 || $2{x1} > 0) && $3{x2} > 0 ) do
[ 4:]   if ( $2{x1} > 0 ) then
[ 5:]     if ( ? ) then
[ 6:]       $2{x1} := $2{x1} - 1
[ 7:]       $3{x2} := ?
[ 8:]
          else
[ 9:]       $3{x2} := $3{x2} - 1
[10:]
          endif
[11:]
        else
[12:]     if ( ? ) then
[13:]       $2{x1} := $2{x1} + 1
[14:]
          else
[15:]       $3{x2} := $3{x2} - 1
[16:]       $2{x1} := ?
[17:]
          endif
[18:]
        endif
[19:]
      od
[20:] $1{$1} := 0
[21:] return
[22:]

Property: exit: true

[ -2:]:
top ? 0.

[ -1:]:
top ? 0.

[ 2:]:
top ? bottom

[ 3:]:
top ? bottom

[ 4:]:
top ? bottom

[ 5:]:
top ? bottom

[ 6:]:
top ? bottom

[ 7:]:
top ? bottom

[ 8:]:
top ? bottom

[ 9:]:
top ? bottom

[10:]:
top ? bottom

[11:]:
top ? bottom

[12:]:
top ? bottom

[13:]:
top ? bottom

[14:]:
top ? bottom

[15:]:
top ? bottom

[16:]:
top ? bottom

[17:]:
top ? bottom

[18:]:
top ? bottom

[19:]:
top ? bottom

[20:]:
top ? bottom

[21:]:
top ? bottom

[22:]:
top ? bottom

Property: AF{exit: true}

[ -2:]:
top ? 0.

[ -1:]:
top ? 0.

[ 2:]:
-$3{x2} >= 0 ? 2
$3{x2} == 1 && -$2{x1} >= 1 ? -4$2{x1}+3
$3{x2} == 1 && $2{x1} == 0 ? 2
$3{x2} == 1 && $2{x1} >= 1 ?  ($2{x1}-1)⍵ + 5$2{x1}+2
$3{x2} >= 2 && -$2{x1} >= 1 ?  ($3{x2}-1)⍵^2 +  ($3{x2}-1)⍵ + -4$2{x1}+5$3{x2}-2
$3{x2} >= 2 && $2{x1} == 0 ? 2
$3{x2} >= 2 && $2{x1} >= 1 ?  ($2{x1}-1)⍵ + 5$2{x1}+4$3{x2}-2

[ 3:]:
-$3{x2} >= 0 ? 2
$3{x2} == 1 && -$2{x1} >= 1 ? -4$2{x1}+3
$3{x2} == 1 && $2{x1} == 0 ? 2
$3{x2} == 1 && $2{x1} >= 1 ?  ($2{x1}-1)⍵ + 5$2{x1}+2
$3{x2} >= 2 && -$2{x1} >= 1 ?  ($3{x2}-1)⍵^2 +  ($3{x2}-1)⍵ + -4$2{x1}+5$3{x2}-2
$3{x2} >= 2 && $2{x1} == 0 ? 2
$3{x2} >= 2 && $2{x1} >= 1 ?  ($2{x1}-1)⍵ + 5$2{x1}+4$3{x2}-2

[ 4:]:
-$3{x2} >= 0 && -$2{x1} >= -1 ? 6
-$3{x2} >= 0 && $2{x1} >= 2 ?  ($2{x1}-1)⍵ + 5$2{x1}+1
$3{x2} == 1 && -$2{x1} >= 1 ? -4$2{x1}+2
$3{x2} == 1 && $2{x1} == 0 ? 10
$3{x2} == 1 && $2{x1} >= 1 ?  ($2{x1}-1)⍵ + 5$2{x1}+1
$3{x2} == 2 && -$2{x1} >= 1 ?  (1)⍵^2 +  (1)⍵ + -4$2{x1}+7
$3{x2} == 2 && $2{x1} == 0 ?  (1)⍵^2 +  (1)⍵ + 14
$3{x2} == 2 && $2{x1} >= 1 ?  ($2{x1}-1)⍵ + 5$2{x1}+5
$3{x2} >= 3 && -$2{x1} >= 2 ?  ($3{x2}-1)⍵^2 +  ($3{x2}-1)⍵ + -4$2{x1}+5$3{x2}-3
$3{x2} >= 3 && $2{x1} == -1 ?  ($3{x2}-2)⍵^2 +  ($3{x2}-1)⍵ + 5$3{x2}+1
$3{x2} >= 3 && $2{x1} == 0 ?  ($3{x2}-2)⍵^2 +  ($3{x2}-1)⍵ + 5$3{x2}+3
$3{x2} >= 3 && $2{x1} >= 1 ?  ($2{x1}-1)⍵ + 5$2{x1}+4$3{x2}-3

[ 5:]:
-$3{x2} >= -1 && -$2{x1} >= 0 ? top
-$3{x2} >= -1 && $2{x1} >= 1 ?  ($2{x1}-1)⍵ + 5$2{x1}+0
$3{x2} == 2 && -$2{x1} >= 0 ? top
$3{x2} == 2 && $2{x1} >= 1 ?  ($2{x1}-1)⍵ + 5$2{x1}+4
$3{x2} >= 3 && -$2{x1} >= 0 ? top
$3{x2} >= 3 && $2{x1} >= 1 ?  ($2{x1}-1)⍵ + 5$2{x1}+4$3{x2}-4

[ 6:]:
-$2{x1} >= 0 ? top
$2{x1} >= 1 ?  ($2{x1}-1)⍵ + 5$2{x1}-1

[ 7:]:
-$2{x1} >= 1 ? top
$2{x1} >= 0 ?  ($2{x1}+0)⍵ + 5$2{x1}+3

[ 8:]:
-$3{x2} >= 0 ? 2
$3{x2} == 1 && -$2{x1} >= 1 ? -4$2{x1}+3
$3{x2} == 1 && $2{x1} == 0 ? 2
$3{x2} == 1 && $2{x1} >= 1 ?  ($2{x1}-1)⍵ + 5$2{x1}+2
$3{x2} >= 2 && -$2{x1} >= 1 ?  ($3{x2}-1)⍵^2 +  ($3{x2}-1)⍵ + -4$2{x1}+5$3{x2}-2
$3{x2} >= 2 && $2{x1} == 0 ? 2
$3{x2} >= 2 && $2{x1} >= 1 ?  ($2{x1}-1)⍵ + 5$2{x1}+4$3{x2}-2

[ 9:]:
-$3{x2} >= -1 ? 3
$3{x2} == 2 && -$2{x1} >= 1 ? -4$2{x1}+4
$3{x2} == 2 && $2{x1} == 0 ? 3
$3{x2} == 2 && $2{x1} >= 1 ?  ($2{x1}-1)⍵ + 5$2{x1}+3
$3{x2} >= 3 && -$2{x1} >= 1 ?  ($3{x2}-2)⍵^2 +  ($3{x2}-2)⍵ + -4$2{x1}+5$3{x2}-6
$3{x2} >= 3 && $2{x1} == 0 ? 3
$3{x2} >= 3 && $2{x1} >= 1 ?  ($2{x1}-1)⍵ + 5$2{x1}+4$3{x2}-5

[10:]:
-$3{x2} >= 0 ? 2
$3{x2} == 1 && -$2{x1} >= 1 ? -4$2{x1}+3
$3{x2} == 1 && $2{x1} == 0 ? 2
$3{x2} == 1 && $2{x1} >= 1 ?  ($2{x1}-1)⍵ + 5$2{x1}+2
$3{x2} >= 2 && -$2{x1} >= 1 ?  ($3{x2}-1)⍵^2 +  ($3{x2}-1)⍵ + -4$2{x1}+5$3{x2}-2
$3{x2} >= 2 && $2{x1} == 0 ? 2
$3{x2} >= 2 && $2{x1} >= 1 ?  ($2{x1}-1)⍵ + 5$2{x1}+4$3{x2}-2

[11:]:
-$3{x2} >= 0 ? 2
$3{x2} == 1 && -$2{x1} >= 1 ? -4$2{x1}+3
$3{x2} == 1 && $2{x1} == 0 ? 2
$3{x2} == 1 && $2{x1} >= 1 ?  ($2{x1}-1)⍵ + 5$2{x1}+2
$3{x2} >= 2 && -$2{x1} >= 1 ?  ($3{x2}-1)⍵^2 +  ($3{x2}-1)⍵ + -4$2{x1}+5$3{x2}-2
$3{x2} >= 2 && $2{x1} == 0 ? 2
$3{x2} >= 2 && $2{x1} >= 1 ?  ($2{x1}-1)⍵ + 5$2{x1}+4$3{x2}-2

[12:]:
-$3{x2} >= 0 ? 5
$3{x2} == 1 && -$2{x1} >= 1 ? -4$2{x1}+1
$3{x2} == 1 && $2{x1} >= 0 ?  ($2{x1}+0)⍵ + 5$2{x1}+9
$3{x2} == 2 && -$2{x1} >= 1 ?  (1)⍵^2 +  (1)⍵ + -4$2{x1}+6
$3{x2} == 2 && $2{x1} == 0 ?  (1)⍵^2 +  (1)⍵ + 13
$3{x2} == 2 && $2{x1} >= 1 ?  (1)⍵^2 +  ($2{x1}+0)⍵ + 5$2{x1}+13
$3{x2} >= 3 && -$2{x1} >= 2 ?  ($3{x2}-1)⍵^2 +  ($3{x2}-1)⍵ + -4$2{x1}+5$3{x2}-4
$3{x2} >= 3 && $2{x1} == -1 ?  ($3{x2}-2)⍵^2 +  ($3{x2}-1)⍵ + 5$3{x2}+0
$3{x2} >= 3 && $2{x1} == 0 ?  ($3{x2}-2)⍵^2 +  ($3{x2}-1)⍵ + 5$3{x2}+2
$3{x2} >= 3 && $2{x1} >= 1 ?  ($3{x2}-2)⍵^2 +  ($2{x1}+$3{x2}-2)⍵ + 5$2{x1}+5$3{x2}+2

[13:]:
-$3{x2} >= 0 ? 3
$3{x2} == 1 && -$2{x1} >= 2 ? -4$2{x1}+0
$3{x2} == 1 && $2{x1} == -1 ? 3
$3{x2} == 1 && $2{x1} >= 0 ?  ($2{x1}+0)⍵ + 5$2{x1}+8
$3{x2} >= 2 && -$2{x1} >= 2 ?  ($3{x2}-1)⍵^2 +  ($3{x2}-1)⍵ + -4$2{x1}+5$3{x2}-5
$3{x2} >= 2 && $2{x1} == -1 ? 3
$3{x2} >= 2 && $2{x1} >= 0 ?  ($2{x1}+0)⍵ + 5$2{x1}+4$3{x2}+4

[14:]:
-$3{x2} >= 0 ? 2
$3{x2} == 1 && -$2{x1} >= 1 ? -4$2{x1}+3
$3{x2} == 1 && $2{x1} == 0 ? 2
$3{x2} == 1 && $2{x1} >= 1 ?  ($2{x1}-1)⍵ + 5$2{x1}+2
$3{x2} >= 2 && -$2{x1} >= 1 ?  ($3{x2}-1)⍵^2 +  ($3{x2}-1)⍵ + -4$2{x1}+5$3{x2}-2
$3{x2} >= 2 && $2{x1} == 0 ? 2
$3{x2} >= 2 && $2{x1} >= 1 ?  ($2{x1}-1)⍵ + 5$2{x1}+4$3{x2}-2

[15:]:
-$3{x2} >= -1 ? 4
$3{x2} == 2 ?  (1)⍵^2 +  (1)⍵ + 9
$3{x2} >= 3 ?  ($3{x2}-2)⍵^2 +  ($3{x2}-1)⍵ + 5$3{x2}-1

[16:]:
-$3{x2} >= 0 ? 3
$3{x2} == 1 ?  (1)⍵^2 +  (1)⍵ + 8
$3{x2} >= 2 ?  ($3{x2}-1)⍵^2 +  ($3{x2}+0)⍵ + 5$3{x2}+3

[17:]:
-$3{x2} >= 0 ? 2
$3{x2} == 1 && -$2{x1} >= 1 ? -4$2{x1}+3
$3{x2} == 1 && $2{x1} == 0 ? 2
$3{x2} == 1 && $2{x1} >= 1 ?  ($2{x1}-1)⍵ + 5$2{x1}+2
$3{x2} >= 2 && -$2{x1} >= 1 ?  ($3{x2}-1)⍵^2 +  ($3{x2}-1)⍵ + -4$2{x1}+5$3{x2}-2
$3{x2} >= 2 && $2{x1} == 0 ? 2
$3{x2} >= 2 && $2{x1} >= 1 ?  ($2{x1}-1)⍵ + 5$2{x1}+4$3{x2}-2

[18:]:
-$3{x2} >= 0 ? 2
$3{x2} == 1 && -$2{x1} >= 1 ? -4$2{x1}+3
$3{x2} == 1 && $2{x1} == 0 ? 2
$3{x2} == 1 && $2{x1} >= 1 ?  ($2{x1}-1)⍵ + 5$2{x1}+2
$3{x2} >= 2 && -$2{x1} >= 1 ?  ($3{x2}-1)⍵^2 +  ($3{x2}-1)⍵ + -4$2{x1}+5$3{x2}-2
$3{x2} >= 2 && $2{x1} == 0 ? 2
$3{x2} >= 2 && $2{x1} >= 1 ?  ($2{x1}-1)⍵ + 5$2{x1}+4$3{x2}-2

[19:]:
-$3{x2} >= 0 ? 2
$3{x2} == 1 && -$2{x1} >= 1 ? -4$2{x1}+3
$3{x2} == 1 && $2{x1} == 0 ? 2
$3{x2} == 1 && $2{x1} >= 1 ?  ($2{x1}-1)⍵ + 5$2{x1}+2
$3{x2} >= 2 && -$2{x1} >= 1 ?  ($3{x2}-1)⍵^2 +  ($3{x2}-1)⍵ + -4$2{x1}+5$3{x2}-2
$3{x2} >= 2 && $2{x1} == 0 ? 2
$3{x2} >= 2 && $2{x1} >= 1 ?  ($2{x1}-1)⍵ + 5$2{x1}+4$3{x2}-2

[20:]:
top ? 1

[21:]:
top ? bottom

[22:]:
top ? bottom


Time: 0.176895
Analysis Result: TRUE
