
Abstract Syntax:
[ 1:]
int get_step( int $2{x}; ):
[ 2:] if ( $2{x} > 30 ) then
[ 3:]   $1{$1} := 4
[ 4:]   return
[ 5:]
      else
[ 6:]   if ( $2{x} > 20 ) then
[ 7:]     $1{$1} := 3
[ 8:]     return
[ 9:]
        else
[10:]     if ( $2{x} > 10 ) then
[11:]       $1{$1} := 2
[12:]       return
[13:]
          else
[14:]
          endif
[15:]
        endif
[16:]
      endif
[17:] $1{$1} := 1
[18:] return
[19:]
int main( ):
[20:] $5{x} := $4{y}
[21:] while [22:] ( $4{y} < -4 || $4{y} > 4 ) do
[23:]   if ( $5{x} > 0 ) then
[24:]     $2{x} := $5{x}
[25:]     if ( $2{x} > 30 ) then
[26:]       $1{$1} := 4
[27:]       return
[28:]
          else
[29:]       if ( $2{x} > 20 ) then
[30:]         $1{$1} := 3
[31:]         return
[32:]
            else
[33:]         if ( $2{x} > 10 ) then
[34:]           $1{$1} := 2
[35:]           return
[36:]
              else
[37:]
              endif
[38:]
            endif
[39:]
          endif
[40:]     $1{$1} := 1
[41:]     $4{y} := $4{y} - $1{$1}
[42:]
        else
[43:]     $2{x} := -1 * $5{x}
[44:]     if ( $2{x} > 30 ) then
[45:]       $1{$1} := 4
[46:]       return
[47:]
          else
[48:]       if ( $2{x} > 20 ) then
[49:]         $1{$1} := 3
[50:]         return
[51:]
            else
[52:]         if ( $2{x} > 10 ) then
[53:]           $1{$1} := 2
[54:]           return
[55:]
              else
[56:]
              endif
[57:]
            endif
[58:]
          endif
[59:]     $1{$1} := 1
[60:]     $4{y} := $4{y} + $1{$1}
[61:]
        endif
[62:]
      od
[63:] $3{$3} := 0
[64:] return
[65:]

Property: exit: true

[ -2:]:
top ? 0.

[ -1:]:
top ? 0.

[20:]:
top ? bottom

[21:]:
top ? bottom

[22:]:
top ? bottom

[23:]:
top ? bottom

[24:]:
top ? bottom

[25:]:
top ? bottom

[26:]:
top ? bottom

[27:]:
top ? bottom

[28:]:
top ? bottom

[29:]:
top ? bottom

[30:]:
top ? bottom

[31:]:
top ? bottom

[32:]:
top ? bottom

[33:]:
top ? bottom

[34:]:
top ? bottom

[35:]:
top ? bottom

[36:]:
top ? bottom

[37:]:
top ? bottom

[38:]:
top ? bottom

[39:]:
top ? bottom

[40:]:
top ? bottom

[41:]:
top ? bottom

[42:]:
top ? bottom

[43:]:
top ? bottom

[44:]:
top ? bottom

[45:]:
top ? bottom

[46:]:
top ? bottom

[47:]:
top ? bottom

[48:]:
top ? bottom

[49:]:
top ? bottom

[50:]:
top ? bottom

[51:]:
top ? bottom

[52:]:
top ? bottom

[53:]:
top ? bottom

[54:]:
top ? bottom

[55:]:
top ? bottom

[56:]:
top ? bottom

[57:]:
top ? bottom

[58:]:
top ? bottom

[59:]:
top ? bottom

[60:]:
top ? bottom

[61:]:
top ? bottom

[62:]:
top ? bottom

[63:]:
top ? bottom

[64:]:
top ? bottom

[65:]:
top ? bottom

Property: AF{exit: true}

[ -2:]:
-$4{y} >= -4 && $4{y} >= -4 && $3{$3} == 0 ? 0.

[ -1:]:

[20:]:
-$4{y} >= 11 ? bottom
-$4{y} >= 6 && $4{y} >= -10 ? -8$4{y}-29
$4{y} == -5 ? 11
-$4{y} >= -4 && $4{y} >= -4 ? 3
-$4{y} >= -10 && $4{y} >= 5 ? 8$4{y}-29
$4{y} >= 11 ? bottom

[21:]:
-$5{x} >= 31 && -$4{y} >= 5 ? bottom
-$5{x} >= 31 && -$4{y} >= -4 && $4{y} >= -4 ? 2
-$5{x} >= 31 && $4{y} >= 5 ? bottom
-$5{x} >= 21 && $5{x} >= -30 && -$4{y} >= 5 ? bottom
-$5{x} >= 21 && $5{x} >= -30 && -$4{y} >= -4 && $4{y} >= -4 ? 2
-$5{x} >= 21 && $5{x} >= -30 && $4{y} >= 5 ? bottom
-$5{x} >= 11 && $5{x} >= -20 && -$4{y} >= 5 ? bottom
-$5{x} >= 11 && $5{x} >= -20 && -$4{y} >= -4 && $4{y} >= -4 ? 2
-$5{x} >= 11 && $5{x} >= -20 && $4{y} >= 5 ? bottom
-$5{x} >= 0 && $5{x} >= -10 && -$4{y} >= 5 ? -8$4{y}-30
-$5{x} >= 0 && $5{x} >= -10 && -$4{y} >= -4 && $4{y} >= -4 ? 2
-$5{x} >= 0 && $5{x} >= -10 && $4{y} >= 5 ? bottom
-$5{x} >= -10 && $5{x} >= 1 && -$4{y} >= 5 ? bottom
-$5{x} >= -10 && $5{x} >= 1 && -$4{y} >= -4 && $4{y} >= -4 ? 2
-$5{x} >= -10 && $5{x} >= 1 && $4{y} >= 5 ? 8$4{y}-30
-$5{x} >= -20 && $5{x} >= 11 && -$4{y} >= 5 ? bottom
-$5{x} >= -20 && $5{x} >= 11 && -$4{y} >= -4 && $4{y} >= -4 ? 2
-$5{x} >= -20 && $5{x} >= 11 && $4{y} >= 5 ? bottom
-$5{x} >= -30 && $5{x} >= 21 && -$4{y} >= 5 ? bottom
-$5{x} >= -30 && $5{x} >= 21 && -$4{y} >= -4 && $4{y} >= -4 ? 2
-$5{x} >= -30 && $5{x} >= 21 && $4{y} >= 5 ? bottom
$5{x} >= 31 && -$4{y} >= 5 ? bottom
$5{x} >= 31 && -$4{y} >= -4 && $4{y} >= -4 ? 2
$5{x} >= 31 && $4{y} >= 5 ? bottom

[22:]:
-$5{x} >= 31 && -$4{y} >= 5 ? bottom
-$5{x} >= 31 && -$4{y} >= -4 && $4{y} >= -4 ? 2
-$5{x} >= 31 && $4{y} >= 5 ? bottom
-$5{x} >= 21 && $5{x} >= -30 && -$4{y} >= 5 ? bottom
-$5{x} >= 21 && $5{x} >= -30 && -$4{y} >= -4 && $4{y} >= -4 ? 2
-$5{x} >= 21 && $5{x} >= -30 && $4{y} >= 5 ? bottom
-$5{x} >= 11 && $5{x} >= -20 && -$4{y} >= 5 ? bottom
-$5{x} >= 11 && $5{x} >= -20 && -$4{y} >= -4 && $4{y} >= -4 ? 2
-$5{x} >= 11 && $5{x} >= -20 && $4{y} >= 5 ? bottom
-$5{x} >= 0 && $5{x} >= -10 && -$4{y} >= 5 ? -8$4{y}-30
-$5{x} >= 0 && $5{x} >= -10 && -$4{y} >= -4 && $4{y} >= -4 ? 2
-$5{x} >= 0 && $5{x} >= -10 && $4{y} >= 5 ? bottom
-$5{x} >= -10 && $5{x} >= 1 && -$4{y} >= 5 ? bottom
-$5{x} >= -10 && $5{x} >= 1 && -$4{y} >= -4 && $4{y} >= -4 ? 2
-$5{x} >= -10 && $5{x} >= 1 && $4{y} >= 5 ? 8$4{y}-30
-$5{x} >= -20 && $5{x} >= 11 && -$4{y} >= 5 ? bottom
-$5{x} >= -20 && $5{x} >= 11 && -$4{y} >= -4 && $4{y} >= -4 ? 2
-$5{x} >= -20 && $5{x} >= 11 && $4{y} >= 5 ? bottom
-$5{x} >= -30 && $5{x} >= 21 && -$4{y} >= 5 ? bottom
-$5{x} >= -30 && $5{x} >= 21 && -$4{y} >= -4 && $4{y} >= -4 ? 2
-$5{x} >= -30 && $5{x} >= 21 && $4{y} >= 5 ? bottom
$5{x} >= 31 && -$4{y} >= 5 ? bottom
$5{x} >= 31 && -$4{y} >= -4 && $4{y} >= -4 ? 2
$5{x} >= 31 && $4{y} >= 5 ? bottom

[23:]:
-$5{x} >= 11 ? bottom
-$5{x} >= 0 && $5{x} >= -10 && -$4{y} >= 6 ? -8$4{y}-31
-$5{x} >= 0 && $5{x} >= -10 && -$4{y} >= -3 && $4{y} >= -5 ? 9
-$5{x} >= 0 && $5{x} >= -10 && $4{y} >= 4 ? bottom
-$5{x} >= -10 && $5{x} >= 1 && -$4{y} >= 4 ? bottom
-$5{x} >= -10 && $5{x} >= 1 && -$4{y} >= -5 && $4{y} >= -3 ? 9
-$5{x} >= -10 && $5{x} >= 1 && $4{y} >= 6 ? 8$4{y}-31
$5{x} >= 11 ? bottom

[24:]:
-$5{x} >= -10 && $5{x} >= 1 && -$4{y} >= 4 ? bottom
-$5{x} >= -10 && $5{x} >= 1 && -$4{y} >= -5 && $4{y} >= -3 ? 8
-$5{x} >= -10 && $5{x} >= 1 && $4{y} >= 6 ? 8$4{y}-32
$5{x} >= 11 ? bottom

[25:]:
-$5{x} >= -10 && $5{x} >= 1 && -$4{y} >= 4 && $2{x} >= 1 ? bottom
-$5{x} >= -10 && $5{x} >= 1 && -$4{y} >= -5 && $4{y} >= -3 && -$2{x} >= -10 && $2{x} >= 1 ? 7
-$5{x} >= -10 && $5{x} >= 1 && -$4{y} >= -5 && $4{y} >= -3 && $2{x} >= 11 ? bottom
-$5{x} >= -10 && $5{x} >= 1 && $4{y} == 6 && -$2{x} >= -10 && $2{x} >= 1 ? 15
-$5{x} >= -10 && $5{x} >= 1 && $4{y} == 6 && $2{x} >= 11 ? bottom
-$5{x} >= -10 && $5{x} >= 1 && $4{y} >= 7 && -$2{x} >= -10 && $2{x} >= 1 ? 8$4{y}-33
-$5{x} >= -10 && $5{x} >= 1 && $4{y} >= 7 && $2{x} >= 11 ? bottom
-$5{x} >= -20 && $5{x} >= 11 && -$4{y} >= 4 && $2{x} >= 1 ? bottom
-$5{x} >= -20 && $5{x} >= 11 && -$4{y} >= -5 && $4{y} >= -3 && -$2{x} >= -10 && $2{x} >= 1 ? 7
-$5{x} >= -20 && $5{x} >= 11 && -$4{y} >= -5 && $4{y} >= -3 && $2{x} >= 11 ? bottom
-$5{x} >= -20 && $5{x} >= 11 && $4{y} >= 6 && $2{x} >= 1 ? bottom
-$5{x} >= -30 && $5{x} >= 21 && -$4{y} >= 4 && $2{x} >= 1 ? bottom
-$5{x} >= -30 && $5{x} >= 21 && -$4{y} >= -5 && $4{y} >= -3 && -$2{x} >= -10 && $2{x} >= 1 ? 7
-$5{x} >= -30 && $5{x} >= 21 && -$4{y} >= -5 && $4{y} >= -3 && $2{x} >= 11 ? bottom
-$5{x} >= -30 && $5{x} >= 21 && $4{y} >= 6 && $2{x} >= 1 ? bottom
$5{x} >= 31 && -$4{y} >= 4 && $2{x} >= 1 ? bottom
$5{x} >= 31 && -$4{y} >= -5 && $4{y} >= -3 && -$2{x} >= -10 && $2{x} >= 1 ? 7
$5{x} >= 31 && -$4{y} >= -5 && $4{y} >= -3 && $2{x} >= 11 ? bottom
$5{x} >= 31 && $4{y} >= 6 && $2{x} >= 1 ? bottom

[26:]:
$5{x} >= 1 && $2{x} >= 31 ? bottom

[27:]:
$5{x} >= 1 && $2{x} >= 31 && $1{$1} == 4 ? bottom

[28:]:

[29:]:
-$5{x} >= -10 && $5{x} >= 1 && -$4{y} >= 4 && -$2{x} >= -30 && $2{x} >= 1 ? bottom
-$5{x} >= -10 && $5{x} >= 1 && -$4{y} >= -5 && $4{y} >= -3 && -$2{x} >= -10 && $2{x} >= 1 ? 6
-$5{x} >= -10 && $5{x} >= 1 && -$4{y} >= -5 && $4{y} >= -3 && -$2{x} >= -30 && $2{x} >= 11 ? bottom
-$5{x} >= -10 && $5{x} >= 1 && $4{y} == 6 && -$2{x} >= -10 && $2{x} >= 1 ? 14
-$5{x} >= -10 && $5{x} >= 1 && $4{y} == 6 && -$2{x} >= -30 && $2{x} >= 11 ? bottom
-$5{x} >= -10 && $5{x} >= 1 && $4{y} >= 7 && -$2{x} >= -10 && $2{x} >= 1 ? 8$4{y}-34
-$5{x} >= -10 && $5{x} >= 1 && $4{y} >= 7 && -$2{x} >= -30 && $2{x} >= 11 ? bottom
-$5{x} >= -20 && $5{x} >= 11 && -$4{y} >= 4 && -$2{x} >= -30 && $2{x} >= 1 ? bottom
-$5{x} >= -20 && $5{x} >= 11 && -$4{y} >= -5 && $4{y} >= -3 && -$2{x} >= -10 && $2{x} >= 1 ? 6
-$5{x} >= -20 && $5{x} >= 11 && -$4{y} >= -5 && $4{y} >= -3 && -$2{x} >= -30 && $2{x} >= 11 ? bottom
-$5{x} >= -20 && $5{x} >= 11 && $4{y} >= 6 && -$2{x} >= -30 && $2{x} >= 1 ? bottom
-$5{x} >= -30 && $5{x} >= 21 && -$4{y} >= 4 && -$2{x} >= -30 && $2{x} >= 1 ? bottom
-$5{x} >= -30 && $5{x} >= 21 && -$4{y} >= -5 && $4{y} >= -3 && -$2{x} >= -10 && $2{x} >= 1 ? 6
-$5{x} >= -30 && $5{x} >= 21 && -$4{y} >= -5 && $4{y} >= -3 && -$2{x} >= -30 && $2{x} >= 11 ? bottom
-$5{x} >= -30 && $5{x} >= 21 && $4{y} >= 6 && -$2{x} >= -30 && $2{x} >= 1 ? bottom
$5{x} >= 31 && -$4{y} >= 4 && -$2{x} >= -30 && $2{x} >= 1 ? bottom
$5{x} >= 31 && -$4{y} >= -5 && $4{y} >= -3 && -$2{x} >= -10 && $2{x} >= 1 ? 6
$5{x} >= 31 && -$4{y} >= -5 && $4{y} >= -3 && -$2{x} >= -30 && $2{x} >= 11 ? bottom
$5{x} >= 31 && $4{y} >= 6 && -$2{x} >= -30 && $2{x} >= 1 ? bottom

[30:]:
$5{x} >= 1 && -$2{x} >= -30 && $2{x} >= 21 ? bottom

[31:]:
$5{x} >= 1 && -$2{x} >= -30 && $2{x} >= 21 && $1{$1} == 3 ? bottom

[32:]:

[33:]:
-$5{x} >= -10 && $5{x} >= 1 && -$4{y} >= 4 && -$2{x} >= -20 && $2{x} >= 1 ? bottom
-$5{x} >= -10 && $5{x} >= 1 && -$4{y} >= -5 && $4{y} >= -3 && -$2{x} >= -10 && $2{x} >= 1 ? 5
-$5{x} >= -10 && $5{x} >= 1 && -$4{y} >= -5 && $4{y} >= -3 && -$2{x} >= -20 && $2{x} >= 11 ? bottom
-$5{x} >= -10 && $5{x} >= 1 && $4{y} == 6 && -$2{x} >= -10 && $2{x} >= 1 ? 13
-$5{x} >= -10 && $5{x} >= 1 && $4{y} == 6 && -$2{x} >= -20 && $2{x} >= 11 ? bottom
-$5{x} >= -10 && $5{x} >= 1 && $4{y} >= 7 && -$2{x} >= -10 && $2{x} >= 1 ? 8$4{y}-35
-$5{x} >= -10 && $5{x} >= 1 && $4{y} >= 7 && -$2{x} >= -20 && $2{x} >= 11 ? bottom
-$5{x} >= -20 && $5{x} >= 11 && -$4{y} >= 4 && -$2{x} >= -20 && $2{x} >= 1 ? bottom
-$5{x} >= -20 && $5{x} >= 11 && -$4{y} >= -5 && $4{y} >= -3 && -$2{x} >= -10 && $2{x} >= 1 ? 5
-$5{x} >= -20 && $5{x} >= 11 && -$4{y} >= -5 && $4{y} >= -3 && -$2{x} >= -20 && $2{x} >= 11 ? bottom
-$5{x} >= -20 && $5{x} >= 11 && $4{y} >= 6 && -$2{x} >= -20 && $2{x} >= 1 ? bottom
-$5{x} >= -30 && $5{x} >= 21 && -$4{y} >= 4 && -$2{x} >= -20 && $2{x} >= 1 ? bottom
-$5{x} >= -30 && $5{x} >= 21 && -$4{y} >= -5 && $4{y} >= -3 && -$2{x} >= -10 && $2{x} >= 1 ? 5
-$5{x} >= -30 && $5{x} >= 21 && -$4{y} >= -5 && $4{y} >= -3 && -$2{x} >= -20 && $2{x} >= 11 ? bottom
-$5{x} >= -30 && $5{x} >= 21 && $4{y} >= 6 && -$2{x} >= -20 && $2{x} >= 1 ? bottom
$5{x} >= 31 && -$4{y} >= 4 && -$2{x} >= -20 && $2{x} >= 1 ? bottom
$5{x} >= 31 && -$4{y} >= -5 && $4{y} >= -3 && -$2{x} >= -10 && $2{x} >= 1 ? 5
$5{x} >= 31 && -$4{y} >= -5 && $4{y} >= -3 && -$2{x} >= -20 && $2{x} >= 11 ? bottom
$5{x} >= 31 && $4{y} >= 6 && -$2{x} >= -20 && $2{x} >= 1 ? bottom

[34:]:
$5{x} >= 1 && -$2{x} >= -20 && $2{x} >= 11 ? bottom

[35:]:
$5{x} >= 1 && -$2{x} >= -20 && $2{x} >= 11 && $1{$1} == 2 ? bottom

[36:]:

[37:]:
-$5{x} >= -10 && $5{x} >= 1 && -$4{y} >= 4 && -$2{x} >= -10 && $2{x} >= 1 ? bottom
-$5{x} >= -10 && $5{x} >= 1 && -$4{y} >= -5 && $4{y} >= -3 && -$2{x} >= -10 && $2{x} >= 1 ? 4
-$5{x} >= -10 && $5{x} >= 1 && $4{y} >= 6 && -$2{x} >= -10 && $2{x} >= 1 ? 8$4{y}-36
-$5{x} >= -20 && $5{x} >= 11 && -$4{y} >= 4 && -$2{x} >= -10 && $2{x} >= 1 ? bottom
-$5{x} >= -20 && $5{x} >= 11 && -$4{y} >= -5 && $4{y} >= -3 && -$2{x} >= -10 && $2{x} >= 1 ? 4
-$5{x} >= -20 && $5{x} >= 11 && $4{y} >= 6 && -$2{x} >= -10 && $2{x} >= 1 ? bottom
-$5{x} >= -30 && $5{x} >= 21 && -$4{y} >= 4 && -$2{x} >= -10 && $2{x} >= 1 ? bottom
-$5{x} >= -30 && $5{x} >= 21 && -$4{y} >= -5 && $4{y} >= -3 && -$2{x} >= -10 && $2{x} >= 1 ? 4
-$5{x} >= -30 && $5{x} >= 21 && $4{y} >= 6 && -$2{x} >= -10 && $2{x} >= 1 ? bottom
$5{x} >= 31 && -$4{y} >= 4 && -$2{x} >= -10 && $2{x} >= 1 ? bottom
$5{x} >= 31 && -$4{y} >= -5 && $4{y} >= -3 && -$2{x} >= -10 && $2{x} >= 1 ? 4
$5{x} >= 31 && $4{y} >= 6 && -$2{x} >= -10 && $2{x} >= 1 ? bottom

[38:]:
-$5{x} >= -10 && $5{x} >= 1 && -$4{y} >= 4 && -$2{x} >= -10 && $2{x} >= 1 ? bottom
-$5{x} >= -10 && $5{x} >= 1 && -$4{y} >= -5 && $4{y} >= -3 && -$2{x} >= -10 && $2{x} >= 1 ? 4
-$5{x} >= -10 && $5{x} >= 1 && $4{y} >= 6 && -$2{x} >= -10 && $2{x} >= 1 ? 8$4{y}-36
-$5{x} >= -20 && $5{x} >= 11 && -$4{y} >= 4 && -$2{x} >= -10 && $2{x} >= 1 ? bottom
-$5{x} >= -20 && $5{x} >= 11 && -$4{y} >= -5 && $4{y} >= -3 && -$2{x} >= -10 && $2{x} >= 1 ? 4
-$5{x} >= -20 && $5{x} >= 11 && $4{y} >= 6 && -$2{x} >= -10 && $2{x} >= 1 ? bottom
-$5{x} >= -30 && $5{x} >= 21 && -$4{y} >= 4 && -$2{x} >= -10 && $2{x} >= 1 ? bottom
-$5{x} >= -30 && $5{x} >= 21 && -$4{y} >= -5 && $4{y} >= -3 && -$2{x} >= -10 && $2{x} >= 1 ? 4
-$5{x} >= -30 && $5{x} >= 21 && $4{y} >= 6 && -$2{x} >= -10 && $2{x} >= 1 ? bottom
$5{x} >= 31 && -$4{y} >= 4 && -$2{x} >= -10 && $2{x} >= 1 ? bottom
$5{x} >= 31 && -$4{y} >= -5 && $4{y} >= -3 && -$2{x} >= -10 && $2{x} >= 1 ? 4
$5{x} >= 31 && $4{y} >= 6 && -$2{x} >= -10 && $2{x} >= 1 ? bottom

[39:]:
-$5{x} >= -10 && $5{x} >= 1 && -$4{y} >= 4 && -$2{x} >= -10 && $2{x} >= 1 ? bottom
-$5{x} >= -10 && $5{x} >= 1 && -$4{y} >= -5 && $4{y} >= -3 && -$2{x} >= -10 && $2{x} >= 1 ? 4
-$5{x} >= -10 && $5{x} >= 1 && $4{y} >= 6 && -$2{x} >= -10 && $2{x} >= 1 ? 8$4{y}-36
-$5{x} >= -20 && $5{x} >= 11 && -$4{y} >= 4 && -$2{x} >= -10 && $2{x} >= 1 ? bottom
-$5{x} >= -20 && $5{x} >= 11 && -$4{y} >= -5 && $4{y} >= -3 && -$2{x} >= -10 && $2{x} >= 1 ? 4
-$5{x} >= -20 && $5{x} >= 11 && $4{y} >= 6 && -$2{x} >= -10 && $2{x} >= 1 ? bottom
-$5{x} >= -30 && $5{x} >= 21 && -$4{y} >= 4 && -$2{x} >= -10 && $2{x} >= 1 ? bottom
-$5{x} >= -30 && $5{x} >= 21 && -$4{y} >= -5 && $4{y} >= -3 && -$2{x} >= -10 && $2{x} >= 1 ? 4
-$5{x} >= -30 && $5{x} >= 21 && $4{y} >= 6 && -$2{x} >= -10 && $2{x} >= 1 ? bottom
$5{x} >= 31 && -$4{y} >= 4 && -$2{x} >= -10 && $2{x} >= 1 ? bottom
$5{x} >= 31 && -$4{y} >= -5 && $4{y} >= -3 && -$2{x} >= -10 && $2{x} >= 1 ? 4
$5{x} >= 31 && $4{y} >= 6 && -$2{x} >= -10 && $2{x} >= 1 ? bottom

[40:]:
-$5{x} >= -10 && $5{x} >= 1 && -$4{y} >= 4 && -$2{x} >= -10 && $2{x} >= 1 ? bottom
-$5{x} >= -10 && $5{x} >= 1 && -$4{y} >= -5 && $4{y} >= -3 && -$2{x} >= -10 && $2{x} >= 1 ? 4
-$5{x} >= -10 && $5{x} >= 1 && $4{y} >= 6 && -$2{x} >= -10 && $2{x} >= 1 ? 8$4{y}-36
-$5{x} >= -20 && $5{x} >= 11 && -$4{y} >= 4 && -$2{x} >= -10 && $2{x} >= 1 ? bottom
-$5{x} >= -20 && $5{x} >= 11 && -$4{y} >= -5 && $4{y} >= -3 && -$2{x} >= -10 && $2{x} >= 1 ? 4
-$5{x} >= -20 && $5{x} >= 11 && $4{y} >= 6 && -$2{x} >= -10 && $2{x} >= 1 ? bottom
-$5{x} >= -30 && $5{x} >= 21 && -$4{y} >= 4 && -$2{x} >= -10 && $2{x} >= 1 ? bottom
-$5{x} >= -30 && $5{x} >= 21 && -$4{y} >= -5 && $4{y} >= -3 && -$2{x} >= -10 && $2{x} >= 1 ? 4
-$5{x} >= -30 && $5{x} >= 21 && $4{y} >= 6 && -$2{x} >= -10 && $2{x} >= 1 ? bottom
$5{x} >= 31 && -$4{y} >= 4 && -$2{x} >= -10 && $2{x} >= 1 ? bottom
$5{x} >= 31 && -$4{y} >= -5 && $4{y} >= -3 && -$2{x} >= -10 && $2{x} >= 1 ? 4
$5{x} >= 31 && $4{y} >= 6 && -$2{x} >= -10 && $2{x} >= 1 ? bottom

[41:]:
-$5{x} >= -10 && $5{x} >= 1 && -$4{y} >= 4 && -$2{x} >= -10 && $2{x} >= 1 && $1{$1} == 1 ? bottom
-$5{x} >= -10 && $5{x} >= 1 && -$4{y} >= -5 && $4{y} >= -3 && -$2{x} >= -10 && $2{x} >= 1 && $1{$1} == 1 ? 3
-$5{x} >= -10 && $5{x} >= 1 && $4{y} >= 6 && -$2{x} >= -10 && $2{x} >= 1 && $1{$1} == 1 ? -8$1{$1}+8$4{y}-29
-$5{x} >= -20 && $5{x} >= 11 && -$4{y} >= 4 && -$2{x} >= -10 && $2{x} >= 1 && $1{$1} == 1 ? bottom
-$5{x} >= -20 && $5{x} >= 11 && -$4{y} >= -5 && $4{y} >= -3 && -$2{x} >= -10 && $2{x} >= 1 && $1{$1} == 1 ? 3
-$5{x} >= -20 && $5{x} >= 11 && $4{y} >= 6 && -$2{x} >= -10 && $2{x} >= 1 && $1{$1} == 1 ? bottom
-$5{x} >= -30 && $5{x} >= 21 && -$4{y} >= 4 && -$2{x} >= -10 && $2{x} >= 1 && $1{$1} == 1 ? bottom
-$5{x} >= -30 && $5{x} >= 21 && -$4{y} >= -5 && $4{y} >= -3 && -$2{x} >= -10 && $2{x} >= 1 && $1{$1} == 1 ? 3
-$5{x} >= -30 && $5{x} >= 21 && $4{y} >= 6 && -$2{x} >= -10 && $2{x} >= 1 && $1{$1} == 1 ? bottom
$5{x} >= 31 && -$4{y} >= 4 && -$2{x} >= -10 && $2{x} >= 1 && $1{$1} == 1 ? bottom
$5{x} >= 31 && -$4{y} >= -5 && $4{y} >= -3 && -$2{x} >= -10 && $2{x} >= 1 && $1{$1} == 1 ? 3
$5{x} >= 31 && $4{y} >= 6 && -$2{x} >= -10 && $2{x} >= 1 && $1{$1} == 1 ? bottom

[42:]:
-$5{x} >= -10 && $5{x} >= 1 && -$4{y} >= 5 && -$2{x} >= -10 && $2{x} >= 1 && $1{$1} == 1 ? bottom
-$5{x} >= -10 && $5{x} >= 1 && -$4{y} >= -4 && $4{y} >= -4 && -$2{x} >= -10 && $2{x} >= 1 && $1{$1} == 1 ? 2
-$5{x} >= -10 && $5{x} >= 1 && $4{y} >= 5 && -$2{x} >= -10 && $2{x} >= 1 && $1{$1} == 1 ? 8$4{y}-30
-$5{x} >= -20 && $5{x} >= 11 && -$4{y} >= 5 && -$2{x} >= -10 && $2{x} >= 1 && $1{$1} == 1 ? bottom
-$5{x} >= -20 && $5{x} >= 11 && -$4{y} >= -4 && $4{y} >= -4 && -$2{x} >= -10 && $2{x} >= 1 && $1{$1} == 1 ? 2
-$5{x} >= -20 && $5{x} >= 11 && $4{y} >= 5 && -$2{x} >= -10 && $2{x} >= 1 && $1{$1} == 1 ? bottom
-$5{x} >= -30 && $5{x} >= 21 && -$4{y} >= 5 && -$2{x} >= -10 && $2{x} >= 1 && $1{$1} == 1 ? bottom
-$5{x} >= -30 && $5{x} >= 21 && -$4{y} >= -4 && $4{y} >= -4 && -$2{x} >= -10 && $2{x} >= 1 && $1{$1} == 1 ? 2
-$5{x} >= -30 && $5{x} >= 21 && $4{y} >= 5 && -$2{x} >= -10 && $2{x} >= 1 && $1{$1} == 1 ? bottom
$5{x} >= 31 && -$4{y} >= 5 && -$2{x} >= -10 && $2{x} >= 1 && $1{$1} == 1 ? bottom
$5{x} >= 31 && -$4{y} >= -4 && $4{y} >= -4 && -$2{x} >= -10 && $2{x} >= 1 && $1{$1} == 1 ? 2
$5{x} >= 31 && $4{y} >= 5 && -$2{x} >= -10 && $2{x} >= 1 && $1{$1} == 1 ? bottom

[43:]:
-$5{x} >= 11 ? bottom
-$5{x} >= 0 && $5{x} >= -10 && -$4{y} >= 6 ? -8$4{y}-32
-$5{x} >= 0 && $5{x} >= -10 && -$4{y} >= -3 && $4{y} >= -5 ? 8
-$5{x} >= 0 && $5{x} >= -10 && $4{y} >= 4 ? bottom

[44:]:
-$5{x} >= 31 && -$4{y} >= 6 && $2{x} >= 0 ? bottom
-$5{x} >= 31 && -$4{y} >= -3 && $4{y} >= -5 && -$2{x} >= -10 && $2{x} >= 0 ? 7
-$5{x} >= 31 && -$4{y} >= -3 && $4{y} >= -5 && $2{x} >= 11 ? bottom
-$5{x} >= 31 && $4{y} >= 4 && $2{x} >= 0 ? bottom
-$5{x} >= 21 && $5{x} >= -30 && -$4{y} >= 6 && $2{x} >= 0 ? bottom
-$5{x} >= 21 && $5{x} >= -30 && -$4{y} >= -3 && $4{y} >= -5 && -$2{x} >= -10 && $2{x} >= 0 ? 7
-$5{x} >= 21 && $5{x} >= -30 && -$4{y} >= -3 && $4{y} >= -5 && $2{x} >= 11 ? bottom
-$5{x} >= 21 && $5{x} >= -30 && $4{y} >= 4 && $2{x} >= 0 ? bottom
-$5{x} >= 11 && $5{x} >= -20 && -$4{y} >= 6 && $2{x} >= 0 ? bottom
-$5{x} >= 11 && $5{x} >= -20 && -$4{y} >= -3 && $4{y} >= -5 && -$2{x} >= -10 && $2{x} >= 0 ? 7
-$5{x} >= 11 && $5{x} >= -20 && -$4{y} >= -3 && $4{y} >= -5 && $2{x} >= 11 ? bottom
-$5{x} >= 11 && $5{x} >= -20 && $4{y} >= 4 && $2{x} >= 0 ? bottom
-$5{x} >= 0 && $5{x} >= -10 && -$4{y} >= 7 && -$2{x} >= -10 && $2{x} >= 0 ? -8$4{y}-33
-$5{x} >= 0 && $5{x} >= -10 && -$4{y} >= 7 && $2{x} >= 11 ? bottom
-$5{x} >= 0 && $5{x} >= -10 && $4{y} == -6 && -$2{x} >= -10 && $2{x} >= 0 ? 15
-$5{x} >= 0 && $5{x} >= -10 && $4{y} == -6 && $2{x} >= 11 ? bottom
-$5{x} >= 0 && $5{x} >= -10 && -$4{y} >= -3 && $4{y} >= -5 && -$2{x} >= -10 && $2{x} >= 0 ? 7
-$5{x} >= 0 && $5{x} >= -10 && -$4{y} >= -3 && $4{y} >= -5 && $2{x} >= 11 ? bottom
-$5{x} >= 0 && $5{x} >= -10 && $4{y} >= 4 && $2{x} >= 0 ? bottom

[45:]:
-$5{x} >= 0 && $2{x} >= 31 ? bottom

[46:]:
-$5{x} >= 0 && $2{x} >= 31 && $1{$1} == 4 ? bottom

[47:]:

[48:]:
-$5{x} >= 31 && -$4{y} >= 6 && -$2{x} >= -30 && $2{x} >= 0 ? bottom
-$5{x} >= 31 && -$4{y} >= -3 && $4{y} >= -5 && -$2{x} >= -10 && $2{x} >= 0 ? 6
-$5{x} >= 31 && -$4{y} >= -3 && $4{y} >= -5 && -$2{x} >= -30 && $2{x} >= 11 ? bottom
-$5{x} >= 31 && $4{y} >= 4 && -$2{x} >= -30 && $2{x} >= 0 ? bottom
-$5{x} >= 21 && $5{x} >= -30 && -$4{y} >= 6 && -$2{x} >= -30 && $2{x} >= 0 ? bottom
-$5{x} >= 21 && $5{x} >= -30 && -$4{y} >= -3 && $4{y} >= -5 && -$2{x} >= -10 && $2{x} >= 0 ? 6
-$5{x} >= 21 && $5{x} >= -30 && -$4{y} >= -3 && $4{y} >= -5 && -$2{x} >= -30 && $2{x} >= 11 ? bottom
-$5{x} >= 21 && $5{x} >= -30 && $4{y} >= 4 && -$2{x} >= -30 && $2{x} >= 0 ? bottom
-$5{x} >= 11 && $5{x} >= -20 && -$4{y} >= 6 && -$2{x} >= -30 && $2{x} >= 0 ? bottom
-$5{x} >= 11 && $5{x} >= -20 && -$4{y} >= -3 && $4{y} >= -5 && -$2{x} >= -10 && $2{x} >= 0 ? 6
-$5{x} >= 11 && $5{x} >= -20 && -$4{y} >= -3 && $4{y} >= -5 && -$2{x} >= -30 && $2{x} >= 11 ? bottom
-$5{x} >= 11 && $5{x} >= -20 && $4{y} >= 4 && -$2{x} >= -30 && $2{x} >= 0 ? bottom
-$5{x} >= 0 && $5{x} >= -10 && -$4{y} >= 7 && -$2{x} >= -10 && $2{x} >= 0 ? -8$4{y}-34
-$5{x} >= 0 && $5{x} >= -10 && -$4{y} >= 7 && -$2{x} >= -30 && $2{x} >= 11 ? bottom
-$5{x} >= 0 && $5{x} >= -10 && $4{y} == -6 && -$2{x} >= -10 && $2{x} >= 0 ? 14
-$5{x} >= 0 && $5{x} >= -10 && $4{y} == -6 && -$2{x} >= -30 && $2{x} >= 11 ? bottom
-$5{x} >= 0 && $5{x} >= -10 && -$4{y} >= -3 && $4{y} >= -5 && -$2{x} >= -10 && $2{x} >= 0 ? 6
-$5{x} >= 0 && $5{x} >= -10 && -$4{y} >= -3 && $4{y} >= -5 && -$2{x} >= -30 && $2{x} >= 11 ? bottom
-$5{x} >= 0 && $5{x} >= -10 && $4{y} >= 4 && -$2{x} >= -30 && $2{x} >= 0 ? bottom

[49:]:
-$5{x} >= 0 && -$2{x} >= -30 && $2{x} >= 21 ? bottom

[50:]:
-$5{x} >= 0 && -$2{x} >= -30 && $2{x} >= 21 && $1{$1} == 3 ? bottom

[51:]:

[52:]:
-$5{x} >= 31 && -$4{y} >= 6 && -$2{x} >= -20 && $2{x} >= 0 ? bottom
-$5{x} >= 31 && -$4{y} >= -3 && $4{y} >= -5 && -$2{x} >= -10 && $2{x} >= 0 ? 5
-$5{x} >= 31 && -$4{y} >= -3 && $4{y} >= -5 && -$2{x} >= -20 && $2{x} >= 11 ? bottom
-$5{x} >= 31 && $4{y} >= 4 && -$2{x} >= -20 && $2{x} >= 0 ? bottom
-$5{x} >= 21 && $5{x} >= -30 && -$4{y} >= 6 && -$2{x} >= -20 && $2{x} >= 0 ? bottom
-$5{x} >= 21 && $5{x} >= -30 && -$4{y} >= -3 && $4{y} >= -5 && -$2{x} >= -10 && $2{x} >= 0 ? 5
-$5{x} >= 21 && $5{x} >= -30 && -$4{y} >= -3 && $4{y} >= -5 && -$2{x} >= -20 && $2{x} >= 11 ? bottom
-$5{x} >= 21 && $5{x} >= -30 && $4{y} >= 4 && -$2{x} >= -20 && $2{x} >= 0 ? bottom
-$5{x} >= 11 && $5{x} >= -20 && -$4{y} >= 6 && -$2{x} >= -20 && $2{x} >= 0 ? bottom
-$5{x} >= 11 && $5{x} >= -20 && -$4{y} >= -3 && $4{y} >= -5 && -$2{x} >= -10 && $2{x} >= 0 ? 5
-$5{x} >= 11 && $5{x} >= -20 && -$4{y} >= -3 && $4{y} >= -5 && -$2{x} >= -20 && $2{x} >= 11 ? bottom
-$5{x} >= 11 && $5{x} >= -20 && $4{y} >= 4 && -$2{x} >= -20 && $2{x} >= 0 ? bottom
-$5{x} >= 0 && $5{x} >= -10 && -$4{y} >= 7 && -$2{x} >= -10 && $2{x} >= 0 ? -8$4{y}-35
-$5{x} >= 0 && $5{x} >= -10 && -$4{y} >= 7 && -$2{x} >= -20 && $2{x} >= 11 ? bottom
-$5{x} >= 0 && $5{x} >= -10 && $4{y} == -6 && -$2{x} >= -10 && $2{x} >= 0 ? 13
-$5{x} >= 0 && $5{x} >= -10 && $4{y} == -6 && -$2{x} >= -20 && $2{x} >= 11 ? bottom
-$5{x} >= 0 && $5{x} >= -10 && -$4{y} >= -3 && $4{y} >= -5 && -$2{x} >= -10 && $2{x} >= 0 ? 5
-$5{x} >= 0 && $5{x} >= -10 && -$4{y} >= -3 && $4{y} >= -5 && -$2{x} >= -20 && $2{x} >= 11 ? bottom
-$5{x} >= 0 && $5{x} >= -10 && $4{y} >= 4 && -$2{x} >= -20 && $2{x} >= 0 ? bottom

[53:]:
-$5{x} >= 0 && -$2{x} >= -20 && $2{x} >= 11 ? bottom

[54:]:
-$5{x} >= 0 && -$2{x} >= -20 && $2{x} >= 11 && $1{$1} == 2 ? bottom

[55:]:

[56:]:
-$5{x} >= 31 && -$4{y} >= 6 && -$2{x} >= -10 && $2{x} >= 0 ? bottom
-$5{x} >= 31 && -$4{y} >= -3 && $4{y} >= -5 && -$2{x} >= -10 && $2{x} >= 0 ? 4
-$5{x} >= 31 && $4{y} >= 4 && -$2{x} >= -10 && $2{x} >= 0 ? bottom
-$5{x} >= 21 && $5{x} >= -30 && -$4{y} >= 6 && -$2{x} >= -10 && $2{x} >= 0 ? bottom
-$5{x} >= 21 && $5{x} >= -30 && -$4{y} >= -3 && $4{y} >= -5 && -$2{x} >= -10 && $2{x} >= 0 ? 4
-$5{x} >= 21 && $5{x} >= -30 && $4{y} >= 4 && -$2{x} >= -10 && $2{x} >= 0 ? bottom
-$5{x} >= 11 && $5{x} >= -20 && -$4{y} >= 6 && -$2{x} >= -10 && $2{x} >= 0 ? bottom
-$5{x} >= 11 && $5{x} >= -20 && -$4{y} >= -3 && $4{y} >= -5 && -$2{x} >= -10 && $2{x} >= 0 ? 4
-$5{x} >= 11 && $5{x} >= -20 && $4{y} >= 4 && -$2{x} >= -10 && $2{x} >= 0 ? bottom
-$5{x} >= 0 && $5{x} >= -10 && -$4{y} >= 6 && -$2{x} >= -10 && $2{x} >= 0 ? -8$4{y}-36
-$5{x} >= 0 && $5{x} >= -10 && -$4{y} >= -3 && $4{y} >= -5 && -$2{x} >= -10 && $2{x} >= 0 ? 4
-$5{x} >= 0 && $5{x} >= -10 && $4{y} >= 4 && -$2{x} >= -10 && $2{x} >= 0 ? bottom

[57:]:
-$5{x} >= 31 && -$4{y} >= 6 && -$2{x} >= -10 && $2{x} >= 0 ? bottom
-$5{x} >= 31 && -$4{y} >= -3 && $4{y} >= -5 && -$2{x} >= -10 && $2{x} >= 0 ? 4
-$5{x} >= 31 && $4{y} >= 4 && -$2{x} >= -10 && $2{x} >= 0 ? bottom
-$5{x} >= 21 && $5{x} >= -30 && -$4{y} >= 6 && -$2{x} >= -10 && $2{x} >= 0 ? bottom
-$5{x} >= 21 && $5{x} >= -30 && -$4{y} >= -3 && $4{y} >= -5 && -$2{x} >= -10 && $2{x} >= 0 ? 4
-$5{x} >= 21 && $5{x} >= -30 && $4{y} >= 4 && -$2{x} >= -10 && $2{x} >= 0 ? bottom
-$5{x} >= 11 && $5{x} >= -20 && -$4{y} >= 6 && -$2{x} >= -10 && $2{x} >= 0 ? bottom
-$5{x} >= 11 && $5{x} >= -20 && -$4{y} >= -3 && $4{y} >= -5 && -$2{x} >= -10 && $2{x} >= 0 ? 4
-$5{x} >= 11 && $5{x} >= -20 && $4{y} >= 4 && -$2{x} >= -10 && $2{x} >= 0 ? bottom
-$5{x} >= 0 && $5{x} >= -10 && -$4{y} >= 6 && -$2{x} >= -10 && $2{x} >= 0 ? -8$4{y}-36
-$5{x} >= 0 && $5{x} >= -10 && -$4{y} >= -3 && $4{y} >= -5 && -$2{x} >= -10 && $2{x} >= 0 ? 4
-$5{x} >= 0 && $5{x} >= -10 && $4{y} >= 4 && -$2{x} >= -10 && $2{x} >= 0 ? bottom

[58:]:
-$5{x} >= 31 && -$4{y} >= 6 && -$2{x} >= -10 && $2{x} >= 0 ? bottom
-$5{x} >= 31 && -$4{y} >= -3 && $4{y} >= -5 && -$2{x} >= -10 && $2{x} >= 0 ? 4
-$5{x} >= 31 && $4{y} >= 4 && -$2{x} >= -10 && $2{x} >= 0 ? bottom
-$5{x} >= 21 && $5{x} >= -30 && -$4{y} >= 6 && -$2{x} >= -10 && $2{x} >= 0 ? bottom
-$5{x} >= 21 && $5{x} >= -30 && -$4{y} >= -3 && $4{y} >= -5 && -$2{x} >= -10 && $2{x} >= 0 ? 4
-$5{x} >= 21 && $5{x} >= -30 && $4{y} >= 4 && -$2{x} >= -10 && $2{x} >= 0 ? bottom
-$5{x} >= 11 && $5{x} >= -20 && -$4{y} >= 6 && -$2{x} >= -10 && $2{x} >= 0 ? bottom
-$5{x} >= 11 && $5{x} >= -20 && -$4{y} >= -3 && $4{y} >= -5 && -$2{x} >= -10 && $2{x} >= 0 ? 4
-$5{x} >= 11 && $5{x} >= -20 && $4{y} >= 4 && -$2{x} >= -10 && $2{x} >= 0 ? bottom
-$5{x} >= 0 && $5{x} >= -10 && -$4{y} >= 6 && -$2{x} >= -10 && $2{x} >= 0 ? -8$4{y}-36
-$5{x} >= 0 && $5{x} >= -10 && -$4{y} >= -3 && $4{y} >= -5 && -$2{x} >= -10 && $2{x} >= 0 ? 4
-$5{x} >= 0 && $5{x} >= -10 && $4{y} >= 4 && -$2{x} >= -10 && $2{x} >= 0 ? bottom

[59:]:
-$5{x} >= 31 && -$4{y} >= 6 && -$2{x} >= -10 && $2{x} >= 0 ? bottom
-$5{x} >= 31 && -$4{y} >= -3 && $4{y} >= -5 && -$2{x} >= -10 && $2{x} >= 0 ? 4
-$5{x} >= 31 && $4{y} >= 4 && -$2{x} >= -10 && $2{x} >= 0 ? bottom
-$5{x} >= 21 && $5{x} >= -30 && -$4{y} >= 6 && -$2{x} >= -10 && $2{x} >= 0 ? bottom
-$5{x} >= 21 && $5{x} >= -30 && -$4{y} >= -3 && $4{y} >= -5 && -$2{x} >= -10 && $2{x} >= 0 ? 4
-$5{x} >= 21 && $5{x} >= -30 && $4{y} >= 4 && -$2{x} >= -10 && $2{x} >= 0 ? bottom
-$5{x} >= 11 && $5{x} >= -20 && -$4{y} >= 6 && -$2{x} >= -10 && $2{x} >= 0 ? bottom
-$5{x} >= 11 && $5{x} >= -20 && -$4{y} >= -3 && $4{y} >= -5 && -$2{x} >= -10 && $2{x} >= 0 ? 4
-$5{x} >= 11 && $5{x} >= -20 && $4{y} >= 4 && -$2{x} >= -10 && $2{x} >= 0 ? bottom
-$5{x} >= 0 && $5{x} >= -10 && -$4{y} >= 6 && -$2{x} >= -10 && $2{x} >= 0 ? -8$4{y}-36
-$5{x} >= 0 && $5{x} >= -10 && -$4{y} >= -3 && $4{y} >= -5 && -$2{x} >= -10 && $2{x} >= 0 ? 4
-$5{x} >= 0 && $5{x} >= -10 && $4{y} >= 4 && -$2{x} >= -10 && $2{x} >= 0 ? bottom

[60:]:
-$5{x} >= 31 && -$4{y} >= 6 && -$2{x} >= -10 && $2{x} >= 0 && $1{$1} == 1 ? bottom
-$5{x} >= 31 && -$4{y} >= -3 && $4{y} >= -5 && -$2{x} >= -10 && $2{x} >= 0 && $1{$1} == 1 ? 3
-$5{x} >= 31 && $4{y} >= 4 && -$2{x} >= -10 && $2{x} >= 0 && $1{$1} == 1 ? bottom
-$5{x} >= 21 && $5{x} >= -30 && -$4{y} >= 6 && -$2{x} >= -10 && $2{x} >= 0 && $1{$1} == 1 ? bottom
-$5{x} >= 21 && $5{x} >= -30 && -$4{y} >= -3 && $4{y} >= -5 && -$2{x} >= -10 && $2{x} >= 0 && $1{$1} == 1 ? 3
-$5{x} >= 21 && $5{x} >= -30 && $4{y} >= 4 && -$2{x} >= -10 && $2{x} >= 0 && $1{$1} == 1 ? bottom
-$5{x} >= 11 && $5{x} >= -20 && -$4{y} >= 6 && -$2{x} >= -10 && $2{x} >= 0 && $1{$1} == 1 ? bottom
-$5{x} >= 11 && $5{x} >= -20 && -$4{y} >= -3 && $4{y} >= -5 && -$2{x} >= -10 && $2{x} >= 0 && $1{$1} == 1 ? 3
-$5{x} >= 11 && $5{x} >= -20 && $4{y} >= 4 && -$2{x} >= -10 && $2{x} >= 0 && $1{$1} == 1 ? bottom
-$5{x} >= 0 && $5{x} >= -10 && -$4{y} >= 6 && -$2{x} >= -10 && $2{x} >= 0 && $1{$1} == 1 ? -8$1{$1}-8$4{y}-29
-$5{x} >= 0 && $5{x} >= -10 && -$4{y} >= -3 && $4{y} >= -5 && -$2{x} >= -10 && $2{x} >= 0 && $1{$1} == 1 ? 3
-$5{x} >= 0 && $5{x} >= -10 && $4{y} >= 4 && -$2{x} >= -10 && $2{x} >= 0 && $1{$1} == 1 ? bottom

[61:]:
-$5{x} >= 31 && -$4{y} >= 5 && -$2{x} >= -10 && $2{x} >= 0 && $1{$1} == 1 ? bottom
-$5{x} >= 31 && -$4{y} >= -4 && $4{y} >= -4 && -$2{x} >= -10 && $2{x} >= 0 && $1{$1} == 1 ? 2
-$5{x} >= 31 && $4{y} >= 5 && -$2{x} >= -10 && $2{x} >= 0 && $1{$1} == 1 ? bottom
-$5{x} >= 21 && $5{x} >= -30 && -$4{y} >= 5 && -$2{x} >= -10 && $2{x} >= 0 && $1{$1} == 1 ? bottom
-$5{x} >= 21 && $5{x} >= -30 && -$4{y} >= -4 && $4{y} >= -4 && -$2{x} >= -10 && $2{x} >= 0 && $1{$1} == 1 ? 2
-$5{x} >= 21 && $5{x} >= -30 && $4{y} >= 5 && -$2{x} >= -10 && $2{x} >= 0 && $1{$1} == 1 ? bottom
-$5{x} >= 11 && $5{x} >= -20 && -$4{y} >= 5 && -$2{x} >= -10 && $2{x} >= 0 && $1{$1} == 1 ? bottom
-$5{x} >= 11 && $5{x} >= -20 && -$4{y} >= -4 && $4{y} >= -4 && -$2{x} >= -10 && $2{x} >= 0 && $1{$1} == 1 ? 2
-$5{x} >= 11 && $5{x} >= -20 && $4{y} >= 5 && -$2{x} >= -10 && $2{x} >= 0 && $1{$1} == 1 ? bottom
-$5{x} >= 0 && $5{x} >= -10 && -$4{y} >= 5 && -$2{x} >= -10 && $2{x} >= 0 && $1{$1} == 1 ? -8$4{y}-30
-$5{x} >= 0 && $5{x} >= -10 && -$4{y} >= -4 && $4{y} >= -4 && -$2{x} >= -10 && $2{x} >= 0 && $1{$1} == 1 ? 2
-$5{x} >= 0 && $5{x} >= -10 && $4{y} >= 5 && -$2{x} >= -10 && $2{x} >= 0 && $1{$1} == 1 ? bottom

[62:]:
-$5{x} >= 31 && -$4{y} >= 5 && -$2{x} >= -10 && $2{x} >= 0 && $1{$1} == 1 ? bottom
-$5{x} >= 31 && -$4{y} >= -4 && $4{y} >= -4 && -$2{x} >= -10 && $2{x} >= 0 && $1{$1} == 1 ? 2
-$5{x} >= 31 && $4{y} >= 5 && -$2{x} >= -10 && $2{x} >= 0 && $1{$1} == 1 ? bottom
-$5{x} >= 21 && $5{x} >= -30 && -$4{y} >= 5 && -$2{x} >= -10 && $2{x} >= 0 && $1{$1} == 1 ? bottom
-$5{x} >= 21 && $5{x} >= -30 && -$4{y} >= -4 && $4{y} >= -4 && -$2{x} >= -10 && $2{x} >= 0 && $1{$1} == 1 ? 2
-$5{x} >= 21 && $5{x} >= -30 && $4{y} >= 5 && -$2{x} >= -10 && $2{x} >= 0 && $1{$1} == 1 ? bottom
-$5{x} >= 11 && $5{x} >= -20 && -$4{y} >= 5 && -$2{x} >= -10 && $2{x} >= 0 && $1{$1} == 1 ? bottom
-$5{x} >= 11 && $5{x} >= -20 && -$4{y} >= -4 && $4{y} >= -4 && -$2{x} >= -10 && $2{x} >= 0 && $1{$1} == 1 ? 2
-$5{x} >= 11 && $5{x} >= -20 && $4{y} >= 5 && -$2{x} >= -10 && $2{x} >= 0 && $1{$1} == 1 ? bottom
-$5{x} >= 0 && $5{x} >= -10 && -$4{y} >= 5 && -$2{x} >= -10 && $2{x} >= 0 && $1{$1} == 1 ? -8$4{y}-30
-$5{x} >= 0 && $5{x} >= -10 && -$4{y} >= -4 && $4{y} >= -4 && -$2{x} >= -10 && $2{x} >= 0 && $1{$1} == 1 ? 2
-$5{x} >= 0 && $5{x} >= -10 && $4{y} >= 5 && -$2{x} >= -10 && $2{x} >= 0 && $1{$1} == 1 ? bottom
-$5{x} >= -10 && $5{x} >= 1 && -$4{y} >= 5 && -$2{x} >= -10 && $2{x} >= 0 && $1{$1} == 1 ? bottom
-$5{x} >= -10 && $5{x} >= 1 && -$4{y} >= -4 && $4{y} >= -4 && -$2{x} >= -10 && $2{x} >= 0 && $1{$1} == 1 ? 2
-$5{x} >= -10 && $5{x} >= 1 && $4{y} >= 5 && -$2{x} >= -10 && $2{x} >= 0 && $1{$1} == 1 ? 8$4{y}-30
-$5{x} >= -20 && $5{x} >= 11 && -$4{y} >= 5 && -$2{x} >= -10 && $2{x} >= 0 && $1{$1} == 1 ? bottom
-$5{x} >= -20 && $5{x} >= 11 && -$4{y} >= -4 && $4{y} >= -4 && -$2{x} >= -10 && $2{x} >= 0 && $1{$1} == 1 ? 2
-$5{x} >= -20 && $5{x} >= 11 && $4{y} >= 5 && -$2{x} >= -10 && $2{x} >= 0 && $1{$1} == 1 ? bottom
-$5{x} >= -30 && $5{x} >= 21 && -$4{y} >= 5 && -$2{x} >= -10 && $2{x} >= 0 && $1{$1} == 1 ? bottom
-$5{x} >= -30 && $5{x} >= 21 && -$4{y} >= -4 && $4{y} >= -4 && -$2{x} >= -10 && $2{x} >= 0 && $1{$1} == 1 ? 2
-$5{x} >= -30 && $5{x} >= 21 && $4{y} >= 5 && -$2{x} >= -10 && $2{x} >= 0 && $1{$1} == 1 ? bottom
$5{x} >= 31 && -$4{y} >= 5 && -$2{x} >= -10 && $2{x} >= 0 && $1{$1} == 1 ? bottom
$5{x} >= 31 && -$4{y} >= -4 && $4{y} >= -4 && -$2{x} >= -10 && $2{x} >= 0 && $1{$1} == 1 ? 2
$5{x} >= 31 && $4{y} >= 5 && -$2{x} >= -10 && $2{x} >= 0 && $1{$1} == 1 ? bottom

[63:]:
-$4{y} >= -4 && $4{y} >= -4 ? 1

[64:]:
-$4{y} >= -4 && $4{y} >= -4 && $3{$3} == 0 ? bottom

[65:]:


Time: 0.317504
Analysis Result: UNKNOWN
