
Abstract Syntax:
[ 1:]
int get_step( int $2{x}; ):
[ 2:] if ( $2{x} > 40 ) then
[ 3:]   $1{$1} := 5
[ 4:]   return
[ 5:]
      else
[ 6:]   if ( $2{x} > 30 ) then
[ 7:]     $1{$1} := 4
[ 8:]     return
[ 9:]
        else
[10:]     if ( $2{x} > 20 ) then
[11:]       $1{$1} := 3
[12:]       return
[13:]
          else
[14:]       if ( $2{x} > 10 ) then
[15:]         $1{$1} := 2
[16:]         return
[17:]
            else
[18:]
            endif
[19:]
          endif
[20:]
        endif
[21:]
      endif
[22:] $1{$1} := 1
[23:] return
[24:]
int main( ):
[25:] $5{x} := $4{y}
[26:] while [27:] ( $4{y} < -5 || $4{y} > 5 ) do
[28:]   if ( $5{x} > 0 ) then
[29:]     $2{x} := $5{x}
[30:]     if ( $2{x} > 40 ) then
[31:]       $1{$1} := 5
[32:]       return
[33:]
          else
[34:]       if ( $2{x} > 30 ) then
[35:]         $1{$1} := 4
[36:]         return
[37:]
            else
[38:]         if ( $2{x} > 20 ) then
[39:]           $1{$1} := 3
[40:]           return
[41:]
              else
[42:]           if ( $2{x} > 10 ) then
[43:]             $1{$1} := 2
[44:]             return
[45:]
                else
[46:]
                endif
[47:]
              endif
[48:]
            endif
[49:]
          endif
[50:]     $1{$1} := 1
[51:]     $4{y} := $4{y} - $1{$1}
[52:]
        else
[53:]     $2{x} := -1 * $5{x}
[54:]     if ( $2{x} > 40 ) then
[55:]       $1{$1} := 5
[56:]       return
[57:]
          else
[58:]       if ( $2{x} > 30 ) then
[59:]         $1{$1} := 4
[60:]         return
[61:]
            else
[62:]         if ( $2{x} > 20 ) then
[63:]           $1{$1} := 3
[64:]           return
[65:]
              else
[66:]           if ( $2{x} > 10 ) then
[67:]             $1{$1} := 2
[68:]             return
[69:]
                else
[70:]
                endif
[71:]
              endif
[72:]
            endif
[73:]
          endif
[74:]     $1{$1} := 1
[75:]     $4{y} := $4{y} + $1{$1}
[76:]
        endif
[77:]
      od
[78:] $3{$3} := 0
[79:] return
[80:]

Property: exit: true

[ -2:]:
top ? 0.

[ -1:]:
top ? 0.

[25:]:
top ? bottom

[26:]:
top ? bottom

[27:]:
top ? bottom

[28:]:
top ? bottom

[29:]:
top ? bottom

[30:]:
top ? bottom

[31:]:
top ? bottom

[32:]:
top ? bottom

[33:]:
top ? bottom

[34:]:
top ? bottom

[35:]:
top ? bottom

[36:]:
top ? bottom

[37:]:
top ? bottom

[38:]:
top ? bottom

[39:]:
top ? bottom

[40:]:
top ? bottom

[41:]:
top ? bottom

[42:]:
top ? bottom

[43:]:
top ? bottom

[44:]:
top ? bottom

[45:]:
top ? bottom

[46:]:
top ? bottom

[47:]:
top ? bottom

[48:]:
top ? bottom

[49:]:
top ? bottom

[50:]:
top ? bottom

[51:]:
top ? bottom

[52:]:
top ? bottom

[53:]:
top ? bottom

[54:]:
top ? bottom

[55:]:
top ? bottom

[56:]:
top ? bottom

[57:]:
top ? bottom

[58:]:
top ? bottom

[59:]:
top ? bottom

[60:]:
top ? bottom

[61:]:
top ? bottom

[62:]:
top ? bottom

[63:]:
top ? bottom

[64:]:
top ? bottom

[65:]:
top ? bottom

[66:]:
top ? bottom

[67:]:
top ? bottom

[68:]:
top ? bottom

[69:]:
top ? bottom

[70:]:
top ? bottom

[71:]:
top ? bottom

[72:]:
top ? bottom

[73:]:
top ? bottom

[74:]:
top ? bottom

[75:]:
top ? bottom

[76:]:
top ? bottom

[77:]:
top ? bottom

[78:]:
top ? bottom

[79:]:
top ? bottom

[80:]:
top ? bottom

Property: AF{exit: true}

[ -2:]:
-$4{y} >= -5 && $4{y} >= -5 && $3{$3} == 0 ? 0.

[ -1:]:

[25:]:
-$4{y} >= 11 ? bottom
-$4{y} >= 7 && $4{y} >= -10 ? -9$4{y}-42
$4{y} == -6 ? 12
-$4{y} >= -5 && $4{y} >= -5 ? 3
-$4{y} >= -10 && $4{y} >= 6 ? 9$4{y}-42
$4{y} >= 11 ? bottom

[26:]:
-$5{x} >= 41 && -$4{y} >= 6 ? bottom
-$5{x} >= 41 && -$4{y} >= -5 && $4{y} >= -5 ? 2
-$5{x} >= 41 && $4{y} >= 6 ? bottom
-$5{x} >= 31 && $5{x} >= -40 && -$4{y} >= 6 ? bottom
-$5{x} >= 31 && $5{x} >= -40 && -$4{y} >= -5 && $4{y} >= -5 ? 2
-$5{x} >= 31 && $5{x} >= -40 && $4{y} >= 6 ? bottom
-$5{x} >= 21 && $5{x} >= -30 && -$4{y} >= 6 ? bottom
-$5{x} >= 21 && $5{x} >= -30 && -$4{y} >= -5 && $4{y} >= -5 ? 2
-$5{x} >= 21 && $5{x} >= -30 && $4{y} >= 6 ? bottom
-$5{x} >= 11 && $5{x} >= -20 && -$4{y} >= 6 ? bottom
-$5{x} >= 11 && $5{x} >= -20 && -$4{y} >= -5 && $4{y} >= -5 ? 2
-$5{x} >= 11 && $5{x} >= -20 && $4{y} >= 6 ? bottom
-$5{x} >= 0 && $5{x} >= -10 && -$4{y} >= 6 ? -9$4{y}-43
-$5{x} >= 0 && $5{x} >= -10 && -$4{y} >= -5 && $4{y} >= -5 ? 2
-$5{x} >= 0 && $5{x} >= -10 && $4{y} >= 6 ? bottom
-$5{x} >= -10 && $5{x} >= 1 && -$4{y} >= 6 ? bottom
-$5{x} >= -10 && $5{x} >= 1 && -$4{y} >= -5 && $4{y} >= -5 ? 2
-$5{x} >= -10 && $5{x} >= 1 && $4{y} >= 6 ? 9$4{y}-43
-$5{x} >= -20 && $5{x} >= 11 && -$4{y} >= 6 ? bottom
-$5{x} >= -20 && $5{x} >= 11 && -$4{y} >= -5 && $4{y} >= -5 ? 2
-$5{x} >= -20 && $5{x} >= 11 && $4{y} >= 6 ? bottom
-$5{x} >= -30 && $5{x} >= 21 && -$4{y} >= 6 ? bottom
-$5{x} >= -30 && $5{x} >= 21 && -$4{y} >= -5 && $4{y} >= -5 ? 2
-$5{x} >= -30 && $5{x} >= 21 && $4{y} >= 6 ? bottom
-$5{x} >= -40 && $5{x} >= 31 && -$4{y} >= 6 ? bottom
-$5{x} >= -40 && $5{x} >= 31 && -$4{y} >= -5 && $4{y} >= -5 ? 2
-$5{x} >= -40 && $5{x} >= 31 && $4{y} >= 6 ? bottom
$5{x} >= 41 && -$4{y} >= 6 ? bottom
$5{x} >= 41 && -$4{y} >= -5 && $4{y} >= -5 ? 2
$5{x} >= 41 && $4{y} >= 6 ? bottom

[27:]:
-$5{x} >= 41 && -$4{y} >= 6 ? bottom
-$5{x} >= 41 && -$4{y} >= -5 && $4{y} >= -5 ? 2
-$5{x} >= 41 && $4{y} >= 6 ? bottom
-$5{x} >= 31 && $5{x} >= -40 && -$4{y} >= 6 ? bottom
-$5{x} >= 31 && $5{x} >= -40 && -$4{y} >= -5 && $4{y} >= -5 ? 2
-$5{x} >= 31 && $5{x} >= -40 && $4{y} >= 6 ? bottom
-$5{x} >= 21 && $5{x} >= -30 && -$4{y} >= 6 ? bottom
-$5{x} >= 21 && $5{x} >= -30 && -$4{y} >= -5 && $4{y} >= -5 ? 2
-$5{x} >= 21 && $5{x} >= -30 && $4{y} >= 6 ? bottom
-$5{x} >= 11 && $5{x} >= -20 && -$4{y} >= 6 ? bottom
-$5{x} >= 11 && $5{x} >= -20 && -$4{y} >= -5 && $4{y} >= -5 ? 2
-$5{x} >= 11 && $5{x} >= -20 && $4{y} >= 6 ? bottom
-$5{x} >= 0 && $5{x} >= -10 && -$4{y} >= 6 ? -9$4{y}-43
-$5{x} >= 0 && $5{x} >= -10 && -$4{y} >= -5 && $4{y} >= -5 ? 2
-$5{x} >= 0 && $5{x} >= -10 && $4{y} >= 6 ? bottom
-$5{x} >= -10 && $5{x} >= 1 && -$4{y} >= 6 ? bottom
-$5{x} >= -10 && $5{x} >= 1 && -$4{y} >= -5 && $4{y} >= -5 ? 2
-$5{x} >= -10 && $5{x} >= 1 && $4{y} >= 6 ? 9$4{y}-43
-$5{x} >= -20 && $5{x} >= 11 && -$4{y} >= 6 ? bottom
-$5{x} >= -20 && $5{x} >= 11 && -$4{y} >= -5 && $4{y} >= -5 ? 2
-$5{x} >= -20 && $5{x} >= 11 && $4{y} >= 6 ? bottom
-$5{x} >= -30 && $5{x} >= 21 && -$4{y} >= 6 ? bottom
-$5{x} >= -30 && $5{x} >= 21 && -$4{y} >= -5 && $4{y} >= -5 ? 2
-$5{x} >= -30 && $5{x} >= 21 && $4{y} >= 6 ? bottom
-$5{x} >= -40 && $5{x} >= 31 && -$4{y} >= 6 ? bottom
-$5{x} >= -40 && $5{x} >= 31 && -$4{y} >= -5 && $4{y} >= -5 ? 2
-$5{x} >= -40 && $5{x} >= 31 && $4{y} >= 6 ? bottom
$5{x} >= 41 && -$4{y} >= 6 ? bottom
$5{x} >= 41 && -$4{y} >= -5 && $4{y} >= -5 ? 2
$5{x} >= 41 && $4{y} >= 6 ? bottom

[28:]:
-$5{x} >= 11 ? bottom
-$5{x} >= 0 && $5{x} >= -10 && -$4{y} >= 7 ? -9$4{y}-44
-$5{x} >= 0 && $5{x} >= -10 && -$4{y} >= -4 && $4{y} >= -6 ? 10
-$5{x} >= 0 && $5{x} >= -10 && $4{y} >= 5 ? bottom
-$5{x} >= -10 && $5{x} >= 1 && -$4{y} >= 5 ? bottom
-$5{x} >= -10 && $5{x} >= 1 && -$4{y} >= -6 && $4{y} >= -4 ? 10
-$5{x} >= -10 && $5{x} >= 1 && $4{y} >= 7 ? 9$4{y}-44
$5{x} >= 11 ? bottom

[29:]:
-$5{x} >= -10 && $5{x} >= 1 && -$4{y} >= 5 ? bottom
-$5{x} >= -10 && $5{x} >= 1 && -$4{y} >= -6 && $4{y} >= -4 ? 9
-$5{x} >= -10 && $5{x} >= 1 && $4{y} >= 7 ? 9$4{y}-45
$5{x} >= 11 ? bottom

[30:]:
-$5{x} >= -10 && $5{x} >= 1 && -$4{y} >= 5 && $2{x} >= 1 ? bottom
-$5{x} >= -10 && $5{x} >= 1 && -$4{y} >= -6 && $4{y} >= -4 && -$2{x} >= -10 && $2{x} >= 1 ? 8
-$5{x} >= -10 && $5{x} >= 1 && -$4{y} >= -6 && $4{y} >= -4 && $2{x} >= 11 ? bottom
-$5{x} >= -10 && $5{x} >= 1 && $4{y} == 7 && -$2{x} >= -10 && $2{x} >= 1 ? 17
-$5{x} >= -10 && $5{x} >= 1 && $4{y} == 7 && $2{x} >= 11 ? bottom
-$5{x} >= -10 && $5{x} >= 1 && $4{y} >= 8 && -$2{x} >= -10 && $2{x} >= 1 ? 9$4{y}-46
-$5{x} >= -10 && $5{x} >= 1 && $4{y} >= 8 && $2{x} >= 11 ? bottom
-$5{x} >= -20 && $5{x} >= 11 && -$4{y} >= 5 && $2{x} >= 1 ? bottom
-$5{x} >= -20 && $5{x} >= 11 && -$4{y} >= -6 && $4{y} >= -4 && -$2{x} >= -10 && $2{x} >= 1 ? 8
-$5{x} >= -20 && $5{x} >= 11 && -$4{y} >= -6 && $4{y} >= -4 && $2{x} >= 11 ? bottom
-$5{x} >= -20 && $5{x} >= 11 && $4{y} >= 7 && $2{x} >= 1 ? bottom
-$5{x} >= -30 && $5{x} >= 21 && -$4{y} >= 5 && $2{x} >= 1 ? bottom
-$5{x} >= -30 && $5{x} >= 21 && -$4{y} >= -6 && $4{y} >= -4 && -$2{x} >= -10 && $2{x} >= 1 ? 8
-$5{x} >= -30 && $5{x} >= 21 && -$4{y} >= -6 && $4{y} >= -4 && $2{x} >= 11 ? bottom
-$5{x} >= -30 && $5{x} >= 21 && $4{y} >= 7 && $2{x} >= 1 ? bottom
-$5{x} >= -40 && $5{x} >= 31 && -$4{y} >= 5 && $2{x} >= 1 ? bottom
-$5{x} >= -40 && $5{x} >= 31 && -$4{y} >= -6 && $4{y} >= -4 && -$2{x} >= -10 && $2{x} >= 1 ? 8
-$5{x} >= -40 && $5{x} >= 31 && -$4{y} >= -6 && $4{y} >= -4 && $2{x} >= 11 ? bottom
-$5{x} >= -40 && $5{x} >= 31 && $4{y} >= 7 && $2{x} >= 1 ? bottom
$5{x} >= 41 && -$4{y} >= 5 && $2{x} >= 1 ? bottom
$5{x} >= 41 && -$4{y} >= -6 && $4{y} >= -4 && -$2{x} >= -10 && $2{x} >= 1 ? 8
$5{x} >= 41 && -$4{y} >= -6 && $4{y} >= -4 && $2{x} >= 11 ? bottom
$5{x} >= 41 && $4{y} >= 7 && $2{x} >= 1 ? bottom

[31:]:
$5{x} >= 1 && $2{x} >= 41 ? bottom

[32:]:
$5{x} >= 1 && $2{x} >= 41 && $1{$1} == 5 ? bottom

[33:]:

[34:]:
-$5{x} >= -10 && $5{x} >= 1 && -$4{y} >= 5 && -$2{x} >= -40 && $2{x} >= 1 ? bottom
-$5{x} >= -10 && $5{x} >= 1 && -$4{y} >= -6 && $4{y} >= -4 && -$2{x} >= -10 && $2{x} >= 1 ? 7
-$5{x} >= -10 && $5{x} >= 1 && -$4{y} >= -6 && $4{y} >= -4 && -$2{x} >= -40 && $2{x} >= 11 ? bottom
-$5{x} >= -10 && $5{x} >= 1 && $4{y} == 7 && -$2{x} >= -10 && $2{x} >= 1 ? 16
-$5{x} >= -10 && $5{x} >= 1 && $4{y} == 7 && -$2{x} >= -40 && $2{x} >= 11 ? bottom
-$5{x} >= -10 && $5{x} >= 1 && $4{y} >= 8 && -$2{x} >= -10 && $2{x} >= 1 ? 9$4{y}-47
-$5{x} >= -10 && $5{x} >= 1 && $4{y} >= 8 && -$2{x} >= -40 && $2{x} >= 11 ? bottom
-$5{x} >= -20 && $5{x} >= 11 && -$4{y} >= 5 && -$2{x} >= -40 && $2{x} >= 1 ? bottom
-$5{x} >= -20 && $5{x} >= 11 && -$4{y} >= -6 && $4{y} >= -4 && -$2{x} >= -10 && $2{x} >= 1 ? 7
-$5{x} >= -20 && $5{x} >= 11 && -$4{y} >= -6 && $4{y} >= -4 && -$2{x} >= -40 && $2{x} >= 11 ? bottom
-$5{x} >= -20 && $5{x} >= 11 && $4{y} >= 7 && -$2{x} >= -40 && $2{x} >= 1 ? bottom
-$5{x} >= -30 && $5{x} >= 21 && -$4{y} >= 5 && -$2{x} >= -40 && $2{x} >= 1 ? bottom
-$5{x} >= -30 && $5{x} >= 21 && -$4{y} >= -6 && $4{y} >= -4 && -$2{x} >= -10 && $2{x} >= 1 ? 7
-$5{x} >= -30 && $5{x} >= 21 && -$4{y} >= -6 && $4{y} >= -4 && -$2{x} >= -40 && $2{x} >= 11 ? bottom
-$5{x} >= -30 && $5{x} >= 21 && $4{y} >= 7 && -$2{x} >= -40 && $2{x} >= 1 ? bottom
-$5{x} >= -40 && $5{x} >= 31 && -$4{y} >= 5 && -$2{x} >= -40 && $2{x} >= 1 ? bottom
-$5{x} >= -40 && $5{x} >= 31 && -$4{y} >= -6 && $4{y} >= -4 && -$2{x} >= -10 && $2{x} >= 1 ? 7
-$5{x} >= -40 && $5{x} >= 31 && -$4{y} >= -6 && $4{y} >= -4 && -$2{x} >= -40 && $2{x} >= 11 ? bottom
-$5{x} >= -40 && $5{x} >= 31 && $4{y} >= 7 && -$2{x} >= -40 && $2{x} >= 1 ? bottom
$5{x} >= 41 && -$4{y} >= 5 && -$2{x} >= -40 && $2{x} >= 1 ? bottom
$5{x} >= 41 && -$4{y} >= -6 && $4{y} >= -4 && -$2{x} >= -10 && $2{x} >= 1 ? 7
$5{x} >= 41 && -$4{y} >= -6 && $4{y} >= -4 && -$2{x} >= -40 && $2{x} >= 11 ? bottom
$5{x} >= 41 && $4{y} >= 7 && -$2{x} >= -40 && $2{x} >= 1 ? bottom

[35:]:
$5{x} >= 1 && -$2{x} >= -40 && $2{x} >= 31 ? bottom

[36:]:
$5{x} >= 1 && -$2{x} >= -40 && $2{x} >= 31 && $1{$1} == 4 ? bottom

[37:]:

[38:]:
-$5{x} >= -10 && $5{x} >= 1 && -$4{y} >= 5 && -$2{x} >= -30 && $2{x} >= 1 ? bottom
-$5{x} >= -10 && $5{x} >= 1 && -$4{y} >= -6 && $4{y} >= -4 && -$2{x} >= -10 && $2{x} >= 1 ? 6
-$5{x} >= -10 && $5{x} >= 1 && -$4{y} >= -6 && $4{y} >= -4 && -$2{x} >= -30 && $2{x} >= 11 ? bottom
-$5{x} >= -10 && $5{x} >= 1 && $4{y} == 7 && -$2{x} >= -10 && $2{x} >= 1 ? 15
-$5{x} >= -10 && $5{x} >= 1 && $4{y} == 7 && -$2{x} >= -30 && $2{x} >= 11 ? bottom
-$5{x} >= -10 && $5{x} >= 1 && $4{y} >= 8 && -$2{x} >= -10 && $2{x} >= 1 ? 9$4{y}-48
-$5{x} >= -10 && $5{x} >= 1 && $4{y} >= 8 && -$2{x} >= -30 && $2{x} >= 11 ? bottom
-$5{x} >= -20 && $5{x} >= 11 && -$4{y} >= 5 && -$2{x} >= -30 && $2{x} >= 1 ? bottom
-$5{x} >= -20 && $5{x} >= 11 && -$4{y} >= -6 && $4{y} >= -4 && -$2{x} >= -10 && $2{x} >= 1 ? 6
-$5{x} >= -20 && $5{x} >= 11 && -$4{y} >= -6 && $4{y} >= -4 && -$2{x} >= -30 && $2{x} >= 11 ? bottom
-$5{x} >= -20 && $5{x} >= 11 && $4{y} >= 7 && -$2{x} >= -30 && $2{x} >= 1 ? bottom
-$5{x} >= -30 && $5{x} >= 21 && -$4{y} >= 5 && -$2{x} >= -30 && $2{x} >= 1 ? bottom
-$5{x} >= -30 && $5{x} >= 21 && -$4{y} >= -6 && $4{y} >= -4 && -$2{x} >= -10 && $2{x} >= 1 ? 6
-$5{x} >= -30 && $5{x} >= 21 && -$4{y} >= -6 && $4{y} >= -4 && -$2{x} >= -30 && $2{x} >= 11 ? bottom
-$5{x} >= -30 && $5{x} >= 21 && $4{y} >= 7 && -$2{x} >= -30 && $2{x} >= 1 ? bottom
-$5{x} >= -40 && $5{x} >= 31 && -$4{y} >= 5 && -$2{x} >= -30 && $2{x} >= 1 ? bottom
-$5{x} >= -40 && $5{x} >= 31 && -$4{y} >= -6 && $4{y} >= -4 && -$2{x} >= -10 && $2{x} >= 1 ? 6
-$5{x} >= -40 && $5{x} >= 31 && -$4{y} >= -6 && $4{y} >= -4 && -$2{x} >= -30 && $2{x} >= 11 ? bottom
-$5{x} >= -40 && $5{x} >= 31 && $4{y} >= 7 && -$2{x} >= -30 && $2{x} >= 1 ? bottom
$5{x} >= 41 && -$4{y} >= 5 && -$2{x} >= -30 && $2{x} >= 1 ? bottom
$5{x} >= 41 && -$4{y} >= -6 && $4{y} >= -4 && -$2{x} >= -10 && $2{x} >= 1 ? 6
$5{x} >= 41 && -$4{y} >= -6 && $4{y} >= -4 && -$2{x} >= -30 && $2{x} >= 11 ? bottom
$5{x} >= 41 && $4{y} >= 7 && -$2{x} >= -30 && $2{x} >= 1 ? bottom

[39:]:
$5{x} >= 1 && -$2{x} >= -30 && $2{x} >= 21 ? bottom

[40:]:
$5{x} >= 1 && -$2{x} >= -30 && $2{x} >= 21 && $1{$1} == 3 ? bottom

[41:]:

[42:]:
-$5{x} >= -10 && $5{x} >= 1 && -$4{y} >= 5 && -$2{x} >= -20 && $2{x} >= 1 ? bottom
-$5{x} >= -10 && $5{x} >= 1 && -$4{y} >= -6 && $4{y} >= -4 && -$2{x} >= -10 && $2{x} >= 1 ? 5
-$5{x} >= -10 && $5{x} >= 1 && -$4{y} >= -6 && $4{y} >= -4 && -$2{x} >= -20 && $2{x} >= 11 ? bottom
-$5{x} >= -10 && $5{x} >= 1 && $4{y} == 7 && -$2{x} >= -10 && $2{x} >= 1 ? 14
-$5{x} >= -10 && $5{x} >= 1 && $4{y} == 7 && -$2{x} >= -20 && $2{x} >= 11 ? bottom
-$5{x} >= -10 && $5{x} >= 1 && $4{y} >= 8 && -$2{x} >= -10 && $2{x} >= 1 ? 9$4{y}-49
-$5{x} >= -10 && $5{x} >= 1 && $4{y} >= 8 && -$2{x} >= -20 && $2{x} >= 11 ? bottom
-$5{x} >= -20 && $5{x} >= 11 && -$4{y} >= 5 && -$2{x} >= -20 && $2{x} >= 1 ? bottom
-$5{x} >= -20 && $5{x} >= 11 && -$4{y} >= -6 && $4{y} >= -4 && -$2{x} >= -10 && $2{x} >= 1 ? 5
-$5{x} >= -20 && $5{x} >= 11 && -$4{y} >= -6 && $4{y} >= -4 && -$2{x} >= -20 && $2{x} >= 11 ? bottom
-$5{x} >= -20 && $5{x} >= 11 && $4{y} >= 7 && -$2{x} >= -20 && $2{x} >= 1 ? bottom
-$5{x} >= -30 && $5{x} >= 21 && -$4{y} >= 5 && -$2{x} >= -20 && $2{x} >= 1 ? bottom
-$5{x} >= -30 && $5{x} >= 21 && -$4{y} >= -6 && $4{y} >= -4 && -$2{x} >= -10 && $2{x} >= 1 ? 5
-$5{x} >= -30 && $5{x} >= 21 && -$4{y} >= -6 && $4{y} >= -4 && -$2{x} >= -20 && $2{x} >= 11 ? bottom
-$5{x} >= -30 && $5{x} >= 21 && $4{y} >= 7 && -$2{x} >= -20 && $2{x} >= 1 ? bottom
-$5{x} >= -40 && $5{x} >= 31 && -$4{y} >= 5 && -$2{x} >= -20 && $2{x} >= 1 ? bottom
-$5{x} >= -40 && $5{x} >= 31 && -$4{y} >= -6 && $4{y} >= -4 && -$2{x} >= -10 && $2{x} >= 1 ? 5
-$5{x} >= -40 && $5{x} >= 31 && -$4{y} >= -6 && $4{y} >= -4 && -$2{x} >= -20 && $2{x} >= 11 ? bottom
-$5{x} >= -40 && $5{x} >= 31 && $4{y} >= 7 && -$2{x} >= -20 && $2{x} >= 1 ? bottom
$5{x} >= 41 && -$4{y} >= 5 && -$2{x} >= -20 && $2{x} >= 1 ? bottom
$5{x} >= 41 && -$4{y} >= -6 && $4{y} >= -4 && -$2{x} >= -10 && $2{x} >= 1 ? 5
$5{x} >= 41 && -$4{y} >= -6 && $4{y} >= -4 && -$2{x} >= -20 && $2{x} >= 11 ? bottom
$5{x} >= 41 && $4{y} >= 7 && -$2{x} >= -20 && $2{x} >= 1 ? bottom

[43:]:
$5{x} >= 1 && -$2{x} >= -20 && $2{x} >= 11 ? bottom

[44:]:
$5{x} >= 1 && -$2{x} >= -20 && $2{x} >= 11 && $1{$1} == 2 ? bottom

[45:]:

[46:]:
-$5{x} >= -10 && $5{x} >= 1 && -$4{y} >= 5 && -$2{x} >= -10 && $2{x} >= 1 ? bottom
-$5{x} >= -10 && $5{x} >= 1 && -$4{y} >= -6 && $4{y} >= -4 && -$2{x} >= -10 && $2{x} >= 1 ? 4
-$5{x} >= -10 && $5{x} >= 1 && $4{y} >= 7 && -$2{x} >= -10 && $2{x} >= 1 ? 9$4{y}-50
-$5{x} >= -20 && $5{x} >= 11 && -$4{y} >= 5 && -$2{x} >= -10 && $2{x} >= 1 ? bottom
-$5{x} >= -20 && $5{x} >= 11 && -$4{y} >= -6 && $4{y} >= -4 && -$2{x} >= -10 && $2{x} >= 1 ? 4
-$5{x} >= -20 && $5{x} >= 11 && $4{y} >= 7 && -$2{x} >= -10 && $2{x} >= 1 ? bottom
-$5{x} >= -30 && $5{x} >= 21 && -$4{y} >= 5 && -$2{x} >= -10 && $2{x} >= 1 ? bottom
-$5{x} >= -30 && $5{x} >= 21 && -$4{y} >= -6 && $4{y} >= -4 && -$2{x} >= -10 && $2{x} >= 1 ? 4
-$5{x} >= -30 && $5{x} >= 21 && $4{y} >= 7 && -$2{x} >= -10 && $2{x} >= 1 ? bottom
-$5{x} >= -40 && $5{x} >= 31 && -$4{y} >= 5 && -$2{x} >= -10 && $2{x} >= 1 ? bottom
-$5{x} >= -40 && $5{x} >= 31 && -$4{y} >= -6 && $4{y} >= -4 && -$2{x} >= -10 && $2{x} >= 1 ? 4
-$5{x} >= -40 && $5{x} >= 31 && $4{y} >= 7 && -$2{x} >= -10 && $2{x} >= 1 ? bottom
$5{x} >= 41 && -$4{y} >= 5 && -$2{x} >= -10 && $2{x} >= 1 ? bottom
$5{x} >= 41 && -$4{y} >= -6 && $4{y} >= -4 && -$2{x} >= -10 && $2{x} >= 1 ? 4
$5{x} >= 41 && $4{y} >= 7 && -$2{x} >= -10 && $2{x} >= 1 ? bottom

[47:]:
-$5{x} >= -10 && $5{x} >= 1 && -$4{y} >= 5 && -$2{x} >= -10 && $2{x} >= 1 ? bottom
-$5{x} >= -10 && $5{x} >= 1 && -$4{y} >= -6 && $4{y} >= -4 && -$2{x} >= -10 && $2{x} >= 1 ? 4
-$5{x} >= -10 && $5{x} >= 1 && $4{y} >= 7 && -$2{x} >= -10 && $2{x} >= 1 ? 9$4{y}-50
-$5{x} >= -20 && $5{x} >= 11 && -$4{y} >= 5 && -$2{x} >= -10 && $2{x} >= 1 ? bottom
-$5{x} >= -20 && $5{x} >= 11 && -$4{y} >= -6 && $4{y} >= -4 && -$2{x} >= -10 && $2{x} >= 1 ? 4
-$5{x} >= -20 && $5{x} >= 11 && $4{y} >= 7 && -$2{x} >= -10 && $2{x} >= 1 ? bottom
-$5{x} >= -30 && $5{x} >= 21 && -$4{y} >= 5 && -$2{x} >= -10 && $2{x} >= 1 ? bottom
-$5{x} >= -30 && $5{x} >= 21 && -$4{y} >= -6 && $4{y} >= -4 && -$2{x} >= -10 && $2{x} >= 1 ? 4
-$5{x} >= -30 && $5{x} >= 21 && $4{y} >= 7 && -$2{x} >= -10 && $2{x} >= 1 ? bottom
-$5{x} >= -40 && $5{x} >= 31 && -$4{y} >= 5 && -$2{x} >= -10 && $2{x} >= 1 ? bottom
-$5{x} >= -40 && $5{x} >= 31 && -$4{y} >= -6 && $4{y} >= -4 && -$2{x} >= -10 && $2{x} >= 1 ? 4
-$5{x} >= -40 && $5{x} >= 31 && $4{y} >= 7 && -$2{x} >= -10 && $2{x} >= 1 ? bottom
$5{x} >= 41 && -$4{y} >= 5 && -$2{x} >= -10 && $2{x} >= 1 ? bottom
$5{x} >= 41 && -$4{y} >= -6 && $4{y} >= -4 && -$2{x} >= -10 && $2{x} >= 1 ? 4
$5{x} >= 41 && $4{y} >= 7 && -$2{x} >= -10 && $2{x} >= 1 ? bottom

[48:]:
-$5{x} >= -10 && $5{x} >= 1 && -$4{y} >= 5 && -$2{x} >= -10 && $2{x} >= 1 ? bottom
-$5{x} >= -10 && $5{x} >= 1 && -$4{y} >= -6 && $4{y} >= -4 && -$2{x} >= -10 && $2{x} >= 1 ? 4
-$5{x} >= -10 && $5{x} >= 1 && $4{y} >= 7 && -$2{x} >= -10 && $2{x} >= 1 ? 9$4{y}-50
-$5{x} >= -20 && $5{x} >= 11 && -$4{y} >= 5 && -$2{x} >= -10 && $2{x} >= 1 ? bottom
-$5{x} >= -20 && $5{x} >= 11 && -$4{y} >= -6 && $4{y} >= -4 && -$2{x} >= -10 && $2{x} >= 1 ? 4
-$5{x} >= -20 && $5{x} >= 11 && $4{y} >= 7 && -$2{x} >= -10 && $2{x} >= 1 ? bottom
-$5{x} >= -30 && $5{x} >= 21 && -$4{y} >= 5 && -$2{x} >= -10 && $2{x} >= 1 ? bottom
-$5{x} >= -30 && $5{x} >= 21 && -$4{y} >= -6 && $4{y} >= -4 && -$2{x} >= -10 && $2{x} >= 1 ? 4
-$5{x} >= -30 && $5{x} >= 21 && $4{y} >= 7 && -$2{x} >= -10 && $2{x} >= 1 ? bottom
-$5{x} >= -40 && $5{x} >= 31 && -$4{y} >= 5 && -$2{x} >= -10 && $2{x} >= 1 ? bottom
-$5{x} >= -40 && $5{x} >= 31 && -$4{y} >= -6 && $4{y} >= -4 && -$2{x} >= -10 && $2{x} >= 1 ? 4
-$5{x} >= -40 && $5{x} >= 31 && $4{y} >= 7 && -$2{x} >= -10 && $2{x} >= 1 ? bottom
$5{x} >= 41 && -$4{y} >= 5 && -$2{x} >= -10 && $2{x} >= 1 ? bottom
$5{x} >= 41 && -$4{y} >= -6 && $4{y} >= -4 && -$2{x} >= -10 && $2{x} >= 1 ? 4
$5{x} >= 41 && $4{y} >= 7 && -$2{x} >= -10 && $2{x} >= 1 ? bottom

[49:]:
-$5{x} >= -10 && $5{x} >= 1 && -$4{y} >= 5 && -$2{x} >= -10 && $2{x} >= 1 ? bottom
-$5{x} >= -10 && $5{x} >= 1 && -$4{y} >= -6 && $4{y} >= -4 && -$2{x} >= -10 && $2{x} >= 1 ? 4
-$5{x} >= -10 && $5{x} >= 1 && $4{y} >= 7 && -$2{x} >= -10 && $2{x} >= 1 ? 9$4{y}-50
-$5{x} >= -20 && $5{x} >= 11 && -$4{y} >= 5 && -$2{x} >= -10 && $2{x} >= 1 ? bottom
-$5{x} >= -20 && $5{x} >= 11 && -$4{y} >= -6 && $4{y} >= -4 && -$2{x} >= -10 && $2{x} >= 1 ? 4
-$5{x} >= -20 && $5{x} >= 11 && $4{y} >= 7 && -$2{x} >= -10 && $2{x} >= 1 ? bottom
-$5{x} >= -30 && $5{x} >= 21 && -$4{y} >= 5 && -$2{x} >= -10 && $2{x} >= 1 ? bottom
-$5{x} >= -30 && $5{x} >= 21 && -$4{y} >= -6 && $4{y} >= -4 && -$2{x} >= -10 && $2{x} >= 1 ? 4
-$5{x} >= -30 && $5{x} >= 21 && $4{y} >= 7 && -$2{x} >= -10 && $2{x} >= 1 ? bottom
-$5{x} >= -40 && $5{x} >= 31 && -$4{y} >= 5 && -$2{x} >= -10 && $2{x} >= 1 ? bottom
-$5{x} >= -40 && $5{x} >= 31 && -$4{y} >= -6 && $4{y} >= -4 && -$2{x} >= -10 && $2{x} >= 1 ? 4
-$5{x} >= -40 && $5{x} >= 31 && $4{y} >= 7 && -$2{x} >= -10 && $2{x} >= 1 ? bottom
$5{x} >= 41 && -$4{y} >= 5 && -$2{x} >= -10 && $2{x} >= 1 ? bottom
$5{x} >= 41 && -$4{y} >= -6 && $4{y} >= -4 && -$2{x} >= -10 && $2{x} >= 1 ? 4
$5{x} >= 41 && $4{y} >= 7 && -$2{x} >= -10 && $2{x} >= 1 ? bottom

[50:]:
-$5{x} >= -10 && $5{x} >= 1 && -$4{y} >= 5 && -$2{x} >= -10 && $2{x} >= 1 ? bottom
-$5{x} >= -10 && $5{x} >= 1 && -$4{y} >= -6 && $4{y} >= -4 && -$2{x} >= -10 && $2{x} >= 1 ? 4
-$5{x} >= -10 && $5{x} >= 1 && $4{y} >= 7 && -$2{x} >= -10 && $2{x} >= 1 ? 9$4{y}-50
-$5{x} >= -20 && $5{x} >= 11 && -$4{y} >= 5 && -$2{x} >= -10 && $2{x} >= 1 ? bottom
-$5{x} >= -20 && $5{x} >= 11 && -$4{y} >= -6 && $4{y} >= -4 && -$2{x} >= -10 && $2{x} >= 1 ? 4
-$5{x} >= -20 && $5{x} >= 11 && $4{y} >= 7 && -$2{x} >= -10 && $2{x} >= 1 ? bottom
-$5{x} >= -30 && $5{x} >= 21 && -$4{y} >= 5 && -$2{x} >= -10 && $2{x} >= 1 ? bottom
-$5{x} >= -30 && $5{x} >= 21 && -$4{y} >= -6 && $4{y} >= -4 && -$2{x} >= -10 && $2{x} >= 1 ? 4
-$5{x} >= -30 && $5{x} >= 21 && $4{y} >= 7 && -$2{x} >= -10 && $2{x} >= 1 ? bottom
-$5{x} >= -40 && $5{x} >= 31 && -$4{y} >= 5 && -$2{x} >= -10 && $2{x} >= 1 ? bottom
-$5{x} >= -40 && $5{x} >= 31 && -$4{y} >= -6 && $4{y} >= -4 && -$2{x} >= -10 && $2{x} >= 1 ? 4
-$5{x} >= -40 && $5{x} >= 31 && $4{y} >= 7 && -$2{x} >= -10 && $2{x} >= 1 ? bottom
$5{x} >= 41 && -$4{y} >= 5 && -$2{x} >= -10 && $2{x} >= 1 ? bottom
$5{x} >= 41 && -$4{y} >= -6 && $4{y} >= -4 && -$2{x} >= -10 && $2{x} >= 1 ? 4
$5{x} >= 41 && $4{y} >= 7 && -$2{x} >= -10 && $2{x} >= 1 ? bottom

[51:]:
-$5{x} >= -10 && $5{x} >= 1 && -$4{y} >= 5 && -$2{x} >= -10 && $2{x} >= 1 && $1{$1} == 1 ? bottom
-$5{x} >= -10 && $5{x} >= 1 && -$4{y} >= -6 && $4{y} >= -4 && -$2{x} >= -10 && $2{x} >= 1 && $1{$1} == 1 ? 3
-$5{x} >= -10 && $5{x} >= 1 && $4{y} >= 7 && -$2{x} >= -10 && $2{x} >= 1 && $1{$1} == 1 ? -9$1{$1}+9$4{y}-42
-$5{x} >= -20 && $5{x} >= 11 && -$4{y} >= 5 && -$2{x} >= -10 && $2{x} >= 1 && $1{$1} == 1 ? bottom
-$5{x} >= -20 && $5{x} >= 11 && -$4{y} >= -6 && $4{y} >= -4 && -$2{x} >= -10 && $2{x} >= 1 && $1{$1} == 1 ? 3
-$5{x} >= -20 && $5{x} >= 11 && $4{y} >= 7 && -$2{x} >= -10 && $2{x} >= 1 && $1{$1} == 1 ? bottom
-$5{x} >= -30 && $5{x} >= 21 && -$4{y} >= 5 && -$2{x} >= -10 && $2{x} >= 1 && $1{$1} == 1 ? bottom
-$5{x} >= -30 && $5{x} >= 21 && -$4{y} >= -6 && $4{y} >= -4 && -$2{x} >= -10 && $2{x} >= 1 && $1{$1} == 1 ? 3
-$5{x} >= -30 && $5{x} >= 21 && $4{y} >= 7 && -$2{x} >= -10 && $2{x} >= 1 && $1{$1} == 1 ? bottom
-$5{x} >= -40 && $5{x} >= 31 && -$4{y} >= 5 && -$2{x} >= -10 && $2{x} >= 1 && $1{$1} == 1 ? bottom
-$5{x} >= -40 && $5{x} >= 31 && -$4{y} >= -6 && $4{y} >= -4 && -$2{x} >= -10 && $2{x} >= 1 && $1{$1} == 1 ? 3
-$5{x} >= -40 && $5{x} >= 31 && $4{y} >= 7 && -$2{x} >= -10 && $2{x} >= 1 && $1{$1} == 1 ? bottom
$5{x} >= 41 && -$4{y} >= 5 && -$2{x} >= -10 && $2{x} >= 1 && $1{$1} == 1 ? bottom
$5{x} >= 41 && -$4{y} >= -6 && $4{y} >= -4 && -$2{x} >= -10 && $2{x} >= 1 && $1{$1} == 1 ? 3
$5{x} >= 41 && $4{y} >= 7 && -$2{x} >= -10 && $2{x} >= 1 && $1{$1} == 1 ? bottom

[52:]:
-$5{x} >= -10 && $5{x} >= 1 && -$4{y} >= 6 && -$2{x} >= -10 && $2{x} >= 1 && $1{$1} == 1 ? bottom
-$5{x} >= -10 && $5{x} >= 1 && -$4{y} >= -5 && $4{y} >= -5 && -$2{x} >= -10 && $2{x} >= 1 && $1{$1} == 1 ? 2
-$5{x} >= -10 && $5{x} >= 1 && $4{y} >= 6 && -$2{x} >= -10 && $2{x} >= 1 && $1{$1} == 1 ? 9$4{y}-43
-$5{x} >= -20 && $5{x} >= 11 && -$4{y} >= 6 && -$2{x} >= -10 && $2{x} >= 1 && $1{$1} == 1 ? bottom
-$5{x} >= -20 && $5{x} >= 11 && -$4{y} >= -5 && $4{y} >= -5 && -$2{x} >= -10 && $2{x} >= 1 && $1{$1} == 1 ? 2
-$5{x} >= -20 && $5{x} >= 11 && $4{y} >= 6 && -$2{x} >= -10 && $2{x} >= 1 && $1{$1} == 1 ? bottom
-$5{x} >= -30 && $5{x} >= 21 && -$4{y} >= 6 && -$2{x} >= -10 && $2{x} >= 1 && $1{$1} == 1 ? bottom
-$5{x} >= -30 && $5{x} >= 21 && -$4{y} >= -5 && $4{y} >= -5 && -$2{x} >= -10 && $2{x} >= 1 && $1{$1} == 1 ? 2
-$5{x} >= -30 && $5{x} >= 21 && $4{y} >= 6 && -$2{x} >= -10 && $2{x} >= 1 && $1{$1} == 1 ? bottom
-$5{x} >= -40 && $5{x} >= 31 && -$4{y} >= 6 && -$2{x} >= -10 && $2{x} >= 1 && $1{$1} == 1 ? bottom
-$5{x} >= -40 && $5{x} >= 31 && -$4{y} >= -5 && $4{y} >= -5 && -$2{x} >= -10 && $2{x} >= 1 && $1{$1} == 1 ? 2
-$5{x} >= -40 && $5{x} >= 31 && $4{y} >= 6 && -$2{x} >= -10 && $2{x} >= 1 && $1{$1} == 1 ? bottom
$5{x} >= 41 && -$4{y} >= 6 && -$2{x} >= -10 && $2{x} >= 1 && $1{$1} == 1 ? bottom
$5{x} >= 41 && -$4{y} >= -5 && $4{y} >= -5 && -$2{x} >= -10 && $2{x} >= 1 && $1{$1} == 1 ? 2
$5{x} >= 41 && $4{y} >= 6 && -$2{x} >= -10 && $2{x} >= 1 && $1{$1} == 1 ? bottom

[53:]:
-$5{x} >= 11 ? bottom
-$5{x} >= 0 && $5{x} >= -10 && -$4{y} >= 7 ? -9$4{y}-45
-$5{x} >= 0 && $5{x} >= -10 && -$4{y} >= -4 && $4{y} >= -6 ? 9
-$5{x} >= 0 && $5{x} >= -10 && $4{y} >= 5 ? bottom

[54:]:
-$5{x} >= 41 && -$4{y} >= 7 && $2{x} >= 0 ? bottom
-$5{x} >= 41 && -$4{y} >= -4 && $4{y} >= -6 && -$2{x} >= -10 && $2{x} >= 0 ? 8
-$5{x} >= 41 && -$4{y} >= -4 && $4{y} >= -6 && $2{x} >= 11 ? bottom
-$5{x} >= 41 && $4{y} >= 5 && $2{x} >= 0 ? bottom
-$5{x} >= 31 && $5{x} >= -40 && -$4{y} >= 7 && $2{x} >= 0 ? bottom
-$5{x} >= 31 && $5{x} >= -40 && -$4{y} >= -4 && $4{y} >= -6 && -$2{x} >= -10 && $2{x} >= 0 ? 8
-$5{x} >= 31 && $5{x} >= -40 && -$4{y} >= -4 && $4{y} >= -6 && $2{x} >= 11 ? bottom
-$5{x} >= 31 && $5{x} >= -40 && $4{y} >= 5 && $2{x} >= 0 ? bottom
-$5{x} >= 21 && $5{x} >= -30 && -$4{y} >= 7 && $2{x} >= 0 ? bottom
-$5{x} >= 21 && $5{x} >= -30 && -$4{y} >= -4 && $4{y} >= -6 && -$2{x} >= -10 && $2{x} >= 0 ? 8
-$5{x} >= 21 && $5{x} >= -30 && -$4{y} >= -4 && $4{y} >= -6 && $2{x} >= 11 ? bottom
-$5{x} >= 21 && $5{x} >= -30 && $4{y} >= 5 && $2{x} >= 0 ? bottom
-$5{x} >= 11 && $5{x} >= -20 && -$4{y} >= 7 && $2{x} >= 0 ? bottom
-$5{x} >= 11 && $5{x} >= -20 && -$4{y} >= -4 && $4{y} >= -6 && -$2{x} >= -10 && $2{x} >= 0 ? 8
-$5{x} >= 11 && $5{x} >= -20 && -$4{y} >= -4 && $4{y} >= -6 && $2{x} >= 11 ? bottom
-$5{x} >= 11 && $5{x} >= -20 && $4{y} >= 5 && $2{x} >= 0 ? bottom
-$5{x} >= 0 && $5{x} >= -10 && -$4{y} >= 8 && -$2{x} >= -10 && $2{x} >= 0 ? -9$4{y}-46
-$5{x} >= 0 && $5{x} >= -10 && -$4{y} >= 8 && $2{x} >= 11 ? bottom
-$5{x} >= 0 && $5{x} >= -10 && $4{y} == -7 && -$2{x} >= -10 && $2{x} >= 0 ? 17
-$5{x} >= 0 && $5{x} >= -10 && $4{y} == -7 && $2{x} >= 11 ? bottom
-$5{x} >= 0 && $5{x} >= -10 && -$4{y} >= -4 && $4{y} >= -6 && -$2{x} >= -10 && $2{x} >= 0 ? 8
-$5{x} >= 0 && $5{x} >= -10 && -$4{y} >= -4 && $4{y} >= -6 && $2{x} >= 11 ? bottom
-$5{x} >= 0 && $5{x} >= -10 && $4{y} >= 5 && $2{x} >= 0 ? bottom

[55:]:
-$5{x} >= 0 && $2{x} >= 41 ? bottom

[56:]:
-$5{x} >= 0 && $2{x} >= 41 && $1{$1} == 5 ? bottom

[57:]:

[58:]:
-$5{x} >= 41 && -$4{y} >= 7 && -$2{x} >= -40 && $2{x} >= 0 ? bottom
-$5{x} >= 41 && -$4{y} >= -4 && $4{y} >= -6 && -$2{x} >= -10 && $2{x} >= 0 ? 7
-$5{x} >= 41 && -$4{y} >= -4 && $4{y} >= -6 && -$2{x} >= -40 && $2{x} >= 11 ? bottom
-$5{x} >= 41 && $4{y} >= 5 && -$2{x} >= -40 && $2{x} >= 0 ? bottom
-$5{x} >= 31 && $5{x} >= -40 && -$4{y} >= 7 && -$2{x} >= -40 && $2{x} >= 0 ? bottom
-$5{x} >= 31 && $5{x} >= -40 && -$4{y} >= -4 && $4{y} >= -6 && -$2{x} >= -10 && $2{x} >= 0 ? 7
-$5{x} >= 31 && $5{x} >= -40 && -$4{y} >= -4 && $4{y} >= -6 && -$2{x} >= -40 && $2{x} >= 11 ? bottom
-$5{x} >= 31 && $5{x} >= -40 && $4{y} >= 5 && -$2{x} >= -40 && $2{x} >= 0 ? bottom
-$5{x} >= 21 && $5{x} >= -30 && -$4{y} >= 7 && -$2{x} >= -40 && $2{x} >= 0 ? bottom
-$5{x} >= 21 && $5{x} >= -30 && -$4{y} >= -4 && $4{y} >= -6 && -$2{x} >= -10 && $2{x} >= 0 ? 7
-$5{x} >= 21 && $5{x} >= -30 && -$4{y} >= -4 && $4{y} >= -6 && -$2{x} >= -40 && $2{x} >= 11 ? bottom
-$5{x} >= 21 && $5{x} >= -30 && $4{y} >= 5 && -$2{x} >= -40 && $2{x} >= 0 ? bottom
-$5{x} >= 11 && $5{x} >= -20 && -$4{y} >= 7 && -$2{x} >= -40 && $2{x} >= 0 ? bottom
-$5{x} >= 11 && $5{x} >= -20 && -$4{y} >= -4 && $4{y} >= -6 && -$2{x} >= -10 && $2{x} >= 0 ? 7
-$5{x} >= 11 && $5{x} >= -20 && -$4{y} >= -4 && $4{y} >= -6 && -$2{x} >= -40 && $2{x} >= 11 ? bottom
-$5{x} >= 11 && $5{x} >= -20 && $4{y} >= 5 && -$2{x} >= -40 && $2{x} >= 0 ? bottom
-$5{x} >= 0 && $5{x} >= -10 && -$4{y} >= 8 && -$2{x} >= -10 && $2{x} >= 0 ? -9$4{y}-47
-$5{x} >= 0 && $5{x} >= -10 && -$4{y} >= 8 && -$2{x} >= -40 && $2{x} >= 11 ? bottom
-$5{x} >= 0 && $5{x} >= -10 && $4{y} == -7 && -$2{x} >= -10 && $2{x} >= 0 ? 16
-$5{x} >= 0 && $5{x} >= -10 && $4{y} == -7 && -$2{x} >= -40 && $2{x} >= 11 ? bottom
-$5{x} >= 0 && $5{x} >= -10 && -$4{y} >= -4 && $4{y} >= -6 && -$2{x} >= -10 && $2{x} >= 0 ? 7
-$5{x} >= 0 && $5{x} >= -10 && -$4{y} >= -4 && $4{y} >= -6 && -$2{x} >= -40 && $2{x} >= 11 ? bottom
-$5{x} >= 0 && $5{x} >= -10 && $4{y} >= 5 && -$2{x} >= -40 && $2{x} >= 0 ? bottom

[59:]:
-$5{x} >= 0 && -$2{x} >= -40 && $2{x} >= 31 ? bottom

[60:]:
-$5{x} >= 0 && -$2{x} >= -40 && $2{x} >= 31 && $1{$1} == 4 ? bottom

[61:]:

[62:]:
-$5{x} >= 41 && -$4{y} >= 7 && -$2{x} >= -30 && $2{x} >= 0 ? bottom
-$5{x} >= 41 && -$4{y} >= -4 && $4{y} >= -6 && -$2{x} >= -10 && $2{x} >= 0 ? 6
-$5{x} >= 41 && -$4{y} >= -4 && $4{y} >= -6 && -$2{x} >= -30 && $2{x} >= 11 ? bottom
-$5{x} >= 41 && $4{y} >= 5 && -$2{x} >= -30 && $2{x} >= 0 ? bottom
-$5{x} >= 31 && $5{x} >= -40 && -$4{y} >= 7 && -$2{x} >= -30 && $2{x} >= 0 ? bottom
-$5{x} >= 31 && $5{x} >= -40 && -$4{y} >= -4 && $4{y} >= -6 && -$2{x} >= -10 && $2{x} >= 0 ? 6
-$5{x} >= 31 && $5{x} >= -40 && -$4{y} >= -4 && $4{y} >= -6 && -$2{x} >= -30 && $2{x} >= 11 ? bottom
-$5{x} >= 31 && $5{x} >= -40 && $4{y} >= 5 && -$2{x} >= -30 && $2{x} >= 0 ? bottom
-$5{x} >= 21 && $5{x} >= -30 && -$4{y} >= 7 && -$2{x} >= -30 && $2{x} >= 0 ? bottom
-$5{x} >= 21 && $5{x} >= -30 && -$4{y} >= -4 && $4{y} >= -6 && -$2{x} >= -10 && $2{x} >= 0 ? 6
-$5{x} >= 21 && $5{x} >= -30 && -$4{y} >= -4 && $4{y} >= -6 && -$2{x} >= -30 && $2{x} >= 11 ? bottom
-$5{x} >= 21 && $5{x} >= -30 && $4{y} >= 5 && -$2{x} >= -30 && $2{x} >= 0 ? bottom
-$5{x} >= 11 && $5{x} >= -20 && -$4{y} >= 7 && -$2{x} >= -30 && $2{x} >= 0 ? bottom
-$5{x} >= 11 && $5{x} >= -20 && -$4{y} >= -4 && $4{y} >= -6 && -$2{x} >= -10 && $2{x} >= 0 ? 6
-$5{x} >= 11 && $5{x} >= -20 && -$4{y} >= -4 && $4{y} >= -6 && -$2{x} >= -30 && $2{x} >= 11 ? bottom
-$5{x} >= 11 && $5{x} >= -20 && $4{y} >= 5 && -$2{x} >= -30 && $2{x} >= 0 ? bottom
-$5{x} >= 0 && $5{x} >= -10 && -$4{y} >= 8 && -$2{x} >= -10 && $2{x} >= 0 ? -9$4{y}-48
-$5{x} >= 0 && $5{x} >= -10 && -$4{y} >= 8 && -$2{x} >= -30 && $2{x} >= 11 ? bottom
-$5{x} >= 0 && $5{x} >= -10 && $4{y} == -7 && -$2{x} >= -10 && $2{x} >= 0 ? 15
-$5{x} >= 0 && $5{x} >= -10 && $4{y} == -7 && -$2{x} >= -30 && $2{x} >= 11 ? bottom
-$5{x} >= 0 && $5{x} >= -10 && -$4{y} >= -4 && $4{y} >= -6 && -$2{x} >= -10 && $2{x} >= 0 ? 6
-$5{x} >= 0 && $5{x} >= -10 && -$4{y} >= -4 && $4{y} >= -6 && -$2{x} >= -30 && $2{x} >= 11 ? bottom
-$5{x} >= 0 && $5{x} >= -10 && $4{y} >= 5 && -$2{x} >= -30 && $2{x} >= 0 ? bottom

[63:]:
-$5{x} >= 0 && -$2{x} >= -30 && $2{x} >= 21 ? bottom

[64:]:
-$5{x} >= 0 && -$2{x} >= -30 && $2{x} >= 21 && $1{$1} == 3 ? bottom

[65:]:

[66:]:
-$5{x} >= 41 && -$4{y} >= 7 && -$2{x} >= -20 && $2{x} >= 0 ? bottom
-$5{x} >= 41 && -$4{y} >= -4 && $4{y} >= -6 && -$2{x} >= -10 && $2{x} >= 0 ? 5
-$5{x} >= 41 && -$4{y} >= -4 && $4{y} >= -6 && -$2{x} >= -20 && $2{x} >= 11 ? bottom
-$5{x} >= 41 && $4{y} >= 5 && -$2{x} >= -20 && $2{x} >= 0 ? bottom
-$5{x} >= 31 && $5{x} >= -40 && -$4{y} >= 7 && -$2{x} >= -20 && $2{x} >= 0 ? bottom
-$5{x} >= 31 && $5{x} >= -40 && -$4{y} >= -4 && $4{y} >= -6 && -$2{x} >= -10 && $2{x} >= 0 ? 5
-$5{x} >= 31 && $5{x} >= -40 && -$4{y} >= -4 && $4{y} >= -6 && -$2{x} >= -20 && $2{x} >= 11 ? bottom
-$5{x} >= 31 && $5{x} >= -40 && $4{y} >= 5 && -$2{x} >= -20 && $2{x} >= 0 ? bottom
-$5{x} >= 21 && $5{x} >= -30 && -$4{y} >= 7 && -$2{x} >= -20 && $2{x} >= 0 ? bottom
-$5{x} >= 21 && $5{x} >= -30 && -$4{y} >= -4 && $4{y} >= -6 && -$2{x} >= -10 && $2{x} >= 0 ? 5
-$5{x} >= 21 && $5{x} >= -30 && -$4{y} >= -4 && $4{y} >= -6 && -$2{x} >= -20 && $2{x} >= 11 ? bottom
-$5{x} >= 21 && $5{x} >= -30 && $4{y} >= 5 && -$2{x} >= -20 && $2{x} >= 0 ? bottom
-$5{x} >= 11 && $5{x} >= -20 && -$4{y} >= 7 && -$2{x} >= -20 && $2{x} >= 0 ? bottom
-$5{x} >= 11 && $5{x} >= -20 && -$4{y} >= -4 && $4{y} >= -6 && -$2{x} >= -10 && $2{x} >= 0 ? 5
-$5{x} >= 11 && $5{x} >= -20 && -$4{y} >= -4 && $4{y} >= -6 && -$2{x} >= -20 && $2{x} >= 11 ? bottom
-$5{x} >= 11 && $5{x} >= -20 && $4{y} >= 5 && -$2{x} >= -20 && $2{x} >= 0 ? bottom
-$5{x} >= 0 && $5{x} >= -10 && -$4{y} >= 8 && -$2{x} >= -10 && $2{x} >= 0 ? -9$4{y}-49
-$5{x} >= 0 && $5{x} >= -10 && -$4{y} >= 8 && -$2{x} >= -20 && $2{x} >= 11 ? bottom
-$5{x} >= 0 && $5{x} >= -10 && $4{y} == -7 && -$2{x} >= -10 && $2{x} >= 0 ? 14
-$5{x} >= 0 && $5{x} >= -10 && $4{y} == -7 && -$2{x} >= -20 && $2{x} >= 11 ? bottom
-$5{x} >= 0 && $5{x} >= -10 && -$4{y} >= -4 && $4{y} >= -6 && -$2{x} >= -10 && $2{x} >= 0 ? 5
-$5{x} >= 0 && $5{x} >= -10 && -$4{y} >= -4 && $4{y} >= -6 && -$2{x} >= -20 && $2{x} >= 11 ? bottom
-$5{x} >= 0 && $5{x} >= -10 && $4{y} >= 5 && -$2{x} >= -20 && $2{x} >= 0 ? bottom

[67:]:
-$5{x} >= 0 && -$2{x} >= -20 && $2{x} >= 11 ? bottom

[68:]:
-$5{x} >= 0 && -$2{x} >= -20 && $2{x} >= 11 && $1{$1} == 2 ? bottom

[69:]:

[70:]:
-$5{x} >= 41 && -$4{y} >= 7 && -$2{x} >= -10 && $2{x} >= 0 ? bottom
-$5{x} >= 41 && -$4{y} >= -4 && $4{y} >= -6 && -$2{x} >= -10 && $2{x} >= 0 ? 4
-$5{x} >= 41 && $4{y} >= 5 && -$2{x} >= -10 && $2{x} >= 0 ? bottom
-$5{x} >= 31 && $5{x} >= -40 && -$4{y} >= 7 && -$2{x} >= -10 && $2{x} >= 0 ? bottom
-$5{x} >= 31 && $5{x} >= -40 && -$4{y} >= -4 && $4{y} >= -6 && -$2{x} >= -10 && $2{x} >= 0 ? 4
-$5{x} >= 31 && $5{x} >= -40 && $4{y} >= 5 && -$2{x} >= -10 && $2{x} >= 0 ? bottom
-$5{x} >= 21 && $5{x} >= -30 && -$4{y} >= 7 && -$2{x} >= -10 && $2{x} >= 0 ? bottom
-$5{x} >= 21 && $5{x} >= -30 && -$4{y} >= -4 && $4{y} >= -6 && -$2{x} >= -10 && $2{x} >= 0 ? 4
-$5{x} >= 21 && $5{x} >= -30 && $4{y} >= 5 && -$2{x} >= -10 && $2{x} >= 0 ? bottom
-$5{x} >= 11 && $5{x} >= -20 && -$4{y} >= 7 && -$2{x} >= -10 && $2{x} >= 0 ? bottom
-$5{x} >= 11 && $5{x} >= -20 && -$4{y} >= -4 && $4{y} >= -6 && -$2{x} >= -10 && $2{x} >= 0 ? 4
-$5{x} >= 11 && $5{x} >= -20 && $4{y} >= 5 && -$2{x} >= -10 && $2{x} >= 0 ? bottom
-$5{x} >= 0 && $5{x} >= -10 && -$4{y} >= 7 && -$2{x} >= -10 && $2{x} >= 0 ? -9$4{y}-50
-$5{x} >= 0 && $5{x} >= -10 && -$4{y} >= -4 && $4{y} >= -6 && -$2{x} >= -10 && $2{x} >= 0 ? 4
-$5{x} >= 0 && $5{x} >= -10 && $4{y} >= 5 && -$2{x} >= -10 && $2{x} >= 0 ? bottom

[71:]:
-$5{x} >= 41 && -$4{y} >= 7 && -$2{x} >= -10 && $2{x} >= 0 ? bottom
-$5{x} >= 41 && -$4{y} >= -4 && $4{y} >= -6 && -$2{x} >= -10 && $2{x} >= 0 ? 4
-$5{x} >= 41 && $4{y} >= 5 && -$2{x} >= -10 && $2{x} >= 0 ? bottom
-$5{x} >= 31 && $5{x} >= -40 && -$4{y} >= 7 && -$2{x} >= -10 && $2{x} >= 0 ? bottom
-$5{x} >= 31 && $5{x} >= -40 && -$4{y} >= -4 && $4{y} >= -6 && -$2{x} >= -10 && $2{x} >= 0 ? 4
-$5{x} >= 31 && $5{x} >= -40 && $4{y} >= 5 && -$2{x} >= -10 && $2{x} >= 0 ? bottom
-$5{x} >= 21 && $5{x} >= -30 && -$4{y} >= 7 && -$2{x} >= -10 && $2{x} >= 0 ? bottom
-$5{x} >= 21 && $5{x} >= -30 && -$4{y} >= -4 && $4{y} >= -6 && -$2{x} >= -10 && $2{x} >= 0 ? 4
-$5{x} >= 21 && $5{x} >= -30 && $4{y} >= 5 && -$2{x} >= -10 && $2{x} >= 0 ? bottom
-$5{x} >= 11 && $5{x} >= -20 && -$4{y} >= 7 && -$2{x} >= -10 && $2{x} >= 0 ? bottom
-$5{x} >= 11 && $5{x} >= -20 && -$4{y} >= -4 && $4{y} >= -6 && -$2{x} >= -10 && $2{x} >= 0 ? 4
-$5{x} >= 11 && $5{x} >= -20 && $4{y} >= 5 && -$2{x} >= -10 && $2{x} >= 0 ? bottom
-$5{x} >= 0 && $5{x} >= -10 && -$4{y} >= 7 && -$2{x} >= -10 && $2{x} >= 0 ? -9$4{y}-50
-$5{x} >= 0 && $5{x} >= -10 && -$4{y} >= -4 && $4{y} >= -6 && -$2{x} >= -10 && $2{x} >= 0 ? 4
-$5{x} >= 0 && $5{x} >= -10 && $4{y} >= 5 && -$2{x} >= -10 && $2{x} >= 0 ? bottom

[72:]:
-$5{x} >= 41 && -$4{y} >= 7 && -$2{x} >= -10 && $2{x} >= 0 ? bottom
-$5{x} >= 41 && -$4{y} >= -4 && $4{y} >= -6 && -$2{x} >= -10 && $2{x} >= 0 ? 4
-$5{x} >= 41 && $4{y} >= 5 && -$2{x} >= -10 && $2{x} >= 0 ? bottom
-$5{x} >= 31 && $5{x} >= -40 && -$4{y} >= 7 && -$2{x} >= -10 && $2{x} >= 0 ? bottom
-$5{x} >= 31 && $5{x} >= -40 && -$4{y} >= -4 && $4{y} >= -6 && -$2{x} >= -10 && $2{x} >= 0 ? 4
-$5{x} >= 31 && $5{x} >= -40 && $4{y} >= 5 && -$2{x} >= -10 && $2{x} >= 0 ? bottom
-$5{x} >= 21 && $5{x} >= -30 && -$4{y} >= 7 && -$2{x} >= -10 && $2{x} >= 0 ? bottom
-$5{x} >= 21 && $5{x} >= -30 && -$4{y} >= -4 && $4{y} >= -6 && -$2{x} >= -10 && $2{x} >= 0 ? 4
-$5{x} >= 21 && $5{x} >= -30 && $4{y} >= 5 && -$2{x} >= -10 && $2{x} >= 0 ? bottom
-$5{x} >= 11 && $5{x} >= -20 && -$4{y} >= 7 && -$2{x} >= -10 && $2{x} >= 0 ? bottom
-$5{x} >= 11 && $5{x} >= -20 && -$4{y} >= -4 && $4{y} >= -6 && -$2{x} >= -10 && $2{x} >= 0 ? 4
-$5{x} >= 11 && $5{x} >= -20 && $4{y} >= 5 && -$2{x} >= -10 && $2{x} >= 0 ? bottom
-$5{x} >= 0 && $5{x} >= -10 && -$4{y} >= 7 && -$2{x} >= -10 && $2{x} >= 0 ? -9$4{y}-50
-$5{x} >= 0 && $5{x} >= -10 && -$4{y} >= -4 && $4{y} >= -6 && -$2{x} >= -10 && $2{x} >= 0 ? 4
-$5{x} >= 0 && $5{x} >= -10 && $4{y} >= 5 && -$2{x} >= -10 && $2{x} >= 0 ? bottom

[73:]:
-$5{x} >= 41 && -$4{y} >= 7 && -$2{x} >= -10 && $2{x} >= 0 ? bottom
-$5{x} >= 41 && -$4{y} >= -4 && $4{y} >= -6 && -$2{x} >= -10 && $2{x} >= 0 ? 4
-$5{x} >= 41 && $4{y} >= 5 && -$2{x} >= -10 && $2{x} >= 0 ? bottom
-$5{x} >= 31 && $5{x} >= -40 && -$4{y} >= 7 && -$2{x} >= -10 && $2{x} >= 0 ? bottom
-$5{x} >= 31 && $5{x} >= -40 && -$4{y} >= -4 && $4{y} >= -6 && -$2{x} >= -10 && $2{x} >= 0 ? 4
-$5{x} >= 31 && $5{x} >= -40 && $4{y} >= 5 && -$2{x} >= -10 && $2{x} >= 0 ? bottom
-$5{x} >= 21 && $5{x} >= -30 && -$4{y} >= 7 && -$2{x} >= -10 && $2{x} >= 0 ? bottom
-$5{x} >= 21 && $5{x} >= -30 && -$4{y} >= -4 && $4{y} >= -6 && -$2{x} >= -10 && $2{x} >= 0 ? 4
-$5{x} >= 21 && $5{x} >= -30 && $4{y} >= 5 && -$2{x} >= -10 && $2{x} >= 0 ? bottom
-$5{x} >= 11 && $5{x} >= -20 && -$4{y} >= 7 && -$2{x} >= -10 && $2{x} >= 0 ? bottom
-$5{x} >= 11 && $5{x} >= -20 && -$4{y} >= -4 && $4{y} >= -6 && -$2{x} >= -10 && $2{x} >= 0 ? 4
-$5{x} >= 11 && $5{x} >= -20 && $4{y} >= 5 && -$2{x} >= -10 && $2{x} >= 0 ? bottom
-$5{x} >= 0 && $5{x} >= -10 && -$4{y} >= 7 && -$2{x} >= -10 && $2{x} >= 0 ? -9$4{y}-50
-$5{x} >= 0 && $5{x} >= -10 && -$4{y} >= -4 && $4{y} >= -6 && -$2{x} >= -10 && $2{x} >= 0 ? 4
-$5{x} >= 0 && $5{x} >= -10 && $4{y} >= 5 && -$2{x} >= -10 && $2{x} >= 0 ? bottom

[74:]:
-$5{x} >= 41 && -$4{y} >= 7 && -$2{x} >= -10 && $2{x} >= 0 ? bottom
-$5{x} >= 41 && -$4{y} >= -4 && $4{y} >= -6 && -$2{x} >= -10 && $2{x} >= 0 ? 4
-$5{x} >= 41 && $4{y} >= 5 && -$2{x} >= -10 && $2{x} >= 0 ? bottom
-$5{x} >= 31 && $5{x} >= -40 && -$4{y} >= 7 && -$2{x} >= -10 && $2{x} >= 0 ? bottom
-$5{x} >= 31 && $5{x} >= -40 && -$4{y} >= -4 && $4{y} >= -6 && -$2{x} >= -10 && $2{x} >= 0 ? 4
-$5{x} >= 31 && $5{x} >= -40 && $4{y} >= 5 && -$2{x} >= -10 && $2{x} >= 0 ? bottom
-$5{x} >= 21 && $5{x} >= -30 && -$4{y} >= 7 && -$2{x} >= -10 && $2{x} >= 0 ? bottom
-$5{x} >= 21 && $5{x} >= -30 && -$4{y} >= -4 && $4{y} >= -6 && -$2{x} >= -10 && $2{x} >= 0 ? 4
-$5{x} >= 21 && $5{x} >= -30 && $4{y} >= 5 && -$2{x} >= -10 && $2{x} >= 0 ? bottom
-$5{x} >= 11 && $5{x} >= -20 && -$4{y} >= 7 && -$2{x} >= -10 && $2{x} >= 0 ? bottom
-$5{x} >= 11 && $5{x} >= -20 && -$4{y} >= -4 && $4{y} >= -6 && -$2{x} >= -10 && $2{x} >= 0 ? 4
-$5{x} >= 11 && $5{x} >= -20 && $4{y} >= 5 && -$2{x} >= -10 && $2{x} >= 0 ? bottom
-$5{x} >= 0 && $5{x} >= -10 && -$4{y} >= 7 && -$2{x} >= -10 && $2{x} >= 0 ? -9$4{y}-50
-$5{x} >= 0 && $5{x} >= -10 && -$4{y} >= -4 && $4{y} >= -6 && -$2{x} >= -10 && $2{x} >= 0 ? 4
-$5{x} >= 0 && $5{x} >= -10 && $4{y} >= 5 && -$2{x} >= -10 && $2{x} >= 0 ? bottom

[75:]:
-$5{x} >= 41 && -$4{y} >= 7 && -$2{x} >= -10 && $2{x} >= 0 && $1{$1} == 1 ? bottom
-$5{x} >= 41 && -$4{y} >= -4 && $4{y} >= -6 && -$2{x} >= -10 && $2{x} >= 0 && $1{$1} == 1 ? 3
-$5{x} >= 41 && $4{y} >= 5 && -$2{x} >= -10 && $2{x} >= 0 && $1{$1} == 1 ? bottom
-$5{x} >= 31 && $5{x} >= -40 && -$4{y} >= 7 && -$2{x} >= -10 && $2{x} >= 0 && $1{$1} == 1 ? bottom
-$5{x} >= 31 && $5{x} >= -40 && -$4{y} >= -4 && $4{y} >= -6 && -$2{x} >= -10 && $2{x} >= 0 && $1{$1} == 1 ? 3
-$5{x} >= 31 && $5{x} >= -40 && $4{y} >= 5 && -$2{x} >= -10 && $2{x} >= 0 && $1{$1} == 1 ? bottom
-$5{x} >= 21 && $5{x} >= -30 && -$4{y} >= 7 && -$2{x} >= -10 && $2{x} >= 0 && $1{$1} == 1 ? bottom
-$5{x} >= 21 && $5{x} >= -30 && -$4{y} >= -4 && $4{y} >= -6 && -$2{x} >= -10 && $2{x} >= 0 && $1{$1} == 1 ? 3
-$5{x} >= 21 && $5{x} >= -30 && $4{y} >= 5 && -$2{x} >= -10 && $2{x} >= 0 && $1{$1} == 1 ? bottom
-$5{x} >= 11 && $5{x} >= -20 && -$4{y} >= 7 && -$2{x} >= -10 && $2{x} >= 0 && $1{$1} == 1 ? bottom
-$5{x} >= 11 && $5{x} >= -20 && -$4{y} >= -4 && $4{y} >= -6 && -$2{x} >= -10 && $2{x} >= 0 && $1{$1} == 1 ? 3
-$5{x} >= 11 && $5{x} >= -20 && $4{y} >= 5 && -$2{x} >= -10 && $2{x} >= 0 && $1{$1} == 1 ? bottom
-$5{x} >= 0 && $5{x} >= -10 && -$4{y} >= 7 && -$2{x} >= -10 && $2{x} >= 0 && $1{$1} == 1 ? -9$1{$1}-9$4{y}-42
-$5{x} >= 0 && $5{x} >= -10 && -$4{y} >= -4 && $4{y} >= -6 && -$2{x} >= -10 && $2{x} >= 0 && $1{$1} == 1 ? 3
-$5{x} >= 0 && $5{x} >= -10 && $4{y} >= 5 && -$2{x} >= -10 && $2{x} >= 0 && $1{$1} == 1 ? bottom

[76:]:
-$5{x} >= 41 && -$4{y} >= 6 && -$2{x} >= -10 && $2{x} >= 0 && $1{$1} == 1 ? bottom
-$5{x} >= 41 && -$4{y} >= -5 && $4{y} >= -5 && -$2{x} >= -10 && $2{x} >= 0 && $1{$1} == 1 ? 2
-$5{x} >= 41 && $4{y} >= 6 && -$2{x} >= -10 && $2{x} >= 0 && $1{$1} == 1 ? bottom
-$5{x} >= 31 && $5{x} >= -40 && -$4{y} >= 6 && -$2{x} >= -10 && $2{x} >= 0 && $1{$1} == 1 ? bottom
-$5{x} >= 31 && $5{x} >= -40 && -$4{y} >= -5 && $4{y} >= -5 && -$2{x} >= -10 && $2{x} >= 0 && $1{$1} == 1 ? 2
-$5{x} >= 31 && $5{x} >= -40 && $4{y} >= 6 && -$2{x} >= -10 && $2{x} >= 0 && $1{$1} == 1 ? bottom
-$5{x} >= 21 && $5{x} >= -30 && -$4{y} >= 6 && -$2{x} >= -10 && $2{x} >= 0 && $1{$1} == 1 ? bottom
-$5{x} >= 21 && $5{x} >= -30 && -$4{y} >= -5 && $4{y} >= -5 && -$2{x} >= -10 && $2{x} >= 0 && $1{$1} == 1 ? 2
-$5{x} >= 21 && $5{x} >= -30 && $4{y} >= 6 && -$2{x} >= -10 && $2{x} >= 0 && $1{$1} == 1 ? bottom
-$5{x} >= 11 && $5{x} >= -20 && -$4{y} >= 6 && -$2{x} >= -10 && $2{x} >= 0 && $1{$1} == 1 ? bottom
-$5{x} >= 11 && $5{x} >= -20 && -$4{y} >= -5 && $4{y} >= -5 && -$2{x} >= -10 && $2{x} >= 0 && $1{$1} == 1 ? 2
-$5{x} >= 11 && $5{x} >= -20 && $4{y} >= 6 && -$2{x} >= -10 && $2{x} >= 0 && $1{$1} == 1 ? bottom
-$5{x} >= 0 && $5{x} >= -10 && -$4{y} >= 6 && -$2{x} >= -10 && $2{x} >= 0 && $1{$1} == 1 ? -9$4{y}-43
-$5{x} >= 0 && $5{x} >= -10 && -$4{y} >= -5 && $4{y} >= -5 && -$2{x} >= -10 && $2{x} >= 0 && $1{$1} == 1 ? 2
-$5{x} >= 0 && $5{x} >= -10 && $4{y} >= 6 && -$2{x} >= -10 && $2{x} >= 0 && $1{$1} == 1 ? bottom

[77:]:
-$5{x} >= 41 && -$4{y} >= 6 && -$2{x} >= -10 && $2{x} >= 0 && $1{$1} == 1 ? bottom
-$5{x} >= 41 && -$4{y} >= -5 && $4{y} >= -5 && -$2{x} >= -10 && $2{x} >= 0 && $1{$1} == 1 ? 2
-$5{x} >= 41 && $4{y} >= 6 && -$2{x} >= -10 && $2{x} >= 0 && $1{$1} == 1 ? bottom
-$5{x} >= 31 && $5{x} >= -40 && -$4{y} >= 6 && -$2{x} >= -10 && $2{x} >= 0 && $1{$1} == 1 ? bottom
-$5{x} >= 31 && $5{x} >= -40 && -$4{y} >= -5 && $4{y} >= -5 && -$2{x} >= -10 && $2{x} >= 0 && $1{$1} == 1 ? 2
-$5{x} >= 31 && $5{x} >= -40 && $4{y} >= 6 && -$2{x} >= -10 && $2{x} >= 0 && $1{$1} == 1 ? bottom
-$5{x} >= 21 && $5{x} >= -30 && -$4{y} >= 6 && -$2{x} >= -10 && $2{x} >= 0 && $1{$1} == 1 ? bottom
-$5{x} >= 21 && $5{x} >= -30 && -$4{y} >= -5 && $4{y} >= -5 && -$2{x} >= -10 && $2{x} >= 0 && $1{$1} == 1 ? 2
-$5{x} >= 21 && $5{x} >= -30 && $4{y} >= 6 && -$2{x} >= -10 && $2{x} >= 0 && $1{$1} == 1 ? bottom
-$5{x} >= 11 && $5{x} >= -20 && -$4{y} >= 6 && -$2{x} >= -10 && $2{x} >= 0 && $1{$1} == 1 ? bottom
-$5{x} >= 11 && $5{x} >= -20 && -$4{y} >= -5 && $4{y} >= -5 && -$2{x} >= -10 && $2{x} >= 0 && $1{$1} == 1 ? 2
-$5{x} >= 11 && $5{x} >= -20 && $4{y} >= 6 && -$2{x} >= -10 && $2{x} >= 0 && $1{$1} == 1 ? bottom
-$5{x} >= 0 && $5{x} >= -10 && -$4{y} >= 6 && -$2{x} >= -10 && $2{x} >= 0 && $1{$1} == 1 ? -9$4{y}-43
-$5{x} >= 0 && $5{x} >= -10 && -$4{y} >= -5 && $4{y} >= -5 && -$2{x} >= -10 && $2{x} >= 0 && $1{$1} == 1 ? 2
-$5{x} >= 0 && $5{x} >= -10 && $4{y} >= 6 && -$2{x} >= -10 && $2{x} >= 0 && $1{$1} == 1 ? bottom
-$5{x} >= -10 && $5{x} >= 1 && -$4{y} >= 6 && -$2{x} >= -10 && $2{x} >= 0 && $1{$1} == 1 ? bottom
-$5{x} >= -10 && $5{x} >= 1 && -$4{y} >= -5 && $4{y} >= -5 && -$2{x} >= -10 && $2{x} >= 0 && $1{$1} == 1 ? 2
-$5{x} >= -10 && $5{x} >= 1 && $4{y} >= 6 && -$2{x} >= -10 && $2{x} >= 0 && $1{$1} == 1 ? 9$4{y}-43
-$5{x} >= -20 && $5{x} >= 11 && -$4{y} >= 6 && -$2{x} >= -10 && $2{x} >= 0 && $1{$1} == 1 ? bottom
-$5{x} >= -20 && $5{x} >= 11 && -$4{y} >= -5 && $4{y} >= -5 && -$2{x} >= -10 && $2{x} >= 0 && $1{$1} == 1 ? 2
-$5{x} >= -20 && $5{x} >= 11 && $4{y} >= 6 && -$2{x} >= -10 && $2{x} >= 0 && $1{$1} == 1 ? bottom
-$5{x} >= -30 && $5{x} >= 21 && -$4{y} >= 6 && -$2{x} >= -10 && $2{x} >= 0 && $1{$1} == 1 ? bottom
-$5{x} >= -30 && $5{x} >= 21 && -$4{y} >= -5 && $4{y} >= -5 && -$2{x} >= -10 && $2{x} >= 0 && $1{$1} == 1 ? 2
-$5{x} >= -30 && $5{x} >= 21 && $4{y} >= 6 && -$2{x} >= -10 && $2{x} >= 0 && $1{$1} == 1 ? bottom
-$5{x} >= -40 && $5{x} >= 31 && -$4{y} >= 6 && -$2{x} >= -10 && $2{x} >= 0 && $1{$1} == 1 ? bottom
-$5{x} >= -40 && $5{x} >= 31 && -$4{y} >= -5 && $4{y} >= -5 && -$2{x} >= -10 && $2{x} >= 0 && $1{$1} == 1 ? 2
-$5{x} >= -40 && $5{x} >= 31 && $4{y} >= 6 && -$2{x} >= -10 && $2{x} >= 0 && $1{$1} == 1 ? bottom
$5{x} >= 41 && -$4{y} >= 6 && -$2{x} >= -10 && $2{x} >= 0 && $1{$1} == 1 ? bottom
$5{x} >= 41 && -$4{y} >= -5 && $4{y} >= -5 && -$2{x} >= -10 && $2{x} >= 0 && $1{$1} == 1 ? 2
$5{x} >= 41 && $4{y} >= 6 && -$2{x} >= -10 && $2{x} >= 0 && $1{$1} == 1 ? bottom

[78:]:
-$4{y} >= -5 && $4{y} >= -5 ? 1

[79:]:
-$4{y} >= -5 && $4{y} >= -5 && $3{$3} == 0 ? bottom

[80:]:


Time: 0.536683
Analysis Result: UNKNOWN
