
Abstract Syntax:
[ 1:]
int get_step( int $2{x}; ):
[ 2:] if ( $2{x} > 20 ) then
[ 3:]   $1{$1} := 3
[ 4:]   return
[ 5:]
      else
[ 6:]   if ( $2{x} > 10 ) then
[ 7:]     $1{$1} := 2
[ 8:]     return
[ 9:]
        else
[10:]
        endif
[11:]
      endif
[12:] $1{$1} := 1
[13:] return
[14:]
int main( ):
[15:] $5{x} := $4{y}
[16:] while [17:] ( $4{y} < -3 || $4{y} > 3 ) do
[18:]   if ( $5{x} > 0 ) then
[19:]     $2{x} := $5{x}
[20:]     if ( $2{x} > 20 ) then
[21:]       $1{$1} := 3
[22:]       return
[23:]
          else
[24:]       if ( $2{x} > 10 ) then
[25:]         $1{$1} := 2
[26:]         return
[27:]
            else
[28:]
            endif
[29:]
          endif
[30:]     $1{$1} := 1
[31:]     $4{y} := $4{y} - $1{$1}
[32:]
        else
[33:]     $2{x} := -1 * $5{x}
[34:]     if ( $2{x} > 20 ) then
[35:]       $1{$1} := 3
[36:]       return
[37:]
          else
[38:]       if ( $2{x} > 10 ) then
[39:]         $1{$1} := 2
[40:]         return
[41:]
            else
[42:]
            endif
[43:]
          endif
[44:]     $1{$1} := 1
[45:]     $4{y} := $4{y} + $1{$1}
[46:]
        endif
[47:]
      od
[48:] $3{$3} := 0
[49:] return
[50:]

Property: exit: true

[ -2:]:
top ? 0.

[ -1:]:
top ? 0.

[15:]:
top ? bottom

[16:]:
top ? bottom

[17:]:
top ? bottom

[18:]:
top ? bottom

[19:]:
top ? bottom

[20:]:
top ? bottom

[21:]:
top ? bottom

[22:]:
top ? bottom

[23:]:
top ? bottom

[24:]:
top ? bottom

[25:]:
top ? bottom

[26:]:
top ? bottom

[27:]:
top ? bottom

[28:]:
top ? bottom

[29:]:
top ? bottom

[30:]:
top ? bottom

[31:]:
top ? bottom

[32:]:
top ? bottom

[33:]:
top ? bottom

[34:]:
top ? bottom

[35:]:
top ? bottom

[36:]:
top ? bottom

[37:]:
top ? bottom

[38:]:
top ? bottom

[39:]:
top ? bottom

[40:]:
top ? bottom

[41:]:
top ? bottom

[42:]:
top ? bottom

[43:]:
top ? bottom

[44:]:
top ? bottom

[45:]:
top ? bottom

[46:]:
top ? bottom

[47:]:
top ? bottom

[48:]:
top ? bottom

[49:]:
top ? bottom

[50:]:
top ? bottom

Property: AF{exit: true}

[ -2:]:
-$4{y} >= -3 && $4{y} >= -3 && $3{$3} == 0 ? 0.

[ -1:]:

[15:]:
-$4{y} >= 11 ? bottom
-$4{y} >= 5 && $4{y} >= -10 ? -7$4{y}-18
$4{y} == -4 ? 10
-$4{y} >= -3 && $4{y} >= -3 ? 3
-$4{y} >= -10 && $4{y} >= 4 ? 7$4{y}-18
$4{y} >= 11 ? bottom

[16:]:
-$5{x} >= 21 && -$4{y} >= 4 ? bottom
-$5{x} >= 21 && -$4{y} >= -3 && $4{y} >= -3 ? 2
-$5{x} >= 21 && $4{y} >= 4 ? bottom
-$5{x} >= 11 && $5{x} >= -20 && -$4{y} >= 4 ? bottom
-$5{x} >= 11 && $5{x} >= -20 && -$4{y} >= -3 && $4{y} >= -3 ? 2
-$5{x} >= 11 && $5{x} >= -20 && $4{y} >= 4 ? bottom
-$5{x} >= 0 && $5{x} >= -10 && -$4{y} >= 4 ? -7$4{y}-19
-$5{x} >= 0 && $5{x} >= -10 && -$4{y} >= -3 && $4{y} >= -3 ? 2
-$5{x} >= 0 && $5{x} >= -10 && $4{y} >= 4 ? bottom
-$5{x} >= -10 && $5{x} >= 1 && -$4{y} >= 4 ? bottom
-$5{x} >= -10 && $5{x} >= 1 && -$4{y} >= -3 && $4{y} >= -3 ? 2
-$5{x} >= -10 && $5{x} >= 1 && $4{y} >= 4 ? 7$4{y}-19
-$5{x} >= -20 && $5{x} >= 11 && -$4{y} >= 4 ? bottom
-$5{x} >= -20 && $5{x} >= 11 && -$4{y} >= -3 && $4{y} >= -3 ? 2
-$5{x} >= -20 && $5{x} >= 11 && $4{y} >= 4 ? bottom
$5{x} >= 21 && -$4{y} >= 4 ? bottom
$5{x} >= 21 && -$4{y} >= -3 && $4{y} >= -3 ? 2
$5{x} >= 21 && $4{y} >= 4 ? bottom

[17:]:
-$5{x} >= 21 && -$4{y} >= 4 ? bottom
-$5{x} >= 21 && -$4{y} >= -3 && $4{y} >= -3 ? 2
-$5{x} >= 21 && $4{y} >= 4 ? bottom
-$5{x} >= 11 && $5{x} >= -20 && -$4{y} >= 4 ? bottom
-$5{x} >= 11 && $5{x} >= -20 && -$4{y} >= -3 && $4{y} >= -3 ? 2
-$5{x} >= 11 && $5{x} >= -20 && $4{y} >= 4 ? bottom
-$5{x} >= 0 && $5{x} >= -10 && -$4{y} >= 4 ? -7$4{y}-19
-$5{x} >= 0 && $5{x} >= -10 && -$4{y} >= -3 && $4{y} >= -3 ? 2
-$5{x} >= 0 && $5{x} >= -10 && $4{y} >= 4 ? bottom
-$5{x} >= -10 && $5{x} >= 1 && -$4{y} >= 4 ? bottom
-$5{x} >= -10 && $5{x} >= 1 && -$4{y} >= -3 && $4{y} >= -3 ? 2
-$5{x} >= -10 && $5{x} >= 1 && $4{y} >= 4 ? 7$4{y}-19
-$5{x} >= -20 && $5{x} >= 11 && -$4{y} >= 4 ? bottom
-$5{x} >= -20 && $5{x} >= 11 && -$4{y} >= -3 && $4{y} >= -3 ? 2
-$5{x} >= -20 && $5{x} >= 11 && $4{y} >= 4 ? bottom
$5{x} >= 21 && -$4{y} >= 4 ? bottom
$5{x} >= 21 && -$4{y} >= -3 && $4{y} >= -3 ? 2
$5{x} >= 21 && $4{y} >= 4 ? bottom

[18:]:
-$5{x} >= 11 ? bottom
-$5{x} >= 0 && $5{x} >= -10 && -$4{y} >= 5 ? -7$4{y}-20
-$5{x} >= 0 && $5{x} >= -10 && -$4{y} >= -2 && $4{y} >= -4 ? 8
-$5{x} >= 0 && $5{x} >= -10 && $4{y} >= 3 ? bottom
-$5{x} >= -10 && $5{x} >= 1 && -$4{y} >= 3 ? bottom
-$5{x} >= -10 && $5{x} >= 1 && -$4{y} >= -4 && $4{y} >= -2 ? 8
-$5{x} >= -10 && $5{x} >= 1 && $4{y} >= 5 ? 7$4{y}-20
$5{x} >= 11 ? bottom

[19:]:
-$5{x} >= -10 && $5{x} >= 1 && -$4{y} >= 3 ? bottom
-$5{x} >= -10 && $5{x} >= 1 && -$4{y} >= -4 && $4{y} >= -2 ? 7
-$5{x} >= -10 && $5{x} >= 1 && $4{y} >= 5 ? 7$4{y}-21
$5{x} >= 11 ? bottom

[20:]:
-$5{x} >= -10 && $5{x} >= 1 && -$4{y} >= 3 && $2{x} >= 1 ? bottom
-$5{x} >= -10 && $5{x} >= 1 && -$4{y} >= -4 && $4{y} >= -2 && -$2{x} >= -10 && $2{x} >= 1 ? 6
-$5{x} >= -10 && $5{x} >= 1 && -$4{y} >= -4 && $4{y} >= -2 && $2{x} >= 11 ? bottom
-$5{x} >= -10 && $5{x} >= 1 && $4{y} == 5 && -$2{x} >= -10 && $2{x} >= 1 ? 13
-$5{x} >= -10 && $5{x} >= 1 && $4{y} == 5 && $2{x} >= 11 ? bottom
-$5{x} >= -10 && $5{x} >= 1 && $4{y} >= 6 && -$2{x} >= -10 && $2{x} >= 1 ? 7$4{y}-22
-$5{x} >= -10 && $5{x} >= 1 && $4{y} >= 6 && $2{x} >= 11 ? bottom
-$5{x} >= -20 && $5{x} >= 11 && -$4{y} >= 3 && $2{x} >= 1 ? bottom
-$5{x} >= -20 && $5{x} >= 11 && -$4{y} >= -4 && $4{y} >= -2 && -$2{x} >= -10 && $2{x} >= 1 ? 6
-$5{x} >= -20 && $5{x} >= 11 && -$4{y} >= -4 && $4{y} >= -2 && $2{x} >= 11 ? bottom
-$5{x} >= -20 && $5{x} >= 11 && $4{y} >= 5 && $2{x} >= 1 ? bottom
$5{x} >= 21 && -$4{y} >= 3 && $2{x} >= 1 ? bottom
$5{x} >= 21 && -$4{y} >= -4 && $4{y} >= -2 && -$2{x} >= -10 && $2{x} >= 1 ? 6
$5{x} >= 21 && -$4{y} >= -4 && $4{y} >= -2 && $2{x} >= 11 ? bottom
$5{x} >= 21 && $4{y} >= 5 && $2{x} >= 1 ? bottom

[21:]:
$5{x} >= 1 && $2{x} >= 21 ? bottom

[22:]:
$5{x} >= 1 && $2{x} >= 21 && $1{$1} == 3 ? bottom

[23:]:

[24:]:
-$5{x} >= -10 && $5{x} >= 1 && -$4{y} >= 3 && -$2{x} >= -20 && $2{x} >= 1 ? bottom
-$5{x} >= -10 && $5{x} >= 1 && -$4{y} >= -4 && $4{y} >= -2 && -$2{x} >= -10 && $2{x} >= 1 ? 5
-$5{x} >= -10 && $5{x} >= 1 && -$4{y} >= -4 && $4{y} >= -2 && -$2{x} >= -20 && $2{x} >= 11 ? bottom
-$5{x} >= -10 && $5{x} >= 1 && $4{y} == 5 && -$2{x} >= -10 && $2{x} >= 1 ? 12
-$5{x} >= -10 && $5{x} >= 1 && $4{y} == 5 && -$2{x} >= -20 && $2{x} >= 11 ? bottom
-$5{x} >= -10 && $5{x} >= 1 && $4{y} >= 6 && -$2{x} >= -10 && $2{x} >= 1 ? 7$4{y}-23
-$5{x} >= -10 && $5{x} >= 1 && $4{y} >= 6 && -$2{x} >= -20 && $2{x} >= 11 ? bottom
-$5{x} >= -20 && $5{x} >= 11 && -$4{y} >= 3 && -$2{x} >= -20 && $2{x} >= 1 ? bottom
-$5{x} >= -20 && $5{x} >= 11 && -$4{y} >= -4 && $4{y} >= -2 && -$2{x} >= -10 && $2{x} >= 1 ? 5
-$5{x} >= -20 && $5{x} >= 11 && -$4{y} >= -4 && $4{y} >= -2 && -$2{x} >= -20 && $2{x} >= 11 ? bottom
-$5{x} >= -20 && $5{x} >= 11 && $4{y} >= 5 && -$2{x} >= -20 && $2{x} >= 1 ? bottom
$5{x} >= 21 && -$4{y} >= 3 && -$2{x} >= -20 && $2{x} >= 1 ? bottom
$5{x} >= 21 && -$4{y} >= -4 && $4{y} >= -2 && -$2{x} >= -10 && $2{x} >= 1 ? 5
$5{x} >= 21 && -$4{y} >= -4 && $4{y} >= -2 && -$2{x} >= -20 && $2{x} >= 11 ? bottom
$5{x} >= 21 && $4{y} >= 5 && -$2{x} >= -20 && $2{x} >= 1 ? bottom

[25:]:
$5{x} >= 1 && -$2{x} >= -20 && $2{x} >= 11 ? bottom

[26:]:
$5{x} >= 1 && -$2{x} >= -20 && $2{x} >= 11 && $1{$1} == 2 ? bottom

[27:]:

[28:]:
-$5{x} >= -10 && $5{x} >= 1 && -$4{y} >= 3 && -$2{x} >= -10 && $2{x} >= 1 ? bottom
-$5{x} >= -10 && $5{x} >= 1 && -$4{y} >= -4 && $4{y} >= -2 && -$2{x} >= -10 && $2{x} >= 1 ? 4
-$5{x} >= -10 && $5{x} >= 1 && $4{y} >= 5 && -$2{x} >= -10 && $2{x} >= 1 ? 7$4{y}-24
-$5{x} >= -20 && $5{x} >= 11 && -$4{y} >= 3 && -$2{x} >= -10 && $2{x} >= 1 ? bottom
-$5{x} >= -20 && $5{x} >= 11 && -$4{y} >= -4 && $4{y} >= -2 && -$2{x} >= -10 && $2{x} >= 1 ? 4
-$5{x} >= -20 && $5{x} >= 11 && $4{y} >= 5 && -$2{x} >= -10 && $2{x} >= 1 ? bottom
$5{x} >= 21 && -$4{y} >= 3 && -$2{x} >= -10 && $2{x} >= 1 ? bottom
$5{x} >= 21 && -$4{y} >= -4 && $4{y} >= -2 && -$2{x} >= -10 && $2{x} >= 1 ? 4
$5{x} >= 21 && $4{y} >= 5 && -$2{x} >= -10 && $2{x} >= 1 ? bottom

[29:]:
-$5{x} >= -10 && $5{x} >= 1 && -$4{y} >= 3 && -$2{x} >= -10 && $2{x} >= 1 ? bottom
-$5{x} >= -10 && $5{x} >= 1 && -$4{y} >= -4 && $4{y} >= -2 && -$2{x} >= -10 && $2{x} >= 1 ? 4
-$5{x} >= -10 && $5{x} >= 1 && $4{y} >= 5 && -$2{x} >= -10 && $2{x} >= 1 ? 7$4{y}-24
-$5{x} >= -20 && $5{x} >= 11 && -$4{y} >= 3 && -$2{x} >= -10 && $2{x} >= 1 ? bottom
-$5{x} >= -20 && $5{x} >= 11 && -$4{y} >= -4 && $4{y} >= -2 && -$2{x} >= -10 && $2{x} >= 1 ? 4
-$5{x} >= -20 && $5{x} >= 11 && $4{y} >= 5 && -$2{x} >= -10 && $2{x} >= 1 ? bottom
$5{x} >= 21 && -$4{y} >= 3 && -$2{x} >= -10 && $2{x} >= 1 ? bottom
$5{x} >= 21 && -$4{y} >= -4 && $4{y} >= -2 && -$2{x} >= -10 && $2{x} >= 1 ? 4
$5{x} >= 21 && $4{y} >= 5 && -$2{x} >= -10 && $2{x} >= 1 ? bottom

[30:]:
-$5{x} >= -10 && $5{x} >= 1 && -$4{y} >= 3 && -$2{x} >= -10 && $2{x} >= 1 ? bottom
-$5{x} >= -10 && $5{x} >= 1 && -$4{y} >= -4 && $4{y} >= -2 && -$2{x} >= -10 && $2{x} >= 1 ? 4
-$5{x} >= -10 && $5{x} >= 1 && $4{y} >= 5 && -$2{x} >= -10 && $2{x} >= 1 ? 7$4{y}-24
-$5{x} >= -20 && $5{x} >= 11 && -$4{y} >= 3 && -$2{x} >= -10 && $2{x} >= 1 ? bottom
-$5{x} >= -20 && $5{x} >= 11 && -$4{y} >= -4 && $4{y} >= -2 && -$2{x} >= -10 && $2{x} >= 1 ? 4
-$5{x} >= -20 && $5{x} >= 11 && $4{y} >= 5 && -$2{x} >= -10 && $2{x} >= 1 ? bottom
$5{x} >= 21 && -$4{y} >= 3 && -$2{x} >= -10 && $2{x} >= 1 ? bottom
$5{x} >= 21 && -$4{y} >= -4 && $4{y} >= -2 && -$2{x} >= -10 && $2{x} >= 1 ? 4
$5{x} >= 21 && $4{y} >= 5 && -$2{x} >= -10 && $2{x} >= 1 ? bottom

[31:]:
-$5{x} >= -10 && $5{x} >= 1 && -$4{y} >= 3 && -$2{x} >= -10 && $2{x} >= 1 && $1{$1} == 1 ? bottom
-$5{x} >= -10 && $5{x} >= 1 && -$4{y} >= -4 && $4{y} >= -2 && -$2{x} >= -10 && $2{x} >= 1 && $1{$1} == 1 ? 3
-$5{x} >= -10 && $5{x} >= 1 && $4{y} >= 5 && -$2{x} >= -10 && $2{x} >= 1 && $1{$1} == 1 ? -7$1{$1}+7$4{y}-18
-$5{x} >= -20 && $5{x} >= 11 && -$4{y} >= 3 && -$2{x} >= -10 && $2{x} >= 1 && $1{$1} == 1 ? bottom
-$5{x} >= -20 && $5{x} >= 11 && -$4{y} >= -4 && $4{y} >= -2 && -$2{x} >= -10 && $2{x} >= 1 && $1{$1} == 1 ? 3
-$5{x} >= -20 && $5{x} >= 11 && $4{y} >= 5 && -$2{x} >= -10 && $2{x} >= 1 && $1{$1} == 1 ? bottom
$5{x} >= 21 && -$4{y} >= 3 && -$2{x} >= -10 && $2{x} >= 1 && $1{$1} == 1 ? bottom
$5{x} >= 21 && -$4{y} >= -4 && $4{y} >= -2 && -$2{x} >= -10 && $2{x} >= 1 && $1{$1} == 1 ? 3
$5{x} >= 21 && $4{y} >= 5 && -$2{x} >= -10 && $2{x} >= 1 && $1{$1} == 1 ? bottom

[32:]:
-$5{x} >= -10 && $5{x} >= 1 && -$4{y} >= 4 && -$2{x} >= -10 && $2{x} >= 1 && $1{$1} == 1 ? bottom
-$5{x} >= -10 && $5{x} >= 1 && -$4{y} >= -3 && $4{y} >= -3 && -$2{x} >= -10 && $2{x} >= 1 && $1{$1} == 1 ? 2
-$5{x} >= -10 && $5{x} >= 1 && $4{y} >= 4 && -$2{x} >= -10 && $2{x} >= 1 && $1{$1} == 1 ? 7$4{y}-19
-$5{x} >= -20 && $5{x} >= 11 && -$4{y} >= 4 && -$2{x} >= -10 && $2{x} >= 1 && $1{$1} == 1 ? bottom
-$5{x} >= -20 && $5{x} >= 11 && -$4{y} >= -3 && $4{y} >= -3 && -$2{x} >= -10 && $2{x} >= 1 && $1{$1} == 1 ? 2
-$5{x} >= -20 && $5{x} >= 11 && $4{y} >= 4 && -$2{x} >= -10 && $2{x} >= 1 && $1{$1} == 1 ? bottom
$5{x} >= 21 && -$4{y} >= 4 && -$2{x} >= -10 && $2{x} >= 1 && $1{$1} == 1 ? bottom
$5{x} >= 21 && -$4{y} >= -3 && $4{y} >= -3 && -$2{x} >= -10 && $2{x} >= 1 && $1{$1} == 1 ? 2
$5{x} >= 21 && $4{y} >= 4 && -$2{x} >= -10 && $2{x} >= 1 && $1{$1} == 1 ? bottom

[33:]:
-$5{x} >= 11 ? bottom
-$5{x} >= 0 && $5{x} >= -10 && -$4{y} >= 5 ? -7$4{y}-21
-$5{x} >= 0 && $5{x} >= -10 && -$4{y} >= -2 && $4{y} >= -4 ? 7
-$5{x} >= 0 && $5{x} >= -10 && $4{y} >= 3 ? bottom

[34:]:
-$5{x} >= 21 && -$4{y} >= 5 && $2{x} >= 0 ? bottom
-$5{x} >= 21 && -$4{y} >= -2 && $4{y} >= -4 && -$2{x} >= -10 && $2{x} >= 0 ? 6
-$5{x} >= 21 && -$4{y} >= -2 && $4{y} >= -4 && $2{x} >= 11 ? bottom
-$5{x} >= 21 && $4{y} >= 3 && $2{x} >= 0 ? bottom
-$5{x} >= 11 && $5{x} >= -20 && -$4{y} >= 5 && $2{x} >= 0 ? bottom
-$5{x} >= 11 && $5{x} >= -20 && -$4{y} >= -2 && $4{y} >= -4 && -$2{x} >= -10 && $2{x} >= 0 ? 6
-$5{x} >= 11 && $5{x} >= -20 && -$4{y} >= -2 && $4{y} >= -4 && $2{x} >= 11 ? bottom
-$5{x} >= 11 && $5{x} >= -20 && $4{y} >= 3 && $2{x} >= 0 ? bottom
-$5{x} >= 0 && $5{x} >= -10 && -$4{y} >= 6 && -$2{x} >= -10 && $2{x} >= 0 ? -7$4{y}-22
-$5{x} >= 0 && $5{x} >= -10 && -$4{y} >= 6 && $2{x} >= 11 ? bottom
-$5{x} >= 0 && $5{x} >= -10 && $4{y} == -5 && -$2{x} >= -10 && $2{x} >= 0 ? 13
-$5{x} >= 0 && $5{x} >= -10 && $4{y} == -5 && $2{x} >= 11 ? bottom
-$5{x} >= 0 && $5{x} >= -10 && -$4{y} >= -2 && $4{y} >= -4 && -$2{x} >= -10 && $2{x} >= 0 ? 6
-$5{x} >= 0 && $5{x} >= -10 && -$4{y} >= -2 && $4{y} >= -4 && $2{x} >= 11 ? bottom
-$5{x} >= 0 && $5{x} >= -10 && $4{y} >= 3 && $2{x} >= 0 ? bottom

[35:]:
-$5{x} >= 0 && $2{x} >= 21 ? bottom

[36:]:
-$5{x} >= 0 && $2{x} >= 21 && $1{$1} == 3 ? bottom

[37:]:

[38:]:
-$5{x} >= 21 && -$4{y} >= 5 && -$2{x} >= -20 && $2{x} >= 0 ? bottom
-$5{x} >= 21 && -$4{y} >= -2 && $4{y} >= -4 && -$2{x} >= -10 && $2{x} >= 0 ? 5
-$5{x} >= 21 && -$4{y} >= -2 && $4{y} >= -4 && -$2{x} >= -20 && $2{x} >= 11 ? bottom
-$5{x} >= 21 && $4{y} >= 3 && -$2{x} >= -20 && $2{x} >= 0 ? bottom
-$5{x} >= 11 && $5{x} >= -20 && -$4{y} >= 5 && -$2{x} >= -20 && $2{x} >= 0 ? bottom
-$5{x} >= 11 && $5{x} >= -20 && -$4{y} >= -2 && $4{y} >= -4 && -$2{x} >= -10 && $2{x} >= 0 ? 5
-$5{x} >= 11 && $5{x} >= -20 && -$4{y} >= -2 && $4{y} >= -4 && -$2{x} >= -20 && $2{x} >= 11 ? bottom
-$5{x} >= 11 && $5{x} >= -20 && $4{y} >= 3 && -$2{x} >= -20 && $2{x} >= 0 ? bottom
-$5{x} >= 0 && $5{x} >= -10 && -$4{y} >= 6 && -$2{x} >= -10 && $2{x} >= 0 ? -7$4{y}-23
-$5{x} >= 0 && $5{x} >= -10 && -$4{y} >= 6 && -$2{x} >= -20 && $2{x} >= 11 ? bottom
-$5{x} >= 0 && $5{x} >= -10 && $4{y} == -5 && -$2{x} >= -10 && $2{x} >= 0 ? 12
-$5{x} >= 0 && $5{x} >= -10 && $4{y} == -5 && -$2{x} >= -20 && $2{x} >= 11 ? bottom
-$5{x} >= 0 && $5{x} >= -10 && -$4{y} >= -2 && $4{y} >= -4 && -$2{x} >= -10 && $2{x} >= 0 ? 5
-$5{x} >= 0 && $5{x} >= -10 && -$4{y} >= -2 && $4{y} >= -4 && -$2{x} >= -20 && $2{x} >= 11 ? bottom
-$5{x} >= 0 && $5{x} >= -10 && $4{y} >= 3 && -$2{x} >= -20 && $2{x} >= 0 ? bottom

[39:]:
-$5{x} >= 0 && -$2{x} >= -20 && $2{x} >= 11 ? bottom

[40:]:
-$5{x} >= 0 && -$2{x} >= -20 && $2{x} >= 11 && $1{$1} == 2 ? bottom

[41:]:

[42:]:
-$5{x} >= 21 && -$4{y} >= 5 && -$2{x} >= -10 && $2{x} >= 0 ? bottom
-$5{x} >= 21 && -$4{y} >= -2 && $4{y} >= -4 && -$2{x} >= -10 && $2{x} >= 0 ? 4
-$5{x} >= 21 && $4{y} >= 3 && -$2{x} >= -10 && $2{x} >= 0 ? bottom
-$5{x} >= 11 && $5{x} >= -20 && -$4{y} >= 5 && -$2{x} >= -10 && $2{x} >= 0 ? bottom
-$5{x} >= 11 && $5{x} >= -20 && -$4{y} >= -2 && $4{y} >= -4 && -$2{x} >= -10 && $2{x} >= 0 ? 4
-$5{x} >= 11 && $5{x} >= -20 && $4{y} >= 3 && -$2{x} >= -10 && $2{x} >= 0 ? bottom
-$5{x} >= 0 && $5{x} >= -10 && -$4{y} >= 5 && -$2{x} >= -10 && $2{x} >= 0 ? -7$4{y}-24
-$5{x} >= 0 && $5{x} >= -10 && -$4{y} >= -2 && $4{y} >= -4 && -$2{x} >= -10 && $2{x} >= 0 ? 4
-$5{x} >= 0 && $5{x} >= -10 && $4{y} >= 3 && -$2{x} >= -10 && $2{x} >= 0 ? bottom

[43:]:
-$5{x} >= 21 && -$4{y} >= 5 && -$2{x} >= -10 && $2{x} >= 0 ? bottom
-$5{x} >= 21 && -$4{y} >= -2 && $4{y} >= -4 && -$2{x} >= -10 && $2{x} >= 0 ? 4
-$5{x} >= 21 && $4{y} >= 3 && -$2{x} >= -10 && $2{x} >= 0 ? bottom
-$5{x} >= 11 && $5{x} >= -20 && -$4{y} >= 5 && -$2{x} >= -10 && $2{x} >= 0 ? bottom
-$5{x} >= 11 && $5{x} >= -20 && -$4{y} >= -2 && $4{y} >= -4 && -$2{x} >= -10 && $2{x} >= 0 ? 4
-$5{x} >= 11 && $5{x} >= -20 && $4{y} >= 3 && -$2{x} >= -10 && $2{x} >= 0 ? bottom
-$5{x} >= 0 && $5{x} >= -10 && -$4{y} >= 5 && -$2{x} >= -10 && $2{x} >= 0 ? -7$4{y}-24
-$5{x} >= 0 && $5{x} >= -10 && -$4{y} >= -2 && $4{y} >= -4 && -$2{x} >= -10 && $2{x} >= 0 ? 4
-$5{x} >= 0 && $5{x} >= -10 && $4{y} >= 3 && -$2{x} >= -10 && $2{x} >= 0 ? bottom

[44:]:
-$5{x} >= 21 && -$4{y} >= 5 && -$2{x} >= -10 && $2{x} >= 0 ? bottom
-$5{x} >= 21 && -$4{y} >= -2 && $4{y} >= -4 && -$2{x} >= -10 && $2{x} >= 0 ? 4
-$5{x} >= 21 && $4{y} >= 3 && -$2{x} >= -10 && $2{x} >= 0 ? bottom
-$5{x} >= 11 && $5{x} >= -20 && -$4{y} >= 5 && -$2{x} >= -10 && $2{x} >= 0 ? bottom
-$5{x} >= 11 && $5{x} >= -20 && -$4{y} >= -2 && $4{y} >= -4 && -$2{x} >= -10 && $2{x} >= 0 ? 4
-$5{x} >= 11 && $5{x} >= -20 && $4{y} >= 3 && -$2{x} >= -10 && $2{x} >= 0 ? bottom
-$5{x} >= 0 && $5{x} >= -10 && -$4{y} >= 5 && -$2{x} >= -10 && $2{x} >= 0 ? -7$4{y}-24
-$5{x} >= 0 && $5{x} >= -10 && -$4{y} >= -2 && $4{y} >= -4 && -$2{x} >= -10 && $2{x} >= 0 ? 4
-$5{x} >= 0 && $5{x} >= -10 && $4{y} >= 3 && -$2{x} >= -10 && $2{x} >= 0 ? bottom

[45:]:
-$5{x} >= 21 && -$4{y} >= 5 && -$2{x} >= -10 && $2{x} >= 0 && $1{$1} == 1 ? bottom
-$5{x} >= 21 && -$4{y} >= -2 && $4{y} >= -4 && -$2{x} >= -10 && $2{x} >= 0 && $1{$1} == 1 ? 3
-$5{x} >= 21 && $4{y} >= 3 && -$2{x} >= -10 && $2{x} >= 0 && $1{$1} == 1 ? bottom
-$5{x} >= 11 && $5{x} >= -20 && -$4{y} >= 5 && -$2{x} >= -10 && $2{x} >= 0 && $1{$1} == 1 ? bottom
-$5{x} >= 11 && $5{x} >= -20 && -$4{y} >= -2 && $4{y} >= -4 && -$2{x} >= -10 && $2{x} >= 0 && $1{$1} == 1 ? 3
-$5{x} >= 11 && $5{x} >= -20 && $4{y} >= 3 && -$2{x} >= -10 && $2{x} >= 0 && $1{$1} == 1 ? bottom
-$5{x} >= 0 && $5{x} >= -10 && -$4{y} >= 5 && -$2{x} >= -10 && $2{x} >= 0 && $1{$1} == 1 ? -7$1{$1}-7$4{y}-18
-$5{x} >= 0 && $5{x} >= -10 && -$4{y} >= -2 && $4{y} >= -4 && -$2{x} >= -10 && $2{x} >= 0 && $1{$1} == 1 ? 3
-$5{x} >= 0 && $5{x} >= -10 && $4{y} >= 3 && -$2{x} >= -10 && $2{x} >= 0 && $1{$1} == 1 ? bottom

[46:]:
-$5{x} >= 21 && -$4{y} >= 4 && -$2{x} >= -10 && $2{x} >= 0 && $1{$1} == 1 ? bottom
-$5{x} >= 21 && -$4{y} >= -3 && $4{y} >= -3 && -$2{x} >= -10 && $2{x} >= 0 && $1{$1} == 1 ? 2
-$5{x} >= 21 && $4{y} >= 4 && -$2{x} >= -10 && $2{x} >= 0 && $1{$1} == 1 ? bottom
-$5{x} >= 11 && $5{x} >= -20 && -$4{y} >= 4 && -$2{x} >= -10 && $2{x} >= 0 && $1{$1} == 1 ? bottom
-$5{x} >= 11 && $5{x} >= -20 && -$4{y} >= -3 && $4{y} >= -3 && -$2{x} >= -10 && $2{x} >= 0 && $1{$1} == 1 ? 2
-$5{x} >= 11 && $5{x} >= -20 && $4{y} >= 4 && -$2{x} >= -10 && $2{x} >= 0 && $1{$1} == 1 ? bottom
-$5{x} >= 0 && $5{x} >= -10 && -$4{y} >= 4 && -$2{x} >= -10 && $2{x} >= 0 && $1{$1} == 1 ? -7$4{y}-19
-$5{x} >= 0 && $5{x} >= -10 && -$4{y} >= -3 && $4{y} >= -3 && -$2{x} >= -10 && $2{x} >= 0 && $1{$1} == 1 ? 2
-$5{x} >= 0 && $5{x} >= -10 && $4{y} >= 4 && -$2{x} >= -10 && $2{x} >= 0 && $1{$1} == 1 ? bottom

[47:]:
-$5{x} >= 21 && -$4{y} >= 4 && -$2{x} >= -10 && $2{x} >= 0 && $1{$1} == 1 ? bottom
-$5{x} >= 21 && -$4{y} >= -3 && $4{y} >= -3 && -$2{x} >= -10 && $2{x} >= 0 && $1{$1} == 1 ? 2
-$5{x} >= 21 && $4{y} >= 4 && -$2{x} >= -10 && $2{x} >= 0 && $1{$1} == 1 ? bottom
-$5{x} >= 11 && $5{x} >= -20 && -$4{y} >= 4 && -$2{x} >= -10 && $2{x} >= 0 && $1{$1} == 1 ? bottom
-$5{x} >= 11 && $5{x} >= -20 && -$4{y} >= -3 && $4{y} >= -3 && -$2{x} >= -10 && $2{x} >= 0 && $1{$1} == 1 ? 2
-$5{x} >= 11 && $5{x} >= -20 && $4{y} >= 4 && -$2{x} >= -10 && $2{x} >= 0 && $1{$1} == 1 ? bottom
-$5{x} >= 0 && $5{x} >= -10 && -$4{y} >= 4 && -$2{x} >= -10 && $2{x} >= 0 && $1{$1} == 1 ? -7$4{y}-19
-$5{x} >= 0 && $5{x} >= -10 && -$4{y} >= -3 && $4{y} >= -3 && -$2{x} >= -10 && $2{x} >= 0 && $1{$1} == 1 ? 2
-$5{x} >= 0 && $5{x} >= -10 && $4{y} >= 4 && -$2{x} >= -10 && $2{x} >= 0 && $1{$1} == 1 ? bottom
-$5{x} >= -10 && $5{x} >= 1 && -$4{y} >= 4 && -$2{x} >= -10 && $2{x} >= 0 && $1{$1} == 1 ? bottom
-$5{x} >= -10 && $5{x} >= 1 && -$4{y} >= -3 && $4{y} >= -3 && -$2{x} >= -10 && $2{x} >= 0 && $1{$1} == 1 ? 2
-$5{x} >= -10 && $5{x} >= 1 && $4{y} >= 4 && -$2{x} >= -10 && $2{x} >= 0 && $1{$1} == 1 ? 7$4{y}-19
-$5{x} >= -20 && $5{x} >= 11 && -$4{y} >= 4 && -$2{x} >= -10 && $2{x} >= 0 && $1{$1} == 1 ? bottom
-$5{x} >= -20 && $5{x} >= 11 && -$4{y} >= -3 && $4{y} >= -3 && -$2{x} >= -10 && $2{x} >= 0 && $1{$1} == 1 ? 2
-$5{x} >= -20 && $5{x} >= 11 && $4{y} >= 4 && -$2{x} >= -10 && $2{x} >= 0 && $1{$1} == 1 ? bottom
$5{x} >= 21 && -$4{y} >= 4 && -$2{x} >= -10 && $2{x} >= 0 && $1{$1} == 1 ? bottom
$5{x} >= 21 && -$4{y} >= -3 && $4{y} >= -3 && -$2{x} >= -10 && $2{x} >= 0 && $1{$1} == 1 ? 2
$5{x} >= 21 && $4{y} >= 4 && -$2{x} >= -10 && $2{x} >= 0 && $1{$1} == 1 ? bottom

[48:]:
-$4{y} >= -3 && $4{y} >= -3 ? 1

[49:]:
-$4{y} >= -3 && $4{y} >= -3 && $3{$3} == 0 ? bottom

[50:]:


Time: 0.167768
Analysis Result: UNKNOWN
