
Abstract Syntax:
[ 1:]
int main( ):
[ 2:] while [ 3:] ( $3{y} < -2 || $3{y} > 2 ) do
[ 4:]   if ( $3{y} < 0 && $2{x} > 10 ) then
[ 5:]     $3{y} := $3{y} + 2
[ 6:]
        else
[ 7:]     if ( $3{y} < 0 && $2{x} <= 10 ) then
[ 8:]       $3{y} := $3{y} + 1
[ 9:]
          else
[10:]       if ( $3{y} >= 0 && $2{x} > 10 ) then
[11:]         $3{y} := $3{y} - 2
[12:]
            else
[13:]         if ( $3{y} >= 0 && $2{x} <= 10 ) then
[14:]           $3{y} := $3{y} - 1
[15:]
              else
[16:]
              endif
[17:]
            endif
[18:]
          endif
[19:]
        endif
[20:]
      od
[21:] $1{$1} := 0
[22:] return
[23:]

Property: exit: true

[ -2:]:
top ? 0.

[ -1:]:
top ? 0.

[ 2:]:
top ? bottom

[ 3:]:
top ? bottom

[ 4:]:
top ? bottom

[ 5:]:
top ? bottom

[ 6:]:
top ? bottom

[ 7:]:
top ? bottom

[ 8:]:
top ? bottom

[ 9:]:
top ? bottom

[10:]:
top ? bottom

[11:]:
top ? bottom

[12:]:
top ? bottom

[13:]:
top ? bottom

[14:]:
top ? bottom

[15:]:
top ? bottom

[16:]:
top ? bottom

[17:]:
top ? bottom

[18:]:
top ? bottom

[19:]:
top ? bottom

[20:]:
top ? bottom

[21:]:
top ? bottom

[22:]:
top ? bottom

[23:]:
top ? bottom

Property: AF{exit: true}

[ -2:]:
top ? 0.

[ -1:]:
top ? 0.

[ 2:]:
-$3{y} >= 5 && -$2{x} >= -10 ? -4$3{y}-6
-$3{y} >= 5 && $2{x} >= 11 ? -3$3{y}-7
$3{y} == -4 && -$2{x} >= -10 ? 10
$3{y} == -4 && $2{x} >= 11 ? 5
$3{y} == -3 && -$2{x} >= -10 ? 6
$3{y} == -3 && $2{x} >= 11 ? 5
-$3{y} >= -2 && $3{y} >= -2 ? 2
$3{y} == 3 && -$2{x} >= -10 ? 8
$3{y} == 3 && $2{x} >= 11 ? 7
$3{y} >= 4 && -$2{x} >= -10 ? 6$3{y}-10
$3{y} >= 4 && $2{x} >= 11 ? 10$3{y}-33

[ 3:]:
-$3{y} >= 5 && -$2{x} >= -10 ? -4$3{y}-6
-$3{y} >= 5 && $2{x} >= 11 ? -3$3{y}-7
$3{y} == -4 && -$2{x} >= -10 ? 10
$3{y} == -4 && $2{x} >= 11 ? 5
$3{y} == -3 && -$2{x} >= -10 ? 6
$3{y} == -3 && $2{x} >= 11 ? 5
-$3{y} >= -2 && $3{y} >= -2 ? 2
$3{y} == 3 && -$2{x} >= -10 ? 8
$3{y} == 3 && $2{x} >= 11 ? 7
$3{y} >= 4 && -$2{x} >= -10 ? 6$3{y}-10
$3{y} >= 4 && $2{x} >= 11 ? 10$3{y}-33

[ 4:]:
-$3{y} >= 7 && -$2{x} >= -10 ? -4$3{y}-7
-$3{y} >= 7 && $2{x} >= 11 ? -3$3{y}-11
$3{y} == -6 && -$2{x} >= -10 ? -4$3{y}-7
$3{y} == -6 && $2{x} >= 11 ? 7
$3{y} == -5 && -$2{x} >= -10 ? 13
$3{y} == -5 && $2{x} >= 11 ? 7
$3{y} == -4 && -$2{x} >= -10 ? 9
$3{y} == -4 && $2{x} >= 11 ? 4
-$3{y} >= 1 && $3{y} >= -3 && -$2{x} >= -10 ? 5
-$3{y} >= 1 && $3{y} >= -3 && $2{x} >= 11 ? 4
-$3{y} >= -3 && $3{y} >= 0 && -$2{x} >= -10 ? 7
-$3{y} >= -3 && $3{y} >= 0 && $2{x} >= 11 ? 6
$3{y} == 4 && -$2{x} >= -10 ? 13
$3{y} == 4 && $2{x} >= 11 ? 6
$3{y} == 5 && -$2{x} >= -10 ? 19
$3{y} == 5 && $2{x} >= 11 ? 11
$3{y} >= 6 && -$2{x} >= -10 ? 6$3{y}-11
$3{y} >= 6 && $2{x} >= 11 ? 10$3{y}-49

[ 5:]:
-$3{y} >= 7 && -$2{x} >= -10 ? -4$3{y}-13
-$3{y} >= 7 && $2{x} >= 11 ? -3$3{y}-12
$3{y} == -6 && -$2{x} >= -10 ? 11
$3{y} == -6 && $2{x} >= 11 ? 6
$3{y} == -5 && -$2{x} >= -10 ? 7
$3{y} == -5 && $2{x} >= 11 ? 6
-$3{y} >= 0 && $3{y} >= -4 ? 3
$3{y} == 1 && -$2{x} >= -10 ? 9
$3{y} == 1 && $2{x} >= 11 ? 8
$3{y} >= 2 && -$2{x} >= -10 ? 6$3{y}+3
$3{y} >= 2 && $2{x} >= 11 ? 10$3{y}-12

[ 6:]:
-$3{y} >= 5 && -$2{x} >= -10 ? -4$3{y}-6
-$3{y} >= 5 && $2{x} >= 11 ? -3$3{y}-7
$3{y} == -4 && -$2{x} >= -10 ? 10
$3{y} == -4 && $2{x} >= 11 ? 5
$3{y} == -3 && -$2{x} >= -10 ? 6
$3{y} == -3 && $2{x} >= 11 ? 5
-$3{y} >= -2 && $3{y} >= -2 ? 2
$3{y} == 3 && -$2{x} >= -10 ? 8
$3{y} == 3 && $2{x} >= 11 ? 7
$3{y} >= 4 && -$2{x} >= -10 ? 6$3{y}-10
$3{y} >= 4 && $2{x} >= 11 ? 10$3{y}-33

[ 7:]:
-$3{y} >= 6 && -$2{x} >= -10 ? -4$3{y}-8
-$3{y} >= 6 && $2{x} >= 11 ? -3$3{y}-4
$3{y} == -5 && -$2{x} >= -10 ? 12
$3{y} == -5 && $2{x} >= 11 ? -3$3{y}-4
$3{y} == -4 ? 8
$3{y} == -3 && -$2{x} >= -10 ? 4
$3{y} == -3 && $2{x} >= 11 ? 8
-$3{y} >= 1 && $3{y} >= -2 && -$2{x} >= -10 ? 4
-$3{y} >= 1 && $3{y} >= -2 && $2{x} >= 11 ? 5
-$3{y} >= -3 && $3{y} >= 0 && -$2{x} >= -10 ? 6
-$3{y} >= -3 && $3{y} >= 0 && $2{x} >= 11 ? 5
$3{y} == 4 && -$2{x} >= -10 ? 12
$3{y} == 4 && $2{x} >= 11 ? 5
-$3{y} >= -6 && $3{y} >= 5 && -$2{x} >= -10 ? 6$3{y}-12
-$3{y} >= -6 && $3{y} >= 5 && $2{x} >= 11 ? 10
$3{y} >= 7 && -$2{x} >= -10 ? 6$3{y}-12
$3{y} >= 7 && $2{x} >= 11 ? 10$3{y}-50

[ 8:]:
-$3{y} >= 6 && -$2{x} >= -10 ? -4$3{y}-9
-$3{y} >= 6 && $2{x} >= 11 ? -3$3{y}-9
$3{y} == -5 && -$2{x} >= -10 ? 11
$3{y} == -5 && $2{x} >= 11 ? 6
$3{y} == -4 && -$2{x} >= -10 ? 7
$3{y} == -4 && $2{x} >= 11 ? 6
-$3{y} >= -1 && $3{y} >= -3 ? 3
$3{y} == 2 && -$2{x} >= -10 ? 9
$3{y} == 2 && $2{x} >= 11 ? 8
$3{y} >= 3 && -$2{x} >= -10 ? 6$3{y}-3
$3{y} >= 3 && $2{x} >= 11 ? 10$3{y}-22

[ 9:]:
-$3{y} >= 5 && -$2{x} >= -10 ? -4$3{y}-6
-$3{y} >= 5 && $2{x} >= 11 ? -3$3{y}-7
$3{y} == -4 && -$2{x} >= -10 ? 10
$3{y} == -4 && $2{x} >= 11 ? 5
$3{y} == -3 && -$2{x} >= -10 ? 6
$3{y} == -3 && $2{x} >= 11 ? 5
-$3{y} >= -2 && $3{y} >= -2 ? 2
$3{y} == 3 && -$2{x} >= -10 ? 8
$3{y} == 3 && $2{x} >= 11 ? 7
$3{y} >= 4 && -$2{x} >= -10 ? 6$3{y}-10
$3{y} >= 4 && $2{x} >= 11 ? 10$3{y}-33

[10:]:
-$3{y} >= 5 && -$2{x} >= -10 ? -4$3{y}-4
-$3{y} >= 5 && $2{x} >= 11 ? -3$3{y}-5
$3{y} == -4 && -$2{x} >= -10 ? 12
$3{y} == -4 && $2{x} >= 11 ? 7
$3{y} == -3 && -$2{x} >= -10 ? 8
$3{y} == -3 && $2{x} >= 11 ? 7
-$3{y} >= 1 && $3{y} >= -2 ? 4
-$3{y} >= -3 && $3{y} >= 0 && -$2{x} >= -10 ? 5
-$3{y} >= -3 && $3{y} >= 0 && $2{x} >= 11 ? 4
$3{y} == 4 && -$2{x} >= -10 ? 11
$3{y} == 4 && $2{x} >= 11 ? 4
-$3{y} >= -6 && $3{y} >= 5 && -$2{x} >= -10 ? 6$3{y}-13
-$3{y} >= -6 && $3{y} >= 5 && $2{x} >= 11 ? 9
$3{y} >= 7 && -$2{x} >= -10 ? 6$3{y}-13
$3{y} >= 7 && $2{x} >= 11 ? 10$3{y}-51

[11:]:
-$3{y} >= 3 && -$2{x} >= -10 ? -4$3{y}+3
-$3{y} >= 3 && $2{x} >= 11 ? -3$3{y}+0
$3{y} == -2 && -$2{x} >= -10 ? 11
$3{y} == -2 && $2{x} >= 11 ? 6
$3{y} == -1 && -$2{x} >= -10 ? 7
$3{y} == -1 && $2{x} >= 11 ? 6
-$3{y} >= -4 && $3{y} >= 0 ? 3
$3{y} == 5 && -$2{x} >= -10 ? 9
$3{y} == 5 && $2{x} >= 11 ? 8
$3{y} >= 6 && -$2{x} >= -10 ? 6$3{y}-21
$3{y} >= 6 && $2{x} >= 11 ? 10$3{y}-52

[12:]:
-$3{y} >= 5 && -$2{x} >= -10 ? -4$3{y}-6
-$3{y} >= 5 && $2{x} >= 11 ? -3$3{y}-7
$3{y} == -4 && -$2{x} >= -10 ? 10
$3{y} == -4 && $2{x} >= 11 ? 5
$3{y} == -3 && -$2{x} >= -10 ? 6
$3{y} == -3 && $2{x} >= 11 ? 5
-$3{y} >= -2 && $3{y} >= -2 ? 2
$3{y} == 3 && -$2{x} >= -10 ? 8
$3{y} == 3 && $2{x} >= 11 ? 7
$3{y} >= 4 && -$2{x} >= -10 ? 6$3{y}-10
$3{y} >= 4 && $2{x} >= 11 ? 10$3{y}-33

[13:]:
-$3{y} >= 5 && -$2{x} >= -10 ? -4$3{y}-5
-$3{y} >= 5 && $2{x} >= 11 ? -3$3{y}-6
$3{y} == -4 && -$2{x} >= -10 ? 11
$3{y} == -4 && $2{x} >= 11 ? 6
$3{y} == -3 && -$2{x} >= -10 ? 7
$3{y} == -3 && $2{x} >= 11 ? 6
-$3{y} >= 1 && $3{y} >= -2 ? 3
-$3{y} >= -2 && $3{y} >= 0 && -$2{x} >= -10 ? 4
-$3{y} >= -2 && $3{y} >= 0 && $2{x} >= 11 ? 3
$3{y} == 3 && -$2{x} >= -10 ? 4
$3{y} == 3 && $2{x} >= 11 ? 8
$3{y} >= 4 && -$2{x} >= -10 ? 6$3{y}-14
$3{y} >= 4 && $2{x} >= 11 ? 10$3{y}-32

[14:]:
-$3{y} >= 4 && -$2{x} >= -10 ? -4$3{y}-1
-$3{y} >= 4 && $2{x} >= 11 ? -3$3{y}-3
$3{y} == -3 && -$2{x} >= -10 ? 11
$3{y} == -3 && $2{x} >= 11 ? 6
$3{y} == -2 && -$2{x} >= -10 ? 7
$3{y} == -2 && $2{x} >= 11 ? 6
-$3{y} >= -3 && $3{y} >= -1 ? 3
$3{y} == 4 && -$2{x} >= -10 ? 9
$3{y} == 4 && $2{x} >= 11 ? 8
$3{y} >= 5 && -$2{x} >= -10 ? 6$3{y}-15
$3{y} >= 5 && $2{x} >= 11 ? 10$3{y}-42

[15:]:
-$3{y} >= 5 && -$2{x} >= -10 ? -4$3{y}-6
-$3{y} >= 5 && $2{x} >= 11 ? -3$3{y}-7
$3{y} == -4 && -$2{x} >= -10 ? 10
$3{y} == -4 && $2{x} >= 11 ? 5
$3{y} == -3 && -$2{x} >= -10 ? 6
$3{y} == -3 && $2{x} >= 11 ? 5
-$3{y} >= -2 && $3{y} >= -2 ? 2
$3{y} == 3 && -$2{x} >= -10 ? 8
$3{y} == 3 && $2{x} >= 11 ? 7
$3{y} >= 4 && -$2{x} >= -10 ? 6$3{y}-10
$3{y} >= 4 && $2{x} >= 11 ? 10$3{y}-33

[16:]:
-$3{y} >= 5 && -$2{x} >= -10 ? -4$3{y}-6
-$3{y} >= 5 && $2{x} >= 11 ? -3$3{y}-7
$3{y} == -4 && -$2{x} >= -10 ? 10
$3{y} == -4 && $2{x} >= 11 ? 5
$3{y} == -3 && -$2{x} >= -10 ? 6
$3{y} == -3 && $2{x} >= 11 ? 5
-$3{y} >= -2 && $3{y} >= -2 ? 2
$3{y} == 3 && -$2{x} >= -10 ? 8
$3{y} == 3 && $2{x} >= 11 ? 7
$3{y} >= 4 && -$2{x} >= -10 ? 6$3{y}-10
$3{y} >= 4 && $2{x} >= 11 ? 10$3{y}-33

[17:]:
-$3{y} >= 5 && -$2{x} >= -10 ? -4$3{y}-6
-$3{y} >= 5 && $2{x} >= 11 ? -3$3{y}-7
$3{y} == -4 && -$2{x} >= -10 ? 10
$3{y} == -4 && $2{x} >= 11 ? 5
$3{y} == -3 && -$2{x} >= -10 ? 6
$3{y} == -3 && $2{x} >= 11 ? 5
-$3{y} >= -2 && $3{y} >= -2 ? 2
$3{y} == 3 && -$2{x} >= -10 ? 8
$3{y} == 3 && $2{x} >= 11 ? 7
$3{y} >= 4 && -$2{x} >= -10 ? 6$3{y}-10
$3{y} >= 4 && $2{x} >= 11 ? 10$3{y}-33

[18:]:
-$3{y} >= 5 && -$2{x} >= -10 ? -4$3{y}-6
-$3{y} >= 5 && $2{x} >= 11 ? -3$3{y}-7
$3{y} == -4 && -$2{x} >= -10 ? 10
$3{y} == -4 && $2{x} >= 11 ? 5
$3{y} == -3 && -$2{x} >= -10 ? 6
$3{y} == -3 && $2{x} >= 11 ? 5
-$3{y} >= -2 && $3{y} >= -2 ? 2
$3{y} == 3 && -$2{x} >= -10 ? 8
$3{y} == 3 && $2{x} >= 11 ? 7
$3{y} >= 4 && -$2{x} >= -10 ? 6$3{y}-10
$3{y} >= 4 && $2{x} >= 11 ? 10$3{y}-33

[19:]:
-$3{y} >= 5 && -$2{x} >= -10 ? -4$3{y}-6
-$3{y} >= 5 && $2{x} >= 11 ? -3$3{y}-7
$3{y} == -4 && -$2{x} >= -10 ? 10
$3{y} == -4 && $2{x} >= 11 ? 5
$3{y} == -3 && -$2{x} >= -10 ? 6
$3{y} == -3 && $2{x} >= 11 ? 5
-$3{y} >= -2 && $3{y} >= -2 ? 2
$3{y} == 3 && -$2{x} >= -10 ? 8
$3{y} == 3 && $2{x} >= 11 ? 7
$3{y} >= 4 && -$2{x} >= -10 ? 6$3{y}-10
$3{y} >= 4 && $2{x} >= 11 ? 10$3{y}-33

[20:]:
-$3{y} >= 5 && -$2{x} >= -10 ? -4$3{y}-6
-$3{y} >= 5 && $2{x} >= 11 ? -3$3{y}-7
$3{y} == -4 && -$2{x} >= -10 ? 10
$3{y} == -4 && $2{x} >= 11 ? 5
$3{y} == -3 && -$2{x} >= -10 ? 6
$3{y} == -3 && $2{x} >= 11 ? 5
-$3{y} >= -2 && $3{y} >= -2 ? 2
$3{y} == 3 && -$2{x} >= -10 ? 8
$3{y} == 3 && $2{x} >= 11 ? 7
$3{y} >= 4 && -$2{x} >= -10 ? 6$3{y}-10
$3{y} >= 4 && $2{x} >= 11 ? 10$3{y}-33

[21:]:
top ? 1

[22:]:
top ? bottom

[23:]:
top ? bottom


Time: 0.171295
Analysis Result: TRUE
