
Abstract Syntax:
[ 1:]
int main( ):
[ 2:] while [ 3:] ( $2{y} < -1 || $2{y} > 1 ) do
[ 4:]   if ( $2{y} < 0 ) then
[ 5:]     $2{y} := $2{y} + 1
[ 6:]
        else
[ 7:]     $2{y} := $2{y} - 1
[ 8:]
        endif
[ 9:]
      od
[10:] $1{$1} := 0
[11:] return
[12:]

Property: exit: true

[ -2:]:
top ? 0.

[ -1:]:
top ? 0.

[ 2:]:
top ? bottom

[ 3:]:
top ? bottom

[ 4:]:
top ? bottom

[ 5:]:
top ? bottom

[ 6:]:
top ? bottom

[ 7:]:
top ? bottom

[ 8:]:
top ? bottom

[ 9:]:
top ? bottom

[10:]:
top ? bottom

[11:]:
top ? bottom

[12:]:
top ? bottom

Property: AF{exit: true}

[ -2:]:
top ? 0.

[ -1:]:
top ? 0.

[ 2:]:
-$2{y} >= 2 ? -3$2{y}-1
-$2{y} >= -1 && $2{y} >= -1 ? 2
$2{y} >= 2 ? 3$2{y}-1

[ 3:]:
-$2{y} >= 2 ? -3$2{y}-1
-$2{y} >= -1 && $2{y} >= -1 ? 2
$2{y} >= 2 ? 3$2{y}-1

[ 4:]:
-$2{y} >= 3 ? -3$2{y}-2
-$2{y} >= -2 && $2{y} >= -2 ? 4
$2{y} >= 3 ? 3$2{y}-2

[ 5:]:
-$2{y} >= 3 ? -3$2{y}-3
-$2{y} >= 0 && $2{y} >= -2 ? 3
$2{y} >= 1 ? 3$2{y}+3

[ 6:]:
-$2{y} >= 2 ? -3$2{y}-1
-$2{y} >= -1 && $2{y} >= -1 ? 2
$2{y} >= 2 ? 3$2{y}-1

[ 7:]:
-$2{y} >= 1 ? -3$2{y}+3
-$2{y} >= -2 && $2{y} >= 0 ? 3
$2{y} >= 3 ? 3$2{y}-3

[ 8:]:
-$2{y} >= 2 ? -3$2{y}-1
-$2{y} >= -1 && $2{y} >= -1 ? 2
$2{y} >= 2 ? 3$2{y}-1

[ 9:]:
-$2{y} >= 2 ? -3$2{y}-1
-$2{y} >= -1 && $2{y} >= -1 ? 2
$2{y} >= 2 ? 3$2{y}-1

[10:]:
top ? 1

[11:]:
top ? bottom

[12:]:
top ? bottom


Time: 0.014217
Analysis Result: TRUE
