
Abstract Syntax:
[ 1:]
int main( ):
[ 2:] while [ 3:] ( $2{x1} >= 0 && $3{x2} >= 0 ) do
[ 4:]   if ( ? ) then
[ 5:]     while [ 6:] ( $3{x2} <= 10 ) do
[ 7:]       $3{x2} := $3{x2} + 1
[ 8:]
          od
[ 9:]     $2{x1} := $2{x1} - 1
[10:]
        else
[11:]
        endif
[12:]   $3{x2} := $3{x2} - 1
[13:]
      od
[14:] $1{$1} := 0
[15:] return
[16:]

Property: exit: true

[ -2:]:
top ? 0.

[ -1:]:
top ? 0.

[ 2:]:
top ? bottom

[ 3:]:
top ? bottom

[ 4:]:
top ? bottom

[ 5:]:
top ? bottom

[ 6:]:
top ? bottom

[ 7:]:
top ? bottom

[ 8:]:
top ? bottom

[ 9:]:
top ? bottom

[10:]:
top ? bottom

[11:]:
top ? bottom

[12:]:
top ? bottom

[13:]:
top ? bottom

[14:]:
top ? bottom

[15:]:
top ? bottom

[16:]:
top ? bottom

Property: AF{exit: true}

[ -2:]:
top ? 0.

[ -1:]:
top ? 0.

[ 2:]:
-$3{x2} >= 1 ? 2
$3{x2} >= 0 && -$2{x1} >= 1 ? 2
$3{x2} >= 0 && $2{x1} >= 0 ? 57$2{x1}+3$3{x2}+29

[ 3:]:
-$3{x2} >= 1 ? 2
$3{x2} >= 0 && -$2{x1} >= 1 ? 2
$3{x2} >= 0 && $2{x1} >= 0 ? 57$2{x1}+3$3{x2}+29

[ 4:]:
-$3{x2} >= 0 && -$2{x1} >= 0 ? -2$3{x2}+28
-$3{x2} >= 0 && $2{x1} >= 1 ? 57$2{x1}-2$3{x2}+28
-$3{x2} >= -9 && $3{x2} >= 1 && -$2{x1} >= 1 ? -2$3{x2}+28
-$3{x2} >= -9 && $3{x2} >= 1 && $2{x1} >= 0 ? 57$2{x1}+3$3{x2}+28
$3{x2} == 10 && -$2{x1} >= 1 ? 8
$3{x2} == 10 && $2{x1} >= 0 ? 57$2{x1}+58
$3{x2} >= 11 && -$2{x1} >= 1 ? 6
$3{x2} >= 11 && $2{x1} >= 0 ? 57$2{x1}+3$3{x2}+28

[ 5:]:
-$3{x2} >= -9 && -$2{x1} >= 0 ? -2$3{x2}+27
-$3{x2} >= -9 && $2{x1} >= 1 ? 57$2{x1}-2$3{x2}+27
$3{x2} == 10 && -$2{x1} >= 0 ? 7
$3{x2} == 10 && $2{x1} >= 1 ? 57$2{x1}+7
$3{x2} >= 11 && -$2{x1} >= 0 ? 5
$3{x2} >= 11 && $2{x1} >= 1 ? 57$2{x1}+3$3{x2}-28

[ 6:]:
-$3{x2} >= -9 && -$2{x1} >= 0 ? -2$3{x2}+27
-$3{x2} >= -9 && $2{x1} >= 1 ? 57$2{x1}-2$3{x2}+27
$3{x2} == 10 && -$2{x1} >= 0 ? 7
$3{x2} == 10 && $2{x1} >= 1 ? 57$2{x1}+7
$3{x2} >= 11 && -$2{x1} >= 0 ? 5
$3{x2} >= 11 && $2{x1} >= 1 ? 57$2{x1}+3$3{x2}-28

[ 7:]:
-$3{x2} >= -8 && -$2{x1} >= 0 ? -2$3{x2}+26
-$3{x2} >= -8 && $2{x1} >= 1 ? 57$2{x1}-2$3{x2}+26
$3{x2} == 9 && -$2{x1} >= 0 ? 8
$3{x2} == 9 && $2{x1} >= 1 ? 57$2{x1}+8
$3{x2} >= 10 && -$2{x1} >= 0 ? 6
$3{x2} >= 10 && $2{x1} >= 1 ? 57$2{x1}+3$3{x2}-24

[ 8:]:
-$3{x2} >= -9 && -$2{x1} >= 0 ? -2$3{x2}+27
-$3{x2} >= -9 && $2{x1} >= 1 ? 57$2{x1}-2$3{x2}+27
$3{x2} == 10 && -$2{x1} >= 0 ? 7
$3{x2} == 10 && $2{x1} >= 1 ? 57$2{x1}+7
$3{x2} >= 11 && -$2{x1} >= 0 ? 5
$3{x2} >= 11 && $2{x1} >= 1 ? 57$2{x1}+3$3{x2}-28

[ 9:]:
-$3{x2} >= 0 ? 4
$3{x2} >= 1 && -$2{x1} >= 0 ? 4
$3{x2} >= 1 && $2{x1} >= 1 ? 57$2{x1}+3$3{x2}-29

[10:]:
-$3{x2} >= 0 ? 3
$3{x2} >= 1 && -$2{x1} >= 1 ? 3
$3{x2} >= 1 && $2{x1} >= 0 ? 57$2{x1}+3$3{x2}+27

[11:]:
-$3{x2} >= 0 ? 3
$3{x2} >= 1 && -$2{x1} >= 1 ? 3
$3{x2} >= 1 && $2{x1} >= 0 ? 57$2{x1}+3$3{x2}+27

[12:]:
-$3{x2} >= 0 ? 3
$3{x2} >= 1 && -$2{x1} >= 1 ? 3
$3{x2} >= 1 && $2{x1} >= 0 ? 57$2{x1}+3$3{x2}+27

[13:]:
-$3{x2} >= 1 ? 2
$3{x2} >= 0 && -$2{x1} >= 1 ? 2
$3{x2} >= 0 && $2{x1} >= 0 ? 57$2{x1}+3$3{x2}+29

[14:]:
top ? 1

[15:]:
top ? bottom

[16:]:
top ? bottom


Time: 0.240784
Analysis Result: TRUE
