
Abstract Syntax:
[ 1:]
void main( ):
[ 2:] while [ 3:] ( $1{x} > 0 && $2{y} > 0 ) do
[ 4:]   $1{x} := $1{x} - $2{y}
[ 5:]
      od
[ 6:]

Property: exit: true

[ -1:]:
top ? 0.

[ 2:]:
top ? bottom

[ 3:]:
top ? bottom

[ 4:]:
top ? bottom

[ 5:]:
top ? bottom

[ 6:]:
top ? bottom

Property: AF{exit: true}

[ -1:]:
top ? 0.

[ 2:]:
-$2{y} >= 0 ? 1
$2{y} >= 1 && -$1{x} >= 0 ? 1
$2{y} >= 1 && $1{x} >= 1 ? 2$1{x}+1

[ 3:]:
-$2{y} >= 0 ? 1
$2{y} >= 1 && -$1{x} >= 0 ? 1
$2{y} >= 1 && $1{x} >= 1 ? 2$1{x}+1

[ 4:]:
$2{y} >= 1 && $1{x} >= 1 ? 2$1{x}+0

[ 5:]:
$2{y} >= 1 && -$1{x} >= 0 ? 1
$2{y} >= 1 && $1{x} >= 1 ? 2$1{x}+1

[ 6:]:
top ? bottom


Time: 0.009007
Analysis Result: TRUE
