
Abstract Syntax:
[ 1:]
int main( ):
[ 2:] while [ 3:] ( ($2{x1} > 0 && $3{x2} > 0) && $4{x3} > 0 ) do
[ 4:]   if ( ? ) then
[ 5:]     $2{x1} := $2{x1} - 1
[ 6:]
        else
[ 7:]     if ( ? ) then
[ 8:]       $3{x2} := $3{x2} - 1
[ 9:]       $4{x3} := ?
[10:]
          else
[11:]       $4{x3} := $4{x3} - 1
[12:]       $2{x1} := ?
[13:]
          endif
[14:]
        endif
[15:]
      od
[16:] $1{$1} := 0
[17:] return
[18:]

Property: exit: true

[ -2:]:
top ? 0.

[ -1:]:
top ? 0.

[ 2:]:
top ? bottom

[ 3:]:
top ? bottom

[ 4:]:
top ? bottom

[ 5:]:
top ? bottom

[ 6:]:
top ? bottom

[ 7:]:
top ? bottom

[ 8:]:
top ? bottom

[ 9:]:
top ? bottom

[10:]:
top ? bottom

[11:]:
top ? bottom

[12:]:
top ? bottom

[13:]:
top ? bottom

[14:]:
top ? bottom

[15:]:
top ? bottom

[16:]:
top ? bottom

[17:]:
top ? bottom

[18:]:
top ? bottom

Property: AF{exit: true}

[ -2:]:
top ? 0.

[ -1:]:
top ? 0.

[ 2:]:
-$4{x3} >= 0 ? 2
$4{x3} == 1 && -$3{x2} >= 0 ? 2
$4{x3} == 1 && $3{x2} >= 1 && -$2{x1} >= 0 ? 2
$4{x3} == 1 && $3{x2} >= 1 && $2{x1} >= 1 ?  ($3{x2}-1)⍵^2 +  ($3{x2}-1)⍵ + 3$2{x1}+5$3{x2}-1
$4{x3} >= 2 && -$3{x2} >= 0 ? 2
$4{x3} >= 2 && $3{x2} >= 1 && -$2{x1} >= 0 ? 2
$4{x3} >= 2 && $3{x2} >= 1 && $2{x1} >= 1 ?  ($3{x2}-1)⍵^2 +  ($3{x2}+$4{x3}-2)⍵ + 3$2{x1}+5$3{x2}+5$4{x3}-6

[ 3:]:
-$4{x3} >= 0 ? 2
$4{x3} == 1 && -$3{x2} >= 0 ? 2
$4{x3} == 1 && $3{x2} >= 1 && -$2{x1} >= 0 ? 2
$4{x3} == 1 && $3{x2} >= 1 && $2{x1} >= 1 ?  ($3{x2}-1)⍵^2 +  ($3{x2}-1)⍵ + 3$2{x1}+5$3{x2}-1
$4{x3} >= 2 && -$3{x2} >= 0 ? 2
$4{x3} >= 2 && $3{x2} >= 1 && -$2{x1} >= 0 ? 2
$4{x3} >= 2 && $3{x2} >= 1 && $2{x1} >= 1 ?  ($3{x2}-1)⍵^2 +  ($3{x2}+$4{x3}-2)⍵ + 3$2{x1}+5$3{x2}+5$4{x3}-6

[ 4:]:
-$4{x3} >= 0 && -$3{x2} >= -1 ? 6
-$4{x3} >= 0 && $3{x2} == 2 && -$2{x1} >= 0 ? 6
-$4{x3} >= 0 && $3{x2} == 2 && $2{x1} >= 1 ?  (1)⍵^2 +  (1)⍵ + 3$2{x1}+8
-$4{x3} >= 0 && $3{x2} >= 3 && -$2{x1} >= 0 ? 6
-$4{x3} >= 0 && $3{x2} >= 3 && $2{x1} >= 1 ?  ($3{x2}-1)⍵^2 +  ($3{x2}-2)⍵ + 3$2{x1}+5$3{x2}-2
$4{x3} == 1 && -$3{x2} >= 0 ? 6
$4{x3} == 1 && $3{x2} == 1 && -$2{x1} >= -1 ? 6
$4{x3} == 1 && $3{x2} == 1 && $2{x1} >= 2 ? 3$2{x1}+3
$4{x3} == 1 && $3{x2} == 2 && -$2{x1} >= 0 ? 6
$4{x3} == 1 && $3{x2} == 2 && $2{x1} >= 1 ?  (1)⍵^2 +  (1)⍵ + 3$2{x1}+8
$4{x3} == 1 && $3{x2} >= 3 && -$2{x1} >= 0 ? 6
$4{x3} == 1 && $3{x2} >= 3 && $2{x1} == 1 ?  ($3{x2}-1)⍵^2 +  ($3{x2}-2)⍵ + 5$3{x2}+1
$4{x3} == 1 && $3{x2} >= 3 && $2{x1} >= 2 ?  ($3{x2}-1)⍵^2 +  ($3{x2}-1)⍵ + 3$2{x1}+5$3{x2}-2
$4{x3} == 2 && -$3{x2} >= 0 ? 6
$4{x3} == 2 && $3{x2} >= 1 && -$2{x1} >= -1 ?  ($3{x2}-1)⍵^2 +  ($3{x2}+0)⍵ + 5$3{x2}+6
$4{x3} == 2 && $3{x2} >= 1 && $2{x1} >= 2 ?  ($3{x2}-1)⍵^2 +  ($3{x2}+0)⍵ + 3$2{x1}+5$3{x2}+3
$4{x3} >= 3 && -$3{x2} >= 0 ? 6
$4{x3} >= 3 && $3{x2} >= 1 && -$2{x1} >= -1 ?  ($3{x2}-1)⍵^2 +  ($3{x2}+$4{x3}-2)⍵ + 5$3{x2}+5$4{x3}-4
$4{x3} >= 3 && $3{x2} >= 1 && $2{x1} >= 2 ?  ($3{x2}-1)⍵^2 +  ($3{x2}+$4{x3}-2)⍵ + 3$2{x1}+5$3{x2}+5$4{x3}-7

[ 5:]:
-$4{x3} >= 0 ? 3
$4{x3} == 1 && -$3{x2} >= 0 ? 3
$4{x3} == 1 && $3{x2} >= 1 && -$2{x1} >= -1 ? 3
$4{x3} == 1 && $3{x2} >= 1 && $2{x1} >= 2 ?  ($3{x2}-1)⍵^2 +  ($3{x2}-1)⍵ + 3$2{x1}+5$3{x2}-3
$4{x3} >= 2 && -$3{x2} >= 0 ? 3
$4{x3} >= 2 && $3{x2} >= 1 && -$2{x1} >= -1 ? 3
$4{x3} >= 2 && $3{x2} >= 1 && $2{x1} >= 2 ?  ($3{x2}-1)⍵^2 +  ($3{x2}+$4{x3}-2)⍵ + 3$2{x1}+5$3{x2}+5$4{x3}-8

[ 6:]:
-$4{x3} >= 0 ? 2
$4{x3} == 1 && -$3{x2} >= 0 ? 2
$4{x3} == 1 && $3{x2} >= 1 && -$2{x1} >= 0 ? 2
$4{x3} == 1 && $3{x2} >= 1 && $2{x1} >= 1 ?  ($3{x2}-1)⍵^2 +  ($3{x2}-1)⍵ + 3$2{x1}+5$3{x2}-1
$4{x3} >= 2 && -$3{x2} >= 0 ? 2
$4{x3} >= 2 && $3{x2} >= 1 && -$2{x1} >= 0 ? 2
$4{x3} >= 2 && $3{x2} >= 1 && $2{x1} >= 1 ?  ($3{x2}-1)⍵^2 +  ($3{x2}+$4{x3}-2)⍵ + 3$2{x1}+5$3{x2}+5$4{x3}-6

[ 7:]:
-$4{x3} >= -1 && -$3{x2} >= -1 ? 5
-$4{x3} >= -1 && $3{x2} == 2 && -$2{x1} >= 0 ? 5
-$4{x3} >= -1 && $3{x2} == 2 && $2{x1} >= 1 ?  (1)⍵^2 +  (1)⍵ + 3$2{x1}+7
-$4{x3} >= -1 && $3{x2} >= 3 && -$2{x1} >= 0 ? 5
-$4{x3} >= -1 && $3{x2} >= 3 && $2{x1} >= 1 ?  ($3{x2}-1)⍵^2 +  ($3{x2}-2)⍵ + 3$2{x1}+5$3{x2}-3
$4{x3} == 2 && -$3{x2} >= 0 ? 5
$4{x3} == 2 && $3{x2} == 1 ?  (1)⍵ + 10
$4{x3} == 2 && $3{x2} >= 2 && -$2{x1} >= -1 ?  ($3{x2}-1)⍵^2 +  ($3{x2}+0)⍵ + 5$3{x2}+5
$4{x3} == 2 && $3{x2} >= 2 && $2{x1} >= 2 ?  ($3{x2}-1)⍵^2 +  ($3{x2}+0)⍵ + 3$2{x1}+5$3{x2}-1
$4{x3} >= 3 && -$3{x2} >= 0 ? 5
$4{x3} >= 3 && $3{x2} == 1 ?  ($4{x3}-1)⍵ + 5$4{x3}+0
$4{x3} >= 3 && $3{x2} >= 2 && -$2{x1} >= -1 ?  ($3{x2}-1)⍵^2 +  ($3{x2}+$4{x3}-2)⍵ + 5$3{x2}+5$4{x3}-5
$4{x3} >= 3 && $3{x2} >= 2 && $2{x1} >= 2 ?  ($3{x2}-1)⍵^2 +  ($3{x2}+$4{x3}-2)⍵ + 3$2{x1}+5$3{x2}+5$4{x3}-11

[ 8:]:
-$3{x2} >= -1 ? 4
$3{x2} == 2 && -$2{x1} >= 0 ? 4
$3{x2} == 2 && $2{x1} >= 1 ?  (1)⍵^2 +  (1)⍵ + 3$2{x1}+6
$3{x2} >= 3 && -$2{x1} >= 0 ? 4
$3{x2} >= 3 && $2{x1} >= 1 ?  ($3{x2}-1)⍵^2 +  ($3{x2}-2)⍵ + 3$2{x1}+5$3{x2}-4

[ 9:]:
-$3{x2} >= 0 ? 3
$3{x2} == 1 && -$2{x1} >= 0 ? 3
$3{x2} == 1 && $2{x1} >= 1 ?  (1)⍵^2 +  (1)⍵ + 3$2{x1}+5
$3{x2} >= 2 && -$2{x1} >= 0 ? 3
$3{x2} >= 2 && $2{x1} >= 1 ?  ($3{x2}+0)⍵^2 +  ($3{x2}-1)⍵ + 3$2{x1}+5$3{x2}+0

[10:]:
-$4{x3} >= 0 ? 2
$4{x3} == 1 && -$3{x2} >= 0 ? 2
$4{x3} == 1 && $3{x2} >= 1 && -$2{x1} >= 0 ? 2
$4{x3} == 1 && $3{x2} >= 1 && $2{x1} >= 1 ?  ($3{x2}-1)⍵^2 +  ($3{x2}-1)⍵ + 3$2{x1}+5$3{x2}-1
$4{x3} >= 2 && -$3{x2} >= 0 ? 2
$4{x3} >= 2 && $3{x2} >= 1 && -$2{x1} >= 0 ? 2
$4{x3} >= 2 && $3{x2} >= 1 && $2{x1} >= 1 ?  ($3{x2}-1)⍵^2 +  ($3{x2}+$4{x3}-2)⍵ + 3$2{x1}+5$3{x2}+5$4{x3}-6

[11:]:
-$4{x3} >= -1 ? 4
$4{x3} >= 2 && -$3{x2} >= 0 ? 4
$4{x3} >= 2 && $3{x2} >= 1 ?  ($3{x2}-1)⍵^2 +  ($3{x2}+$4{x3}-2)⍵ + 5$3{x2}+5$4{x3}-6

[12:]:
-$4{x3} >= 0 ? 3
$4{x3} >= 1 && -$3{x2} >= 0 ? 3
$4{x3} >= 1 && $3{x2} >= 1 ?  ($3{x2}-1)⍵^2 +  ($3{x2}+$4{x3}-1)⍵ + 5$3{x2}+5$4{x3}-2

[13:]:
-$4{x3} >= 0 ? 2
$4{x3} == 1 && -$3{x2} >= 0 ? 2
$4{x3} == 1 && $3{x2} >= 1 && -$2{x1} >= 0 ? 2
$4{x3} == 1 && $3{x2} >= 1 && $2{x1} >= 1 ?  ($3{x2}-1)⍵^2 +  ($3{x2}-1)⍵ + 3$2{x1}+5$3{x2}-1
$4{x3} >= 2 && -$3{x2} >= 0 ? 2
$4{x3} >= 2 && $3{x2} >= 1 && -$2{x1} >= 0 ? 2
$4{x3} >= 2 && $3{x2} >= 1 && $2{x1} >= 1 ?  ($3{x2}-1)⍵^2 +  ($3{x2}+$4{x3}-2)⍵ + 3$2{x1}+5$3{x2}+5$4{x3}-6

[14:]:
-$4{x3} >= 0 ? 2
$4{x3} == 1 && -$3{x2} >= 0 ? 2
$4{x3} == 1 && $3{x2} >= 1 && -$2{x1} >= 0 ? 2
$4{x3} == 1 && $3{x2} >= 1 && $2{x1} >= 1 ?  ($3{x2}-1)⍵^2 +  ($3{x2}-1)⍵ + 3$2{x1}+5$3{x2}-1
$4{x3} >= 2 && -$3{x2} >= 0 ? 2
$4{x3} >= 2 && $3{x2} >= 1 && -$2{x1} >= 0 ? 2
$4{x3} >= 2 && $3{x2} >= 1 && $2{x1} >= 1 ?  ($3{x2}-1)⍵^2 +  ($3{x2}+$4{x3}-2)⍵ + 3$2{x1}+5$3{x2}+5$4{x3}-6

[15:]:
-$4{x3} >= 0 ? 2
$4{x3} == 1 && -$3{x2} >= 0 ? 2
$4{x3} == 1 && $3{x2} >= 1 && -$2{x1} >= 0 ? 2
$4{x3} == 1 && $3{x2} >= 1 && $2{x1} >= 1 ?  ($3{x2}-1)⍵^2 +  ($3{x2}-1)⍵ + 3$2{x1}+5$3{x2}-1
$4{x3} >= 2 && -$3{x2} >= 0 ? 2
$4{x3} >= 2 && $3{x2} >= 1 && -$2{x1} >= 0 ? 2
$4{x3} >= 2 && $3{x2} >= 1 && $2{x1} >= 1 ?  ($3{x2}-1)⍵^2 +  ($3{x2}+$4{x3}-2)⍵ + 3$2{x1}+5$3{x2}+5$4{x3}-6

[16:]:
top ? 1

[17:]:
top ? bottom

[18:]:
top ? bottom


Time: 0.562830
Analysis Result: TRUE
