
Abstract Syntax:
[ 1:]
int main( ):
[ 2:] while [ 3:] ( ($2{x1} > 0 && $3{x2} > 0) && $4{x3} > 0 ) do
[ 4:]   if ( ? ) then
[ 5:]     $2{x1} := $2{x1} - 1
[ 6:]     $4{x3} := ?
[ 7:]
        else
[ 8:]     $2{x1} := ?
[ 9:]     $3{x2} := $3{x2} - 1
[10:]     $4{x3} := $4{x3} - 1
[11:]
        endif
[12:]
      od
[13:] $1{$1} := 0
[14:] return
[15:]

Property: exit: true

[ -2:]:
top ? 0.

[ -1:]:
top ? 0.

[ 2:]:
top ? bottom

[ 3:]:
top ? bottom

[ 4:]:
top ? bottom

[ 5:]:
top ? bottom

[ 6:]:
top ? bottom

[ 7:]:
top ? bottom

[ 8:]:
top ? bottom

[ 9:]:
top ? bottom

[10:]:
top ? bottom

[11:]:
top ? bottom

[12:]:
top ? bottom

[13:]:
top ? bottom

[14:]:
top ? bottom

[15:]:
top ? bottom

Property: AF{exit: true}

[ -2:]:
top ? 0.

[ -1:]:
top ? 0.

[ 2:]:
-$4{x3} >= 0 ? 2
$4{x3} == 1 && -$3{x2} >= 0 ? 2
$4{x3} == 1 && $3{x2} == 1 && -$2{x1} >= 0 ? 2
$4{x3} == 1 && $3{x2} == 1 && $2{x1} >= 1 ? 4$2{x1}+3
$4{x3} == 1 && $3{x2} == 2 && -$2{x1} >= 0 ? 2
$4{x3} == 1 && $3{x2} == 2 && $2{x1} == 1 ? 7
$4{x3} == 1 && $3{x2} == 2 && $2{x1} >= 2 ?  (1)⍵ + 4$2{x1}+12
$4{x3} == 1 && $3{x2} >= 3 && -$2{x1} >= 0 ? 2
$4{x3} == 1 && $3{x2} >= 3 && $2{x1} == 1 ? 7
$4{x3} == 1 && $3{x2} >= 3 && $2{x1} >= 2 ?  ($3{x2}-1)⍵ + 4$2{x1}+9$3{x2}-6
$4{x3} == 2 && -$3{x2} >= 0 ? 2
$4{x3} == 2 && $3{x2} >= 1 && -$2{x1} >= 0 ? 2
$4{x3} == 2 && $3{x2} >= 1 && $2{x1} >= 1 ?  ($3{x2}-1)⍵ + 4$2{x1}+9$3{x2}-6
$4{x3} >= 3 && -$3{x2} >= 0 ? 2
$4{x3} >= 3 && $3{x2} >= 1 && -$2{x1} >= 0 ? 2
$4{x3} >= 3 && $3{x2} >= 1 && $2{x1} >= 1 ?  ($3{x2}-1)⍵ + 4$2{x1}+9$3{x2}-6

[ 3:]:
-$4{x3} >= 0 ? 2
$4{x3} == 1 && -$3{x2} >= 0 ? 2
$4{x3} == 1 && $3{x2} == 1 && -$2{x1} >= 0 ? 2
$4{x3} == 1 && $3{x2} == 1 && $2{x1} >= 1 ? 4$2{x1}+3
$4{x3} == 1 && $3{x2} == 2 && -$2{x1} >= 0 ? 2
$4{x3} == 1 && $3{x2} == 2 && $2{x1} == 1 ? 7
$4{x3} == 1 && $3{x2} == 2 && $2{x1} >= 2 ?  (1)⍵ + 4$2{x1}+12
$4{x3} == 1 && $3{x2} >= 3 && -$2{x1} >= 0 ? 2
$4{x3} == 1 && $3{x2} >= 3 && $2{x1} == 1 ? 7
$4{x3} == 1 && $3{x2} >= 3 && $2{x1} >= 2 ?  ($3{x2}-1)⍵ + 4$2{x1}+9$3{x2}-6
$4{x3} == 2 && -$3{x2} >= 0 ? 2
$4{x3} == 2 && $3{x2} >= 1 && -$2{x1} >= 0 ? 2
$4{x3} == 2 && $3{x2} >= 1 && $2{x1} >= 1 ?  ($3{x2}-1)⍵ + 4$2{x1}+9$3{x2}-6
$4{x3} >= 3 && -$3{x2} >= 0 ? 2
$4{x3} >= 3 && $3{x2} >= 1 && -$2{x1} >= 0 ? 2
$4{x3} >= 3 && $3{x2} >= 1 && $2{x1} >= 1 ?  ($3{x2}-1)⍵ + 4$2{x1}+9$3{x2}-6

[ 4:]:
-$4{x3} >= -1 && -$3{x2} >= 0 ? 6
-$4{x3} >= -1 && $3{x2} >= 1 && -$2{x1} >= -1 ? 6
-$4{x3} >= -1 && $3{x2} >= 1 && $2{x1} >= 2 ?  ($3{x2}-1)⍵ + 4$2{x1}+9$3{x2}-7
$4{x3} == 2 && -$3{x2} >= 0 ? 6
$4{x3} == 2 && $3{x2} >= 1 && -$2{x1} >= -1 ?  ($3{x2}-1)⍵ + 9$3{x2}-3
$4{x3} == 2 && $3{x2} >= 1 && $2{x1} >= 2 ?  ($3{x2}-1)⍵ + 4$2{x1}+9$3{x2}-7
$4{x3} == 3 && -$3{x2} >= 0 ? 6
$4{x3} == 3 && $3{x2} >= 1 && -$2{x1} >= -1 ?  ($3{x2}-1)⍵ + 9$3{x2}-3
$4{x3} == 3 && $3{x2} >= 1 && $2{x1} >= 2 ?  ($3{x2}-1)⍵ + 4$2{x1}+9$3{x2}-7
$4{x3} >= 4 && -$3{x2} >= 0 ? 6
$4{x3} >= 4 && $3{x2} >= 1 && -$2{x1} >= -1 ?  ($3{x2}-1)⍵ + 9$3{x2}-3
$4{x3} >= 4 && $3{x2} >= 1 && $2{x1} >= 2 ?  ($3{x2}-1)⍵ + 4$2{x1}+9$3{x2}-7

[ 5:]:
-$3{x2} >= 0 ? 4
$3{x2} >= 1 && -$2{x1} >= -1 ? 4
$3{x2} >= 1 && $2{x1} >= 2 ?  ($3{x2}-1)⍵ + 4$2{x1}+9$3{x2}-8

[ 6:]:
-$3{x2} >= 0 ? 3
$3{x2} >= 1 && -$2{x1} >= 0 ? 3
$3{x2} >= 1 && $2{x1} >= 1 ?  ($3{x2}-1)⍵ + 4$2{x1}+9$3{x2}-5

[ 7:]:
-$4{x3} >= 0 ? 2
$4{x3} == 1 && -$3{x2} >= 0 ? 2
$4{x3} == 1 && $3{x2} == 1 && -$2{x1} >= 0 ? 2
$4{x3} == 1 && $3{x2} == 1 && $2{x1} >= 1 ? 4$2{x1}+3
$4{x3} == 1 && $3{x2} == 2 && -$2{x1} >= 0 ? 2
$4{x3} == 1 && $3{x2} == 2 && $2{x1} == 1 ? 7
$4{x3} == 1 && $3{x2} == 2 && $2{x1} >= 2 ?  (1)⍵ + 4$2{x1}+12
$4{x3} == 1 && $3{x2} >= 3 && -$2{x1} >= 0 ? 2
$4{x3} == 1 && $3{x2} >= 3 && $2{x1} == 1 ? 7
$4{x3} == 1 && $3{x2} >= 3 && $2{x1} >= 2 ?  ($3{x2}-1)⍵ + 4$2{x1}+9$3{x2}-6
$4{x3} == 2 && -$3{x2} >= 0 ? 2
$4{x3} == 2 && $3{x2} >= 1 && -$2{x1} >= 0 ? 2
$4{x3} == 2 && $3{x2} >= 1 && $2{x1} >= 1 ?  ($3{x2}-1)⍵ + 4$2{x1}+9$3{x2}-6
$4{x3} >= 3 && -$3{x2} >= 0 ? 2
$4{x3} >= 3 && $3{x2} >= 1 && -$2{x1} >= 0 ? 2
$4{x3} >= 3 && $3{x2} >= 1 && $2{x1} >= 1 ?  ($3{x2}-1)⍵ + 4$2{x1}+9$3{x2}-6

[ 8:]:
-$4{x3} >= -1 ? 5
$4{x3} >= 2 && -$3{x2} >= -1 ? 5
$4{x3} >= 2 && $3{x2} >= 2 ?  ($3{x2}-1)⍵ + 9$3{x2}-4

[ 9:]:
-$4{x3} >= -1 ? 4
$4{x3} == 2 && -$3{x2} >= -1 ? 4
$4{x3} == 2 && $3{x2} == 2 && -$2{x1} >= 0 ? 4
$4{x3} == 2 && $3{x2} == 2 && $2{x1} >= 1 ? 4$2{x1}+5
$4{x3} == 2 && $3{x2} == 3 && -$2{x1} >= 0 ? 4
$4{x3} == 2 && $3{x2} == 3 && $2{x1} == 1 ? 9
$4{x3} == 2 && $3{x2} == 3 && $2{x1} >= 2 ?  (1)⍵ + 4$2{x1}+14
$4{x3} == 2 && $3{x2} >= 4 && -$2{x1} >= 0 ? 4
$4{x3} == 2 && $3{x2} >= 4 && $2{x1} == 1 ? 9
$4{x3} == 2 && $3{x2} >= 4 && $2{x1} >= 2 ?  ($3{x2}-2)⍵ + 4$2{x1}+9$3{x2}-13
$4{x3} == 3 && -$3{x2} >= -1 ? 4
$4{x3} == 3 && $3{x2} >= 2 && -$2{x1} >= 0 ? 4
$4{x3} == 3 && $3{x2} >= 2 && $2{x1} >= 1 ?  ($3{x2}-2)⍵ + 4$2{x1}+9$3{x2}-13
$4{x3} >= 4 && -$3{x2} >= -1 ? 4
$4{x3} >= 4 && $3{x2} >= 2 && -$2{x1} >= 0 ? 4
$4{x3} >= 4 && $3{x2} >= 2 && $2{x1} >= 1 ?  ($3{x2}-2)⍵ + 4$2{x1}+9$3{x2}-13

[10:]:
-$4{x3} >= -1 ? 3
$4{x3} == 2 && -$3{x2} >= 0 ? 3
$4{x3} == 2 && $3{x2} == 1 && -$2{x1} >= 0 ? 3
$4{x3} == 2 && $3{x2} == 1 && $2{x1} >= 1 ? 4$2{x1}+4
$4{x3} == 2 && $3{x2} == 2 && -$2{x1} >= 0 ? 3
$4{x3} == 2 && $3{x2} == 2 && $2{x1} == 1 ? 8
$4{x3} == 2 && $3{x2} == 2 && $2{x1} >= 2 ?  (1)⍵ + 4$2{x1}+13
$4{x3} == 2 && $3{x2} >= 3 && -$2{x1} >= 0 ? 3
$4{x3} == 2 && $3{x2} >= 3 && $2{x1} == 1 ? 8
$4{x3} == 2 && $3{x2} >= 3 && $2{x1} >= 2 ?  ($3{x2}-1)⍵ + 4$2{x1}+9$3{x2}-5
$4{x3} == 3 && -$3{x2} >= 0 ? 3
$4{x3} == 3 && $3{x2} >= 1 && -$2{x1} >= 0 ? 3
$4{x3} == 3 && $3{x2} >= 1 && $2{x1} >= 1 ?  ($3{x2}-1)⍵ + 4$2{x1}+9$3{x2}-5
$4{x3} >= 4 && -$3{x2} >= 0 ? 3
$4{x3} >= 4 && $3{x2} >= 1 && -$2{x1} >= 0 ? 3
$4{x3} >= 4 && $3{x2} >= 1 && $2{x1} >= 1 ?  ($3{x2}-1)⍵ + 4$2{x1}+9$3{x2}-5

[11:]:
-$4{x3} >= 0 ? 2
$4{x3} == 1 && -$3{x2} >= 0 ? 2
$4{x3} == 1 && $3{x2} == 1 && -$2{x1} >= 0 ? 2
$4{x3} == 1 && $3{x2} == 1 && $2{x1} >= 1 ? 4$2{x1}+3
$4{x3} == 1 && $3{x2} == 2 && -$2{x1} >= 0 ? 2
$4{x3} == 1 && $3{x2} == 2 && $2{x1} == 1 ? 7
$4{x3} == 1 && $3{x2} == 2 && $2{x1} >= 2 ?  (1)⍵ + 4$2{x1}+12
$4{x3} == 1 && $3{x2} >= 3 && -$2{x1} >= 0 ? 2
$4{x3} == 1 && $3{x2} >= 3 && $2{x1} == 1 ? 7
$4{x3} == 1 && $3{x2} >= 3 && $2{x1} >= 2 ?  ($3{x2}-1)⍵ + 4$2{x1}+9$3{x2}-6
$4{x3} == 2 && -$3{x2} >= 0 ? 2
$4{x3} == 2 && $3{x2} >= 1 && -$2{x1} >= 0 ? 2
$4{x3} == 2 && $3{x2} >= 1 && $2{x1} >= 1 ?  ($3{x2}-1)⍵ + 4$2{x1}+9$3{x2}-6
$4{x3} >= 3 && -$3{x2} >= 0 ? 2
$4{x3} >= 3 && $3{x2} >= 1 && -$2{x1} >= 0 ? 2
$4{x3} >= 3 && $3{x2} >= 1 && $2{x1} >= 1 ?  ($3{x2}-1)⍵ + 4$2{x1}+9$3{x2}-6

[12:]:
-$4{x3} >= 0 ? 2
$4{x3} == 1 && -$3{x2} >= 0 ? 2
$4{x3} == 1 && $3{x2} == 1 && -$2{x1} >= 0 ? 2
$4{x3} == 1 && $3{x2} == 1 && $2{x1} >= 1 ? 4$2{x1}+3
$4{x3} == 1 && $3{x2} == 2 && -$2{x1} >= 0 ? 2
$4{x3} == 1 && $3{x2} == 2 && $2{x1} == 1 ? 7
$4{x3} == 1 && $3{x2} == 2 && $2{x1} >= 2 ?  (1)⍵ + 4$2{x1}+12
$4{x3} == 1 && $3{x2} >= 3 && -$2{x1} >= 0 ? 2
$4{x3} == 1 && $3{x2} >= 3 && $2{x1} == 1 ? 7
$4{x3} == 1 && $3{x2} >= 3 && $2{x1} >= 2 ?  ($3{x2}-1)⍵ + 4$2{x1}+9$3{x2}-6
$4{x3} == 2 && -$3{x2} >= 0 ? 2
$4{x3} == 2 && $3{x2} >= 1 && -$2{x1} >= 0 ? 2
$4{x3} == 2 && $3{x2} >= 1 && $2{x1} >= 1 ?  ($3{x2}-1)⍵ + 4$2{x1}+9$3{x2}-6
$4{x3} >= 3 && -$3{x2} >= 0 ? 2
$4{x3} >= 3 && $3{x2} >= 1 && -$2{x1} >= 0 ? 2
$4{x3} >= 3 && $3{x2} >= 1 && $2{x1} >= 1 ?  ($3{x2}-1)⍵ + 4$2{x1}+9$3{x2}-6

[13:]:
top ? 1

[14:]:
top ? bottom

[15:]:
top ? bottom


Time: 1.306144
Analysis Result: TRUE
