
Abstract Syntax:
[ 1:]
void main( ):
[ 2:] while [ 3:] ( $1{y} >= 0 || $2{z} >= 0 ) do
[ 4:]   $1{y} := $1{y} - 1
[ 5:]   $2{z} := $2{z} - 1
[ 6:]
      od
[ 7:]

Property: exit: true

[ -1:]:
top ? 0.

[ 2:]:
top ? bottom

[ 3:]:
top ? bottom

[ 4:]:
top ? bottom

[ 5:]:
top ? bottom

[ 6:]:
top ? bottom

[ 7:]:
top ? bottom

Property: AF{exit: true}

[ -1:]:
top ? 0.

[ 2:]:
-$2{z} >= 1 && -$1{y} >= 1 ? 1
-$2{z} >= 1 && $1{y} >= 0 ? 3$1{y}+4
$2{z} >= 0 && -$1{y} >= 0 ? 3$2{z}+4
$2{z} >= 0 && $1{y} >= 1 ? 3$1{y}+3$2{z}+4

[ 3:]:
-$2{z} >= 1 && -$1{y} >= 1 ? 1
-$2{z} >= 1 && $1{y} >= 0 ? 3$1{y}+4
$2{z} >= 0 && -$1{y} >= 0 ? 3$2{z}+4
$2{z} >= 0 && $1{y} >= 1 ? 3$1{y}+3$2{z}+4

[ 4:]:
-$2{z} >= 0 && -$1{y} >= 0 ? 3
-$2{z} >= 0 && $1{y} >= 1 ? 3$1{y}+3
$2{z} >= 1 && -$1{y} >= -1 ? 3$2{z}+3
$2{z} >= 1 && $1{y} >= 2 ? 3$1{y}+3$2{z}+0

[ 5:]:
-$2{z} >= 0 && -$1{y} >= 1 ? 2
-$2{z} >= 0 && $1{y} >= 0 ? 3$1{y}+5
$2{z} >= 1 && -$1{y} >= 0 ? 3$2{z}+2
$2{z} >= 1 && $1{y} >= 1 ? 3$1{y}+3$2{z}+2

[ 6:]:
-$2{z} >= 1 && -$1{y} >= 1 ? 1
-$2{z} >= 1 && $1{y} >= 0 ? 3$1{y}+4
$2{z} >= 0 && -$1{y} >= 0 ? 3$2{z}+4
$2{z} >= 0 && $1{y} >= 1 ? 3$1{y}+3$2{z}+4

[ 7:]:
top ? bottom


Time: 0.025589
Analysis Result: TRUE
