[1:]:
top ? bottom

[2:]:
top ? bottom

[3:]:
top ? bottom

[4:]:
top ? bottom

[5:]:
top ? bottom

[6:]:
top ? bottom

[7:]:
top ? bottom

[8:]:
top ? bottom

[9:]:
top ? bottom

[10:]:
top ? 0.

[11:]:
top ? bottom

[1:]:
-$2{y} >= 0 ? 1
$2{y} >= 1 && -$1{x} >= 0 ? 1
$2{y} >= 1 && $1{x} >= 1 ?  ($1{x}-1)⍵ + 7$1{x}+3$2{y}-5

[2:]:
top ? 0.

[3:]:
-$2{y} >= 0 ? 1
$2{y} >= 1 && -$1{x} >= 0 ? 1.
$2{y} >= 1 && $1{x} >= 1 ?  ($1{x}-1)⍵ + 7$1{x}+3$2{y}-5

[4:]:
-$2{y} >= -1 && -$1{x} >= -1 ? 4
-$2{y} >= -1 && $1{x} >= 2 ?  ($1{x}-1)⍵ + 7$1{x}-3
$2{y} >= 2 && -$1{x} >= 0 ? 4
$2{y} >= 2 && $1{x} >= 1 ?  ($1{x}-1)⍵ + 7$1{x}+3$2{y}-6

[5:]:
-$2{y} >= -1 ? 2
$2{y} >= 2 && -$1{x} >= 0 ? 2
$2{y} >= 2 && $1{x} >= 1 ?  ($1{x}-1)⍵ + 7$1{x}+3$2{y}-7

[6:]:
-$1{x} >= -1 ? 3
$1{x} >= 2 ?  ($1{x}-1)⍵ + 7$1{x}-4

[7:]:
-$1{x} >= 0 ? 2
$1{x} >= 1 ?  ($1{x}+0)⍵ + 7$1{x}+2

[8:]:
top ? bottom

[9:]:
top ? bottom

[10:]:
top ? 0.

[11:]:
-$2{y} >= 0 ? 1
$2{y} >= 1 && -$1{x} >= 0 ? 1
$2{y} >= 1 && $1{x} >= 1 ?  ($1{x}-1)⍵ + 7$1{x}+3$2{y}-5


Time: 0.153248
Analysis Result: TRUE
