[1:]:
top ? bottom

[2:]:
top ? bottom

[3:]:
top ? bottom

[4:]:
top ? bottom

[5:]:
top ? bottom

[6:]:
top ? bottom

[7:]:
top ? bottom

[8:]:
top ? bottom

[9:]:
top ? bottom

[10:]:
top ? 0.

[11:]:
top ? bottom

[1:]:
-$2{y} >= -49 && -$1{x} >= 1 ? 1
-$2{y} >= -49 && $1{x} >= 0 ? 4$1{x}-8$2{y}+417
$2{y} == 50 && -$1{x} >= 1 ? 1
$2{y} == 50 && $1{x} >= 0 ? 4$1{x}+13
$2{y} >= 51 && -$1{x} >= 1 ? 1
$2{y} >= 51 && $1{x} >= 0 ? 4$1{x}+5

[2:]:
top ? 0.

[3:]:
-$2{y} >= -48 && -$1{x} >= 1 ? 1.
-$2{y} >= -48 && $1{x} >= 0 ? 4$1{x}-8$2{y}+417
$2{y} == 49 && -$1{x} >= 1 ? 1.
$2{y} == 49 && $1{x} >= 0 ? 4$1{x}+21
$2{y} == 50 && -$1{x} >= 1 ? 1.
$2{y} == 50 && $1{x} >= 0 ? 4$1{x}+13
$2{y} >= 51 && -$1{x} >= 1 ? 1.
$2{y} >= 51 && $1{x} >= 0 ? 4$1{x}+5

[4:]:
-$2{y} >= -48 && -$1{x} >= 2 ? 4
-$2{y} >= -48 && $1{x} >= -1 ? 4$1{x}-8$2{y}+416
$2{y} == 49 && -$1{x} >= 2 ? 4
$2{y} == 49 && $1{x} >= -1 ? 4$1{x}+20
$2{y} == 50 && -$1{x} >= 2 ? 4
$2{y} == 50 && $1{x} >= -1 ? 4$1{x}+12
$2{y} >= 51 && -$1{x} >= 0 ? 4
$2{y} >= 51 && $1{x} >= 1 ? 4$1{x}+4

[5:]:
-$2{y} >= -48 && -$1{x} >= 1 ? 2
-$2{y} >= -48 && $1{x} >= 0 ? 4$1{x}-8$2{y}+410
$2{y} == 49 && -$1{x} >= 1 ? 2
$2{y} == 49 && $1{x} >= 0 ? 4$1{x}+14
$2{y} >= 50 && -$1{x} >= 1 ? 2
$2{y} >= 50 && $1{x} >= 0 ? 4$1{x}+6

[6:]:
-$2{y} >= -48 && -$1{x} >= 0 ? 3
-$2{y} >= -48 && $1{x} >= 1 ? 4$1{x}-8$2{y}+407
$2{y} == 49 && -$1{x} >= 0 ? 3
$2{y} == 49 && $1{x} >= 1 ? 4$1{x}+11
$2{y} >= 50 && -$1{x} >= 0 ? 3
$2{y} >= 50 && $1{x} >= 1 ? 4$1{x}+3

[7:]:
-$2{y} >= -48 && -$1{x} >= 2 ? 3
-$2{y} >= -48 && $1{x} >= -1 ? 4$1{x}-8$2{y}+415
$2{y} == 49 && -$1{x} >= 2 ? 3
$2{y} == 49 && $1{x} >= -1 ? 4$1{x}+19
$2{y} >= 50 && -$1{x} >= 2 ? 3
$2{y} >= 50 && $1{x} >= -1 ? 4$1{x}+11

[8:]:
top ? bottom

[9:]:
top ? bottom

[10:]:
top ? 0.

[11:]:
-$2{y} >= -49 && -$1{x} >= 1 ? 1
-$2{y} >= -49 && $1{x} >= 0 ? 4$1{x}-8$2{y}+417
$2{y} == 50 && -$1{x} >= 1 ? 1
$2{y} == 50 && $1{x} >= 0 ? 4$1{x}+13
$2{y} >= 51 && -$1{x} >= 1 ? 1
$2{y} >= 51 && $1{x} >= 0 ? 4$1{x}+5


Time: 0.048213
Analysis Result: TRUE
