[1:]:
top ? bottom

[2:]:
top ? bottom

[3:]:
top ? bottom

[4:]:
top ? bottom

[5:]:
top ? bottom

[6:]:
top ? bottom

[7:]:
top ? bottom

[8:]:
top ? bottom

[9:]:
top ? bottom

[10:]:
top ? 0.

[11:]:
top ? bottom

[1:]:
-$2{y} >= 2 ? -3$2{y}-1
-$2{y} >= -1 && $2{y} >= -1 ? 2
$2{y} >= 2 ? 3$2{y}-1

[2:]:
top ? 0.

[3:]:
-$2{y} >= 2 ? -3$2{y}-1
-$2{y} >= -1 && $2{y} >= -1 ? 2
$2{y} >= 2 ? 3$2{y}-1

[4:]:
top ? 1

[5:]:
-$2{y} >= 3 ? -3$2{y}-2
-$2{y} >= -2 && $2{y} >= -2 ? 4
$2{y} >= 3 ? 3$2{y}-2

[6:]:
-$2{y} >= 1 ? -3$2{y}+3
-$2{y} >= -2 && $2{y} >= 0 ? 3
$2{y} >= 3 ? 3$2{y}-3

[7:]:
-$2{y} >= 3 ? -3$2{y}-3
-$2{y} >= 0 && $2{y} >= -2 ? 3
$2{y} >= 1 ? 3$2{y}+3

[8:]:
top ? bottom

[9:]:
top ? bottom

[10:]:
top ? 0.

[11:]:
-$2{y} >= 2 ? -3$2{y}-1
-$2{y} >= -1 && $2{y} >= -1 ? 2
$2{y} >= 2 ? 3$2{y}-1


Time: 0.023814
Analysis Result: TRUE
