[1:]:
top ? bottom

[2:]:
top ? bottom

[3:]:
top ? bottom

[4:]:
top ? bottom

[5:]:
top ? bottom

[6:]:
top ? bottom

[7:]:
top ? bottom

[8:]:
top ? 0.

[9:]:
top ? bottom

[1:]:
-$2{x} >= -10 ? -2$2{x}+24
$2{x} >= 11 ? 2

[2:]:
top ? 0.

[3:]:
-$2{x} >= -10 ? -2$2{x}+24
$2{x} >= 11 ? 2

[4:]:
top ? 1

[5:]:
-$2{x} >= -9 ? -2$2{x}+23
$2{x} >= 10 ? 3

[6:]:
top ? bottom

[7:]:
top ? bottom

[8:]:
top ? 0.

[9:]:
-$2{x} >= -10 ? -2$2{x}+24
$2{x} >= 11 ? 2


Time: 0.005205
Analysis Result: TRUE
