[1:]:
top ? bottom

[2:]:
top ? bottom

[3:]:
top ? bottom

[4:]:
top ? bottom

[5:]:
top ? bottom

[6:]:
top ? bottom

[7:]:
top ? bottom

[8:]:
top ? bottom

[9:]:
top ? bottom

[10:]:
top ? bottom

[11:]:
top ? bottom

[12:]:
top ? bottom

[13:]:
top ? bottom

[14:]:
top ? bottom

[15:]:
top ? bottom

[16:]:
top ? 0.

[17:]:
top ? bottom

[1:]:
-$3{x2} >= 0 ? 2
$3{x2} == 1 && -$2{x1} >= 1 ? -4$2{x1}+3
$3{x2} == 1 && $2{x1} == 0 ? 2
$3{x2} == 1 && $2{x1} >= 1 ?  ($2{x1}-1)⍵ + 9$2{x1}-2
$3{x2} == 2 && -$2{x1} >= 1 ?  (1)⍵^2 +  (1)⍵ + -4$2{x1}+17
$3{x2} == 2 && $2{x1} == 0 ? 2
$3{x2} == 2 && $2{x1} >= 1 ?  ($2{x1}-1)⍵ + 9$2{x1}+2
$3{x2} >= 3 && -$2{x1} >= 1 ?  (1)⍵^2 +  ($3{x2}-1)⍵ + -4$2{x1}+9$3{x2}-1
$3{x2} >= 3 && $2{x1} == 0 ? 2
$3{x2} >= 3 && $2{x1} >= 1 ?  ($2{x1}-1)⍵ + 9$2{x1}+4$3{x2}-6

[2:]:
top ? 0.

[3:]:
-$3{x2} >= 0 ? 2
$3{x2} == 1 && -$2{x1} >= 1 ? -4$2{x1}+3
$3{x2} == 1 && $2{x1} == 0 ? 2
$3{x2} == 1 && $2{x1} >= 1 ?  ($2{x1}-1)⍵ + 9$2{x1}-2
$3{x2} == 2 && -$2{x1} >= 1 ?  (1)⍵^2 +  (1)⍵ + -4$2{x1}+17
$3{x2} == 2 && $2{x1} == 0 ? 2
$3{x2} == 2 && $2{x1} >= 1 ?  ($2{x1}-1)⍵ + 9$2{x1}+2
$3{x2} == 3 && -$2{x1} >= 1 ?  (1)⍵^2 +  (2)⍵ + -4$2{x1}+26
$3{x2} == 3 && $2{x1} == 0 ? 2
$3{x2} == 3 && $2{x1} >= 1 ?  ($2{x1}-1)⍵ + 9$2{x1}+6
$3{x2} >= 4 && -$2{x1} >= 1 ?  (1)⍵^2 +  ($3{x2}-1)⍵ + -4$2{x1}+9$3{x2}-1
$3{x2} >= 4 && $2{x1} == 0 ? 2
$3{x2} >= 4 && $2{x1} >= 1 ?  ($2{x1}-1)⍵ + 9$2{x1}+4$3{x2}-6

[4:]:
top ? 1

[5:]:
-$3{x2} >= 0 && -$2{x1} >= -1 ? 6
-$3{x2} >= 0 && $2{x1} >= 2 ?  ($2{x1}-1)⍵ + 9$2{x1}-3
$3{x2} == 1 && -$2{x1} >= 1 ? -4$2{x1}+2
$3{x2} == 1 && $2{x1} == 0 ? 10
$3{x2} == 1 && $2{x1} >= 1 ?  ($2{x1}-1)⍵ + 9$2{x1}-3
$3{x2} == 2 && -$2{x1} >= 1 ?  (1)⍵^2 +  (1)⍵ + -4$2{x1}+16
$3{x2} == 2 && $2{x1} == 0 ?  (1)⍵^2 +  (1)⍵ + 20
$3{x2} == 2 && $2{x1} >= 1 ?  ($2{x1}-1)⍵ + 9$2{x1}+1
$3{x2} == 3 && -$2{x1} >= 1 ?  (1)⍵^2 +  (2)⍵ + -4$2{x1}+25
$3{x2} == 3 && $2{x1} == 0 ?  (1)⍵^2 +  (2)⍵ + 29
$3{x2} == 3 && $2{x1} >= 1 ?  ($2{x1}-1)⍵ + 9$2{x1}+5
$3{x2} >= 4 && -$2{x1} >= 1 ?  (1)⍵^2 +  ($3{x2}-1)⍵ + -4$2{x1}+9$3{x2}-2
$3{x2} >= 4 && $2{x1} == 0 ?  (1)⍵^2 +  ($3{x2}-1)⍵ + 9$3{x2}+2
$3{x2} >= 4 && $2{x1} >= 1 ?  ($2{x1}-1)⍵ + 9$2{x1}+4$3{x2}-7

[6:]:
-$3{x2} >= 0 ? 5
$3{x2} == 1 && -$2{x1} >= 1 ? -4$2{x1}+1
$3{x2} == 1 && $2{x1} >= 0 ?  ($2{x1}+0)⍵ + 9$2{x1}+9
$3{x2} == 2 && -$2{x1} >= 1 ?  (1)⍵^2 +  (1)⍵ + -4$2{x1}+15
$3{x2} == 2 && $2{x1} == 0 ?  (1)⍵^2 +  (1)⍵ + 19
$3{x2} == 2 && $2{x1} >= 1 ?  (1)⍵^2 +  ($2{x1}+0)⍵ + 9$2{x1}+13
$3{x2} == 3 && -$2{x1} >= 1 ?  (1)⍵^2 +  (2)⍵ + -4$2{x1}+24
$3{x2} == 3 && -$2{x1} >= -1 && $2{x1} >= 0 ?  (1)⍵^2 +  (2)⍵ + 28
$3{x2} == 3 && $2{x1} >= 2 ?  (1)⍵^2 +  ($2{x1}+0)⍵ + 9$2{x1}+17
$3{x2} >= 4 && -$2{x1} >= 1 ?  (1)⍵^2 +  ($3{x2}-1)⍵ + -4$2{x1}+9$3{x2}-3
$3{x2} >= 4 && -$2{x1} >= -1 && $2{x1} >= 0 ?  (1)⍵^2 +  ($3{x2}-1)⍵ + 9$3{x2}+1
$3{x2} >= 4 && $2{x1} >= 2 ?  (1)⍵^2 +  ($2{x1}+$3{x2}-3)⍵ + 9$2{x1}+9$3{x2}-15

[7:]:
-$3{x2} >= -1 && -$2{x1} >= 0 ?  (2)⍵^2 +  (1)⍵ + -4$2{x1}+24
-$3{x2} >= -1 && $2{x1} >= 1 ?  ($2{x1}-1)⍵ + 9$2{x1}-4
$3{x2} == 2 && -$2{x1} >= 0 ?  (2)⍵^2 +  (1)⍵ + -4$2{x1}+24
$3{x2} == 2 && $2{x1} >= 1 ?  ($2{x1}-1)⍵ + 9$2{x1}+0
$3{x2} == 3 && -$2{x1} >= 0 ?  (2)⍵^2 +  (1)⍵ + -4$2{x1}+24
$3{x2} == 3 && $2{x1} >= 1 ?  ($2{x1}-1)⍵ + 9$2{x1}+4
$3{x2} >= 4 && -$2{x1} >= 1 ?  (2)⍵^2 +  ($3{x2}-2)⍵ + -4$2{x1}+9$3{x2}-8
$3{x2} >= 4 && $2{x1} == 0 ?  (2)⍵^2 +  (1)⍵ + 24
$3{x2} >= 4 && $2{x1} >= 1 ?  ($2{x1}-1)⍵ + 9$2{x1}+4$3{x2}-8

[8:]:
-$3{x2} >= -1 ? 3
$3{x2} == 2 && -$2{x1} >= 1 ? -4$2{x1}+4
$3{x2} == 2 && $2{x1} == 0 ? 3
$3{x2} == 2 && $2{x1} >= 1 ?  ($2{x1}-1)⍵ + 9$2{x1}-1
$3{x2} == 3 && -$2{x1} >= 1 ?  (1)⍵^2 +  (1)⍵ + -4$2{x1}+18
$3{x2} == 3 && $2{x1} == 0 ? 3
$3{x2} == 3 && $2{x1} >= 1 ?  ($2{x1}-1)⍵ + 9$2{x1}+3
$3{x2} >= 4 && -$2{x1} >= 1 ?  (1)⍵^2 +  ($3{x2}-2)⍵ + -4$2{x1}+9$3{x2}-9
$3{x2} >= 4 && $2{x1} == 0 ? 3
$3{x2} >= 4 && $2{x1} >= 1 ?  ($2{x1}-1)⍵ + 9$2{x1}+4$3{x2}-9

[9:]:
-$2{x1} >= 0 ?  (2)⍵^2 +  (1)⍵ + -4$2{x1}+23
$2{x1} >= 1 ?  ($2{x1}-1)⍵ + 9$2{x1}-5

[10:]:
-$2{x1} >= 1 ?  (2)⍵^2 +  (1)⍵ + -4$2{x1}+18
$2{x1} >= 0 ?  ($2{x1}+0)⍵ + 9$2{x1}+3

[11:]:
-$3{x2} >= -1 ? 4
$3{x2} >= 2 ?  (1)⍵^2 +  ($3{x2}-1)⍵ + 9$3{x2}+0

[12:]:
-$3{x2} >= 0 ? 3
$3{x2} == 1 && -$2{x1} >= 2 ? -4$2{x1}+0
$3{x2} == 1 && $2{x1} == -1 ? 3
$3{x2} == 1 && $2{x1} >= 0 ?  ($2{x1}+0)⍵ + 9$2{x1}+8
$3{x2} == 2 && -$2{x1} >= 2 ?  (1)⍵^2 +  (1)⍵ + -4$2{x1}+14
$3{x2} == 2 && $2{x1} == -1 ? 3
$3{x2} == 2 && $2{x1} >= 0 ?  ($2{x1}+0)⍵ + 9$2{x1}+12
$3{x2} >= 3 && -$2{x1} >= 2 ?  (1)⍵^2 +  ($3{x2}-1)⍵ + -4$2{x1}+9$3{x2}-4
$3{x2} >= 3 && $2{x1} == -1 ? 3
$3{x2} >= 3 && $2{x1} >= 0 ?  ($2{x1}+0)⍵ + 9$2{x1}+4$3{x2}+4

[13:]:
-$3{x2} >= 0 ? 3
$3{x2} >= 1 ?  (1)⍵^2 +  ($3{x2}+0)⍵ + 9$3{x2}+8

[14:]:
top ? bottom

[15:]:
top ? bottom

[16:]:
top ? 0.

[17:]:
-$3{x2} >= 0 ? 2
$3{x2} == 1 && -$2{x1} >= 1 ? -4$2{x1}+3
$3{x2} == 1 && $2{x1} == 0 ? 2
$3{x2} == 1 && $2{x1} >= 1 ?  ($2{x1}-1)⍵ + 9$2{x1}-2
$3{x2} == 2 && -$2{x1} >= 1 ?  (1)⍵^2 +  (1)⍵ + -4$2{x1}+17
$3{x2} == 2 && $2{x1} == 0 ? 2
$3{x2} == 2 && $2{x1} >= 1 ?  ($2{x1}-1)⍵ + 9$2{x1}+2
$3{x2} >= 3 && -$2{x1} >= 1 ?  (1)⍵^2 +  ($3{x2}-1)⍵ + -4$2{x1}+9$3{x2}-1
$3{x2} >= 3 && $2{x1} == 0 ? 2
$3{x2} >= 3 && $2{x1} >= 1 ?  ($2{x1}-1)⍵ + 9$2{x1}+4$3{x2}-6


Time: 0.914004
Analysis Result: TRUE
