[1:]:
top ? bottom

[2:]:
top ? bottom

[3:]:
top ? bottom

[4:]:
top ? bottom

[5:]:
top ? bottom

[6:]:
top ? bottom

[7:]:
top ? bottom

[8:]:
top ? bottom

[9:]:
top ? bottom

[10:]:
top ? bottom

[11:]:
top ? bottom

[12:]:
top ? bottom

[13:]:
top ? bottom

[14:]:
top ? bottom

[15:]:
top ? 0.

[16:]:
top ? bottom

[1:]:
-$3{y} >= 7 && -$2{x} >= -10 ? -4$3{y}-6
-$3{y} >= 7 && $2{x} >= 11 ? -3$3{y}-10
$3{y} == -6 && -$2{x} >= -10 ? 18
$3{y} == -6 && $2{x} >= 11 ? 8
$3{y} == -5 && -$2{x} >= -10 ? 14
$3{y} == -5 && $2{x} >= 11 ? 8
$3{y} == -4 && -$2{x} >= -10 ? 10
$3{y} == -4 && $2{x} >= 11 ? 5
$3{y} == -3 && -$2{x} >= -10 ? 6
$3{y} == -3 && $2{x} >= 11 ? 5
-$3{y} >= -2 && $3{y} >= -2 ? 2
$3{y} == 3 && -$2{x} >= -10 ? 8
$3{y} == 3 && $2{x} >= 11 ? 7
$3{y} == 4 && -$2{x} >= -10 ? 14
$3{y} == 4 && $2{x} >= 11 ? 7
$3{y} == 5 && -$2{x} >= -10 ? 20
$3{y} == 5 && $2{x} >= 11 ? 12
$3{y} >= 6 && -$2{x} >= -10 ?  ($3{y}-6)⍵ + 6$3{y}-10
$3{y} >= 6 && $2{x} >= 11 ?  ($3{y}-6)⍵^2 +  ($3{y}-6)⍵ + 5$3{y}-18

[2:]:
top ? 0.

[3:]:
-$3{y} >= 9 && -$2{x} >= -10 ? -4$3{y}-6
-$3{y} >= 9 && $2{x} >= 11 ? -3$3{y}-13
$3{y} == -8 && -$2{x} >= -10 ? -4$3{y}-6
$3{y} == -8 && $2{x} >= 11 ? 11
$3{y} == -7 && -$2{x} >= -10 ? 22
$3{y} == -7 && $2{x} >= 11 ? 11
$3{y} == -6 && -$2{x} >= -10 ? 18
$3{y} == -6 && $2{x} >= 11 ? 8
$3{y} == -5 && -$2{x} >= -10 ? 14
$3{y} == -5 && $2{x} >= 11 ? 8
$3{y} == -4 && -$2{x} >= -10 ? 10
$3{y} == -4 && $2{x} >= 11 ? 5
$3{y} == -3 && -$2{x} >= -10 ? 6
$3{y} == -3 && $2{x} >= 11 ? 5
-$3{y} >= -2 && $3{y} >= -2 ? 2
$3{y} == 3 && -$2{x} >= -10 ? 8
$3{y} == 3 && $2{x} >= 11 ? 7
$3{y} == 4 && -$2{x} >= -10 ? 14
$3{y} == 4 && $2{x} >= 11 ? 7
$3{y} == 5 && -$2{x} >= -10 ? 20
$3{y} == 5 && $2{x} >= 11 ? 12
$3{y} == 6 && -$2{x} >= -10 ? 26
$3{y} == 6 && $2{x} >= 11 ? 12
$3{y} == 7 && -$2{x} >= -10 ? 32
$3{y} == 7 && $2{x} >= 11 ? 17
$3{y} >= 8 && -$2{x} >= -10 ?  ($3{y}-7)⍵ + 6$3{y}-10
$3{y} >= 8 && $2{x} >= 11 ?  ($3{y}-8)⍵^2 +  ($3{y}-8)⍵ + 5$3{y}-23

[4:]:
top ? 1

[5:]:
-$3{y} >= 9 && -$2{x} >= -10 ? -4$3{y}-7
-$3{y} >= 9 && $2{x} >= 11 ? -3$3{y}-14
$3{y} == -8 && -$2{x} >= -10 ? -4$3{y}-7
$3{y} == -8 && $2{x} >= 11 ? 10
$3{y} == -7 && -$2{x} >= -10 ? 21
$3{y} == -7 && $2{x} >= 11 ? 10
$3{y} == -6 && -$2{x} >= -10 ? 17
$3{y} == -6 && $2{x} >= 11 ? 7
$3{y} == -5 && -$2{x} >= -10 ? 13
$3{y} == -5 && $2{x} >= 11 ? 7
$3{y} == -4 && -$2{x} >= -10 ? 9
$3{y} == -4 && $2{x} >= 11 ? 4
-$3{y} >= 1 && $3{y} >= -3 && -$2{x} >= -10 ? 5
-$3{y} >= 1 && $3{y} >= -3 && $2{x} >= 11 ? 4
-$3{y} >= -3 && $3{y} >= 0 && -$2{x} >= -10 ? 7
-$3{y} >= -3 && $3{y} >= 0 && $2{x} >= 11 ? 6
$3{y} == 4 && -$2{x} >= -10 ? 13
$3{y} == 4 && $2{x} >= 11 ? 6
$3{y} == 5 && -$2{x} >= -10 ? 19
$3{y} == 5 && $2{x} >= 11 ? 11
$3{y} == 6 && -$2{x} >= -10 ? 25
$3{y} == 6 && $2{x} >= 11 ? 11
$3{y} == 7 && -$2{x} >= -10 ? 31
$3{y} == 7 && $2{x} >= 11 ? 16
$3{y} >= 8 && -$2{x} >= -10 ?  ($3{y}-7)⍵ + 6$3{y}-11
$3{y} >= 8 && $2{x} >= 11 ?  ($3{y}-8)⍵^2 +  ($3{y}-8)⍵ + 5$3{y}-24

[6:]:
-$3{y} >= 8 && -$2{x} >= -10 ? -4$3{y}-8
-$3{y} >= 8 && $2{x} >= 11 ? -3$3{y}-7
$3{y} == -7 && -$2{x} >= -10 ? 20
$3{y} == -7 && $2{x} >= 11 ? -3$3{y}-7
$3{y} == -6 && -$2{x} >= -10 ? 16
$3{y} == -6 && $2{x} >= 11 ? 11
$3{y} == -5 && -$2{x} >= -10 ? 12
$3{y} == -5 && $2{x} >= 11 ? 11
$3{y} == -4 ? 8
$3{y} == -3 && -$2{x} >= -10 ? 4
$3{y} == -3 && $2{x} >= 11 ? 8
-$3{y} >= 1 && $3{y} >= -2 && -$2{x} >= -10 ? 4
-$3{y} >= 1 && $3{y} >= -2 && $2{x} >= 11 ? 5
-$3{y} >= -3 && $3{y} >= 0 && -$2{x} >= -10 ? 6
-$3{y} >= -3 && $3{y} >= 0 && $2{x} >= 11 ? 5
$3{y} == 4 && -$2{x} >= -10 ? 12
$3{y} == 4 && $2{x} >= 11 ? 5
$3{y} == 5 && -$2{x} >= -10 ? 18
$3{y} == 5 && $2{x} >= 11 ? 10
$3{y} == 6 && -$2{x} >= -10 ? 24
$3{y} == 6 && $2{x} >= 11 ? 10
-$3{y} >= -8 && $3{y} >= 7 && -$2{x} >= -10 ?  ($3{y}-7)⍵ + 6$3{y}-12
-$3{y} >= -8 && $3{y} >= 7 && $2{x} >= 11 ? 15
$3{y} >= 9 && -$2{x} >= -10 ?  ($3{y}-7)⍵ + 6$3{y}-12
$3{y} >= 9 && $2{x} >= 11 ?  ($3{y}-8)⍵^2 +  ($3{y}-8)⍵ + 5$3{y}-25

[7:]:
-$3{y} >= 9 && -$2{x} >= -10 ? -4$3{y}-13
-$3{y} >= 9 && $2{x} >= 11 ? -3$3{y}-15
$3{y} == -8 && -$2{x} >= -10 ? 19
$3{y} == -8 && $2{x} >= 11 ? 9
$3{y} == -7 && -$2{x} >= -10 ? 15
$3{y} == -7 && $2{x} >= 11 ? 9
$3{y} == -6 && -$2{x} >= -10 ? 11
$3{y} == -6 && $2{x} >= 11 ? 6
$3{y} == -5 && -$2{x} >= -10 ? 7
$3{y} == -5 && $2{x} >= 11 ? 6
-$3{y} >= 0 && $3{y} >= -4 ? 3
$3{y} == 1 && -$2{x} >= -10 ? 9
$3{y} == 1 && $2{x} >= 11 ? 8
$3{y} == 2 && -$2{x} >= -10 ? 15
$3{y} == 2 && $2{x} >= 11 ? 8
$3{y} == 3 && -$2{x} >= -10 ? 21
$3{y} == 3 && $2{x} >= 11 ? 13
$3{y} >= 4 && -$2{x} >= -10 ?  ($3{y}-4)⍵ + 6$3{y}+3
$3{y} >= 4 && $2{x} >= 11 ?  ($3{y}-4)⍵^2 +  ($3{y}-4)⍵ + 5$3{y}-7

[8:]:
-$3{y} >= 7 && -$2{x} >= -10 ? -4$3{y}-4
-$3{y} >= 7 && $2{x} >= 11 ? -3$3{y}-8
$3{y} == -6 && -$2{x} >= -10 ? 20
$3{y} == -6 && $2{x} >= 11 ? 10
$3{y} == -5 && -$2{x} >= -10 ? 16
$3{y} == -5 && $2{x} >= 11 ? 10
$3{y} == -4 && -$2{x} >= -10 ? 12
$3{y} == -4 && $2{x} >= 11 ? 7
$3{y} == -3 && -$2{x} >= -10 ? 8
$3{y} == -3 && $2{x} >= 11 ? 7
-$3{y} >= 1 && $3{y} >= -2 ? 4
-$3{y} >= -3 && $3{y} >= 0 && -$2{x} >= -10 ? 5
-$3{y} >= -3 && $3{y} >= 0 && $2{x} >= 11 ? 4
$3{y} == 4 && -$2{x} >= -10 ? 11
$3{y} == 4 && $2{x} >= 11 ? 4
$3{y} == 5 && -$2{x} >= -10 ? 17
$3{y} == 5 && $2{x} >= 11 ? 9
$3{y} == 6 && -$2{x} >= -10 ? 23
$3{y} == 6 && $2{x} >= 11 ? 9
-$3{y} >= -8 && $3{y} >= 7 && -$2{x} >= -10 ?  ($3{y}-7)⍵ + 6$3{y}-13
-$3{y} >= -8 && $3{y} >= 7 && $2{x} >= 11 ? 14
$3{y} >= 9 && -$2{x} >= -10 ?  ($3{y}-7)⍵ + 6$3{y}-13
$3{y} >= 9 && $2{x} >= 11 ?  ($3{y}-8)⍵^2 +  ($3{y}-8)⍵ + 5$3{y}-26

[9:]:
-$3{y} >= 8 && -$2{x} >= -10 ? -4$3{y}-9
-$3{y} >= 8 && $2{x} >= 11 ? -3$3{y}-12
$3{y} == -7 && -$2{x} >= -10 ? 19
$3{y} == -7 && $2{x} >= 11 ? 9
$3{y} == -6 && -$2{x} >= -10 ? 15
$3{y} == -6 && $2{x} >= 11 ? 9
$3{y} == -5 && -$2{x} >= -10 ? 11
$3{y} == -5 && $2{x} >= 11 ? 6
$3{y} == -4 && -$2{x} >= -10 ? 7
$3{y} == -4 && $2{x} >= 11 ? 6
-$3{y} >= -1 && $3{y} >= -3 ? 3
$3{y} == 2 && -$2{x} >= -10 ? 9
$3{y} == 2 && $2{x} >= 11 ? 8
$3{y} == 3 && -$2{x} >= -10 ? 15
$3{y} == 3 && $2{x} >= 11 ? 8
$3{y} == 4 && -$2{x} >= -10 ? 21
$3{y} == 4 && $2{x} >= 11 ? 13
$3{y} >= 5 && -$2{x} >= -10 ?  ($3{y}-5)⍵ + 6$3{y}-3
$3{y} >= 5 && $2{x} >= 11 ?  ($3{y}-5)⍵^2 +  ($3{y}-5)⍵ + 5$3{y}-12

[10:]:
-$3{y} >= 7 && -$2{x} >= -10 ? -4$3{y}-5
-$3{y} >= 7 && $2{x} >= 11 ? -3$3{y}-9
$3{y} == -6 && -$2{x} >= -10 ? 19
$3{y} == -6 && $2{x} >= 11 ? 9
$3{y} == -5 && -$2{x} >= -10 ? 15
$3{y} == -5 && $2{x} >= 11 ? 9
$3{y} == -4 && -$2{x} >= -10 ? 11
$3{y} == -4 && $2{x} >= 11 ? 6
$3{y} == -3 && -$2{x} >= -10 ? 7
$3{y} == -3 && $2{x} >= 11 ? 6
-$3{y} >= 1 && $3{y} >= -2 ? 3
-$3{y} >= -2 && $3{y} >= 0 && -$2{x} >= -10 ? 4
-$3{y} >= -2 && $3{y} >= 0 && $2{x} >= 11 ? 3
$3{y} == 3 && -$2{x} >= -10 ? 4
$3{y} == 3 && $2{x} >= 11 ? 8
$3{y} == 4 && -$2{x} >= -10 ? 10
$3{y} == 4 && $2{x} >= 11 ? 8
$3{y} == 5 && -$2{x} >= -10 ? 16
$3{y} == 5 && $2{x} >= 11 ? 13
$3{y} == 6 && -$2{x} >= -10 ? 22
$3{y} == 6 && $2{x} >= 11 ? 13
$3{y} >= 7 && -$2{x} >= -10 ?  ($3{y}-7)⍵ + 6$3{y}-14
$3{y} >= 7 && $2{x} >= 11 ?  ($3{y}-6)⍵^2 +  ($3{y}-6)⍵ + 5$3{y}-17

[11:]:
-$3{y} >= 5 && -$2{x} >= -10 ? -4$3{y}+3
-$3{y} >= 5 && $2{x} >= 11 ? -3$3{y}-3
$3{y} == -4 && -$2{x} >= -10 ? 19
$3{y} == -4 && $2{x} >= 11 ? 9
$3{y} == -3 && -$2{x} >= -10 ? 15
$3{y} == -3 && $2{x} >= 11 ? 9
$3{y} == -2 && -$2{x} >= -10 ? 11
$3{y} == -2 && $2{x} >= 11 ? 6
$3{y} == -1 && -$2{x} >= -10 ? 7
$3{y} == -1 && $2{x} >= 11 ? 6
-$3{y} >= -4 && $3{y} >= 0 ? 3
$3{y} == 5 && -$2{x} >= -10 ? 9
$3{y} == 5 && $2{x} >= 11 ? 8
$3{y} == 6 && -$2{x} >= -10 ? 15
$3{y} == 6 && $2{x} >= 11 ? 8
$3{y} == 7 && -$2{x} >= -10 ? 21
$3{y} == 7 && $2{x} >= 11 ? 13
$3{y} >= 8 && -$2{x} >= -10 ?  ($3{y}-8)⍵ + 6$3{y}-21
$3{y} >= 8 && $2{x} >= 11 ?  ($3{y}-8)⍵^2 +  ($3{y}-8)⍵ + 5$3{y}-27

[12:]:
-$3{y} >= 6 && -$2{x} >= -10 ? -4$3{y}-1
-$3{y} >= 6 && $2{x} >= 11 ? -3$3{y}-6
$3{y} == -5 && -$2{x} >= -10 ? 19
$3{y} == -5 && $2{x} >= 11 ? 9
$3{y} == -4 && -$2{x} >= -10 ? 15
$3{y} == -4 && $2{x} >= 11 ? 9
$3{y} == -3 && -$2{x} >= -10 ? 11
$3{y} == -3 && $2{x} >= 11 ? 6
$3{y} == -2 && -$2{x} >= -10 ? 7
$3{y} == -2 && $2{x} >= 11 ? 6
-$3{y} >= -3 && $3{y} >= -1 ? 3
$3{y} == 4 && -$2{x} >= -10 ? 9
$3{y} == 4 && $2{x} >= 11 ? 8
$3{y} == 5 && -$2{x} >= -10 ? 15
$3{y} == 5 && $2{x} >= 11 ? 8
$3{y} == 6 && -$2{x} >= -10 ? 21
$3{y} == 6 && $2{x} >= 11 ? 13
$3{y} >= 7 && -$2{x} >= -10 ?  ($3{y}-7)⍵ + 6$3{y}-15
$3{y} >= 7 && $2{x} >= 11 ?  ($3{y}-7)⍵^2 +  ($3{y}-7)⍵ + 5$3{y}-22

[13:]:
top ? bottom

[14:]:
top ? bottom

[15:]:
top ? 0.

[16:]:
-$3{y} >= 7 && -$2{x} >= -10 ? -4$3{y}-6
-$3{y} >= 7 && $2{x} >= 11 ? -3$3{y}-10
$3{y} == -6 && -$2{x} >= -10 ? 18
$3{y} == -6 && $2{x} >= 11 ? 8
$3{y} == -5 && -$2{x} >= -10 ? 14
$3{y} == -5 && $2{x} >= 11 ? 8
$3{y} == -4 && -$2{x} >= -10 ? 10
$3{y} == -4 && $2{x} >= 11 ? 5
$3{y} == -3 && -$2{x} >= -10 ? 6
$3{y} == -3 && $2{x} >= 11 ? 5
-$3{y} >= -2 && $3{y} >= -2 ? 2
$3{y} == 3 && -$2{x} >= -10 ? 8
$3{y} == 3 && $2{x} >= 11 ? 7
$3{y} == 4 && -$2{x} >= -10 ? 14
$3{y} == 4 && $2{x} >= 11 ? 7
$3{y} == 5 && -$2{x} >= -10 ? 20
$3{y} == 5 && $2{x} >= 11 ? 12
$3{y} >= 6 && -$2{x} >= -10 ?  ($3{y}-6)⍵ + 6$3{y}-10
$3{y} >= 6 && $2{x} >= 11 ?  ($3{y}-6)⍵^2 +  ($3{y}-6)⍵ + 5$3{y}-18


Time: 0.344870
Analysis Result: TRUE
