Forwad Analysis: 
[1]: bottom
[2]: bottom
[3]: bottom
[4]: bottom
[5]: top
[6]: -$4{y} >= -2 && $4{y} >= -2 && $3{__return_main} == 0
[7]: top
[8]: top
[9]: -$4{y} >= -2 && $4{y} >= -2
[10]: top
[11]: -$5{x} >= 0
[12]: $5{x} >= 1
[13]: $5{x} >= 1 && $1{x} >= 1
[14]: $5{x} >= 1 && -$2{__return_get_step} >= -2 && $2{__return_get_step} >= 1 && $1{x} >= 1
[15]: -$7{__ret_get_step} >= -2 && $7{__ret_get_step} >= 1 && $5{x} >= 1 && -$2{__return_get_step} >= -2 && $2{__return_get_step} >= 1 && $1{x} >= 1
[16]: -$5{x} >= 0 && $1{x} >= 0
[17]: -$5{x} >= 0 && -$2{__return_get_step} >= -2 && $2{__return_get_step} >= 1 && $1{x} >= 0
[18]: -$8{__ret_get_step} >= -2 && $8{__ret_get_step} >= 1 && -$5{x} >= 0 && -$2{__return_get_step} >= -2 && $2{__return_get_step} >= 1 && $1{x} >= 0
[19]: top
[20]: top
[21]: -$4{y} >= -2 && $4{y} >= -2 && $3{__return_main} == 0
[22]: top
[23]: $5{x} >= 1 && $1{x} >= 1
[24]: $5{x} >= 1 && -$2{__return_get_step} >= -2 && $2{__return_get_step} >= 1 && $1{x} >= 1
[25]: $5{x} >= 1 && -$1{x} >= -10 && $1{x} >= 1
[26]: $5{x} >= 1 && $1{x} >= 11
[27]: -$5{x} >= 0 && $1{x} >= 0
[28]: -$5{x} >= 0 && -$2{__return_get_step} >= -2 && $2{__return_get_step} >= 1 && $1{x} >= 0
[29]: -$5{x} >= 0 && -$1{x} >= -10 && $1{x} >= 0
[30]: -$5{x} >= 0 && $1{x} >= 11
 
[1:]:
top ? bottom

[2:]:
top ? bottom

[3:]:
top ? bottom

[4:]:
top ? bottom

[5:]:
top ? bottom

[6:]:
top ? bottom

[7:]:
top ? bottom

[8:]:
top ? bottom

[9:]:
top ? bottom

[10:]:
top ? bottom

[11:]:
top ? bottom

[12:]:
top ? bottom

[13:]:
top ? bottom

[14:]:
top ? bottom

[15:]:
top ? bottom

[16:]:
top ? bottom

[17:]:
top ? bottom

[18:]:
top ? bottom

[19:]:
top ? bottom

[20:]:
top ? bottom

[21:]:
top ? 0.

[22:]:
top ? bottom

[23:]:
top ? bottom

[24:]:
top ? bottom

[25:]:
top ? bottom

[26:]:
top ? bottom

[27:]:
top ? bottom

[28:]:
top ? bottom

[29:]:
top ? bottom

[30:]:
top ? bottom

[1:]:
top ? bottom

[2:]:
top ? bottom

[3:]:
top ? bottom

[4:]:
top ? bottom

[5:]:
-$4{y} >= 3 ? bottom
-$4{y} >= -2 && $4{y} >= -2 ? 3
$4{y} >= 3 ? bottom

[6:]:
-$4{y} >= -2 && $4{y} >= -2 && $3{__return_main} == 0 ? 0.

[7:]:
-$4{y} >= 3 ? bottom
-$4{y} >= -2 && $4{y} >= -2 ? 3
$4{y} >= 3 ? bottom

[8:]:
-$5{x} >= 11 && -$4{y} >= 3 ? bottom
-$5{x} >= 11 && -$4{y} >= -2 && $4{y} >= -2 ? 2
-$5{x} >= 11 && $4{y} >= 3 ? bottom
-$5{x} >= 0 && $5{x} >= -10 && -$4{y} >= 3 ? bottom
-$5{x} >= 0 && $5{x} >= -10 && -$4{y} >= -2 && $4{y} >= -2 ? 2
-$5{x} >= 0 && $5{x} >= -10 && $4{y} >= 3 ? bottom
-$5{x} >= -10 && $5{x} >= 1 && -$4{y} >= 3 ? bottom
-$5{x} >= -10 && $5{x} >= 1 && -$4{y} >= -2 && $4{y} >= -2 ? 2
-$5{x} >= -10 && $5{x} >= 1 && $4{y} >= 3 ? bottom
$5{x} >= 11 && -$4{y} >= 3 ? bottom
$5{x} >= 11 && -$4{y} >= -2 && $4{y} >= -2 ? 2
$5{x} >= 11 && $4{y} >= 3 ? bottom

[9:]:
-$4{y} >= -2 && $4{y} >= -2 ? 1

[10:]:
top ? bottom

[11:]:
-$5{x} >= 0 ? bottom

[12:]:
$5{x} >= 1 ? bottom

[13:]:
$5{x} >= 1 && $1{x} >= 1 ? bottom

[14:]:
$5{x} >= 1 && -$2{__return_get_step} >= -2 && $2{__return_get_step} >= 1 && $1{x} >= 1 ? bottom

[15:]:
-$7{__ret_get_step} >= -2 && $7{__ret_get_step} >= 1 && $5{x} >= 1 && -$2{__return_get_step} >= -2 && $2{__return_get_step} >= 1 && $1{x} >= 1 ? bottom

[16:]:
-$5{x} >= 0 && $1{x} >= 0 ? bottom

[17:]:
-$5{x} >= 0 && -$2{__return_get_step} >= -2 && $2{__return_get_step} >= 1 && $1{x} >= 0 ? bottom

[18:]:
-$8{__ret_get_step} >= -2 && $8{__ret_get_step} >= 1 && -$5{x} >= 0 && -$2{__return_get_step} >= -2 && $2{__return_get_step} >= 1 && $1{x} >= 0 ? bottom

[19:]:
top ? bottom

[20:]:
top ? bottom

[21:]:
-$4{y} >= -2 && $4{y} >= -2 && $3{__return_main} == 0 ? 0.

[22:]:
-$4{y} >= 3 ? bottom
-$4{y} >= -2 && $4{y} >= -2 ? 3
$4{y} >= 3 ? bottom

[23:]:
$5{x} >= 1 && $1{x} >= 1 ? bottom

[24:]:
$5{x} >= 1 && -$2{__return_get_step} >= -2 && $2{__return_get_step} >= 1 && $1{x} >= 1 ? bottom

[25:]:
$5{x} >= 1 && -$1{x} >= -10 && $1{x} >= 1 ? bottom

[26:]:
$5{x} >= 1 && $1{x} >= 11 ? bottom

[27:]:
-$5{x} >= 0 && $1{x} >= 0 ? bottom

[28:]:
-$5{x} >= 0 && -$2{__return_get_step} >= -2 && $2{__return_get_step} >= 1 && $1{x} >= 0 ? bottom

[29:]:
-$5{x} >= 0 && -$1{x} >= -10 && $1{x} >= 0 ? bottom

[30:]:
-$5{x} >= 0 && $1{x} >= 11 ? bottom


Time: 0.008810
Analysis Result: UNKNOWN
