Forwad Analysis: 
[1]: bottom
[2]: bottom
[3]: bottom
[4]: bottom
[5]: bottom
[6]: bottom
[7]: bottom
[8]: bottom
[9]: bottom
[10]: bottom
[11]: top
[12]: -$4{y} >= -5 && $4{y} >= -5 && $3{__return_main} == 0
[13]: top
[14]: top
[15]: -$4{y} >= -5 && $4{y} >= -5
[16]: top
[17]: -$5{x} >= 0
[18]: $5{x} >= 1
[19]: $5{x} >= 1 && $1{x} >= 1
[20]: $5{x} >= 1 && -$2{__return_get_step} >= -5 && $2{__return_get_step} >= 1 && $1{x} >= 1
[21]: -$7{__ret_get_step} >= -5 && $7{__ret_get_step} >= 1 && $5{x} >= 1 && -$2{__return_get_step} >= -5 && $2{__return_get_step} >= 1 && $1{x} >= 1
[22]: -$5{x} >= 0 && $1{x} >= 0
[23]: -$5{x} >= 0 && -$2{__return_get_step} >= -5 && $2{__return_get_step} >= 1 && $1{x} >= 0
[24]: -$8{__ret_get_step} >= -5 && $8{__ret_get_step} >= 1 && -$5{x} >= 0 && -$2{__return_get_step} >= -5 && $2{__return_get_step} >= 1 && $1{x} >= 0
[25]: top
[26]: top
[27]: -$4{y} >= -5 && $4{y} >= -5 && $3{__return_main} == 0
[28]: top
[29]: $5{x} >= 1 && $1{x} >= 1
[30]: $5{x} >= 1 && -$2{__return_get_step} >= -5 && $2{__return_get_step} >= 1 && $1{x} >= 1
[31]: $5{x} >= 1 && -$1{x} >= -10 && $1{x} >= 1
[32]: $5{x} >= 1 && -$1{x} >= -40 && $1{x} >= 1
[33]: $5{x} >= 1 && $1{x} >= 41
[34]: $5{x} >= 1 && -$1{x} >= -30 && $1{x} >= 1
[35]: $5{x} >= 1 && -$1{x} >= -40 && $1{x} >= 31
[36]: $5{x} >= 1 && -$1{x} >= -20 && $1{x} >= 1
[37]: $5{x} >= 1 && -$1{x} >= -30 && $1{x} >= 21
[38]: $5{x} >= 1 && -$1{x} >= -20 && $1{x} >= 11
[39]: -$5{x} >= 0 && $1{x} >= 0
[40]: -$5{x} >= 0 && -$2{__return_get_step} >= -5 && $2{__return_get_step} >= 1 && $1{x} >= 0
[41]: -$5{x} >= 0 && -$1{x} >= -10 && $1{x} >= 0
[42]: -$5{x} >= 0 && -$1{x} >= -40 && $1{x} >= 0
[43]: -$5{x} >= 0 && $1{x} >= 41
[44]: -$5{x} >= 0 && -$1{x} >= -30 && $1{x} >= 0
[45]: -$5{x} >= 0 && -$1{x} >= -40 && $1{x} >= 31
[46]: -$5{x} >= 0 && -$1{x} >= -20 && $1{x} >= 0
[47]: -$5{x} >= 0 && -$1{x} >= -30 && $1{x} >= 21
[48]: -$5{x} >= 0 && -$1{x} >= -20 && $1{x} >= 11
 
[1:]:
top ? bottom

[2:]:
top ? bottom

[3:]:
top ? bottom

[4:]:
top ? bottom

[5:]:
top ? bottom

[6:]:
top ? bottom

[7:]:
top ? bottom

[8:]:
top ? bottom

[9:]:
top ? bottom

[10:]:
top ? bottom

[11:]:
top ? bottom

[12:]:
top ? bottom

[13:]:
top ? bottom

[14:]:
top ? bottom

[15:]:
top ? bottom

[16:]:
top ? bottom

[17:]:
top ? bottom

[18:]:
top ? bottom

[19:]:
top ? bottom

[20:]:
top ? bottom

[21:]:
top ? bottom

[22:]:
top ? bottom

[23:]:
top ? bottom

[24:]:
top ? bottom

[25:]:
top ? bottom

[26:]:
top ? bottom

[27:]:
top ? 0.

[28:]:
top ? bottom

[29:]:
top ? bottom

[30:]:
top ? bottom

[31:]:
top ? bottom

[32:]:
top ? bottom

[33:]:
top ? bottom

[34:]:
top ? bottom

[35:]:
top ? bottom

[36:]:
top ? bottom

[37:]:
top ? bottom

[38:]:
top ? bottom

[39:]:
top ? bottom

[40:]:
top ? bottom

[41:]:
top ? bottom

[42:]:
top ? bottom

[43:]:
top ? bottom

[44:]:
top ? bottom

[45:]:
top ? bottom

[46:]:
top ? bottom

[47:]:
top ? bottom

[48:]:
top ? bottom

[1:]:
top ? bottom

[2:]:
top ? bottom

[3:]:
top ? bottom

[4:]:
top ? bottom

[5:]:
top ? bottom

[6:]:
top ? bottom

[7:]:
top ? bottom

[8:]:
top ? bottom

[9:]:
top ? bottom

[10:]:
top ? bottom

[11:]:
-$4{y} >= 6 ? bottom
-$4{y} >= -5 && $4{y} >= -5 ? 3
$4{y} >= 6 ? bottom

[12:]:
-$4{y} >= -5 && $4{y} >= -5 && $3{__return_main} == 0 ? 0.

[13:]:
-$4{y} >= 6 ? bottom
-$4{y} >= -5 && $4{y} >= -5 ? 3
$4{y} >= 6 ? bottom

[14:]:
-$5{x} >= 41 && -$4{y} >= 6 ? bottom
-$5{x} >= 41 && -$4{y} >= -5 && $4{y} >= -5 ? 2
-$5{x} >= 41 && $4{y} >= 6 ? bottom
-$5{x} >= 31 && $5{x} >= -40 && -$4{y} >= 6 ? bottom
-$5{x} >= 31 && $5{x} >= -40 && -$4{y} >= -5 && $4{y} >= -5 ? 2
-$5{x} >= 31 && $5{x} >= -40 && $4{y} >= 6 ? bottom
-$5{x} >= 21 && $5{x} >= -30 && -$4{y} >= 6 ? bottom
-$5{x} >= 21 && $5{x} >= -30 && -$4{y} >= -5 && $4{y} >= -5 ? 2
-$5{x} >= 21 && $5{x} >= -30 && $4{y} >= 6 ? bottom
-$5{x} >= 11 && $5{x} >= -20 && -$4{y} >= 6 ? bottom
-$5{x} >= 11 && $5{x} >= -20 && -$4{y} >= -5 && $4{y} >= -5 ? 2
-$5{x} >= 11 && $5{x} >= -20 && $4{y} >= 6 ? bottom
-$5{x} >= 0 && $5{x} >= -10 && -$4{y} >= 6 ? bottom
-$5{x} >= 0 && $5{x} >= -10 && -$4{y} >= -5 && $4{y} >= -5 ? 2
-$5{x} >= 0 && $5{x} >= -10 && $4{y} >= 6 ? bottom
-$5{x} >= -10 && $5{x} >= 1 && -$4{y} >= 6 ? bottom
-$5{x} >= -10 && $5{x} >= 1 && -$4{y} >= -5 && $4{y} >= -5 ? 2
-$5{x} >= -10 && $5{x} >= 1 && $4{y} >= 6 ? bottom
-$5{x} >= -20 && $5{x} >= 11 && -$4{y} >= 6 ? bottom
-$5{x} >= -20 && $5{x} >= 11 && -$4{y} >= -5 && $4{y} >= -5 ? 2
-$5{x} >= -20 && $5{x} >= 11 && $4{y} >= 6 ? bottom
-$5{x} >= -30 && $5{x} >= 21 && -$4{y} >= 6 ? bottom
-$5{x} >= -30 && $5{x} >= 21 && -$4{y} >= -5 && $4{y} >= -5 ? 2
-$5{x} >= -30 && $5{x} >= 21 && $4{y} >= 6 ? bottom
-$5{x} >= -40 && $5{x} >= 31 && -$4{y} >= 6 ? bottom
-$5{x} >= -40 && $5{x} >= 31 && -$4{y} >= -5 && $4{y} >= -5 ? 2
-$5{x} >= -40 && $5{x} >= 31 && $4{y} >= 6 ? bottom
$5{x} >= 41 && -$4{y} >= 6 ? bottom
$5{x} >= 41 && -$4{y} >= -5 && $4{y} >= -5 ? 2
$5{x} >= 41 && $4{y} >= 6 ? bottom

[15:]:
-$4{y} >= -5 && $4{y} >= -5 ? 1

[16:]:
top ? bottom

[17:]:
-$5{x} >= 0 ? bottom

[18:]:
$5{x} >= 1 ? bottom

[19:]:
$5{x} >= 1 && $1{x} >= 1 ? bottom

[20:]:
$5{x} >= 1 && -$2{__return_get_step} >= -5 && $2{__return_get_step} >= 1 && $1{x} >= 1 ? bottom

[21:]:
-$7{__ret_get_step} >= -5 && $7{__ret_get_step} >= 1 && $5{x} >= 1 && -$2{__return_get_step} >= -5 && $2{__return_get_step} >= 1 && $1{x} >= 1 ? bottom

[22:]:
-$5{x} >= 0 && $1{x} >= 0 ? bottom

[23:]:
-$5{x} >= 0 && -$2{__return_get_step} >= -5 && $2{__return_get_step} >= 1 && $1{x} >= 0 ? bottom

[24:]:
-$8{__ret_get_step} >= -5 && $8{__ret_get_step} >= 1 && -$5{x} >= 0 && -$2{__return_get_step} >= -5 && $2{__return_get_step} >= 1 && $1{x} >= 0 ? bottom

[25:]:
top ? bottom

[26:]:
top ? bottom

[27:]:
-$4{y} >= -5 && $4{y} >= -5 && $3{__return_main} == 0 ? 0.

[28:]:
-$4{y} >= 6 ? bottom
-$4{y} >= -5 && $4{y} >= -5 ? 3
$4{y} >= 6 ? bottom

[29:]:
$5{x} >= 1 && $1{x} >= 1 ? bottom

[30:]:
$5{x} >= 1 && -$2{__return_get_step} >= -5 && $2{__return_get_step} >= 1 && $1{x} >= 1 ? bottom

[31:]:
$5{x} >= 1 && -$1{x} >= -10 && $1{x} >= 1 ? bottom

[32:]:
$5{x} >= 1 && -$1{x} >= -40 && $1{x} >= 1 ? bottom

[33:]:
$5{x} >= 1 && $1{x} >= 41 ? bottom

[34:]:
$5{x} >= 1 && -$1{x} >= -30 && $1{x} >= 1 ? bottom

[35:]:
$5{x} >= 1 && -$1{x} >= -40 && $1{x} >= 31 ? bottom

[36:]:
$5{x} >= 1 && -$1{x} >= -20 && $1{x} >= 1 ? bottom

[37:]:
$5{x} >= 1 && -$1{x} >= -30 && $1{x} >= 21 ? bottom

[38:]:
$5{x} >= 1 && -$1{x} >= -20 && $1{x} >= 11 ? bottom

[39:]:
-$5{x} >= 0 && $1{x} >= 0 ? bottom

[40:]:
-$5{x} >= 0 && -$2{__return_get_step} >= -5 && $2{__return_get_step} >= 1 && $1{x} >= 0 ? bottom

[41:]:
-$5{x} >= 0 && -$1{x} >= -10 && $1{x} >= 0 ? bottom

[42:]:
-$5{x} >= 0 && -$1{x} >= -40 && $1{x} >= 0 ? bottom

[43:]:
-$5{x} >= 0 && $1{x} >= 41 ? bottom

[44:]:
-$5{x} >= 0 && -$1{x} >= -30 && $1{x} >= 0 ? bottom

[45:]:
-$5{x} >= 0 && -$1{x} >= -40 && $1{x} >= 31 ? bottom

[46:]:
-$5{x} >= 0 && -$1{x} >= -20 && $1{x} >= 0 ? bottom

[47:]:
-$5{x} >= 0 && -$1{x} >= -30 && $1{x} >= 21 ? bottom

[48:]:
-$5{x} >= 0 && -$1{x} >= -20 && $1{x} >= 11 ? bottom


Time: 0.023921
Analysis Result: UNKNOWN
