Forwad Analysis: 
[1]: bottom
[2]: bottom
[3]: bottom
[4]: bottom
[5]: bottom
[6]: bottom
[7]: bottom
[8]: bottom
[9]: top
[10]: -$4{y} >= -4 && $4{y} >= -4 && $3{__return_main} == 0
[11]: top
[12]: top
[13]: -$4{y} >= -4 && $4{y} >= -4
[14]: top
[15]: -$5{x} >= 0
[16]: $5{x} >= 1
[17]: $5{x} >= 1 && $1{x} >= 1
[18]: $5{x} >= 1 && -$2{__return_get_step} >= -4 && $2{__return_get_step} >= 1 && $1{x} >= 1
[19]: -$7{__ret_get_step} >= -4 && $7{__ret_get_step} >= 1 && $5{x} >= 1 && -$2{__return_get_step} >= -4 && $2{__return_get_step} >= 1 && $1{x} >= 1
[20]: -$5{x} >= 0 && $1{x} >= 0
[21]: -$5{x} >= 0 && -$2{__return_get_step} >= -4 && $2{__return_get_step} >= 1 && $1{x} >= 0
[22]: -$8{__ret_get_step} >= -4 && $8{__ret_get_step} >= 1 && -$5{x} >= 0 && -$2{__return_get_step} >= -4 && $2{__return_get_step} >= 1 && $1{x} >= 0
[23]: top
[24]: top
[25]: -$4{y} >= -4 && $4{y} >= -4 && $3{__return_main} == 0
[26]: top
[27]: $5{x} >= 1 && $1{x} >= 1
[28]: $5{x} >= 1 && -$2{__return_get_step} >= -4 && $2{__return_get_step} >= 1 && $1{x} >= 1
[29]: $5{x} >= 1 && -$1{x} >= -10 && $1{x} >= 1
[30]: $5{x} >= 1 && -$1{x} >= -30 && $1{x} >= 1
[31]: $5{x} >= 1 && $1{x} >= 31
[32]: $5{x} >= 1 && -$1{x} >= -20 && $1{x} >= 1
[33]: $5{x} >= 1 && -$1{x} >= -30 && $1{x} >= 21
[34]: $5{x} >= 1 && -$1{x} >= -20 && $1{x} >= 11
[35]: -$5{x} >= 0 && $1{x} >= 0
[36]: -$5{x} >= 0 && -$2{__return_get_step} >= -4 && $2{__return_get_step} >= 1 && $1{x} >= 0
[37]: -$5{x} >= 0 && -$1{x} >= -10 && $1{x} >= 0
[38]: -$5{x} >= 0 && -$1{x} >= -30 && $1{x} >= 0
[39]: -$5{x} >= 0 && $1{x} >= 31
[40]: -$5{x} >= 0 && -$1{x} >= -20 && $1{x} >= 0
[41]: -$5{x} >= 0 && -$1{x} >= -30 && $1{x} >= 21
[42]: -$5{x} >= 0 && -$1{x} >= -20 && $1{x} >= 11
 
[1:]:
top ? bottom

[2:]:
top ? bottom

[3:]:
top ? bottom

[4:]:
top ? bottom

[5:]:
top ? bottom

[6:]:
top ? bottom

[7:]:
top ? bottom

[8:]:
top ? bottom

[9:]:
top ? bottom

[10:]:
top ? bottom

[11:]:
top ? bottom

[12:]:
top ? bottom

[13:]:
top ? bottom

[14:]:
top ? bottom

[15:]:
top ? bottom

[16:]:
top ? bottom

[17:]:
top ? bottom

[18:]:
top ? bottom

[19:]:
top ? bottom

[20:]:
top ? bottom

[21:]:
top ? bottom

[22:]:
top ? bottom

[23:]:
top ? bottom

[24:]:
top ? bottom

[25:]:
top ? 0.

[26:]:
top ? bottom

[27:]:
top ? bottom

[28:]:
top ? bottom

[29:]:
top ? bottom

[30:]:
top ? bottom

[31:]:
top ? bottom

[32:]:
top ? bottom

[33:]:
top ? bottom

[34:]:
top ? bottom

[35:]:
top ? bottom

[36:]:
top ? bottom

[37:]:
top ? bottom

[38:]:
top ? bottom

[39:]:
top ? bottom

[40:]:
top ? bottom

[41:]:
top ? bottom

[42:]:
top ? bottom

[1:]:
top ? bottom

[2:]:
top ? bottom

[3:]:
top ? bottom

[4:]:
top ? bottom

[5:]:
top ? bottom

[6:]:
top ? bottom

[7:]:
top ? bottom

[8:]:
top ? bottom

[9:]:
-$4{y} >= 5 ? bottom
-$4{y} >= -4 && $4{y} >= -4 ? 3
$4{y} >= 5 ? bottom

[10:]:
-$4{y} >= -4 && $4{y} >= -4 && $3{__return_main} == 0 ? 0.

[11:]:
-$4{y} >= 5 ? bottom
-$4{y} >= -4 && $4{y} >= -4 ? 3
$4{y} >= 5 ? bottom

[12:]:
-$5{x} >= 31 && -$4{y} >= 5 ? bottom
-$5{x} >= 31 && -$4{y} >= -4 && $4{y} >= -4 ? 2
-$5{x} >= 31 && $4{y} >= 5 ? bottom
-$5{x} >= 21 && $5{x} >= -30 && -$4{y} >= 5 ? bottom
-$5{x} >= 21 && $5{x} >= -30 && -$4{y} >= -4 && $4{y} >= -4 ? 2
-$5{x} >= 21 && $5{x} >= -30 && $4{y} >= 5 ? bottom
-$5{x} >= 11 && $5{x} >= -20 && -$4{y} >= 5 ? bottom
-$5{x} >= 11 && $5{x} >= -20 && -$4{y} >= -4 && $4{y} >= -4 ? 2
-$5{x} >= 11 && $5{x} >= -20 && $4{y} >= 5 ? bottom
-$5{x} >= 0 && $5{x} >= -10 && -$4{y} >= 5 ? bottom
-$5{x} >= 0 && $5{x} >= -10 && -$4{y} >= -4 && $4{y} >= -4 ? 2
-$5{x} >= 0 && $5{x} >= -10 && $4{y} >= 5 ? bottom
-$5{x} >= -10 && $5{x} >= 1 && -$4{y} >= 5 ? bottom
-$5{x} >= -10 && $5{x} >= 1 && -$4{y} >= -4 && $4{y} >= -4 ? 2
-$5{x} >= -10 && $5{x} >= 1 && $4{y} >= 5 ? bottom
-$5{x} >= -20 && $5{x} >= 11 && -$4{y} >= 5 ? bottom
-$5{x} >= -20 && $5{x} >= 11 && -$4{y} >= -4 && $4{y} >= -4 ? 2
-$5{x} >= -20 && $5{x} >= 11 && $4{y} >= 5 ? bottom
-$5{x} >= -30 && $5{x} >= 21 && -$4{y} >= 5 ? bottom
-$5{x} >= -30 && $5{x} >= 21 && -$4{y} >= -4 && $4{y} >= -4 ? 2
-$5{x} >= -30 && $5{x} >= 21 && $4{y} >= 5 ? bottom
$5{x} >= 31 && -$4{y} >= 5 ? bottom
$5{x} >= 31 && -$4{y} >= -4 && $4{y} >= -4 ? 2
$5{x} >= 31 && $4{y} >= 5 ? bottom

[13:]:
-$4{y} >= -4 && $4{y} >= -4 ? 1

[14:]:
top ? bottom

[15:]:
-$5{x} >= 0 ? bottom

[16:]:
$5{x} >= 1 ? bottom

[17:]:
$5{x} >= 1 && $1{x} >= 1 ? bottom

[18:]:
$5{x} >= 1 && -$2{__return_get_step} >= -4 && $2{__return_get_step} >= 1 && $1{x} >= 1 ? bottom

[19:]:
-$7{__ret_get_step} >= -4 && $7{__ret_get_step} >= 1 && $5{x} >= 1 && -$2{__return_get_step} >= -4 && $2{__return_get_step} >= 1 && $1{x} >= 1 ? bottom

[20:]:
-$5{x} >= 0 && $1{x} >= 0 ? bottom

[21:]:
-$5{x} >= 0 && -$2{__return_get_step} >= -4 && $2{__return_get_step} >= 1 && $1{x} >= 0 ? bottom

[22:]:
-$8{__ret_get_step} >= -4 && $8{__ret_get_step} >= 1 && -$5{x} >= 0 && -$2{__return_get_step} >= -4 && $2{__return_get_step} >= 1 && $1{x} >= 0 ? bottom

[23:]:
top ? bottom

[24:]:
top ? bottom

[25:]:
-$4{y} >= -4 && $4{y} >= -4 && $3{__return_main} == 0 ? 0.

[26:]:
-$4{y} >= 5 ? bottom
-$4{y} >= -4 && $4{y} >= -4 ? 3
$4{y} >= 5 ? bottom

[27:]:
$5{x} >= 1 && $1{x} >= 1 ? bottom

[28:]:
$5{x} >= 1 && -$2{__return_get_step} >= -4 && $2{__return_get_step} >= 1 && $1{x} >= 1 ? bottom

[29:]:
$5{x} >= 1 && -$1{x} >= -10 && $1{x} >= 1 ? bottom

[30:]:
$5{x} >= 1 && -$1{x} >= -30 && $1{x} >= 1 ? bottom

[31:]:
$5{x} >= 1 && $1{x} >= 31 ? bottom

[32:]:
$5{x} >= 1 && -$1{x} >= -20 && $1{x} >= 1 ? bottom

[33:]:
$5{x} >= 1 && -$1{x} >= -30 && $1{x} >= 21 ? bottom

[34:]:
$5{x} >= 1 && -$1{x} >= -20 && $1{x} >= 11 ? bottom

[35:]:
-$5{x} >= 0 && $1{x} >= 0 ? bottom

[36:]:
-$5{x} >= 0 && -$2{__return_get_step} >= -4 && $2{__return_get_step} >= 1 && $1{x} >= 0 ? bottom

[37:]:
-$5{x} >= 0 && -$1{x} >= -10 && $1{x} >= 0 ? bottom

[38:]:
-$5{x} >= 0 && -$1{x} >= -30 && $1{x} >= 0 ? bottom

[39:]:
-$5{x} >= 0 && $1{x} >= 31 ? bottom

[40:]:
-$5{x} >= 0 && -$1{x} >= -20 && $1{x} >= 0 ? bottom

[41:]:
-$5{x} >= 0 && -$1{x} >= -30 && $1{x} >= 21 ? bottom

[42:]:
-$5{x} >= 0 && -$1{x} >= -20 && $1{x} >= 11 ? bottom


Time: 0.016363
Analysis Result: UNKNOWN
