[1:]:
top ? bottom

[2:]:
top ? bottom

[3:]:
top ? bottom

[4:]:
top ? bottom

[5:]:
top ? bottom

[6:]:
top ? bottom

[7:]:
top ? bottom

[8:]:
top ? bottom

[9:]:
top ? bottom

[10:]:
top ? bottom

[11:]:
top ? bottom

[12:]:
top ? 0.

[13:]:
top ? bottom

[1:]:
-$3{x2} >= 1 ? 2
$3{x2} >= 0 && -$2{x1} >= 1 ? 2
$3{x2} >= 0 && $2{x1} >= 0 ? bottom

[2:]:
top ? 0.

[3:]:
-$3{x2} >= 1 ? 2
$3{x2} >= 0 && -$2{x1} >= 1 ? 2
$3{x2} >= 0 && $2{x1} >= 0 ? bottom

[4:]:
top ? 1

[5:]:
-$3{x2} >= 2 && -$2{x1} >= 0 ? -2$3{x2}+28
-$3{x2} >= 2 && $2{x1} >= 1 ? bottom
$3{x2} == -1 && -$2{x1} >= 0 ? 30
$3{x2} == -1 && $2{x1} >= 1 ? bottom
$3{x2} == 0 && -$2{x1} >= 0 ? 28
$3{x2} == 0 && $2{x1} >= 1 ? bottom
-$3{x2} >= -8 && $3{x2} >= 1 && -$2{x1} >= 1 ? -2$3{x2}+28
-$3{x2} >= -8 && $3{x2} >= 1 && $2{x1} >= 0 ? bottom
$3{x2} == 9 && -$2{x1} >= 1 ? 10
$3{x2} == 9 && $2{x1} >= 0 ? bottom
$3{x2} == 10 && -$2{x1} >= 1 ? 8
$3{x2} == 10 && $2{x1} >= 0 ? bottom
$3{x2} >= 11 && -$2{x1} >= 1 ? 6
$3{x2} >= 11 && $2{x1} >= 0 ? bottom

[6:]:
-$3{x2} >= 0 ? 3
$3{x2} >= 1 && -$2{x1} >= 1 ? 3
$3{x2} >= 1 && $2{x1} >= 0 ? bottom

[7:]:
-$3{x2} >= 3 && -$2{x1} >= 0 ? -2$3{x2}+27
-$3{x2} >= 3 && $2{x1} >= 1 ? bottom
$3{x2} == -2 && -$2{x1} >= 0 ? 31
$3{x2} == -2 && $2{x1} >= 1 ? bottom
$3{x2} == -1 && -$2{x1} >= 0 ? 29
$3{x2} == -1 && $2{x1} >= 1 ? bottom
$3{x2} == 0 && -$2{x1} >= 0 ? 27
$3{x2} == 0 && $2{x1} >= 1 ? bottom
-$3{x2} >= -7 && $3{x2} >= 1 && -$2{x1} >= 0 ? -2$3{x2}+27
-$3{x2} >= -7 && $3{x2} >= 1 && $2{x1} >= 1 ? bottom
$3{x2} == 8 && -$2{x1} >= 0 ? 11
$3{x2} == 8 && $2{x1} >= 1 ? bottom
$3{x2} == 9 && -$2{x1} >= 0 ? 9
$3{x2} == 9 && $2{x1} >= 1 ? bottom
$3{x2} == 10 && -$2{x1} >= 0 ? 7
$3{x2} == 10 && $2{x1} >= 1 ? bottom
$3{x2} >= 11 && -$2{x1} >= 0 ? 5
$3{x2} >= 11 && $2{x1} >= 1 ? bottom

[8:]:
-$3{x2} >= 0 ? 4
$3{x2} >= 1 && -$2{x1} >= 0 ? 4
$3{x2} >= 1 && $2{x1} >= 1 ? bottom

[9:]:
-$3{x2} >= 3 && -$2{x1} >= 0 ? -2$3{x2}+26
-$3{x2} >= 3 && $2{x1} >= 1 ? bottom
$3{x2} == -2 && -$2{x1} >= 0 ? 30
$3{x2} == -2 && $2{x1} >= 1 ? bottom
$3{x2} == -1 && -$2{x1} >= 0 ? 28
$3{x2} == -1 && $2{x1} >= 1 ? bottom
-$3{x2} >= -7 && $3{x2} >= 0 && -$2{x1} >= 0 ? -2$3{x2}+26
-$3{x2} >= -7 && $3{x2} >= 0 && $2{x1} >= 1 ? bottom
$3{x2} == 8 && -$2{x1} >= 0 ? 10
$3{x2} == 8 && $2{x1} >= 1 ? bottom
$3{x2} == 9 && -$2{x1} >= 0 ? 8
$3{x2} == 9 && $2{x1} >= 1 ? bottom
$3{x2} >= 10 && -$2{x1} >= 0 ? 6
$3{x2} >= 10 && $2{x1} >= 1 ? bottom

[10:]:
top ? bottom

[11:]:
top ? bottom

[12:]:
top ? 0.

[13:]:
-$3{x2} >= 1 ? 2
$3{x2} >= 0 && -$2{x1} >= 1 ? 2
$3{x2} >= 0 && $2{x1} >= 0 ? bottom


Time: 0.065085
Analysis Result: UNKNOWN
