[1:]:
top ? bottom

[2:]:
top ? bottom

[3:]:
top ? bottom

[4:]:
top ? bottom

[5:]:
top ? bottom

[6:]:
top ? bottom

[7:]:
top ? bottom

[8:]:
top ? bottom

[9:]:
top ? bottom

[10:]:
top ? bottom

[11:]:
top ? bottom

[12:]:
top ? bottom

[13:]:
top ? bottom

[14:]:
top ? bottom

[15:]:
top ? bottom

[16:]:
top ? 0.

[17:]:
top ? bottom

[1:]:
-$4{x3}+$5{x4} >= 0 && -$3{x2}+$4{x3} >= 0 && -$2{x1}+$3{x2} >= 0 ? 2
$2{x1}-$3{x2} >= 1 && -$4{x3}+$5{x4} >= 0 && -$3{x2}+$4{x3} >= 0 ? 6
$3{x2}-$4{x3} >= 1 && -$4{x3}+$5{x4} >= 0 && -$2{x1}+$4{x3} >= 0 ? 7
$2{x1}-$4{x3} >= 1 && -$4{x3}+$5{x4} >= 0 && -$2{x1}+$3{x2} >= 0 ? 11
$2{x1}-$3{x2} >= 1 && $3{x2}-$4{x3} >= 1 && -$4{x3}+$5{x4} >= 0 ? 4$2{x1}-4$4{x3}+7
$4{x3}-$5{x4} >= 1 && -$3{x2}+$4{x3} >= 0 && -$2{x1}+$3{x2} >= 0 ? 8
$2{x1}-$3{x2} >= 1 && $4{x3}-$5{x4} >= 1 && -$3{x2}+$4{x3} >= 0 ? 12
$3{x2}-$4{x3} >= 1 && $4{x3}-$5{x4} >= 1 && -$2{x1}+$4{x3} >= 0 ? 13
$2{x1}-$4{x3} >= 1 && $4{x3}-$5{x4} >= 1 && -$2{x1}+$3{x2} >= 0 ? 17
$2{x1}-$3{x2} >= 1 && $3{x2}-$4{x3} >= 1 && $4{x3}-$5{x4} >= 1 ? 4$2{x1}-4$4{x3}+13

[2:]:
top ? 0.

[3:]:
-$4{x3}+$5{x4} >= 0 && -$3{x2}+$4{x3} >= 0 && -$2{x1}+$3{x2} >= 0 ? 2
$2{x1}-$3{x2} >= 1 && -$4{x3}+$5{x4} >= 0 && -$3{x2}+$4{x3} >= 0 ? 6
$3{x2}-$4{x3} >= 1 && -$4{x3}+$5{x4} >= 0 && -$2{x1}+$4{x3} >= 0 ? 7
$2{x1}-$4{x3} >= 1 && -$4{x3}+$5{x4} >= 0 && -$2{x1}+$3{x2} >= 0 ? 11
$2{x1}-$3{x2} >= 1 && $3{x2}-$4{x3} >= 1 && -$4{x3}+$5{x4} >= 0 ? 15
$4{x3}-$5{x4} >= 1 && -$3{x2}+$4{x3} >= 0 && -$2{x1}+$3{x2} >= 0 ? 8
$2{x1}-$3{x2} >= 1 && $4{x3}-$5{x4} >= 1 && -$3{x2}+$4{x3} >= 0 ? 12
$3{x2}-$4{x3} >= 1 && $4{x3}-$5{x4} >= 1 && -$2{x1}+$4{x3} >= 0 ? 13
$2{x1}-$4{x3} >= 1 && $4{x3}-$5{x4} >= 1 && -$2{x1}+$3{x2} >= 0 ? 17
$2{x1}-$3{x2} >= 1 && $3{x2}-$4{x3} >= 1 && $4{x3}-$5{x4} >= 1 ? 21

[4:]:
top ? 1

[5:]:
-$4{x3}+$5{x4} >= 0 && -$3{x2}+$4{x3} >= 0 ? 5
$3{x2}-$4{x3} >= 1 && -$4{x3}+$5{x4} >= 0 && -$2{x1}+$4{x3} >= 0 ? 6
$2{x1}-$4{x3} >= 1 && -$4{x3}+$5{x4} >= 0 && -$2{x1}+$3{x2} >= 0 ? 10
$2{x1}-$3{x2} >= 1 && $3{x2}-$4{x3} >= 1 && -$4{x3}+$5{x4} >= 0 ? 14
$4{x3}-$5{x4} >= 1 && -$3{x2}+$4{x3} >= 0 && -$2{x1}+$3{x2} >= 0 ? 7
$2{x1}-$3{x2} >= 1 && $4{x3}-$5{x4} >= 1 && -$3{x2}+$4{x3} >= 0 ? 11
$3{x2}-$4{x3} >= 1 && $4{x3}-$5{x4} >= 1 && -$2{x1}+$4{x3} >= 0 ? 12
$2{x1}-$4{x3} >= 1 && $4{x3}-$5{x4} >= 1 && -$2{x1}+$3{x2} >= 0 ? 16
$2{x1}-$3{x2} >= 1 && $3{x2}-$4{x3} >= 1 && $4{x3}-$5{x4} >= 1 ? 20

[6:]:
-$4{x3}+$5{x4} >= 0 && -$3{x2}+$4{x3} >= 0 && -$2{x1}+$3{x2} >= 0 ? 4
$2{x1}-$3{x2} >= 1 && -$4{x3}+$5{x4} >= 0 && -$3{x2}+$4{x3} >= 0 ? 8
$3{x2}-$4{x3} >= 1 && -$4{x3}+$5{x4} >= 0 && -$2{x1}+$4{x3} >= 0 ? 5
$2{x1}-$4{x3} >= 1 && $3{x2}-$4{x3} >= 1 && -$4{x3}+$5{x4} >= 0 ? 9
$4{x3}-$5{x4} >= 1 && -$3{x2}+$4{x3} >= 0 && -$2{x1}+$3{x2} >= 0 ? 6
$2{x1}-$3{x2} >= 1 && $4{x3}-$5{x4} >= 1 && -$3{x2}+$4{x3} >= 0 ? 10
$3{x2}-$4{x3} >= 1 && $4{x3}-$5{x4} >= 1 && -$2{x1}+$4{x3} >= 0 ? 11
$2{x1}-$4{x3} >= 1 && $3{x2}-$4{x3} >= 1 && $4{x3}-$5{x4} >= 1 ? 15

[7:]:
-$4{x3}+$5{x4} >= 0 && -$3{x2}+$4{x3} >= 0 ? 4
$3{x2}-$4{x3} >= 1 && -$4{x3}+$5{x4} >= 0 ? 13
$4{x3}-$5{x4} >= 1 && -$3{x2}+$4{x3} >= 0 ? 10
$3{x2}-$4{x3} >= 1 && $4{x3}-$5{x4} >= 1 ? 19

[8:]:
-$4{x3}+$5{x4} >= 0 && -$2{x1}+$4{x3} >= 0 ? 3
$2{x1}-$4{x3} >= 1 && -$4{x3}+$5{x4} >= 0 ? 12
$4{x3}-$5{x4} >= 1 && -$2{x1}+$4{x3} >= 0 ? 9
$2{x1}-$4{x3} >= 1 && $4{x3}-$5{x4} >= 1 ? 18

[9:]:
-$4{x3}+$5{x4} >= 0 && -$3{x2}+$4{x3} >= 0 && -$2{x1}+$3{x2} >= 0 ? 3
$2{x1}-$3{x2} >= 1 && -$4{x3}+$5{x4} >= 0 && -$3{x2}+$4{x3} >= 0 ? 7
$3{x2}-$4{x3} >= 1 && -$4{x3}+$5{x4} >= 0 && -$2{x1}+$4{x3} >= 0 ? 8
$2{x1}-$4{x3} >= 1 && -$4{x3}+$5{x4} >= 0 && -$2{x1}+$3{x2} >= 0 ? 12
$2{x1}-$3{x2} >= 1 && $3{x2}-$4{x3} >= 1 && -$4{x3}+$5{x4} >= 0 ? 4$2{x1}-4$4{x3}+8
$4{x3}-$5{x4} >= 1 && -$3{x2}+$4{x3} >= 0 && -$2{x1}+$3{x2} >= 0 ? 5
$2{x1}-$3{x2} >= 1 && $4{x3}-$5{x4} >= 1 && -$3{x2}+$4{x3} >= 0 ? 9
$3{x2}-$4{x3} >= 1 && $4{x3}-$5{x4} >= 1 && -$2{x1}+$4{x3} >= 0 ? 10
$2{x1}-$4{x3} >= 1 && $4{x3}-$5{x4} >= 1 && -$2{x1}+$3{x2} >= 0 ? 14
$2{x1}-$3{x2} >= 1 && $3{x2}-$4{x3} >= 1 && $4{x3}-$5{x4} >= 1 ? 4$2{x1}-4$4{x3}+10

[10:]:
-$4{x3}+$5{x4} >= 0 && -$2{x1}+$4{x3} >= 0 ? 4
$2{x1}-$4{x3} >= 1 && -$4{x3}+$5{x4} >= 0 ? 8
$4{x3}-$5{x4} >= 1 && -$2{x1}+$4{x3} >= 0 ? 10
$2{x1}-$4{x3} >= 1 && $4{x3}-$5{x4} >= 1 ? 14

[11:]:
-$3{x2}+$5{x4} >= 0 && -$2{x1}+$3{x2} >= 0 ? 3
$2{x1}-$3{x2} >= 1 && -$3{x2}+$5{x4} >= 0 ? 7
$3{x2}-$5{x4} >= 1 && -$2{x1}+$3{x2} >= 0 ? 9
$2{x1}-$3{x2} >= 1 && $3{x2}-$5{x4} >= 1 ? 13

[12:]:
-$3{x2}+$4{x3} >= 0 && -$2{x1}+$3{x2} >= 0 ? 4
$2{x1}-$3{x2} >= 1 && -$3{x2}+$4{x3} >= 0 ? 8
$3{x2}-$4{x3} >= 1 && -$2{x1}+$4{x3} >= 0 ? 9
$2{x1}-$4{x3} >= 1 && -$2{x1}+$3{x2} >= 0 ? 13
$2{x1}-$3{x2} >= 1 && $3{x2}-$4{x3} >= 1 ? 4$2{x1}-4$4{x3}+9

[13:]:
-$3{x2}+$5{x4} >= 0 && -$2{x1}+$3{x2} >= 0 ? 3
$2{x1}-$3{x2} >= 1 && -$3{x2}+$5{x4} >= 0 ? 7
$3{x2}-$5{x4} >= 1 && -$2{x1}+$5{x4} >= 0 ? 8
$2{x1}-$5{x4} >= 1 && -$2{x1}+$3{x2} >= 0 ? 12
$2{x1}-$3{x2} >= 1 && $3{x2}-$5{x4} >= 1 ? 4$2{x1}-4$5{x4}+8

[14:]:
top ? bottom

[15:]:
top ? bottom

[16:]:
top ? 0.

[17:]:
-$4{x3}+$5{x4} >= 0 && -$3{x2}+$4{x3} >= 0 && -$2{x1}+$3{x2} >= 0 ? 2
$2{x1}-$3{x2} >= 1 && -$4{x3}+$5{x4} >= 0 && -$3{x2}+$4{x3} >= 0 ? 6
$3{x2}-$4{x3} >= 1 && -$4{x3}+$5{x4} >= 0 && -$2{x1}+$4{x3} >= 0 ? 7
$2{x1}-$4{x3} >= 1 && -$4{x3}+$5{x4} >= 0 && -$2{x1}+$3{x2} >= 0 ? 11
$2{x1}-$3{x2} >= 1 && $3{x2}-$4{x3} >= 1 && -$4{x3}+$5{x4} >= 0 ? 4$2{x1}-4$4{x3}+7
$4{x3}-$5{x4} >= 1 && -$3{x2}+$4{x3} >= 0 && -$2{x1}+$3{x2} >= 0 ? 8
$2{x1}-$3{x2} >= 1 && $4{x3}-$5{x4} >= 1 && -$3{x2}+$4{x3} >= 0 ? 12
$3{x2}-$4{x3} >= 1 && $4{x3}-$5{x4} >= 1 && -$2{x1}+$4{x3} >= 0 ? 13
$2{x1}-$4{x3} >= 1 && $4{x3}-$5{x4} >= 1 && -$2{x1}+$3{x2} >= 0 ? 17
$2{x1}-$3{x2} >= 1 && $3{x2}-$4{x3} >= 1 && $4{x3}-$5{x4} >= 1 ? 4$2{x1}-4$4{x3}+13


Time: 0.101621
Analysis Result: TRUE
