[1:]:
top ? bottom

[2:]:
top ? bottom

[3:]:
top ? bottom

[4:]:
top ? bottom

[5:]:
top ? bottom

[6:]:
top ? bottom

[7:]:
top ? bottom

[8:]:
top ? bottom

[9:]:
top ? bottom

[10:]:
top ? 0.

[11:]:
top ? bottom

[1:]:
-$2{x}+$3{K} >= 0 ? -3$2{x}+3$3{K}+2
$2{x}-$3{K} >= 1 ? 3$2{x}-3$3{K}+2

[2:]:
top ? 0.

[3:]:
-$2{x}+$3{K} >= 0 ? -3$2{x}+3$3{K}+2
$2{x}-$3{K} >= 1 ? 3$2{x}-3$3{K}+2

[4:]:
top ? 1

[5:]:
-$2{x}+$3{K} >= 1 ? -3$2{x}+3$3{K}+1
-$2{x}+$3{K} == 0 ? 7
$2{x}-$3{K} >= 1 ? 3$2{x}-3$3{K}+1

[6:]:
-$2{x}+$3{K} >= 1 ? -3$2{x}+3$3{K}+0
$2{x}-$3{K} >= 0 ? 3$2{x}-3$3{K}+6

[7:]:
-$2{x}+$3{K} >= -1 ? -3$2{x}+3$3{K}+6
$2{x}-$3{K} >= 2 ? 3$2{x}-3$3{K}+0

[8:]:
top ? bottom

[9:]:
top ? bottom

[10:]:
top ? 0.

[11:]:
-$2{x}+$3{K} >= 0 ? -3$2{x}+3$3{K}+2
$2{x}-$3{K} >= 1 ? 3$2{x}-3$3{K}+2


Time: 0.033735
Analysis Result: TRUE
