[1:]:
top ? bottom

[2:]:
top ? bottom

[3:]:
top ? bottom

[4:]:
top ? bottom

[5:]:
top ? bottom

[6:]:
top ? bottom

[7:]:
top ? bottom

[8:]:
top ? bottom

[9:]:
top ? bottom

[10:]:
top ? bottom

[11:]:
top ? bottom

[12:]:
top ? bottom

[13:]:
top ? 0.

[14:]:
top ? bottom

[1:]:
-$4{x3} >= 0 ? 2
$4{x3} == 1 && -$3{x2} >= 0 ? 2
$4{x3} == 1 && $3{x2} == 1 && -$2{x1} >= 0 ? 2
$4{x3} == 1 && $3{x2} == 1 && $2{x1} >= 1 ? 4$2{x1}+3
$4{x3} == 1 && $3{x2} == 2 && -$2{x1} >= 0 ? 2
$4{x3} == 1 && $3{x2} == 2 && $2{x1} == 1 ? 7
$4{x3} == 1 && $3{x2} == 2 && $2{x1} >= 2 ?  (1)⍵ + 4$2{x1}+16
$4{x3} == 1 && $3{x2} == 3 && -$2{x1} >= 0 ? 2
$4{x3} == 1 && $3{x2} == 3 && $2{x1} == 1 ? 7
$4{x3} == 1 && $3{x2} == 3 && $2{x1} >= 2 ?  (2)⍵ + 4$2{x1}+29
$4{x3} == 1 && $3{x2} >= 4 && -$2{x1} >= 0 ? 2
$4{x3} == 1 && $3{x2} >= 4 && $2{x1} == 1 ? 7
$4{x3} == 1 && $3{x2} >= 4 && $2{x1} >= 2 ?  ($3{x2}-1)⍵ + 4$2{x1}+13$3{x2}-10
$4{x3} == 2 && -$3{x2} >= 0 ? 2
$4{x3} == 2 && $3{x2} >= 1 && -$2{x1} >= 0 ? 2
$4{x3} == 2 && $3{x2} >= 1 && $2{x1} >= 1 ?  ($3{x2}-1)⍵ + 4$2{x1}+13$3{x2}-10
$4{x3} == 3 && -$3{x2} >= 0 ? 2
$4{x3} == 3 && $3{x2} >= 1 && -$2{x1} >= 0 ? 2
$4{x3} == 3 && $3{x2} >= 1 && $2{x1} >= 1 ?  ($3{x2}-1)⍵ + 4$2{x1}+13$3{x2}-10
$4{x3} >= 4 && -$3{x2} >= 0 ? 2
$4{x3} >= 4 && $3{x2} >= 1 && -$2{x1} >= 0 ? 2
$4{x3} >= 4 && $3{x2} >= 1 && $2{x1} >= 1 ?  ($3{x2}-1)⍵ + 4$2{x1}+13$3{x2}-10

[2:]:
top ? 0.

[3:]:
-$4{x3} >= 0 ? 2
$4{x3} == 1 && -$3{x2} >= 0 ? 2
$4{x3} == 1 && $3{x2} == 1 && -$2{x1} >= 0 ? 2
$4{x3} == 1 && $3{x2} == 1 && $2{x1} >= 1 ? 4$2{x1}+3
$4{x3} == 1 && $3{x2} == 2 && -$2{x1} >= 0 ? 2
$4{x3} == 1 && $3{x2} == 2 && $2{x1} == 1 ? 7
$4{x3} == 1 && $3{x2} == 2 && $2{x1} >= 2 ?  (1)⍵ + 4$2{x1}+16
$4{x3} == 1 && $3{x2} == 3 && -$2{x1} >= 0 ? 2
$4{x3} == 1 && $3{x2} == 3 && $2{x1} == 1 ? 7
$4{x3} == 1 && $3{x2} == 3 && $2{x1} >= 2 ?  (2)⍵ + 4$2{x1}+29
$4{x3} == 1 && $3{x2} == 4 && -$2{x1} >= 0 ? 2
$4{x3} == 1 && $3{x2} == 4 && $2{x1} == 1 ? 7
$4{x3} == 1 && $3{x2} == 4 && $2{x1} >= 2 ?  (3)⍵ + 4$2{x1}+42
$4{x3} == 1 && $3{x2} >= 5 && -$2{x1} >= 0 ? 2
$4{x3} == 1 && $3{x2} >= 5 && $2{x1} == 1 ? 7
$4{x3} == 1 && $3{x2} >= 5 && $2{x1} >= 2 ?  ($3{x2}-1)⍵ + 4$2{x1}+13$3{x2}-10
$4{x3} == 2 && -$3{x2} >= 0 ? 2
$4{x3} == 2 && $3{x2} >= 1 && -$2{x1} >= 0 ? 2
$4{x3} == 2 && $3{x2} >= 1 && $2{x1} >= 1 ?  ($3{x2}-1)⍵ + 4$2{x1}+13$3{x2}-10
$4{x3} == 3 && -$3{x2} >= 0 ? 2
$4{x3} == 3 && $3{x2} >= 1 && -$2{x1} >= 0 ? 2
$4{x3} == 3 && $3{x2} >= 1 && $2{x1} >= 1 ?  ($3{x2}-1)⍵ + 4$2{x1}+13$3{x2}-10
$4{x3} == 4 && -$3{x2} >= 0 ? 2
$4{x3} == 4 && $3{x2} >= 1 && -$2{x1} >= 0 ? 2
$4{x3} == 4 && $3{x2} >= 1 && $2{x1} >= 1 ?  ($3{x2}-1)⍵ + 4$2{x1}+13$3{x2}-10
$4{x3} >= 5 && -$3{x2} >= 0 ? 2
$4{x3} >= 5 && $3{x2} >= 1 && -$2{x1} >= 0 ? 2
$4{x3} >= 5 && $3{x2} >= 1 && $2{x1} >= 1 ?  ($3{x2}-1)⍵ + 4$2{x1}+13$3{x2}-10

[4:]:
top ? 1

[5:]:
-$4{x3} >= -1 && -$3{x2} >= 0 ? 6
-$4{x3} >= -1 && $3{x2} >= 1 && -$2{x1} >= -1 ? 6
-$4{x3} >= -1 && $3{x2} >= 1 && $2{x1} >= 2 ?  ($3{x2}-1)⍵ + 4$2{x1}+13$3{x2}-11
$4{x3} == 2 && -$3{x2} >= 0 ? 6
$4{x3} == 2 && $3{x2} >= 1 && -$2{x1} >= -1 ?  ($3{x2}-1)⍵ + 13$3{x2}-7
$4{x3} == 2 && $3{x2} >= 1 && $2{x1} >= 2 ?  ($3{x2}-1)⍵ + 4$2{x1}+13$3{x2}-11
$4{x3} == 3 && -$3{x2} >= 0 ? 6
$4{x3} == 3 && $3{x2} >= 1 && -$2{x1} >= -1 ?  ($3{x2}-1)⍵ + 13$3{x2}-7
$4{x3} == 3 && $3{x2} >= 1 && $2{x1} >= 2 ?  ($3{x2}-1)⍵ + 4$2{x1}+13$3{x2}-11
$4{x3} == 4 && -$3{x2} >= 0 ? 6
$4{x3} == 4 && $3{x2} >= 1 && -$2{x1} >= -1 ?  ($3{x2}-1)⍵ + 13$3{x2}-7
$4{x3} == 4 && $3{x2} >= 1 && $2{x1} >= 2 ?  ($3{x2}-1)⍵ + 4$2{x1}+13$3{x2}-11
$4{x3} >= 5 && -$3{x2} >= 0 ? 6
$4{x3} >= 5 && $3{x2} >= 1 && -$2{x1} >= -1 ?  ($3{x2}-1)⍵ + 13$3{x2}-7
$4{x3} >= 5 && $3{x2} >= 1 && $2{x1} >= 2 ?  ($3{x2}-1)⍵ + 4$2{x1}+13$3{x2}-11

[6:]:
-$4{x3} >= -1 ? 5
$4{x3} >= 2 && -$3{x2} >= -1 ? 5
$4{x3} >= 2 && $3{x2} >= 2 ?  ($3{x2}-1)⍵ + 13$3{x2}-8

[7:]:
-$3{x2} >= 0 ? 4
$3{x2} >= 1 && -$2{x1} >= -1 ? 4
$3{x2} >= 1 && $2{x1} >= 2 ?  ($3{x2}-1)⍵ + 4$2{x1}+13$3{x2}-12

[8:]:
-$3{x2} >= 0 ? 3
$3{x2} >= 1 && -$2{x1} >= 0 ? 3
$3{x2} >= 1 && $2{x1} >= 1 ?  ($3{x2}-1)⍵ + 4$2{x1}+13$3{x2}-9

[9:]:
-$4{x3} >= -1 ? 4
$4{x3} == 2 && -$3{x2} >= -1 ? 4
$4{x3} == 2 && $3{x2} == 2 && -$2{x1} >= 0 ? 4
$4{x3} == 2 && $3{x2} == 2 && $2{x1} >= 1 ? 4$2{x1}+5
$4{x3} == 2 && $3{x2} == 3 && -$2{x1} >= 0 ? 4
$4{x3} == 2 && $3{x2} == 3 && $2{x1} == 1 ? 9
$4{x3} == 2 && $3{x2} == 3 && $2{x1} >= 2 ?  (1)⍵ + 4$2{x1}+18
$4{x3} == 2 && $3{x2} == 4 && -$2{x1} >= 0 ? 4
$4{x3} == 2 && $3{x2} == 4 && $2{x1} == 1 ? 9
$4{x3} == 2 && $3{x2} == 4 && $2{x1} >= 2 ?  (2)⍵ + 4$2{x1}+31
$4{x3} == 2 && $3{x2} >= 5 && -$2{x1} >= 0 ? 4
$4{x3} == 2 && $3{x2} >= 5 && $2{x1} == 1 ? 9
$4{x3} == 2 && $3{x2} >= 5 && $2{x1} >= 2 ?  ($3{x2}-2)⍵ + 4$2{x1}+13$3{x2}-21
$4{x3} == 3 && -$3{x2} >= -1 ? 4
$4{x3} == 3 && $3{x2} >= 2 && -$2{x1} >= 0 ? 4
$4{x3} == 3 && $3{x2} >= 2 && $2{x1} >= 1 ?  ($3{x2}-2)⍵ + 4$2{x1}+13$3{x2}-21
$4{x3} == 4 && -$3{x2} >= -1 ? 4
$4{x3} == 4 && $3{x2} >= 2 && -$2{x1} >= 0 ? 4
$4{x3} == 4 && $3{x2} >= 2 && $2{x1} >= 1 ?  ($3{x2}-2)⍵ + 4$2{x1}+13$3{x2}-21
$4{x3} >= 5 && -$3{x2} >= -1 ? 4
$4{x3} >= 5 && $3{x2} >= 2 && -$2{x1} >= 0 ? 4
$4{x3} >= 5 && $3{x2} >= 2 && $2{x1} >= 1 ?  ($3{x2}-2)⍵ + 4$2{x1}+13$3{x2}-21

[10:]:
-$4{x3} >= -1 ? 3
$4{x3} == 2 && -$3{x2} >= 0 ? 3
$4{x3} == 2 && $3{x2} == 1 && -$2{x1} >= 0 ? 3
$4{x3} == 2 && $3{x2} == 1 && $2{x1} >= 1 ? 4$2{x1}+4
$4{x3} == 2 && $3{x2} == 2 && -$2{x1} >= 0 ? 3
$4{x3} == 2 && $3{x2} == 2 && $2{x1} == 1 ? 8
$4{x3} == 2 && $3{x2} == 2 && $2{x1} >= 2 ?  (1)⍵ + 4$2{x1}+17
$4{x3} == 2 && $3{x2} == 3 && -$2{x1} >= 0 ? 3
$4{x3} == 2 && $3{x2} == 3 && $2{x1} == 1 ? 8
$4{x3} == 2 && $3{x2} == 3 && $2{x1} >= 2 ?  (2)⍵ + 4$2{x1}+30
$4{x3} == 2 && $3{x2} >= 4 && -$2{x1} >= 0 ? 3
$4{x3} == 2 && $3{x2} >= 4 && $2{x1} == 1 ? 8
$4{x3} == 2 && $3{x2} >= 4 && $2{x1} >= 2 ?  ($3{x2}-1)⍵ + 4$2{x1}+13$3{x2}-9
$4{x3} == 3 && -$3{x2} >= 0 ? 3
$4{x3} == 3 && $3{x2} >= 1 && -$2{x1} >= 0 ? 3
$4{x3} == 3 && $3{x2} >= 1 && $2{x1} >= 1 ?  ($3{x2}-1)⍵ + 4$2{x1}+13$3{x2}-9
$4{x3} == 4 && -$3{x2} >= 0 ? 3
$4{x3} == 4 && $3{x2} >= 1 && -$2{x1} >= 0 ? 3
$4{x3} == 4 && $3{x2} >= 1 && $2{x1} >= 1 ?  ($3{x2}-1)⍵ + 4$2{x1}+13$3{x2}-9
$4{x3} >= 5 && -$3{x2} >= 0 ? 3
$4{x3} >= 5 && $3{x2} >= 1 && -$2{x1} >= 0 ? 3
$4{x3} >= 5 && $3{x2} >= 1 && $2{x1} >= 1 ?  ($3{x2}-1)⍵ + 4$2{x1}+13$3{x2}-9

[11:]:
top ? bottom

[12:]:
top ? bottom

[13:]:
top ? 0.

[14:]:
-$4{x3} >= 0 ? 2
$4{x3} == 1 && -$3{x2} >= 0 ? 2
$4{x3} == 1 && $3{x2} == 1 && -$2{x1} >= 0 ? 2
$4{x3} == 1 && $3{x2} == 1 && $2{x1} >= 1 ? 4$2{x1}+3
$4{x3} == 1 && $3{x2} == 2 && -$2{x1} >= 0 ? 2
$4{x3} == 1 && $3{x2} == 2 && $2{x1} == 1 ? 7
$4{x3} == 1 && $3{x2} == 2 && $2{x1} >= 2 ?  (1)⍵ + 4$2{x1}+16
$4{x3} == 1 && $3{x2} == 3 && -$2{x1} >= 0 ? 2
$4{x3} == 1 && $3{x2} == 3 && $2{x1} == 1 ? 7
$4{x3} == 1 && $3{x2} == 3 && $2{x1} >= 2 ?  (2)⍵ + 4$2{x1}+29
$4{x3} == 1 && $3{x2} >= 4 && -$2{x1} >= 0 ? 2
$4{x3} == 1 && $3{x2} >= 4 && $2{x1} == 1 ? 7
$4{x3} == 1 && $3{x2} >= 4 && $2{x1} >= 2 ?  ($3{x2}-1)⍵ + 4$2{x1}+13$3{x2}-10
$4{x3} == 2 && -$3{x2} >= 0 ? 2
$4{x3} == 2 && $3{x2} >= 1 && -$2{x1} >= 0 ? 2
$4{x3} == 2 && $3{x2} >= 1 && $2{x1} >= 1 ?  ($3{x2}-1)⍵ + 4$2{x1}+13$3{x2}-10
$4{x3} == 3 && -$3{x2} >= 0 ? 2
$4{x3} == 3 && $3{x2} >= 1 && -$2{x1} >= 0 ? 2
$4{x3} == 3 && $3{x2} >= 1 && $2{x1} >= 1 ?  ($3{x2}-1)⍵ + 4$2{x1}+13$3{x2}-10
$4{x3} >= 4 && -$3{x2} >= 0 ? 2
$4{x3} >= 4 && $3{x2} >= 1 && -$2{x1} >= 0 ? 2
$4{x3} >= 4 && $3{x2} >= 1 && $2{x1} >= 1 ?  ($3{x2}-1)⍵ + 4$2{x1}+13$3{x2}-10


Time: 4.741057
Analysis Result: TRUE
