[1:]:
top ? bottom

[2:]:
top ? bottom

[3:]:
top ? bottom

[4:]:
top ? bottom

[5:]:
top ? bottom

[6:]:
top ? bottom

[7:]:
top ? bottom

[8:]:
top ? bottom

[9:]:
top ? bottom

[10:]:
top ? bottom

[11:]:
top ? bottom

[12:]:
top ? bottom

[13:]:
top ? bottom

[14:]:
top ? 0.

[15:]:
top ? bottom

[1:]:
-$4{x3} >= 0 ? 2
$4{x3} == 1 && -$3{x2} >= 0 ? 2
$4{x3} == 1 && $3{x2} >= 1 && -$2{x1} >= 0 ? 2
$4{x3} == 1 && $3{x2} >= 1 && $2{x1} >= 1 ?  ($3{x2}-1)⍵^2 +  ($3{x2}-1)⍵ + 3$2{x1}+13$3{x2}-9
$4{x3} == 2 && -$3{x2} >= 0 ? 2
$4{x3} == 2 && $3{x2} >= 1 && -$2{x1} >= 0 ? 2
$4{x3} == 2 && $3{x2} >= 1 && $2{x1} >= 1 ?  ($3{x2}-1)⍵^2 +  ($3{x2}+0)⍵ + 3$2{x1}+13$3{x2}-1
$4{x3} >= 3 && -$3{x2} >= 0 ? 2
$4{x3} >= 3 && $3{x2} >= 1 && -$2{x1} >= 0 ? 2
$4{x3} >= 3 && $3{x2} >= 1 && $2{x1} >= 1 ?  ($3{x2}-1)⍵^2 +  ($3{x2}+$4{x3}-2)⍵ + 3$2{x1}+13$3{x2}+8$4{x3}-17

[2:]:
top ? 0.

[3:]:
-$4{x3} >= 0 ? 2
$4{x3} == 1 && -$3{x2} >= 0 ? 2
$4{x3} == 1 && $3{x2} >= 1 && -$2{x1} >= 0 ? 2
$4{x3} == 1 && $3{x2} >= 1 && $2{x1} >= 1 ?  ($3{x2}-1)⍵^2 +  ($3{x2}-1)⍵ + 3$2{x1}+13$3{x2}-9
$4{x3} == 2 && -$3{x2} >= 0 ? 2
$4{x3} == 2 && $3{x2} >= 1 && -$2{x1} >= 0 ? 2
$4{x3} == 2 && $3{x2} >= 1 && $2{x1} >= 1 ?  ($3{x2}-1)⍵^2 +  ($3{x2}+0)⍵ + 3$2{x1}+13$3{x2}-1
$4{x3} == 3 && -$3{x2} >= 0 ? 2
$4{x3} == 3 && $3{x2} >= 1 && -$2{x1} >= 0 ? 2
$4{x3} == 3 && $3{x2} >= 1 && $2{x1} >= 1 ?  ($3{x2}-1)⍵^2 +  ($3{x2}+1)⍵ + 3$2{x1}+13$3{x2}+7
$4{x3} >= 4 && -$3{x2} >= 0 ? 2
$4{x3} >= 4 && $3{x2} >= 1 && -$2{x1} >= 0 ? 2
$4{x3} >= 4 && $3{x2} >= 1 && $2{x1} >= 1 ?  ($3{x2}-1)⍵^2 +  ($3{x2}+$4{x3}-2)⍵ + 3$2{x1}+13$3{x2}+8$4{x3}-17

[4:]:
top ? 1

[5:]:
-$4{x3} >= 0 && -$3{x2} >= -1 ? 6
-$4{x3} >= 0 && $3{x2} >= 2 && -$2{x1} >= 0 ? 6
-$4{x3} >= 0 && $3{x2} >= 2 && $2{x1} >= 1 ?  ($3{x2}-1)⍵^2 +  ($3{x2}-1)⍵ + 3$2{x1}+13$3{x2}-10
$4{x3} == 1 && -$3{x2} >= 0 ? 6
$4{x3} == 1 && $3{x2} == 1 && -$2{x1} >= -1 ? 6
$4{x3} == 1 && $3{x2} == 1 && $2{x1} >= 2 ? 3$2{x1}+3
$4{x3} == 1 && $3{x2} >= 2 && -$2{x1} >= 0 ? 6
$4{x3} == 1 && $3{x2} >= 2 && $2{x1} >= 1 ?  ($3{x2}-1)⍵^2 +  ($3{x2}-1)⍵ + 3$2{x1}+13$3{x2}-10
$4{x3} == 2 && -$3{x2} >= 0 ? 6
$4{x3} == 2 && $3{x2} >= 1 && -$2{x1} >= -1 ?  ($3{x2}-1)⍵^2 +  ($3{x2}+0)⍵ + 13$3{x2}+1
$4{x3} == 2 && $3{x2} >= 1 && $2{x1} >= 2 ?  ($3{x2}-1)⍵^2 +  ($3{x2}+0)⍵ + 3$2{x1}+13$3{x2}-2
$4{x3} == 3 && -$3{x2} >= 0 ? 6
$4{x3} == 3 && $3{x2} >= 1 && -$2{x1} >= -1 ?  ($3{x2}-1)⍵^2 +  ($3{x2}+1)⍵ + 13$3{x2}+9
$4{x3} == 3 && $3{x2} >= 1 && $2{x1} >= 2 ?  ($3{x2}-1)⍵^2 +  ($3{x2}+1)⍵ + 3$2{x1}+13$3{x2}+6
$4{x3} >= 4 && -$3{x2} >= 0 ? 6
$4{x3} >= 4 && $3{x2} >= 1 && -$2{x1} >= -1 ?  ($3{x2}-1)⍵^2 +  ($3{x2}+$4{x3}-2)⍵ + 13$3{x2}+8$4{x3}-15
$4{x3} >= 4 && $3{x2} >= 1 && $2{x1} >= 2 ?  ($3{x2}-1)⍵^2 +  ($3{x2}+$4{x3}-2)⍵ + 3$2{x1}+13$3{x2}+8$4{x3}-18

[6:]:
-$4{x3} >= -1 && -$3{x2} >= -1 ? 5
-$4{x3} >= -1 && $3{x2} >= 2 && -$2{x1} >= 0 ? 5
-$4{x3} >= -1 && $3{x2} >= 2 && $2{x1} >= 1 ?  ($3{x2}-1)⍵^2 +  ($3{x2}-1)⍵ + 3$2{x1}+13$3{x2}-11
$4{x3} == 2 && -$3{x2} >= 0 ? 5
$4{x3} == 2 && $3{x2} == 1 ?  (1)⍵ + 13
$4{x3} == 2 && $3{x2} >= 2 && -$2{x1} >= -2 ?  ($3{x2}-1)⍵^2 +  ($3{x2}+0)⍵ + 13$3{x2}+0
$4{x3} == 2 && $3{x2} >= 2 && $2{x1} >= 3 ?  ($3{x2}-1)⍵^2 +  ($3{x2}+0)⍵ + 3$2{x1}+13$3{x2}-9
$4{x3} == 3 && -$3{x2} >= 0 ? 5
$4{x3} == 3 && $3{x2} == 1 ?  (2)⍵ + 21
$4{x3} == 3 && $3{x2} >= 2 && -$2{x1} >= -2 ?  ($3{x2}-1)⍵^2 +  ($3{x2}+1)⍵ + 13$3{x2}+8
$4{x3} == 3 && $3{x2} >= 2 && $2{x1} >= 3 ?  ($3{x2}-1)⍵^2 +  ($3{x2}+1)⍵ + 3$2{x1}+13$3{x2}-1
$4{x3} >= 4 && -$3{x2} >= 0 ? 5
$4{x3} >= 4 && $3{x2} == 1 ?  ($4{x3}-1)⍵ + 8$4{x3}-3
$4{x3} >= 4 && $3{x2} >= 2 && -$2{x1} >= -2 ?  ($3{x2}-1)⍵^2 +  ($3{x2}+$4{x3}-2)⍵ + 13$3{x2}+8$4{x3}-16
$4{x3} >= 4 && $3{x2} >= 2 && $2{x1} >= 3 ?  ($3{x2}-1)⍵^2 +  ($3{x2}+$4{x3}-2)⍵ + 3$2{x1}+13$3{x2}+8$4{x3}-25

[7:]:
-$4{x3} >= 0 ? 3
$4{x3} == 1 && -$3{x2} >= 0 ? 3
$4{x3} == 1 && $3{x2} >= 1 && -$2{x1} >= -1 ? 3
$4{x3} == 1 && $3{x2} >= 1 && $2{x1} >= 2 ?  ($3{x2}-1)⍵^2 +  ($3{x2}-1)⍵ + 3$2{x1}+13$3{x2}-11
$4{x3} == 2 && -$3{x2} >= 0 ? 3
$4{x3} == 2 && $3{x2} >= 1 && -$2{x1} >= -1 ? 3
$4{x3} == 2 && $3{x2} >= 1 && $2{x1} >= 2 ?  ($3{x2}-1)⍵^2 +  ($3{x2}+0)⍵ + 3$2{x1}+13$3{x2}-3
$4{x3} >= 3 && -$3{x2} >= 0 ? 3
$4{x3} >= 3 && $3{x2} >= 1 && -$2{x1} >= -1 ? 3
$4{x3} >= 3 && $3{x2} >= 1 && $2{x1} >= 2 ?  ($3{x2}-1)⍵^2 +  ($3{x2}+$4{x3}-2)⍵ + 3$2{x1}+13$3{x2}+8$4{x3}-19

[8:]:
-$4{x3} >= -1 ? 4
$4{x3} >= 2 && -$3{x2} >= 0 ? 4
$4{x3} >= 2 && $3{x2} >= 1 ?  ($3{x2}-1)⍵^2 +  ($3{x2}+$4{x3}-2)⍵ + 13$3{x2}+8$4{x3}-17

[9:]:
-$3{x2} >= -1 ? 4
$3{x2} >= 2 && -$2{x1} >= 0 ? 4
$3{x2} >= 2 && $2{x1} >= 1 ?  ($3{x2}-1)⍵^2 +  ($3{x2}-1)⍵ + 3$2{x1}+13$3{x2}-12

[10:]:
-$3{x2} >= 0 ? 3
$3{x2} >= 1 && -$2{x1} >= 0 ? 3
$3{x2} >= 1 && $2{x1} >= 1 ?  ($3{x2}+0)⍵^2 +  ($3{x2}+0)⍵ + 3$2{x1}+13$3{x2}+0

[11:]:
-$4{x3} >= 0 ? 3
$4{x3} >= 1 && -$3{x2} >= 0 ? 3
$4{x3} >= 1 && $3{x2} >= 1 ?  ($3{x2}-1)⍵^2 +  ($3{x2}+$4{x3}-1)⍵ + 13$3{x2}+8$4{x3}-10

[12:]:
top ? bottom

[13:]:
top ? bottom

[14:]:
top ? 0.

[15:]:
-$4{x3} >= 0 ? 2
$4{x3} == 1 && -$3{x2} >= 0 ? 2
$4{x3} == 1 && $3{x2} >= 1 && -$2{x1} >= 0 ? 2
$4{x3} == 1 && $3{x2} >= 1 && $2{x1} >= 1 ?  ($3{x2}-1)⍵^2 +  ($3{x2}-1)⍵ + 3$2{x1}+13$3{x2}-9
$4{x3} == 2 && -$3{x2} >= 0 ? 2
$4{x3} == 2 && $3{x2} >= 1 && -$2{x1} >= 0 ? 2
$4{x3} == 2 && $3{x2} >= 1 && $2{x1} >= 1 ?  ($3{x2}-1)⍵^2 +  ($3{x2}+0)⍵ + 3$2{x1}+13$3{x2}-1
$4{x3} >= 3 && -$3{x2} >= 0 ? 2
$4{x3} >= 3 && $3{x2} >= 1 && -$2{x1} >= 0 ? 2
$4{x3} >= 3 && $3{x2} >= 1 && $2{x1} >= 1 ?  ($3{x2}-1)⍵^2 +  ($3{x2}+$4{x3}-2)⍵ + 3$2{x1}+13$3{x2}+8$4{x3}-17


Time: 4.371003
Analysis Result: TRUE
