[1:]:
top ? bottom

[2:]:
top ? bottom

[3:]:
top ? bottom

[4:]:
top ? bottom

[5:]:
top ? bottom

[6:]:
top ? bottom

[7:]:
top ? 0.

[8:]:
top ? bottom

[1:]:
-$1{x} >= 1 ? 1.
-$1{x} >= -2 && $1{x} >= 0 ? 5
$1{x} == 3 ? 9
-$1{x} >= -5 && $1{x} >= 4 ? 7
$1{x} >= 6 ? 3

[2:]:
top ? 0.

[3:]:
-$1{x} >= 1 ? 1.
-$1{x} >= -2 && $1{x} >= 0 ? 5
$1{x} == 3 ? 9
-$1{x} >= -5 && $1{x} >= 4 ? 7
$1{x} >= 6 ? 3

[4:]:
-$1{x} >= -2 ? 4
$1{x} == 3 ? 8
-$1{x} >= -5 && $1{x} >= 4 ? 6
$1{x} >= 6 ? 2

[5:]:
top ? bottom

[6:]:
top ? bottom

[7:]:
top ? 0.

[8:]:
-$1{x} >= 1 ? 1.
-$1{x} >= -2 && $1{x} >= 0 ? 5
$1{x} == 3 ? 9
-$1{x} >= -5 && $1{x} >= 4 ? 7
$1{x} >= 6 ? 3


Time: 0.006094
Analysis Result: TRUE
