[1:]:
top ? bottom

[2:]:
top ? bottom

[3:]:
top ? bottom

[4:]:
top ? bottom

[5:]:
top ? bottom

[6:]:
top ? bottom

[7:]:
top ? bottom

[8:]:
top ? bottom

[9:]:
top ? 0.

[10:]:
top ? bottom

[1:]:
-$1{x} >= 0 ? -3$1{x}+1
$1{x} == 1 ? 7
$1{x} == 2 ? 4
$1{x} == 3 ? 10
$1{x} >= 4 ?  ($1{x}-4)⍵ + 3$1{x}-5

[2:]:
top ? 0.

[3:]:
-$1{x} >= 0 ? -3$1{x}+1
$1{x} == 1 ? 7
$1{x} == 2 ? 4
$1{x} == 3 ? 10
$1{x} == 4 ? 7
$1{x} == 5 ? 13
$1{x} >= 6 ?  ($1{x}-6)⍵ + 3$1{x}-8

[4:]:
-$1{x} >= 1 ? -3$1{x}+0
$1{x} == 0 ? 9
$1{x} == 1 ? 6
$1{x} == 2 ? 3
$1{x} == 3 ? 9
$1{x} == 4 ? 6
$1{x} == 5 ? 12
$1{x} >= 6 ?  ($1{x}-6)⍵ + 3$1{x}-9

[5:]:
-$1{x} >= 1 ? -3$1{x}-1
$1{x} == 0 ? 8
$1{x} == 1 ? 5
$1{x} == 2 ? 11
$1{x} >= 3 ?  ($1{x}-3)⍵ + 3$1{x}-1

[6:]:
-$1{x} >= -2 ? -3$1{x}+8
$1{x} == 3 ? 8
$1{x} == 4 ? 5
$1{x} == 5 ? 11
$1{x} >= 6 ?  ($1{x}-6)⍵ + 3$1{x}-10

[7:]:
top ? bottom

[8:]:
top ? bottom

[9:]:
top ? 0.

[10:]:
-$1{x} >= 0 ? -3$1{x}+1
$1{x} == 1 ? 7
$1{x} == 2 ? 4
$1{x} == 3 ? 10
$1{x} >= 4 ?  ($1{x}-4)⍵ + 3$1{x}-5


Time: 0.034909
Analysis Result: TRUE
