[1:]:
top ? bottom

[2:]:
top ? bottom

[3:]:
top ? bottom

[4:]:
top ? bottom

[5:]:
top ? bottom

[6:]:
top ? bottom

[7:]:
top ? bottom

[8:]:
top ? 0.

[9:]:
top ? bottom

[1:]:
-$2{z} >= 1 && -$1{y} >= 1 ? 1
-$2{z} >= 1 && $1{y} >= 0 ? 3$1{y}+4
$2{z} == 0 && -$1{y} >= 0 ? 4
$2{z} == 0 && $1{y} >= 1 ? 3$1{y}+4
$2{z} == 1 && -$1{y} >= -1 ? 7
$2{z} == 1 && $1{y} >= 2 ? 3$1{y}+4
$2{z} >= 2 && -$1{y} >= -1 ? 3$2{z}+4
$2{z} >= 2 && $1{y} >= 2 ?  ($1{y}+$2{z}-3)⍵ + 3$1{y}+3$2{z}-2

[2:]:
top ? 0.

[3:]:
-$2{z} >= 1 && -$1{y} >= 1 ? 1
-$2{z} >= 1 && $1{y} >= 0 ? 3$1{y}+4
$2{z} == 0 && -$1{y} >= 0 ? 4
$2{z} == 0 && $1{y} >= 1 ? 3$1{y}+4
$2{z} == 1 && -$1{y} >= -1 ? 7
$2{z} == 1 && $1{y} >= 2 ? 3$1{y}+4
$2{z} == 2 && -$1{y} >= -2 ? 10
$2{z} == 2 && $1{y} >= 3 ? 3$1{y}+4
$2{z} >= 3 && -$1{y} >= -2 ? 3$2{z}+4
$2{z} >= 3 && $1{y} >= 3 ?  ($1{y}+$2{z}-5)⍵ + 3$1{y}+3$2{z}-5

[4:]:
-$2{z} >= 0 && -$1{y} >= 0 ? 3
-$2{z} >= 0 && $1{y} >= 1 ? 3$1{y}+3
$2{z} == 1 && -$1{y} >= -1 ? 6
$2{z} == 1 && $1{y} >= 2 ? 3$1{y}+3
$2{z} == 2 && -$1{y} >= -2 ? 9
$2{z} == 2 && $1{y} >= 3 ? 3$1{y}+3
$2{z} >= 3 && -$1{y} >= -2 ? 3$2{z}+3
$2{z} >= 3 && $1{y} >= 3 ?  ($1{y}+$2{z}-5)⍵ + 3$1{y}+3$2{z}-6

[5:]:
-$2{z} >= 0 && -$1{y} >= 1 ? 2
-$2{z} >= 0 && $1{y} >= 0 ? 3$1{y}+5
$2{z} == 1 && -$1{y} >= 0 ? 5
$2{z} == 1 && $1{y} >= 1 ? 3$1{y}+5
$2{z} == 2 && -$1{y} >= -1 ? 8
$2{z} == 2 && $1{y} >= 2 ? 3$1{y}+5
$2{z} >= 3 && -$1{y} >= -1 ? 3$2{z}+2
$2{z} >= 3 && $1{y} >= 2 ?  ($1{y}+$2{z}-4)⍵ + 3$1{y}+3$2{z}-4

[6:]:
top ? bottom

[7:]:
top ? bottom

[8:]:
top ? 0.

[9:]:
-$2{z} >= 1 && -$1{y} >= 1 ? 1
-$2{z} >= 1 && $1{y} >= 0 ? 3$1{y}+4
$2{z} == 0 && -$1{y} >= 0 ? 4
$2{z} == 0 && $1{y} >= 1 ? 3$1{y}+4
$2{z} == 1 && -$1{y} >= -1 ? 7
$2{z} == 1 && $1{y} >= 2 ? 3$1{y}+4
$2{z} >= 2 && -$1{y} >= -1 ? 3$2{z}+4
$2{z} >= 2 && $1{y} >= 2 ?  ($1{y}+$2{z}-3)⍵ + 3$1{y}+3$2{z}-2


Time: 0.050657
Analysis Result: TRUE
