[1:]:
-$2{y} >= 1 ? bottom
$2{y} == 0 ? 0.
$2{y} >= 1 ? bottom

[2:]:
-$2{y} >= 1 ? bottom
$2{y} == 0 ? 0.
$2{y} >= 1 ? bottom

[3:]:
-$2{y} >= 1 ? bottom
$2{y} == 0 ? 0.
$2{y} >= 1 ? bottom

[4:]:
-$2{y} >= 1 ? bottom
$2{y} == 0 ? 0.
$2{y} >= 1 ? bottom

[5:]:
-$2{y} >= 1 ? bottom
$2{y} == 0 ? 0.
$2{y} >= 1 ? bottom

[6:]:
-$2{y} >= 1 ? bottom
$2{y} == 0 ? 0.
$2{y} >= 1 ? bottom

[7:]:
-$2{y} >= 1 ? bottom
$2{y} == 0 ? 0.
$2{y} >= 1 ? bottom

[8:]:
-$2{y} >= 1 ? bottom
$2{y} == 0 ? 0.
$2{y} >= 1 ? bottom

[9:]:
-$2{y} >= 1 ? bottom
$2{y} == 0 ? 0.
$2{y} >= 1 ? bottom

[10:]:
-$2{y} >= 1 ? bottom
$2{y} == 0 ? 0.
$2{y} >= 1 ? bottom

[11:]:
-$2{y} >= 1 ? bottom
$2{y} == 0 ? 0.
$2{y} >= 1 ? bottom

[12:]:
-$2{y} >= 1 ? bottom
$2{y} == 0 ? 0.
$2{y} >= 1 ? bottom

[1:]:
-$2{y} >= 1 ? bottom
$2{y} == 0 ? 0.
$2{y} >= 1 ? bottom

[2:]:
-$2{y} >= 1 ? bottom
$2{y} == 0 ? 0.
$2{y} >= 1 ? bottom

[3:]:
-$2{y} >= 1 ? bottom
$2{y} == 0 ? 0.
$2{y} >= 1 ? bottom

[4:]:
-$2{y} >= 1 && -$1{x} >= 0 ? bottom
$1{x} >= 1 && -$2{y} >= 1 && -$1{x} >= -2 ? 5
$1{x} >= 3 && -$2{y} >= 1 ? 3$1{x}-1
$2{y} == 0 ? 0.
$2{y} >= 1 && -$1{x} >= 0 ? bottom
$1{x} >= 1 && $2{y} >= 1 && -$1{x} >= -2 ? 5
$1{x} >= 3 && $2{y} >= 1 ? 3$1{x}-1

[5:]:
-$2{y} >= 1 && -$1{x} >= 0 ? bottom
$1{x} >= 1 && -$2{y} >= 1 && -$1{x} >= -2 ? 4
$1{x} >= 3 && -$2{y} >= 1 ? 3$1{x}-2
$2{y} == 0 ? 0.
$2{y} >= 1 && -$1{x} >= 0 ? bottom
$1{x} >= 1 && $2{y} >= 1 && -$1{x} >= -2 ? 4
$1{x} >= 3 && $2{y} >= 1 ? 3$1{x}-2

[6:]:
-$2{y} >= 1 && -$1{x} >= -2 ? 3
$1{x} >= 3 && -$2{y} >= 1 ? 3$1{x}-3
$2{y} == 0 ? 0.
$2{y} >= 1 && -$1{x} >= -2 ? 3
$1{x} >= 3 && $2{y} >= 1 ? 3$1{x}-3

[7:]:
-$2{y} >= 1 && -$1{x} >= -1 ? 2
$1{x} >= 2 && -$2{y} >= 1 ? 3$1{x}-1
$2{y} == 0 ? 0.
$2{y} >= 1 && -$1{x} >= -1 ? 2
$1{x} >= 2 && $2{y} >= 1 ? 3$1{x}-1

[8:]:
-$2{y} >= 1 ? 1
$2{y} == 0 ? 0.
$2{y} >= 1 ? 1

[9:]:
top ? bottom

[10:]:
top ? bottom

[11:]:
-$2{y} >= 1 ? bottom
$2{y} == 0 ? 0.
$2{y} >= 1 ? bottom

[12:]:
-$2{y} >= 1 ? bottom
$2{y} == 0 ? 0.
$2{y} >= 1 ? bottom

[1:]:
-$1{x} >= 0 ? 0.
$1{x} >= 1 ? bottom

[2:]:
-$1{x} >= 0 ? 0.
$1{x} >= 1 ? bottom

[3:]:
-$1{x} >= 0 ? 0.
$1{x} >= 1 ? bottom

[4:]:
-$1{x} >= 0 ? 0.
$1{x} >= 1 ? bottom

[5:]:
-$1{x} >= 0 ? 0.
$1{x} >= 1 ? bottom

[6:]:
-$1{x} >= 0 ? 0.
$1{x} >= 1 ? bottom

[7:]:
-$1{x} >= 0 ? 0.
$1{x} >= 1 ? bottom

[8:]:
-$1{x} >= 0 ? 0.
$1{x} >= 1 ? bottom

[9:]:
-$1{x} >= 0 ? 0.
$1{x} >= 1 ? bottom

[10:]:
-$1{x} >= 0 ? 0.
$1{x} >= 1 ? bottom

[11:]:
-$1{x} >= 0 ? 0.
$1{x} >= 1 ? bottom

[12:]:
-$1{x} >= 0 ? 0.
$1{x} >= 1 ? bottom

[1:]:
-$2{y} >= 1 && -$1{x} >= 0 ? 0.
$1{x} >= 1 && -$2{y} >= 1 ? bottom
$2{y} == 0 ? 0
$2{y} >= 1 && -$1{x} >= 0 ? 0.
$1{x} >= 1 && $2{y} >= 1 ? bottom

[2:]:
-$2{y} >= 1 && -$1{x} >= 0 ? 0.
$1{x} >= 1 && -$2{y} >= 1 ? bottom
$2{y} == 0 ? 0
$2{y} >= 1 && -$1{x} >= 0 ? 0.
$1{x} >= 1 && $2{y} >= 1 ? bottom

[3:]:
-$2{y} >= 1 && -$1{x} >= 0 ? 0.
$1{x} >= 1 && -$2{y} >= 1 ? bottom
$2{y} == 0 ? 0
$2{y} >= 1 && -$1{x} >= 0 ? 0.
$1{x} >= 1 && $2{y} >= 1 ? bottom

[4:]:
-$2{y} >= 1 && -$1{x} >= 0 ? 0.
$1{x} >= 1 && -$2{y} >= 1 && -$1{x} >= -2 ? 5
$1{x} >= 3 && -$2{y} >= 1 ? 3$1{x}-1
$2{y} == 0 ? 0
$2{y} >= 1 && -$1{x} >= 0 ? 0.
$1{x} >= 1 && $2{y} >= 1 && -$1{x} >= -2 ? 5
$1{x} >= 3 && $2{y} >= 1 ? 3$1{x}-1

[5:]:
-$2{y} >= 1 && -$1{x} >= 0 ? 0.
$1{x} >= 1 && -$2{y} >= 1 && -$1{x} >= -2 ? 4
$1{x} >= 3 && -$2{y} >= 1 ? 3$1{x}-2
$2{y} == 0 ? 0
$2{y} >= 1 && -$1{x} >= 0 ? 0.
$1{x} >= 1 && $2{y} >= 1 && -$1{x} >= -2 ? 4
$1{x} >= 3 && $2{y} >= 1 ? 3$1{x}-2

[6:]:
-$2{y} >= 1 && -$1{x} >= -2 ? 3
$1{x} >= 3 && -$2{y} >= 1 ? 3$1{x}-3
$2{y} == 0 ? 0
$2{y} >= 1 && -$1{x} >= -2 ? 3
$1{x} >= 3 && $2{y} >= 1 ? 3$1{x}-3

[7:]:
-$2{y} >= 1 && -$1{x} >= -1 ? 2
$1{x} >= 2 && -$2{y} >= 1 ? 3$1{x}-1
$2{y} == 0 ? 0
$2{y} >= 1 && -$1{x} >= -1 ? 2
$1{x} >= 2 && $2{y} >= 1 ? 3$1{x}-1

[8:]:
-$2{y} >= 1 ? 1
$2{y} == 0 ? 0
$2{y} >= 1 ? 1

[9:]:
-$1{x} >= 0 ? 0.
$1{x} >= 1 ? bottom

[10:]:
-$1{x} >= 0 ? 0.
$1{x} >= 1 ? bottom

[11:]:
-$2{y} >= 1 && -$1{x} >= 0 ? 0.
$1{x} >= 1 && -$2{y} >= 1 ? bottom
$2{y} == 0 ? 0
$2{y} >= 1 && -$1{x} >= 0 ? 0.
$1{x} >= 1 && $2{y} >= 1 ? bottom

[12:]:
-$2{y} >= 1 && -$1{x} >= 0 ? 0.
$1{x} >= 1 && -$2{y} >= 1 ? bottom
$2{y} == 0 ? 0
$2{y} >= 1 && -$1{x} >= 0 ? 0.
$1{x} >= 1 && $2{y} >= 1 ? bottom

[1:]:
-$2{y} >= 1 && -$1{x} >= 0 ? 0.
$1{x} >= 1 && -$2{y} >= 1 ? bottom
$2{y} == 0 ? 0
$2{y} >= 1 && -$1{x} >= 0 ? 0.
$1{x} >= 1 && $2{y} >= 1 ? bottom

[2:]:
top ? bottom

[3:]:
-$2{y} >= 1 ? bottom
$2{y} == 0 ? 0
$2{y} >= 1 ? bottom

[4:]:
-$2{y} >= 1 && -$1{x} >= 0 ? 0.
$1{x} >= 1 && -$2{y} >= 1 && -$1{x} >= -2 ? 5
$1{x} >= 3 && -$2{y} >= 1 ? 3$1{x}-1
$2{y} == 0 ? 0
$2{y} >= 1 && -$1{x} >= 0 ? 0.
$1{x} >= 1 && $2{y} >= 1 && -$1{x} >= -2 ? 5
$1{x} >= 3 && $2{y} >= 1 ? 3$1{x}-1

[5:]:
-$2{y} >= 1 && -$1{x} >= 0 ? 0.
$1{x} >= 1 && -$2{y} >= 1 && -$1{x} >= -2 ? 4
$1{x} >= 3 && -$2{y} >= 1 ? 3$1{x}-2
$2{y} == 0 ? 0
$2{y} >= 1 && -$1{x} >= 0 ? 0.
$1{x} >= 1 && $2{y} >= 1 && -$1{x} >= -2 ? 4
$1{x} >= 3 && $2{y} >= 1 ? 3$1{x}-2

[6:]:
-$2{y} >= 1 && -$1{x} >= -2 ? 3
$1{x} >= 3 && -$2{y} >= 1 ? 3$1{x}-3
$2{y} == 0 ? 0
$2{y} >= 1 && -$1{x} >= -2 ? 3
$1{x} >= 3 && $2{y} >= 1 ? 3$1{x}-3

[7:]:
-$2{y} >= 1 && -$1{x} >= -1 ? 2
$1{x} >= 2 && -$2{y} >= 1 ? 3$1{x}-1
$2{y} == 0 ? 0
$2{y} >= 1 && -$1{x} >= -1 ? 2
$1{x} >= 2 && $2{y} >= 1 ? 3$1{x}-1

[8:]:
-$2{y} >= 1 ? 1
$2{y} == 0 ? 0
$2{y} >= 1 ? 1

[9:]:
-$1{x} >= 0 ? 0.
$1{x} >= 1 ? bottom

[10:]:
-$1{x} >= 0 ? 0.
$1{x} >= 1 ? bottom

[11:]:
top ? bottom

[12:]:
-$2{y} >= 1 && -$1{x} >= 0 ? 0.
$1{x} >= 1 && -$2{y} >= 1 ? bottom
$2{y} == 0 ? 0
$2{y} >= 1 && -$1{x} >= 0 ? 0.
$1{x} >= 1 && $2{y} >= 1 ? bottom


Time: 0.099880
Analysis Result: TRUE
