[1:]:
-$5{chainBroken} >= 0 ? bottom
$5{chainBroken} == 1 ? 0.
$5{chainBroken} >= 2 ? bottom

[2:]:
-$5{chainBroken} >= 0 ? bottom
$5{chainBroken} == 1 ? 0.
$5{chainBroken} >= 2 ? bottom

[3:]:
-$5{chainBroken} >= 0 ? bottom
$5{chainBroken} == 1 ? 0.
$5{chainBroken} >= 2 ? bottom

[4:]:
-$5{chainBroken} >= 0 ? bottom
$5{chainBroken} == 1 ? 0.
$5{chainBroken} >= 2 ? bottom

[5:]:
-$5{chainBroken} >= 0 ? bottom
$5{chainBroken} == 1 ? 0.
$5{chainBroken} >= 2 ? bottom

[6:]:
-$5{chainBroken} >= 0 ? bottom
$5{chainBroken} == 1 ? 0.
$5{chainBroken} >= 2 ? bottom

[7:]:
-$5{chainBroken} >= 0 ? bottom
$5{chainBroken} == 1 ? 0.
$5{chainBroken} >= 2 ? bottom

[8:]:
-$5{chainBroken} >= 0 ? bottom
$5{chainBroken} == 1 ? 0.
$5{chainBroken} >= 2 ? bottom

[9:]:
-$5{chainBroken} >= 0 ? bottom
$5{chainBroken} == 1 ? 0.
$5{chainBroken} >= 2 ? bottom

[10:]:
-$5{chainBroken} >= 0 ? bottom
$5{chainBroken} == 1 ? 0.
$5{chainBroken} >= 2 ? bottom

[11:]:
-$5{chainBroken} >= 0 ? bottom
$5{chainBroken} == 1 ? 0.
$5{chainBroken} >= 2 ? bottom

[12:]:
-$5{chainBroken} >= 0 ? bottom
$5{chainBroken} == 1 ? 0.
$5{chainBroken} >= 2 ? bottom

[13:]:
-$5{chainBroken} >= 0 ? bottom
$5{chainBroken} == 1 ? 0.
$5{chainBroken} >= 2 ? bottom

[14:]:
-$5{chainBroken} >= 0 ? bottom
$5{chainBroken} == 1 ? 0.
$5{chainBroken} >= 2 ? bottom

[15:]:
-$5{chainBroken} >= 0 ? bottom
$5{chainBroken} == 1 ? 0.
$5{chainBroken} >= 2 ? bottom

[16:]:
-$5{chainBroken} >= 0 ? bottom
$5{chainBroken} == 1 ? 0.
$5{chainBroken} >= 2 ? bottom

[17:]:
-$5{chainBroken} >= 0 ? bottom
$5{chainBroken} == 1 ? 0.
$5{chainBroken} >= 2 ? bottom

[18:]:
-$5{chainBroken} >= 0 ? bottom
$5{chainBroken} == 1 ? 0.
$5{chainBroken} >= 2 ? bottom

[19:]:
-$5{chainBroken} >= 0 ? bottom
$5{chainBroken} == 1 ? 0.
$5{chainBroken} >= 2 ? bottom

[20:]:
-$5{chainBroken} >= 0 ? bottom
$5{chainBroken} == 1 ? 0.
$5{chainBroken} >= 2 ? bottom

[21:]:
-$5{chainBroken} >= 0 ? bottom
$5{chainBroken} == 1 ? 0.
$5{chainBroken} >= 2 ? bottom

[22:]:
-$5{chainBroken} >= 0 ? bottom
$5{chainBroken} == 1 ? 0.
$5{chainBroken} >= 2 ? bottom

[23:]:
-$5{chainBroken} >= 0 ? bottom
$5{chainBroken} == 1 ? 0.
$5{chainBroken} >= 2 ? bottom

[24:]:
-$5{chainBroken} >= 0 ? bottom
$5{chainBroken} == 1 ? 0.
$5{chainBroken} >= 2 ? bottom

[25:]:
-$5{chainBroken} >= 0 ? bottom
$5{chainBroken} == 1 ? 0.
$5{chainBroken} >= 2 ? bottom

[26:]:
-$5{chainBroken} >= 0 ? bottom
$5{chainBroken} == 1 ? 0.
$5{chainBroken} >= 2 ? bottom

[27:]:
-$5{chainBroken} >= 0 ? bottom
$5{chainBroken} == 1 ? 0.
$5{chainBroken} >= 2 ? bottom

[28:]:
-$5{chainBroken} >= 0 ? bottom
$5{chainBroken} == 1 ? 0.
$5{chainBroken} >= 2 ? bottom

[29:]:
-$5{chainBroken} >= 0 ? bottom
$5{chainBroken} == 1 ? 0.
$5{chainBroken} >= 2 ? bottom

[30:]:
-$5{chainBroken} >= 0 ? bottom
$5{chainBroken} == 1 ? 0.
$5{chainBroken} >= 2 ? bottom

[31:]:
-$5{chainBroken} >= 0 ? bottom
$5{chainBroken} == 1 ? 0.
$5{chainBroken} >= 2 ? bottom

[32:]:
-$5{chainBroken} >= 0 ? bottom
$5{chainBroken} == 1 ? 0.
$5{chainBroken} >= 2 ? bottom

[33:]:
-$5{chainBroken} >= 0 ? bottom
$5{chainBroken} == 1 ? 0.
$5{chainBroken} >= 2 ? bottom

[34:]:
-$5{chainBroken} >= 0 ? bottom
$5{chainBroken} == 1 ? 0.
$5{chainBroken} >= 2 ? bottom

[35:]:
-$5{chainBroken} >= 0 ? bottom
$5{chainBroken} == 1 ? 0.
$5{chainBroken} >= 2 ? bottom

[36:]:
-$5{chainBroken} >= 0 ? bottom
$5{chainBroken} == 1 ? 0.
$5{chainBroken} >= 2 ? bottom

[37:]:
-$5{chainBroken} >= 0 ? bottom
$5{chainBroken} == 1 ? 0.
$5{chainBroken} >= 2 ? bottom

[38:]:
-$5{chainBroken} >= 0 ? bottom
$5{chainBroken} == 1 ? 0.
$5{chainBroken} >= 2 ? bottom

[39:]:
-$5{chainBroken} >= 0 ? bottom
$5{chainBroken} == 1 ? 0.
$5{chainBroken} >= 2 ? bottom

[40:]:
-$5{chainBroken} >= 0 ? bottom
$5{chainBroken} == 1 ? 0.
$5{chainBroken} >= 2 ? bottom

[41:]:
-$5{chainBroken} >= 0 ? bottom
$5{chainBroken} == 1 ? 0.
$5{chainBroken} >= 2 ? bottom

[42:]:
-$5{chainBroken} >= 0 ? bottom
$5{chainBroken} == 1 ? 0.
$5{chainBroken} >= 2 ? bottom

[43:]:
-$5{chainBroken} >= 0 ? bottom
$5{chainBroken} == 1 ? 0.
$5{chainBroken} >= 2 ? bottom

[44:]:
-$5{chainBroken} >= 0 ? bottom
$5{chainBroken} == 1 ? 0.
$5{chainBroken} >= 2 ? bottom

[45:]:
-$5{chainBroken} >= 0 ? bottom
$5{chainBroken} == 1 ? 0.
$5{chainBroken} >= 2 ? bottom

[46:]:
-$5{chainBroken} >= 0 ? bottom
$5{chainBroken} == 1 ? 0.
$5{chainBroken} >= 2 ? bottom

[47:]:
-$5{chainBroken} >= 0 ? bottom
$5{chainBroken} == 1 ? 0.
$5{chainBroken} >= 2 ? bottom

[48:]:
-$5{chainBroken} >= 0 ? bottom
$5{chainBroken} == 1 ? 0.
$5{chainBroken} >= 2 ? bottom

[49:]:
-$5{chainBroken} >= 0 ? bottom
$5{chainBroken} == 1 ? 0.
$5{chainBroken} >= 2 ? bottom

[50:]:
-$5{chainBroken} >= 0 ? bottom
$5{chainBroken} == 1 ? 0.
$5{chainBroken} >= 2 ? bottom

[51:]:
-$5{chainBroken} >= 0 ? bottom
$5{chainBroken} == 1 ? 0.
$5{chainBroken} >= 2 ? bottom

[52:]:
-$5{chainBroken} >= 0 ? bottom
$5{chainBroken} == 1 ? 0.
$5{chainBroken} >= 2 ? bottom

[53:]:
-$5{chainBroken} >= 0 ? bottom
$5{chainBroken} == 1 ? 0.
$5{chainBroken} >= 2 ? bottom

[54:]:
-$5{chainBroken} >= 0 ? bottom
$5{chainBroken} == 1 ? 0.
$5{chainBroken} >= 2 ? bottom

[55:]:
-$5{chainBroken} >= 0 ? bottom
$5{chainBroken} == 1 ? 0.
$5{chainBroken} >= 2 ? bottom

[56:]:
-$5{chainBroken} >= 0 ? bottom
$5{chainBroken} == 1 ? 0.
$5{chainBroken} >= 2 ? bottom

[57:]:
-$5{chainBroken} >= 0 ? bottom
$5{chainBroken} == 1 ? 0.
$5{chainBroken} >= 2 ? bottom

[58:]:
-$5{chainBroken} >= 0 ? bottom
$5{chainBroken} == 1 ? 0.
$5{chainBroken} >= 2 ? bottom

[59:]:
-$5{chainBroken} >= 0 ? bottom
$5{chainBroken} == 1 ? 0.
$5{chainBroken} >= 2 ? bottom

[60:]:
-$5{chainBroken} >= 0 ? bottom
$5{chainBroken} == 1 ? 0.
$5{chainBroken} >= 2 ? bottom

[61:]:
-$5{chainBroken} >= 0 ? bottom
$5{chainBroken} == 1 ? 0.
$5{chainBroken} >= 2 ? bottom

[62:]:
-$5{chainBroken} >= 0 ? bottom
$5{chainBroken} == 1 ? 0.
$5{chainBroken} >= 2 ? bottom

[63:]:
-$5{chainBroken} >= 0 ? bottom
$5{chainBroken} == 1 ? 0.
$5{chainBroken} >= 2 ? bottom

[64:]:
-$5{chainBroken} >= 0 ? bottom
$5{chainBroken} == 1 ? 0.
$5{chainBroken} >= 2 ? bottom

[65:]:
-$5{chainBroken} >= 0 ? bottom
$5{chainBroken} == 1 ? 0.
$5{chainBroken} >= 2 ? bottom

[66:]:
-$5{chainBroken} >= 0 ? bottom
$5{chainBroken} == 1 ? 0.
$5{chainBroken} >= 2 ? bottom

[67:]:
-$5{chainBroken} >= 0 ? bottom
$5{chainBroken} == 1 ? 0.
$5{chainBroken} >= 2 ? bottom

[68:]:
-$5{chainBroken} >= 0 ? bottom
$5{chainBroken} == 1 ? 0.
$5{chainBroken} >= 2 ? bottom

[69:]:
-$5{chainBroken} >= 0 ? bottom
$5{chainBroken} == 1 ? 0.
$5{chainBroken} >= 2 ? bottom

[70:]:
-$5{chainBroken} >= 0 ? bottom
$5{chainBroken} == 1 ? 0.
$5{chainBroken} >= 2 ? bottom

[71:]:
-$5{chainBroken} >= 0 ? bottom
$5{chainBroken} == 1 ? 0.
$5{chainBroken} >= 2 ? bottom

[72:]:
-$5{chainBroken} >= 0 ? bottom
$5{chainBroken} == 1 ? 0.
$5{chainBroken} >= 2 ? bottom

[73:]:
-$5{chainBroken} >= 0 ? bottom
$5{chainBroken} == 1 ? 0.
$5{chainBroken} >= 2 ? bottom

[74:]:
-$5{chainBroken} >= 0 ? bottom
$5{chainBroken} == 1 ? 0.
$5{chainBroken} >= 2 ? bottom

[75:]:
-$5{chainBroken} >= 0 ? bottom
$5{chainBroken} == 1 ? 0.
$5{chainBroken} >= 2 ? bottom

[76:]:
-$5{chainBroken} >= 0 ? bottom
$5{chainBroken} == 1 ? 0.
$5{chainBroken} >= 2 ? bottom

[77:]:
-$5{chainBroken} >= 0 ? bottom
$5{chainBroken} == 1 ? 0.
$5{chainBroken} >= 2 ? bottom

[78:]:
-$5{chainBroken} >= 0 ? bottom
$5{chainBroken} == 1 ? 0.
$5{chainBroken} >= 2 ? bottom

[79:]:
-$5{chainBroken} >= 0 ? bottom
$5{chainBroken} == 1 ? 0.
$5{chainBroken} >= 2 ? bottom

[80:]:
-$5{chainBroken} >= 0 ? bottom
$5{chainBroken} == 1 ? 0.
$5{chainBroken} >= 2 ? bottom

[81:]:
-$5{chainBroken} >= 0 ? bottom
$5{chainBroken} == 1 ? 0.
$5{chainBroken} >= 2 ? bottom

[82:]:
-$5{chainBroken} >= 0 ? bottom
$5{chainBroken} == 1 ? 0.
$5{chainBroken} >= 2 ? bottom

[83:]:
-$5{chainBroken} >= 0 ? bottom
$5{chainBroken} == 1 ? 0.
$5{chainBroken} >= 2 ? bottom

[84:]:
-$5{chainBroken} >= 0 ? bottom
$5{chainBroken} == 1 ? 0.
$5{chainBroken} >= 2 ? bottom

[85:]:
-$5{chainBroken} >= 0 ? bottom
$5{chainBroken} == 1 ? 0.
$5{chainBroken} >= 2 ? bottom

[86:]:
-$5{chainBroken} >= 0 ? bottom
$5{chainBroken} == 1 ? 0.
$5{chainBroken} >= 2 ? bottom

[87:]:
-$5{chainBroken} >= 0 ? bottom
$5{chainBroken} == 1 ? 0.
$5{chainBroken} >= 2 ? bottom

[88:]:
-$5{chainBroken} >= 0 ? bottom
$5{chainBroken} == 1 ? 0.
$5{chainBroken} >= 2 ? bottom

[89:]:
-$5{chainBroken} >= 0 ? bottom
$5{chainBroken} == 1 ? 0.
$5{chainBroken} >= 2 ? bottom

[90:]:
-$5{chainBroken} >= 0 ? bottom
$5{chainBroken} == 1 ? 0.
$5{chainBroken} >= 2 ? bottom

[91:]:
-$5{chainBroken} >= 0 ? bottom
$5{chainBroken} == 1 ? 0.
$5{chainBroken} >= 2 ? bottom

[92:]:
-$5{chainBroken} >= 0 ? bottom
$5{chainBroken} == 1 ? 0.
$5{chainBroken} >= 2 ? bottom

[93:]:
-$5{chainBroken} >= 0 ? bottom
$5{chainBroken} == 1 ? 0.
$5{chainBroken} >= 2 ? bottom

[94:]:
-$5{chainBroken} >= 0 ? bottom
$5{chainBroken} == 1 ? 0.
$5{chainBroken} >= 2 ? bottom

[95:]:
-$5{chainBroken} >= 0 ? bottom
$5{chainBroken} == 1 ? 0.
$5{chainBroken} >= 2 ? bottom

[96:]:
-$5{chainBroken} >= 0 ? bottom
$5{chainBroken} == 1 ? 0.
$5{chainBroken} >= 2 ? bottom

[97:]:
-$5{chainBroken} >= 0 ? bottom
$5{chainBroken} == 1 ? 0.
$5{chainBroken} >= 2 ? bottom

[98:]:
-$5{chainBroken} >= 0 ? bottom
$5{chainBroken} == 1 ? 0.
$5{chainBroken} >= 2 ? bottom

[99:]:
-$5{chainBroken} >= 0 ? bottom
$5{chainBroken} == 1 ? 0.
$5{chainBroken} >= 2 ? bottom

[1:]:
-$5{chainBroken} >= 0 ? bottom
$5{chainBroken} == 1 ? 0.
$5{chainBroken} >= 2 ? bottom

[2:]:
-$5{chainBroken} >= 0 ? bottom
$5{chainBroken} == 1 ? 0.
$5{chainBroken} >= 2 ? bottom

[3:]:
-$5{chainBroken} >= 0 ? bottom
$5{chainBroken} == 1 ? 0.
$5{chainBroken} >= 2 ? bottom

[4:]:
-$5{chainBroken} >= 0 ? bottom
$5{chainBroken} == 1 ? 0.
$5{chainBroken} >= 2 ? bottom

[5:]:
-$5{chainBroken} >= 0 ? bottom
$5{chainBroken} == 1 ? 0.
$5{chainBroken} >= 2 ? bottom

[6:]:
-$5{chainBroken} >= 0 ? bottom
$5{chainBroken} == 1 ? 0.
$5{chainBroken} >= 2 ? bottom

[7:]:
-$5{chainBroken} >= 0 ? bottom
$5{chainBroken} == 1 ? 0.
$5{chainBroken} >= 2 ? bottom

[8:]:
-$5{chainBroken} >= 0 ? bottom
$5{chainBroken} == 1 ? 0.
$5{chainBroken} >= 2 ? bottom

[9:]:
-$5{chainBroken} >= 0 ? bottom
$5{chainBroken} == 1 ? 0.
$5{chainBroken} >= 2 ? bottom

[10:]:
-$5{chainBroken} >= 0 ? bottom
$5{chainBroken} == 1 ? 0.
$5{chainBroken} >= 2 ? bottom

[11:]:
-$5{chainBroken} >= 0 ? bottom
$5{chainBroken} == 1 ? 0.
$5{chainBroken} >= 2 ? bottom

[12:]:
-$5{chainBroken} >= 0 ? bottom
$5{chainBroken} == 1 ? 0.
$5{chainBroken} >= 2 ? bottom

[13:]:
-$5{chainBroken} >= 0 ? bottom
$5{chainBroken} == 1 ? 0.
$5{chainBroken} >= 2 ? bottom

[14:]:
-$5{chainBroken} >= 0 ? bottom
$5{chainBroken} == 1 ? 0.
$5{chainBroken} >= 2 ? bottom

[15:]:
-$5{chainBroken} >= 0 ? bottom
$5{chainBroken} == 1 ? 0.
$5{chainBroken} >= 2 ? bottom

[16:]:
-$5{chainBroken} >= 0 ? bottom
$5{chainBroken} == 1 ? 0.
$5{chainBroken} >= 2 ? bottom

[17:]:
-$5{chainBroken} >= 0 ? bottom
$5{chainBroken} == 1 ? 0.
$5{chainBroken} >= 2 ? bottom

[18:]:
-$5{chainBroken} >= 0 ? bottom
$5{chainBroken} == 1 ? 0.
$5{chainBroken} >= 2 ? bottom

[19:]:
-$5{chainBroken} >= 0 ? bottom
$5{chainBroken} == 1 ? 0.
$5{chainBroken} >= 2 ? bottom

[20:]:
-$5{chainBroken} >= 0 ? bottom
$5{chainBroken} == 1 ? 0.
$5{chainBroken} >= 2 ? bottom

[21:]:
-$5{chainBroken} >= 0 ? bottom
$5{chainBroken} == 1 ? 0.
$5{chainBroken} >= 2 ? bottom

[22:]:
-$5{chainBroken} >= 0 ? bottom
$5{chainBroken} == 1 ? 0.
$5{chainBroken} >= 2 ? bottom

[23:]:
-$5{chainBroken} >= 0 ? bottom
$5{chainBroken} == 1 ? 0.
$5{chainBroken} >= 2 ? bottom

[24:]:
-$5{chainBroken} >= 0 ? bottom
$5{chainBroken} == 1 ? 0.
$5{chainBroken} >= 2 ? bottom

[25:]:
top ? bottom

[26:]:
-$5{chainBroken} >= 0 ? bottom
$5{chainBroken} == 1 ? 0.
$5{chainBroken} >= 2 ? bottom

[27:]:
-$5{chainBroken} >= 0 ? bottom
$5{chainBroken} == 1 ? 0.
$5{chainBroken} >= 2 ? bottom

[28:]:
-$5{chainBroken} >= 0 ? bottom
$5{chainBroken} == 1 ? 0.
$5{chainBroken} >= 2 ? bottom

[29:]:
-$5{chainBroken} >= 0 ? bottom
$5{chainBroken} == 1 ? 0.
$5{chainBroken} >= 2 ? bottom

[30:]:
-$5{chainBroken} >= 0 ? bottom
$5{chainBroken} == 1 ? 0.
$5{chainBroken} >= 2 ? bottom

[31:]:
-$5{chainBroken} >= 0 ? bottom
$5{chainBroken} == 1 ? 0.
$5{chainBroken} >= 2 ? bottom

[32:]:
-$5{chainBroken} >= 0 ? bottom
$5{chainBroken} == 1 ? 0.
$5{chainBroken} >= 2 ? bottom

[33:]:
-$5{chainBroken} >= 0 ? bottom
$5{chainBroken} == 1 ? 0.
$5{chainBroken} >= 2 ? bottom

[34:]:
-$5{chainBroken} >= 0 ? bottom
$5{chainBroken} == 1 ? 0.
$5{chainBroken} >= 2 ? bottom

[35:]:
-$5{chainBroken} >= 0 ? bottom
$5{chainBroken} == 1 ? 0.
$5{chainBroken} >= 2 ? bottom

[36:]:
-$5{chainBroken} >= 0 ? bottom
$5{chainBroken} == 1 ? 0.
$5{chainBroken} >= 2 ? bottom

[37:]:
top ? bottom

[38:]:
top ? bottom

[39:]:
-$7{temp} >= 1 && -$5{chainBroken} >= 0 ? bottom
-$7{temp} >= 1 && -$19{limit} >= -9 && -$18{try} >= -2 && $5{chainBroken} == 1 ? 0.
$18{try} >= 3 && -$7{temp} >= 1 && -$19{limit} >= -9 && $5{chainBroken} == 1 ? bottom
$19{limit} >= 10 && -$7{temp} >= 1 && -$18{try} >= -2 && $5{chainBroken} == 1 ? 0.
$18{try} >= 3 && $19{limit} >= 10 && -$7{temp} >= 1 && $5{chainBroken} == 1 ? bottom
$5{chainBroken} >= 2 && -$7{temp} >= 1 ? bottom
$7{temp} >= 0 && -$5{chainBroken} >= 0 ? bottom
$7{temp} >= 0 && -$19{limit} >= -9 && -$18{try} >= -2 && $5{chainBroken} == 1 ? 0.
$18{try} >= 3 && $7{temp} >= 0 && -$19{limit} >= -9 && $5{chainBroken} == 1 ? bottom
$19{limit} >= 10 && $7{temp} >= 0 && -$18{try} >= -2 && $5{chainBroken} == 1 ? 0.
$18{try} >= 3 && $19{limit} >= 10 && $7{temp} >= 0 && $5{chainBroken} == 1 ? bottom
$5{chainBroken} >= 2 && $7{temp} >= 0 ? bottom

[40:]:
-$7{temp} >= 1 && -$5{chainBroken} >= 0 ? bottom
-$7{temp} >= 1 && -$18{try} >= -2 && $5{chainBroken} == 1 ? 0.
$18{try} >= 3 && -$7{temp} >= 1 && $5{chainBroken} == 1 ? bottom
$5{chainBroken} >= 2 && -$7{temp} >= 1 ? bottom
$7{temp} >= 0 && -$5{chainBroken} >= 0 ? bottom
$7{temp} >= 0 && -$18{try} >= -2 && $5{chainBroken} == 1 ? 0.
$18{try} >= 3 && $7{temp} >= 0 && $5{chainBroken} == 1 ? bottom
$5{chainBroken} >= 2 && $7{temp} >= 0 ? bottom

[41:]:
-$7{temp} >= 1 && -$5{chainBroken} >= 0 ? bottom
-$7{temp} >= 1 && -$18{try} >= -2 && $5{chainBroken} == 1 ? 0.
$18{try} >= 3 && -$7{temp} >= 1 && $5{chainBroken} == 1 ? bottom
$5{chainBroken} >= 2 && -$7{temp} >= 1 ? bottom
$7{temp} >= 0 && -$5{chainBroken} >= 0 ? bottom
$7{temp} >= 0 && -$18{try} >= -2 && $5{chainBroken} == 1 ? 0.
$18{try} >= 3 && $7{temp} >= 0 && $5{chainBroken} == 1 ? bottom
$5{chainBroken} >= 2 && $7{temp} >= 0 ? bottom

[42:]:
top ? bottom

[43:]:
top ? bottom

[44:]:
top ? bottom

[45:]:
top ? bottom

[46:]:
top ? bottom

[47:]:
-$7{temp} >= 1 && -$5{chainBroken} >= 0 ? bottom
-$7{temp} >= 1 && -$18{try} >= -2 && $5{chainBroken} == 1 ? 0.
$18{try} >= 3 && -$7{temp} >= 1 && $5{chainBroken} == 1 ? bottom
$5{chainBroken} >= 2 && -$7{temp} >= 1 ? bottom
$7{temp} >= 0 && -$5{chainBroken} >= 0 ? bottom
$7{temp} >= 0 && -$18{try} >= -2 && $5{chainBroken} == 1 ? 0.
$18{try} >= 3 && $7{temp} >= 0 && $5{chainBroken} == 1 ? bottom
$5{chainBroken} >= 2 && $7{temp} >= 0 ? bottom

[48:]:
-$7{temp} >= 1 && -$5{chainBroken} >= 0 ? bottom
-$7{temp} >= 1 && -$18{try} >= -2 && $5{chainBroken} == 1 ? 0.
$18{try} >= 3 && -$7{temp} >= 1 && $5{chainBroken} == 1 ? bottom
$5{chainBroken} >= 2 && -$7{temp} >= 1 ? bottom
$7{temp} >= 0 && -$5{chainBroken} >= 0 ? bottom
$7{temp} >= 0 && -$18{try} >= -2 && $5{chainBroken} == 1 ? 0.
$18{try} >= 3 && $7{temp} >= 0 && $5{chainBroken} == 1 ? bottom
$5{chainBroken} >= 2 && $7{temp} >= 0 ? bottom

[49:]:
-$7{temp} >= 1 && -$5{chainBroken} >= 0 ? bottom
-$7{temp} >= 1 && -$18{try} >= -2 && $5{chainBroken} == 1 ? 0.
$18{try} >= 3 && -$7{temp} >= 1 && $5{chainBroken} == 1 ? bottom
$5{chainBroken} >= 2 && -$7{temp} >= 1 ? bottom
$7{temp} >= 0 && -$5{chainBroken} >= 0 ? bottom
$7{temp} >= 0 && -$18{try} >= -2 && $5{chainBroken} == 1 ? 0.
$18{try} >= 3 && $7{temp} >= 0 && $5{chainBroken} == 1 ? bottom
$5{chainBroken} >= 2 && $7{temp} >= 0 ? bottom

[50:]:
-$5{chainBroken} >= 0 ? bottom
$5{chainBroken} == 1 ? 0.
$5{chainBroken} >= 2 ? bottom

[51:]:
top ? bottom

[52:]:
top ? bottom

[53:]:
top ? bottom

[54:]:
-$5{chainBroken} >= 0 ? bottom
$5{chainBroken} == 1 ? 0.
$5{chainBroken} >= 2 ? bottom

[55:]:
-$5{chainBroken} >= 0 ? bottom
$5{chainBroken} == 1 ? 0.
$5{chainBroken} >= 2 ? bottom

[56:]:
top ? bottom

[57:]:
-$5{chainBroken} >= 0 ? bottom
$5{chainBroken} == 1 ? 0.
$5{chainBroken} >= 2 ? bottom

[58:]:
-$5{chainBroken} >= 0 ? bottom
$5{chainBroken} == 1 ? 0.
$5{chainBroken} >= 2 ? bottom

[59:]:
-$5{chainBroken} >= 0 ? bottom
$5{chainBroken} == 1 ? 0.
$5{chainBroken} >= 2 ? bottom

[60:]:
-$5{chainBroken} >= 0 ? bottom
$5{chainBroken} == 1 ? 0.
$5{chainBroken} >= 2 ? bottom

[61:]:
top ? bottom

[62:]:
top ? bottom

[63:]:
top ? bottom

[64:]:
-$7{temp} >= 1 && -$5{chainBroken} >= 0 ? bottom
-$7{temp} >= 1 && -$18{try} >= -2 && $5{chainBroken} == 1 ? 0.
$18{try} >= 3 && -$7{temp} >= 1 && $5{chainBroken} == 1 ? bottom
$5{chainBroken} >= 2 && -$7{temp} >= 1 ? bottom
$7{temp} >= 0 && -$5{chainBroken} >= 0 ? bottom
$7{temp} >= 0 && -$18{try} >= -2 && $5{chainBroken} == 1 ? 0.
$18{try} >= 3 && $7{temp} >= 0 && $5{chainBroken} == 1 ? bottom
$5{chainBroken} >= 2 && $7{temp} >= 0 ? bottom

[65:]:
-$7{temp} >= 1 && -$5{chainBroken} >= 0 ? bottom
-$7{temp} >= 1 && -$18{try} >= -2 && $5{chainBroken} == 1 ? 0.
$18{try} >= 3 && -$7{temp} >= 1 && $5{chainBroken} == 1 ? bottom
$5{chainBroken} >= 2 && -$7{temp} >= 1 ? bottom
$7{temp} >= 0 && -$5{chainBroken} >= 0 ? bottom
$7{temp} >= 0 && -$18{try} >= -2 && $5{chainBroken} == 1 ? 0.
$18{try} >= 3 && $7{temp} >= 0 && $5{chainBroken} == 1 ? bottom
$5{chainBroken} >= 2 && $7{temp} >= 0 ? bottom

[66:]:
-$7{temp} >= 1 && -$5{chainBroken} >= 0 ? bottom
-$7{temp} >= 1 && -$18{try} >= -2 && $5{chainBroken} == 1 ? 0.
$18{try} >= 3 && -$7{temp} >= 1 && $5{chainBroken} == 1 ? bottom
$5{chainBroken} >= 2 && -$7{temp} >= 1 ? bottom
$7{temp} >= 0 && -$5{chainBroken} >= 0 ? bottom
$7{temp} >= 0 && -$18{try} >= -2 && $5{chainBroken} == 1 ? 0.
$18{try} >= 3 && $7{temp} >= 0 && $5{chainBroken} == 1 ? bottom
$5{chainBroken} >= 2 && $7{temp} >= 0 ? bottom

[67:]:
-$5{chainBroken} >= 0 ? bottom
$5{chainBroken} == 1 ? 0.
$5{chainBroken} >= 2 ? bottom

[68:]:
-$5{chainBroken} >= 0 ? bottom
$5{chainBroken} == 1 ? 0.
$5{chainBroken} >= 2 ? bottom

[69:]:
-$5{chainBroken} >= 0 ? bottom
$5{chainBroken} == 1 ? 0.
$5{chainBroken} >= 2 ? bottom

[70:]:
-$5{chainBroken} >= 0 ? bottom
$5{chainBroken} == 1 ? 0.
$5{chainBroken} >= 2 ? bottom

[71:]:
-$5{chainBroken} >= 0 ? bottom
$5{chainBroken} == 1 ? 0.
$5{chainBroken} >= 2 ? bottom

[72:]:
-$5{chainBroken} >= 0 ? bottom
$5{chainBroken} == 1 ? 0.
$5{chainBroken} >= 2 ? bottom

[73:]:
-$5{chainBroken} >= 0 ? bottom
$5{chainBroken} == 1 ? 0.
$5{chainBroken} >= 2 ? bottom

[74:]:
-$5{chainBroken} >= 0 ? bottom
$5{chainBroken} == 1 ? 0.
$5{chainBroken} >= 2 ? bottom

[75:]:
-$5{chainBroken} >= 0 ? bottom
$5{chainBroken} == 1 ? 0.
$5{chainBroken} >= 2 ? bottom

[76:]:
-$5{chainBroken} >= 0 ? bottom
$5{chainBroken} == 1 ? 0.
$5{chainBroken} >= 2 ? bottom

[77:]:
top ? bottom

[78:]:
top ? bottom

[79:]:
top ? bottom

[80:]:
top ? bottom

[81:]:
top ? bottom

[82:]:
top ? bottom

[83:]:
top ? bottom

[84:]:
top ? bottom

[85:]:
top ? bottom

[86:]:
top ? bottom

[87:]:
top ? bottom

[88:]:
top ? bottom

[89:]:
top ? bottom

[90:]:
top ? bottom

[91:]:
top ? bottom

[92:]:
top ? bottom

[93:]:
top ? bottom

[94:]:
top ? bottom

[95:]:
top ? bottom

[96:]:
top ? bottom

[97:]:
top ? bottom

[98:]:
top ? bottom

[99:]:
top ? bottom

[1:]:
-$5{chainBroken} >= 0 ? 0.
$5{chainBroken} == 1 ? bottom
$5{chainBroken} >= 2 ? 0.

[2:]:
-$5{chainBroken} >= 0 ? 0.
$5{chainBroken} == 1 ? bottom
$5{chainBroken} >= 2 ? 0.

[3:]:
-$5{chainBroken} >= 0 ? 0.
$5{chainBroken} == 1 ? bottom
$5{chainBroken} >= 2 ? 0.

[4:]:
-$5{chainBroken} >= 0 ? 0.
$5{chainBroken} == 1 ? bottom
$5{chainBroken} >= 2 ? 0.

[5:]:
-$5{chainBroken} >= 0 ? 0.
$5{chainBroken} == 1 ? bottom
$5{chainBroken} >= 2 ? 0.

[6:]:
-$5{chainBroken} >= 0 ? 0.
$5{chainBroken} == 1 ? bottom
$5{chainBroken} >= 2 ? 0.

[7:]:
-$5{chainBroken} >= 0 ? 0.
$5{chainBroken} == 1 ? bottom
$5{chainBroken} >= 2 ? 0.

[8:]:
-$5{chainBroken} >= 0 ? 0.
$5{chainBroken} == 1 ? bottom
$5{chainBroken} >= 2 ? 0.

[9:]:
-$5{chainBroken} >= 0 ? 0.
$5{chainBroken} == 1 ? bottom
$5{chainBroken} >= 2 ? 0.

[10:]:
-$5{chainBroken} >= 0 ? 0.
$5{chainBroken} == 1 ? bottom
$5{chainBroken} >= 2 ? 0.

[11:]:
-$5{chainBroken} >= 0 ? 0.
$5{chainBroken} == 1 ? bottom
$5{chainBroken} >= 2 ? 0.

[12:]:
-$5{chainBroken} >= 0 ? 0.
$5{chainBroken} == 1 ? bottom
$5{chainBroken} >= 2 ? 0.

[13:]:
-$5{chainBroken} >= 0 ? 0.
$5{chainBroken} == 1 ? bottom
$5{chainBroken} >= 2 ? 0.

[14:]:
-$5{chainBroken} >= 0 ? 0.
$5{chainBroken} == 1 ? bottom
$5{chainBroken} >= 2 ? 0.

[15:]:
-$5{chainBroken} >= 0 ? 0.
$5{chainBroken} == 1 ? bottom
$5{chainBroken} >= 2 ? 0.

[16:]:
-$5{chainBroken} >= 0 ? 0.
$5{chainBroken} == 1 ? bottom
$5{chainBroken} >= 2 ? 0.

[17:]:
-$5{chainBroken} >= 0 ? 0.
$5{chainBroken} == 1 ? bottom
$5{chainBroken} >= 2 ? 0.

[18:]:
-$5{chainBroken} >= 0 ? 0.
$5{chainBroken} == 1 ? bottom
$5{chainBroken} >= 2 ? 0.

[19:]:
-$5{chainBroken} >= 0 ? 0.
$5{chainBroken} == 1 ? bottom
$5{chainBroken} >= 2 ? 0.

[20:]:
-$5{chainBroken} >= 0 ? 0.
$5{chainBroken} == 1 ? bottom
$5{chainBroken} >= 2 ? 0.

[21:]:
-$5{chainBroken} >= 0 ? 0.
$5{chainBroken} == 1 ? bottom
$5{chainBroken} >= 2 ? 0.

[22:]:
-$5{chainBroken} >= 0 ? 0.
$5{chainBroken} == 1 ? bottom
$5{chainBroken} >= 2 ? 0.

[23:]:
-$5{chainBroken} >= 0 ? 0.
$5{chainBroken} == 1 ? bottom
$5{chainBroken} >= 2 ? 0.

[24:]:
-$5{chainBroken} >= 0 ? 0.
$5{chainBroken} == 1 ? bottom
$5{chainBroken} >= 2 ? 0.

[25:]:
-$5{chainBroken} >= 0 ? 0.
$5{chainBroken} == 1 ? bottom
$5{chainBroken} >= 2 ? 0.

[26:]:
-$5{chainBroken} >= 0 ? 0.
$5{chainBroken} == 1 ? bottom
$5{chainBroken} >= 2 ? 0.

[27:]:
-$5{chainBroken} >= 0 ? 0.
$5{chainBroken} == 1 ? bottom
$5{chainBroken} >= 2 ? 0.

[28:]:
-$5{chainBroken} >= 0 ? 0.
$5{chainBroken} == 1 ? bottom
$5{chainBroken} >= 2 ? 0.

[29:]:
-$5{chainBroken} >= 0 ? 0.
$5{chainBroken} == 1 ? bottom
$5{chainBroken} >= 2 ? 0.

[30:]:
-$5{chainBroken} >= 0 ? 0.
$5{chainBroken} == 1 ? bottom
$5{chainBroken} >= 2 ? 0.

[31:]:
-$5{chainBroken} >= 0 ? 0.
$5{chainBroken} == 1 ? bottom
$5{chainBroken} >= 2 ? 0.

[32:]:
-$5{chainBroken} >= 0 ? 0.
$5{chainBroken} == 1 ? bottom
$5{chainBroken} >= 2 ? 0.

[33:]:
-$5{chainBroken} >= 0 ? 0.
$5{chainBroken} == 1 ? bottom
$5{chainBroken} >= 2 ? 0.

[34:]:
-$5{chainBroken} >= 0 ? 0.
$5{chainBroken} == 1 ? bottom
$5{chainBroken} >= 2 ? 0.

[35:]:
-$5{chainBroken} >= 0 ? 0.
$5{chainBroken} == 1 ? bottom
$5{chainBroken} >= 2 ? 0.

[36:]:
-$5{chainBroken} >= 0 ? 0.
$5{chainBroken} == 1 ? bottom
$5{chainBroken} >= 2 ? 0.

[37:]:
-$5{chainBroken} >= 0 ? 0.
$5{chainBroken} == 1 ? bottom
$5{chainBroken} >= 2 ? 0.

[38:]:
-$5{chainBroken} >= 0 ? 0.
$5{chainBroken} == 1 ? bottom
$5{chainBroken} >= 2 ? 0.

[39:]:
-$5{chainBroken} >= 0 ? 0.
$5{chainBroken} == 1 ? bottom
$5{chainBroken} >= 2 ? 0.

[40:]:
-$5{chainBroken} >= 0 ? 0.
$5{chainBroken} == 1 ? bottom
$5{chainBroken} >= 2 ? 0.

[41:]:
-$5{chainBroken} >= 0 ? 0.
$5{chainBroken} == 1 ? bottom
$5{chainBroken} >= 2 ? 0.

[42:]:
-$5{chainBroken} >= 0 ? 0.
$5{chainBroken} == 1 ? bottom
$5{chainBroken} >= 2 ? 0.

[43:]:
-$5{chainBroken} >= 0 ? 0.
$5{chainBroken} == 1 ? bottom
$5{chainBroken} >= 2 ? 0.

[44:]:
-$5{chainBroken} >= 0 ? 0.
$5{chainBroken} == 1 ? bottom
$5{chainBroken} >= 2 ? 0.

[45:]:
-$5{chainBroken} >= 0 ? 0.
$5{chainBroken} == 1 ? bottom
$5{chainBroken} >= 2 ? 0.

[46:]:
-$5{chainBroken} >= 0 ? 0.
$5{chainBroken} == 1 ? bottom
$5{chainBroken} >= 2 ? 0.

[47:]:
-$5{chainBroken} >= 0 ? 0.
$5{chainBroken} == 1 ? bottom
$5{chainBroken} >= 2 ? 0.

[48:]:
-$5{chainBroken} >= 0 ? 0.
$5{chainBroken} == 1 ? bottom
$5{chainBroken} >= 2 ? 0.

[49:]:
-$5{chainBroken} >= 0 ? 0.
$5{chainBroken} == 1 ? bottom
$5{chainBroken} >= 2 ? 0.

[50:]:
-$5{chainBroken} >= 0 ? 0.
$5{chainBroken} == 1 ? bottom
$5{chainBroken} >= 2 ? 0.

[51:]:
-$5{chainBroken} >= 0 ? 0.
$5{chainBroken} == 1 ? bottom
$5{chainBroken} >= 2 ? 0.

[52:]:
-$5{chainBroken} >= 0 ? 0.
$5{chainBroken} == 1 ? bottom
$5{chainBroken} >= 2 ? 0.

[53:]:
-$5{chainBroken} >= 0 ? 0.
$5{chainBroken} == 1 ? bottom
$5{chainBroken} >= 2 ? 0.

[54:]:
-$5{chainBroken} >= 0 ? 0.
$5{chainBroken} == 1 ? bottom
$5{chainBroken} >= 2 ? 0.

[55:]:
-$5{chainBroken} >= 0 ? 0.
$5{chainBroken} == 1 ? bottom
$5{chainBroken} >= 2 ? 0.

[56:]:
-$5{chainBroken} >= 0 ? 0.
$5{chainBroken} == 1 ? bottom
$5{chainBroken} >= 2 ? 0.

[57:]:
-$5{chainBroken} >= 0 ? 0.
$5{chainBroken} == 1 ? bottom
$5{chainBroken} >= 2 ? 0.

[58:]:
-$5{chainBroken} >= 0 ? 0.
$5{chainBroken} == 1 ? bottom
$5{chainBroken} >= 2 ? 0.

[59:]:
-$5{chainBroken} >= 0 ? 0.
$5{chainBroken} == 1 ? bottom
$5{chainBroken} >= 2 ? 0.

[60:]:
-$5{chainBroken} >= 0 ? 0.
$5{chainBroken} == 1 ? bottom
$5{chainBroken} >= 2 ? 0.

[61:]:
-$5{chainBroken} >= 0 ? 0.
$5{chainBroken} == 1 ? bottom
$5{chainBroken} >= 2 ? 0.

[62:]:
-$5{chainBroken} >= 0 ? 0.
$5{chainBroken} == 1 ? bottom
$5{chainBroken} >= 2 ? 0.

[63:]:
-$5{chainBroken} >= 0 ? 0.
$5{chainBroken} == 1 ? bottom
$5{chainBroken} >= 2 ? 0.

[64:]:
-$5{chainBroken} >= 0 ? 0.
$5{chainBroken} == 1 ? bottom
$5{chainBroken} >= 2 ? 0.

[65:]:
-$5{chainBroken} >= 0 ? 0.
$5{chainBroken} == 1 ? bottom
$5{chainBroken} >= 2 ? 0.

[66:]:
-$5{chainBroken} >= 0 ? 0.
$5{chainBroken} == 1 ? bottom
$5{chainBroken} >= 2 ? 0.

[67:]:
-$5{chainBroken} >= 0 ? 0.
$5{chainBroken} == 1 ? bottom
$5{chainBroken} >= 2 ? 0.

[68:]:
-$5{chainBroken} >= 0 ? 0.
$5{chainBroken} == 1 ? bottom
$5{chainBroken} >= 2 ? 0.

[69:]:
-$5{chainBroken} >= 0 ? 0.
$5{chainBroken} == 1 ? bottom
$5{chainBroken} >= 2 ? 0.

[70:]:
-$5{chainBroken} >= 0 ? 0.
$5{chainBroken} == 1 ? bottom
$5{chainBroken} >= 2 ? 0.

[71:]:
-$5{chainBroken} >= 0 ? 0.
$5{chainBroken} == 1 ? bottom
$5{chainBroken} >= 2 ? 0.

[72:]:
-$5{chainBroken} >= 0 ? 0.
$5{chainBroken} == 1 ? bottom
$5{chainBroken} >= 2 ? 0.

[73:]:
-$5{chainBroken} >= 0 ? 0.
$5{chainBroken} == 1 ? bottom
$5{chainBroken} >= 2 ? 0.

[74:]:
-$5{chainBroken} >= 0 ? 0.
$5{chainBroken} == 1 ? bottom
$5{chainBroken} >= 2 ? 0.

[75:]:
-$5{chainBroken} >= 0 ? 0.
$5{chainBroken} == 1 ? bottom
$5{chainBroken} >= 2 ? 0.

[76:]:
-$5{chainBroken} >= 0 ? 0.
$5{chainBroken} == 1 ? bottom
$5{chainBroken} >= 2 ? 0.

[77:]:
-$5{chainBroken} >= 0 ? 0.
$5{chainBroken} == 1 ? bottom
$5{chainBroken} >= 2 ? 0.

[78:]:
-$5{chainBroken} >= 0 ? 0.
$5{chainBroken} == 1 ? bottom
$5{chainBroken} >= 2 ? 0.

[79:]:
-$5{chainBroken} >= 0 ? 0.
$5{chainBroken} == 1 ? bottom
$5{chainBroken} >= 2 ? 0.

[80:]:
-$5{chainBroken} >= 0 ? 0.
$5{chainBroken} == 1 ? bottom
$5{chainBroken} >= 2 ? 0.

[81:]:
-$5{chainBroken} >= 0 ? 0.
$5{chainBroken} == 1 ? bottom
$5{chainBroken} >= 2 ? 0.

[82:]:
-$5{chainBroken} >= 0 ? 0.
$5{chainBroken} == 1 ? bottom
$5{chainBroken} >= 2 ? 0.

[83:]:
-$5{chainBroken} >= 0 ? 0.
$5{chainBroken} == 1 ? bottom
$5{chainBroken} >= 2 ? 0.

[84:]:
-$5{chainBroken} >= 0 ? 0.
$5{chainBroken} == 1 ? bottom
$5{chainBroken} >= 2 ? 0.

[85:]:
-$5{chainBroken} >= 0 ? 0.
$5{chainBroken} == 1 ? bottom
$5{chainBroken} >= 2 ? 0.

[86:]:
-$5{chainBroken} >= 0 ? 0.
$5{chainBroken} == 1 ? bottom
$5{chainBroken} >= 2 ? 0.

[87:]:
-$5{chainBroken} >= 0 ? 0.
$5{chainBroken} == 1 ? bottom
$5{chainBroken} >= 2 ? 0.

[88:]:
-$5{chainBroken} >= 0 ? 0.
$5{chainBroken} == 1 ? bottom
$5{chainBroken} >= 2 ? 0.

[89:]:
-$5{chainBroken} >= 0 ? 0.
$5{chainBroken} == 1 ? bottom
$5{chainBroken} >= 2 ? 0.

[90:]:
-$5{chainBroken} >= 0 ? 0.
$5{chainBroken} == 1 ? bottom
$5{chainBroken} >= 2 ? 0.

[91:]:
-$5{chainBroken} >= 0 ? 0.
$5{chainBroken} == 1 ? bottom
$5{chainBroken} >= 2 ? 0.

[92:]:
-$5{chainBroken} >= 0 ? 0.
$5{chainBroken} == 1 ? bottom
$5{chainBroken} >= 2 ? 0.

[93:]:
-$5{chainBroken} >= 0 ? 0.
$5{chainBroken} == 1 ? bottom
$5{chainBroken} >= 2 ? 0.

[94:]:
-$5{chainBroken} >= 0 ? 0.
$5{chainBroken} == 1 ? bottom
$5{chainBroken} >= 2 ? 0.

[95:]:
-$5{chainBroken} >= 0 ? 0.
$5{chainBroken} == 1 ? bottom
$5{chainBroken} >= 2 ? 0.

[96:]:
-$5{chainBroken} >= 0 ? 0.
$5{chainBroken} == 1 ? bottom
$5{chainBroken} >= 2 ? 0.

[97:]:
-$5{chainBroken} >= 0 ? 0.
$5{chainBroken} == 1 ? bottom
$5{chainBroken} >= 2 ? 0.

[98:]:
-$5{chainBroken} >= 0 ? 0.
$5{chainBroken} == 1 ? bottom
$5{chainBroken} >= 2 ? 0.

[99:]:
-$5{chainBroken} >= 0 ? 0.
$5{chainBroken} == 1 ? bottom
$5{chainBroken} >= 2 ? 0.

[1:]:
top ? 0.

[2:]:
top ? 0.

[3:]:
top ? 0.

[4:]:
top ? 0.

[5:]:
top ? 0.

[6:]:
top ? 0.

[7:]:
top ? 0.

[8:]:
top ? 0.

[9:]:
top ? 0.

[10:]:
top ? 0.

[11:]:
top ? 0.

[12:]:
top ? 0.

[13:]:
top ? 0.

[14:]:
top ? 0.

[15:]:
top ? 0.

[16:]:
top ? 0.

[17:]:
top ? 0.

[18:]:
top ? 0.

[19:]:
top ? 0.

[20:]:
top ? 0.

[21:]:
top ? 0.

[22:]:
top ? 0.

[23:]:
top ? 0.

[24:]:
top ? 0.

[25:]:
-$5{chainBroken} >= 0 ? 0.
$5{chainBroken} == 1 ? bottom
$5{chainBroken} >= 2 ? 0.

[26:]:
top ? 0.

[27:]:
top ? 0.

[28:]:
top ? 0.

[29:]:
top ? 0.

[30:]:
top ? 0.

[31:]:
top ? 0.

[32:]:
top ? 0.

[33:]:
top ? 0.

[34:]:
top ? 0.

[35:]:
top ? 0.

[36:]:
top ? 0.

[37:]:
-$7{temp} >= 1 && -$5{chainBroken} >= 0 ? 0.
-$7{temp} >= 1 && $5{chainBroken} == 1 ? bottom
$5{chainBroken} >= 2 && -$7{temp} >= 1 ? 0.
$7{temp} >= 0 && -$5{chainBroken} >= 0 ? 0.
$7{temp} >= 0 && $5{chainBroken} == 1 ? bottom
$5{chainBroken} >= 2 && $7{temp} >= 0 ? 0.

[38:]:
-$7{temp} >= 1 && -$5{chainBroken} >= 0 ? 0.
-$7{temp} >= 1 && $5{chainBroken} == 1 ? bottom
$5{chainBroken} >= 2 && -$7{temp} >= 1 ? 0.
$7{temp} >= 0 && -$5{chainBroken} >= 0 ? 0.
$7{temp} >= 0 && $5{chainBroken} == 1 ? bottom
$5{chainBroken} >= 2 && $7{temp} >= 0 ? 0.

[39:]:
-$7{temp} >= 1 && -$5{chainBroken} >= 0 ? 0.
-$7{temp} >= 1 && -$19{limit} >= -9 && -$18{try} >= -2 && $5{chainBroken} == 1 ? 0.
$18{try} >= 3 && -$7{temp} >= 1 && -$19{limit} >= -9 && $5{chainBroken} == 1 ? bottom
$19{limit} >= 10 && -$7{temp} >= 1 && -$18{try} >= -2 && $5{chainBroken} == 1 ? 0.
$18{try} >= 3 && $19{limit} >= 10 && -$7{temp} >= 1 && $5{chainBroken} == 1 ? bottom
$5{chainBroken} >= 2 && -$7{temp} >= 1 ? 0.
$7{temp} >= 0 && -$5{chainBroken} >= 0 ? 0.
$7{temp} >= 0 && -$19{limit} >= -9 && -$18{try} >= -2 && $5{chainBroken} == 1 ? 0.
$18{try} >= 3 && $7{temp} >= 0 && -$19{limit} >= -9 && $5{chainBroken} == 1 ? bottom
$19{limit} >= 10 && $7{temp} >= 0 && -$18{try} >= -2 && $5{chainBroken} == 1 ? 0.
$18{try} >= 3 && $19{limit} >= 10 && $7{temp} >= 0 && $5{chainBroken} == 1 ? bottom
$5{chainBroken} >= 2 && $7{temp} >= 0 ? 0.

[40:]:
-$7{temp} >= 1 && -$5{chainBroken} >= 0 ? 0.
-$7{temp} >= 1 && -$18{try} >= -2 && $5{chainBroken} == 1 ? 0.
$18{try} >= 3 && -$7{temp} >= 1 && $5{chainBroken} == 1 ? bottom
$5{chainBroken} >= 2 && -$7{temp} >= 1 ? 0.
$7{temp} >= 0 && -$5{chainBroken} >= 0 ? 0.
$7{temp} >= 0 && -$18{try} >= -2 && $5{chainBroken} == 1 ? 0.
$18{try} >= 3 && $7{temp} >= 0 && $5{chainBroken} == 1 ? bottom
$5{chainBroken} >= 2 && $7{temp} >= 0 ? 0.

[41:]:
-$7{temp} >= 1 && -$5{chainBroken} >= 0 ? 0.
-$7{temp} >= 1 && -$18{try} >= -2 && $5{chainBroken} == 1 ? 0.
$18{try} >= 3 && -$7{temp} >= 1 && $5{chainBroken} == 1 ? bottom
$5{chainBroken} >= 2 && -$7{temp} >= 1 ? 0.
$7{temp} >= 0 && -$5{chainBroken} >= 0 ? 0.
$7{temp} >= 0 && -$18{try} >= -2 && $5{chainBroken} == 1 ? 0.
$18{try} >= 3 && $7{temp} >= 0 && $5{chainBroken} == 1 ? bottom
$5{chainBroken} >= 2 && $7{temp} >= 0 ? 0.

[42:]:
-$7{temp} >= 1 && -$5{chainBroken} >= 0 ? 0.
-$7{temp} >= 1 && $5{chainBroken} == 1 ? bottom
$5{chainBroken} >= 2 && -$7{temp} >= 1 ? 0.
$7{temp} >= 0 && -$5{chainBroken} >= 0 ? 0.
$7{temp} >= 0 && $5{chainBroken} == 1 ? bottom
$5{chainBroken} >= 2 && $7{temp} >= 0 ? 0.

[43:]:
-$7{temp} >= 1 && -$5{chainBroken} >= 0 ? 0.
-$7{temp} >= 1 && $5{chainBroken} == 1 ? bottom
$5{chainBroken} >= 2 && -$7{temp} >= 1 ? 0.
$7{temp} >= 0 && -$5{chainBroken} >= 0 ? 0.
$7{temp} >= 0 && $5{chainBroken} == 1 ? bottom
$5{chainBroken} >= 2 && $7{temp} >= 0 ? 0.

[44:]:
-$7{temp} >= 1 && -$5{chainBroken} >= 0 ? 0.
-$7{temp} >= 1 && $5{chainBroken} == 1 ? bottom
$5{chainBroken} >= 2 && -$7{temp} >= 1 ? 0.
$7{temp} >= 0 && -$5{chainBroken} >= 0 ? 0.
$7{temp} >= 0 && $5{chainBroken} == 1 ? bottom
$5{chainBroken} >= 2 && $7{temp} >= 0 ? 0.

[45:]:
-$7{temp} >= 1 && -$5{chainBroken} >= 0 ? 0.
-$7{temp} >= 1 && $5{chainBroken} == 1 ? bottom
$5{chainBroken} >= 2 && -$7{temp} >= 1 ? 0.
$7{temp} >= 0 && -$5{chainBroken} >= 0 ? 0.
$7{temp} >= 0 && $5{chainBroken} == 1 ? bottom
$5{chainBroken} >= 2 && $7{temp} >= 0 ? 0.

[46:]:
-$7{temp} >= 1 && -$5{chainBroken} >= 0 ? 0.
-$7{temp} >= 1 && $5{chainBroken} == 1 ? bottom
$5{chainBroken} >= 2 && -$7{temp} >= 1 ? 0.
$7{temp} >= 0 && -$5{chainBroken} >= 0 ? 0.
$7{temp} >= 0 && $5{chainBroken} == 1 ? bottom
$5{chainBroken} >= 2 && $7{temp} >= 0 ? 0.

[47:]:
-$7{temp} >= 1 && -$5{chainBroken} >= 0 ? 0.
-$7{temp} >= 1 && -$18{try} >= -2 && $5{chainBroken} == 1 ? 0.
$18{try} >= 3 && -$7{temp} >= 1 && $5{chainBroken} == 1 ? bottom
$5{chainBroken} >= 2 && -$7{temp} >= 1 ? 0.
$7{temp} >= 0 && -$5{chainBroken} >= 0 ? 0.
$7{temp} >= 0 && -$18{try} >= -2 && $5{chainBroken} == 1 ? 0.
$18{try} >= 3 && $7{temp} >= 0 && $5{chainBroken} == 1 ? bottom
$5{chainBroken} >= 2 && $7{temp} >= 0 ? 0.

[48:]:
-$7{temp} >= 1 && -$5{chainBroken} >= 0 ? 0.
-$7{temp} >= 1 && -$18{try} >= -2 && $5{chainBroken} == 1 ? 0.
$18{try} >= 3 && -$7{temp} >= 1 && $5{chainBroken} == 1 ? bottom
$5{chainBroken} >= 2 && -$7{temp} >= 1 ? 0.
$7{temp} >= 0 && -$5{chainBroken} >= 0 ? 0.
$7{temp} >= 0 && -$18{try} >= -2 && $5{chainBroken} == 1 ? 0.
$18{try} >= 3 && $7{temp} >= 0 && $5{chainBroken} == 1 ? bottom
$5{chainBroken} >= 2 && $7{temp} >= 0 ? 0.

[49:]:
-$7{temp} >= 1 && -$5{chainBroken} >= 0 ? 0.
-$7{temp} >= 1 && -$18{try} >= -2 && $5{chainBroken} == 1 ? 0.
$18{try} >= 3 && -$7{temp} >= 1 && $5{chainBroken} == 1 ? bottom
$5{chainBroken} >= 2 && -$7{temp} >= 1 ? 0.
$7{temp} >= 0 && -$5{chainBroken} >= 0 ? 0.
$7{temp} >= 0 && -$18{try} >= -2 && $5{chainBroken} == 1 ? 0.
$18{try} >= 3 && $7{temp} >= 0 && $5{chainBroken} == 1 ? bottom
$5{chainBroken} >= 2 && $7{temp} >= 0 ? 0.

[50:]:
top ? 0.

[51:]:
-$7{temp} >= 1 && -$5{chainBroken} >= 0 ? 0.
-$7{temp} >= 1 && $5{chainBroken} == 1 ? bottom
$5{chainBroken} >= 2 && -$7{temp} >= 1 ? 0.
$7{temp} >= 0 && -$5{chainBroken} >= 0 ? 0.
$7{temp} >= 0 && $5{chainBroken} == 1 ? bottom
$5{chainBroken} >= 2 && $7{temp} >= 0 ? 0.

[52:]:
-$7{temp} >= 1 && -$5{chainBroken} >= 0 ? 0.
-$7{temp} >= 1 && $5{chainBroken} == 1 ? bottom
$5{chainBroken} >= 2 && -$7{temp} >= 1 ? 0.
$7{temp} >= 0 && -$5{chainBroken} >= 0 ? 0.
$7{temp} >= 0 && $5{chainBroken} == 1 ? bottom
$5{chainBroken} >= 2 && $7{temp} >= 0 ? 0.

[53:]:
-$7{temp} >= 1 && -$5{chainBroken} >= 0 ? 0.
-$7{temp} >= 1 && $5{chainBroken} == 1 ? bottom
$5{chainBroken} >= 2 && -$7{temp} >= 1 ? 0.
$7{temp} >= 0 && -$5{chainBroken} >= 0 ? 0.
$7{temp} >= 0 && $5{chainBroken} == 1 ? bottom
$5{chainBroken} >= 2 && $7{temp} >= 0 ? 0.

[54:]:
top ? 0.

[55:]:
top ? 0.

[56:]:
-$5{chainBroken} >= 0 ? 0.
$5{chainBroken} == 1 ? bottom
$5{chainBroken} >= 2 ? 0.

[57:]:
top ? 0.

[58:]:
top ? 0.

[59:]:
top ? 0.

[60:]:
top ? 0.

[61:]:
-$7{temp} >= 1 && -$5{chainBroken} >= 0 ? 0.
-$7{temp} >= 1 && $5{chainBroken} == 1 ? bottom
$5{chainBroken} >= 2 && -$7{temp} >= 1 ? 0.
$7{temp} >= 0 && -$5{chainBroken} >= 0 ? 0.
$7{temp} >= 0 && $5{chainBroken} == 1 ? bottom
$5{chainBroken} >= 2 && $7{temp} >= 0 ? 0.

[62:]:
-$7{temp} >= 1 && -$5{chainBroken} >= 0 ? 0.
-$7{temp} >= 1 && $5{chainBroken} == 1 ? bottom
$5{chainBroken} >= 2 && -$7{temp} >= 1 ? 0.
$7{temp} >= 0 && -$5{chainBroken} >= 0 ? 0.
$7{temp} >= 0 && $5{chainBroken} == 1 ? bottom
$5{chainBroken} >= 2 && $7{temp} >= 0 ? 0.

[63:]:
-$7{temp} >= 1 && -$5{chainBroken} >= 0 ? 0.
-$7{temp} >= 1 && $5{chainBroken} == 1 ? bottom
$5{chainBroken} >= 2 && -$7{temp} >= 1 ? 0.
$7{temp} >= 0 && -$5{chainBroken} >= 0 ? 0.
$7{temp} >= 0 && $5{chainBroken} == 1 ? bottom
$5{chainBroken} >= 2 && $7{temp} >= 0 ? 0.

[64:]:
-$7{temp} >= 1 && -$5{chainBroken} >= 0 ? 0.
-$7{temp} >= 1 && -$18{try} >= -2 && $5{chainBroken} == 1 ? 0.
$18{try} >= 3 && -$7{temp} >= 1 && $5{chainBroken} == 1 ? bottom
$5{chainBroken} >= 2 && -$7{temp} >= 1 ? 0.
$7{temp} >= 0 && -$5{chainBroken} >= 0 ? 0.
$7{temp} >= 0 && -$18{try} >= -2 && $5{chainBroken} == 1 ? 0.
$18{try} >= 3 && $7{temp} >= 0 && $5{chainBroken} == 1 ? bottom
$5{chainBroken} >= 2 && $7{temp} >= 0 ? 0.

[65:]:
-$7{temp} >= 1 && -$5{chainBroken} >= 0 ? 0.
-$7{temp} >= 1 && -$18{try} >= -2 && $5{chainBroken} == 1 ? 0.
$18{try} >= 3 && -$7{temp} >= 1 && $5{chainBroken} == 1 ? bottom
$5{chainBroken} >= 2 && -$7{temp} >= 1 ? 0.
$7{temp} >= 0 && -$5{chainBroken} >= 0 ? 0.
$7{temp} >= 0 && -$18{try} >= -2 && $5{chainBroken} == 1 ? 0.
$18{try} >= 3 && $7{temp} >= 0 && $5{chainBroken} == 1 ? bottom
$5{chainBroken} >= 2 && $7{temp} >= 0 ? 0.

[66:]:
-$7{temp} >= 1 && -$5{chainBroken} >= 0 ? 0.
-$7{temp} >= 1 && -$18{try} >= -2 && $5{chainBroken} == 1 ? 0.
$18{try} >= 3 && -$7{temp} >= 1 && $5{chainBroken} == 1 ? bottom
$5{chainBroken} >= 2 && -$7{temp} >= 1 ? 0.
$7{temp} >= 0 && -$5{chainBroken} >= 0 ? 0.
$7{temp} >= 0 && -$18{try} >= -2 && $5{chainBroken} == 1 ? 0.
$18{try} >= 3 && $7{temp} >= 0 && $5{chainBroken} == 1 ? bottom
$5{chainBroken} >= 2 && $7{temp} >= 0 ? 0.

[67:]:
top ? 0.

[68:]:
top ? 0.

[69:]:
top ? 0.

[70:]:
top ? 0.

[71:]:
top ? 0.

[72:]:
top ? 0.

[73:]:
top ? 0.

[74:]:
top ? 0.

[75:]:
top ? 0.

[76:]:
top ? 0.

[77:]:
-$7{temp} >= 1 && -$5{chainBroken} >= 0 ? 0.
-$7{temp} >= 1 && $5{chainBroken} == 1 ? bottom
$5{chainBroken} >= 2 && -$7{temp} >= 1 ? 0.
$7{temp} >= 0 && -$5{chainBroken} >= 0 ? 0.
$7{temp} >= 0 && $5{chainBroken} == 1 ? bottom
$5{chainBroken} >= 2 && $7{temp} >= 0 ? 0.

[78:]:
-$5{chainBroken} >= 0 ? 0.
$5{chainBroken} == 1 ? bottom
$5{chainBroken} >= 2 ? 0.

[79:]:
-$7{temp} >= 1 && -$5{chainBroken} >= 0 ? 0.
-$7{temp} >= 1 && $5{chainBroken} == 1 ? bottom
$5{chainBroken} >= 2 && -$7{temp} >= 1 ? 0.
$7{temp} >= 0 && -$5{chainBroken} >= 0 ? 0.
$7{temp} >= 0 && $5{chainBroken} == 1 ? bottom
$5{chainBroken} >= 2 && $7{temp} >= 0 ? 0.

[80:]:
-$7{temp} >= 1 && -$5{chainBroken} >= 0 ? 0.
-$7{temp} >= 1 && $5{chainBroken} == 1 ? bottom
$5{chainBroken} >= 2 && -$7{temp} >= 1 ? 0.
$7{temp} >= 0 && -$5{chainBroken} >= 0 ? 0.
$7{temp} >= 0 && $5{chainBroken} == 1 ? bottom
$5{chainBroken} >= 2 && $7{temp} >= 0 ? 0.

[81:]:
-$7{temp} >= 1 && -$5{chainBroken} >= 0 ? 0.
-$7{temp} >= 1 && $5{chainBroken} == 1 ? bottom
$5{chainBroken} >= 2 && -$7{temp} >= 1 ? 0.
$7{temp} >= 0 && -$5{chainBroken} >= 0 ? 0.
$7{temp} >= 0 && $5{chainBroken} == 1 ? bottom
$5{chainBroken} >= 2 && $7{temp} >= 0 ? 0.

[82:]:
-$7{temp} >= 1 && -$5{chainBroken} >= 0 ? 0.
-$7{temp} >= 1 && $5{chainBroken} == 1 ? bottom
$5{chainBroken} >= 2 && -$7{temp} >= 1 ? 0.
$7{temp} >= 0 && -$5{chainBroken} >= 0 ? 0.
$7{temp} >= 0 && $5{chainBroken} == 1 ? bottom
$5{chainBroken} >= 2 && $7{temp} >= 0 ? 0.

[83:]:
-$7{temp} >= 1 && -$5{chainBroken} >= 0 ? 0.
-$7{temp} >= 1 && $5{chainBroken} == 1 ? bottom
$5{chainBroken} >= 2 && -$7{temp} >= 1 ? 0.
$7{temp} >= 0 && -$5{chainBroken} >= 0 ? 0.
$7{temp} >= 0 && $5{chainBroken} == 1 ? bottom
$5{chainBroken} >= 2 && $7{temp} >= 0 ? 0.

[84:]:
-$7{temp}+$8{limit} >= 0 && -$7{temp} >= 1 && -$5{chainBroken} >= 0 ? 0.
-$7{temp}+$8{limit} >= 0 && -$7{temp} >= 1 && $5{chainBroken} == 1 ? bottom
$5{chainBroken} >= 2 && -$7{temp}+$8{limit} >= 0 && -$7{temp} >= 1 ? 0.
$7{temp} >= 0 && -$7{temp}+$8{limit} >= 0 && -$5{chainBroken} >= 0 ? 0.
$7{temp} >= 0 && -$7{temp}+$8{limit} >= 0 && $5{chainBroken} == 1 ? bottom
$5{chainBroken} >= 2 && $7{temp} >= 0 && -$7{temp}+$8{limit} >= 0 ? 0.
$7{temp}-$8{limit} >= 1 && -$7{temp} >= 1 && -$5{chainBroken} >= 0 ? 0.
$7{temp}-$8{limit} >= 1 && -$7{temp} >= 1 && $5{chainBroken} == 1 ? bottom
$5{chainBroken} >= 2 && $7{temp}-$8{limit} >= 1 && -$7{temp} >= 1 ? 0.
$7{temp} >= 0 && $7{temp}-$8{limit} >= 1 && -$5{chainBroken} >= 0 ? 0.
$7{temp} >= 0 && $7{temp}-$8{limit} >= 1 && $5{chainBroken} == 1 ? bottom
$5{chainBroken} >= 2 && $7{temp} >= 0 && $7{temp}-$8{limit} >= 1 ? 0.

[85:]:
-$7{temp} >= 1 && -$5{chainBroken} >= 0 ? 0.
-$7{temp} >= 1 && $5{chainBroken} == 1 ? bottom
$5{chainBroken} >= 2 && -$7{temp} >= 1 ? 0.
$7{temp} >= 0 && -$5{chainBroken} >= 0 ? 0.
$7{temp} >= 0 && $5{chainBroken} == 1 ? bottom
$5{chainBroken} >= 2 && $7{temp} >= 0 ? 0.

[86:]:
-$5{chainBroken} >= 0 ? 0.
$5{chainBroken} == 1 ? bottom
$5{chainBroken} >= 2 ? 0.

[87:]:
-$5{chainBroken} >= 0 ? 0.
$5{chainBroken} == 1 ? bottom
$5{chainBroken} >= 2 ? 0.

[88:]:
-$7{temp} >= 1 && -$5{chainBroken} >= 0 ? 0.
-$7{temp} >= 1 && $5{chainBroken} == 1 ? bottom
$5{chainBroken} >= 2 && -$7{temp} >= 1 ? 0.
$7{temp} >= 0 && -$5{chainBroken} >= 0 ? 0.
$7{temp} >= 0 && $5{chainBroken} == 1 ? bottom
$5{chainBroken} >= 2 && $7{temp} >= 0 ? 0.

[89:]:
-$7{temp} >= 1 && -$5{chainBroken} >= 0 ? 0.
-$7{temp} >= 1 && $5{chainBroken} == 1 ? bottom
$5{chainBroken} >= 2 && -$7{temp} >= 1 ? 0.
$7{temp} >= 0 && -$5{chainBroken} >= 0 ? 0.
$7{temp} >= 0 && $5{chainBroken} == 1 ? bottom
$5{chainBroken} >= 2 && $7{temp} >= 0 ? 0.

[90:]:
-$7{temp} >= 1 && -$5{chainBroken} >= 0 ? 0.
-$7{temp} >= 1 && $5{chainBroken} == 1 ? bottom
$5{chainBroken} >= 2 && -$7{temp} >= 1 ? 0.
$7{temp} >= 0 && -$5{chainBroken} >= 0 ? 0.
$7{temp} >= 0 && $5{chainBroken} == 1 ? bottom
$5{chainBroken} >= 2 && $7{temp} >= 0 ? 0.

[91:]:
-$5{chainBroken} >= 0 ? 0.
$5{chainBroken} == 1 ? bottom
$5{chainBroken} >= 2 ? 0.

[92:]:
-$5{chainBroken} >= 0 ? 0.
$5{chainBroken} == 1 ? bottom
$5{chainBroken} >= 2 ? 0.

[93:]:
-$5{chainBroken} >= 0 ? 0.
$5{chainBroken} == 1 ? bottom
$5{chainBroken} >= 2 ? 0.

[94:]:
-$5{chainBroken} >= 0 ? 0.
$5{chainBroken} == 1 ? bottom
$5{chainBroken} >= 2 ? 0.

[95:]:
-$5{chainBroken} >= 0 ? 0.
$5{chainBroken} == 1 ? bottom
$5{chainBroken} >= 2 ? 0.

[96:]:
-$5{chainBroken} >= 0 ? 0.
$5{chainBroken} == 1 ? bottom
$5{chainBroken} >= 2 ? 0.

[97:]:
-$5{chainBroken} >= 0 ? 0.
$5{chainBroken} == 1 ? bottom
$5{chainBroken} >= 2 ? 0.

[98:]:
-$5{chainBroken} >= 0 ? 0.
$5{chainBroken} == 1 ? bottom
$5{chainBroken} >= 2 ? 0.

[99:]:
-$5{chainBroken} >= 0 ? 0.
$5{chainBroken} == 1 ? bottom
$5{chainBroken} >= 2 ? 0.

[1:]:
top ? 0.

[2:]:
top ? 0.

[3:]:
top ? 0.

[4:]:
top ? 0.

[5:]:
top ? 0.

[6:]:
top ? 0.

[7:]:
top ? 0.

[8:]:
top ? 0.

[9:]:
top ? 0.

[10:]:
top ? 0.

[11:]:
top ? 0.

[12:]:
top ? 0.

[13:]:
top ? 0.

[14:]:
top ? 0.

[15:]:
top ? 0.

[16:]:
top ? 0.

[17:]:
top ? 0.

[18:]:
top ? 0.

[19:]:
top ? 0.

[20:]:
top ? 0.

[21:]:
top ? 0.

[22:]:
top ? 0.

[23:]:
top ? 0.

[24:]:
top ? 0.

[25:]:
top ? bottom

[26:]:
top ? 0.

[27:]:
top ? 0.

[28:]:
top ? 0.

[29:]:
top ? 0.

[30:]:
top ? 0.

[31:]:
top ? 0.

[32:]:
top ? 0.

[33:]:
top ? 0.

[34:]:
top ? 0.

[35:]:
top ? 0.

[36:]:
top ? 0.

[37:]:
top ? bottom

[38:]:
top ? bottom

[39:]:
-$7{temp} >= 1 && -$5{chainBroken} >= 0 && -$19{limit} >= -9 && -$18{try} >= -2 ? 0.
$18{try} >= 3 && -$7{temp} >= 1 && -$5{chainBroken} >= 0 && -$19{limit} >= -9 ? bottom
$19{limit} >= 10 && -$7{temp} >= 1 && -$5{chainBroken} >= 0 && -$18{try} >= -2 ? 0.
$18{try} >= 3 && $19{limit} >= 10 && -$7{temp} >= 1 && -$5{chainBroken} >= 0 ? bottom
-$7{temp} >= 1 && -$19{limit} >= -9 && -$18{try} >= -2 && $5{chainBroken} == 1 ? 0.
$18{try} >= 3 && -$7{temp} >= 1 && -$19{limit} >= -9 && $5{chainBroken} == 1 ? bottom
$19{limit} >= 10 && -$7{temp} >= 1 && -$18{try} >= -2 && $5{chainBroken} == 1 ? 0.
$18{try} >= 3 && $19{limit} >= 10 && -$7{temp} >= 1 && $5{chainBroken} == 1 ? bottom
$5{chainBroken} >= 2 && -$7{temp} >= 1 && -$19{limit} >= -9 && -$18{try} >= -2 ? 0.
$18{try} >= 3 && $5{chainBroken} >= 2 && -$7{temp} >= 1 && -$19{limit} >= -9 ? bottom
$19{limit} >= 10 && $5{chainBroken} >= 2 && -$7{temp} >= 1 && -$18{try} >= -2 ? 0.
$18{try} >= 3 && $19{limit} >= 10 && $5{chainBroken} >= 2 && -$7{temp} >= 1 ? bottom
$7{temp} >= 0 && -$5{chainBroken} >= 0 && -$19{limit} >= -9 && -$18{try} >= -2 ? 0.
$18{try} >= 3 && $7{temp} >= 0 && -$5{chainBroken} >= 0 && -$19{limit} >= -9 ? bottom
$19{limit} >= 10 && $7{temp} >= 0 && -$5{chainBroken} >= 0 && -$18{try} >= -2 ? 0.
$18{try} >= 3 && $19{limit} >= 10 && $7{temp} >= 0 && -$5{chainBroken} >= 0 ? bottom
$7{temp} >= 0 && -$19{limit} >= -9 && -$18{try} >= -2 && $5{chainBroken} == 1 ? 0.
$18{try} >= 3 && $7{temp} >= 0 && -$19{limit} >= -9 && $5{chainBroken} == 1 ? bottom
$19{limit} >= 10 && $7{temp} >= 0 && -$18{try} >= -2 && $5{chainBroken} == 1 ? 0.
$18{try} >= 3 && $19{limit} >= 10 && $7{temp} >= 0 && $5{chainBroken} == 1 ? bottom
$5{chainBroken} >= 2 && $7{temp} >= 0 && -$19{limit} >= -9 && -$18{try} >= -2 ? 0.
$18{try} >= 3 && $5{chainBroken} >= 2 && $7{temp} >= 0 && -$19{limit} >= -9 ? bottom
$19{limit} >= 10 && $5{chainBroken} >= 2 && $7{temp} >= 0 && -$18{try} >= -2 ? 0.
$18{try} >= 3 && $19{limit} >= 10 && $5{chainBroken} >= 2 && $7{temp} >= 0 ? bottom

[40:]:
-$7{temp} >= 1 && -$5{chainBroken} >= 0 && -$18{try} >= -2 ? 0.
$18{try} >= 3 && -$7{temp} >= 1 && -$5{chainBroken} >= 0 ? bottom
-$7{temp} >= 1 && -$18{try} >= -2 && $5{chainBroken} == 1 ? 0.
$18{try} >= 3 && -$7{temp} >= 1 && $5{chainBroken} == 1 ? bottom
$5{chainBroken} >= 2 && -$7{temp} >= 1 && -$18{try} >= -2 ? 0.
$18{try} >= 3 && $5{chainBroken} >= 2 && -$7{temp} >= 1 ? bottom
$7{temp} >= 0 && -$5{chainBroken} >= 0 && -$18{try} >= -2 ? 0.
$18{try} >= 3 && $7{temp} >= 0 && -$5{chainBroken} >= 0 ? bottom
$7{temp} >= 0 && -$18{try} >= -2 && $5{chainBroken} == 1 ? 0.
$18{try} >= 3 && $7{temp} >= 0 && $5{chainBroken} == 1 ? bottom
$5{chainBroken} >= 2 && $7{temp} >= 0 && -$18{try} >= -2 ? 0.
$18{try} >= 3 && $5{chainBroken} >= 2 && $7{temp} >= 0 ? bottom

[41:]:
-$7{temp} >= 1 && -$5{chainBroken} >= 0 && -$18{try} >= -2 ? 0.
$18{try} >= 3 && -$7{temp} >= 1 && -$5{chainBroken} >= 0 ? bottom
-$7{temp} >= 1 && -$18{try} >= -2 && $5{chainBroken} == 1 ? 0.
$18{try} >= 3 && -$7{temp} >= 1 && $5{chainBroken} == 1 ? bottom
$5{chainBroken} >= 2 && -$7{temp} >= 1 && -$18{try} >= -2 ? 0.
$18{try} >= 3 && $5{chainBroken} >= 2 && -$7{temp} >= 1 ? bottom
$7{temp} >= 0 && -$5{chainBroken} >= 0 && -$18{try} >= -2 ? 0.
$18{try} >= 3 && $7{temp} >= 0 && -$5{chainBroken} >= 0 ? bottom
$7{temp} >= 0 && -$18{try} >= -2 && $5{chainBroken} == 1 ? 0.
$18{try} >= 3 && $7{temp} >= 0 && $5{chainBroken} == 1 ? bottom
$5{chainBroken} >= 2 && $7{temp} >= 0 && -$18{try} >= -2 ? 0.
$18{try} >= 3 && $5{chainBroken} >= 2 && $7{temp} >= 0 ? bottom

[42:]:
top ? bottom

[43:]:
top ? bottom

[44:]:
top ? bottom

[45:]:
top ? bottom

[46:]:
top ? bottom

[47:]:
-$7{temp} >= 1 && -$5{chainBroken} >= 0 && -$18{try} >= -2 ? 0.
$18{try} >= 3 && -$7{temp} >= 1 && -$5{chainBroken} >= 0 ? bottom
-$7{temp} >= 1 && -$18{try} >= -2 && $5{chainBroken} == 1 ? 0.
$18{try} >= 3 && -$7{temp} >= 1 && $5{chainBroken} == 1 ? bottom
$5{chainBroken} >= 2 && -$7{temp} >= 1 && -$18{try} >= -2 ? 0.
$18{try} >= 3 && $5{chainBroken} >= 2 && -$7{temp} >= 1 ? bottom
$7{temp} >= 0 && -$5{chainBroken} >= 0 && -$18{try} >= -2 ? 0.
$18{try} >= 3 && $7{temp} >= 0 && -$5{chainBroken} >= 0 ? bottom
$7{temp} >= 0 && -$18{try} >= -2 && $5{chainBroken} == 1 ? 0.
$18{try} >= 3 && $7{temp} >= 0 && $5{chainBroken} == 1 ? bottom
$5{chainBroken} >= 2 && $7{temp} >= 0 && -$18{try} >= -2 ? 0.
$18{try} >= 3 && $5{chainBroken} >= 2 && $7{temp} >= 0 ? bottom

[48:]:
-$7{temp} >= 1 && -$5{chainBroken} >= 0 && -$18{try} >= -2 ? 0.
$18{try} >= 3 && -$7{temp} >= 1 && -$5{chainBroken} >= 0 ? bottom
-$7{temp} >= 1 && -$18{try} >= -2 && $5{chainBroken} == 1 ? 0.
$18{try} >= 3 && -$7{temp} >= 1 && $5{chainBroken} == 1 ? bottom
$5{chainBroken} >= 2 && -$7{temp} >= 1 && -$18{try} >= -2 ? 0.
$18{try} >= 3 && $5{chainBroken} >= 2 && -$7{temp} >= 1 ? bottom
$7{temp} >= 0 && -$5{chainBroken} >= 0 && -$18{try} >= -2 ? 0.
$18{try} >= 3 && $7{temp} >= 0 && -$5{chainBroken} >= 0 ? bottom
$7{temp} >= 0 && -$18{try} >= -2 && $5{chainBroken} == 1 ? 0.
$18{try} >= 3 && $7{temp} >= 0 && $5{chainBroken} == 1 ? bottom
$5{chainBroken} >= 2 && $7{temp} >= 0 && -$18{try} >= -2 ? 0.
$18{try} >= 3 && $5{chainBroken} >= 2 && $7{temp} >= 0 ? bottom

[49:]:
-$7{temp} >= 1 && -$5{chainBroken} >= 0 && -$18{try} >= -2 ? 0.
$18{try} >= 3 && -$7{temp} >= 1 && -$5{chainBroken} >= 0 ? bottom
-$7{temp} >= 1 && -$18{try} >= -2 && $5{chainBroken} == 1 ? 0.
$18{try} >= 3 && -$7{temp} >= 1 && $5{chainBroken} == 1 ? bottom
$5{chainBroken} >= 2 && -$7{temp} >= 1 && -$18{try} >= -2 ? 0.
$18{try} >= 3 && $5{chainBroken} >= 2 && -$7{temp} >= 1 ? bottom
$7{temp} >= 0 && -$5{chainBroken} >= 0 && -$18{try} >= -2 ? 0.
$18{try} >= 3 && $7{temp} >= 0 && -$5{chainBroken} >= 0 ? bottom
$7{temp} >= 0 && -$18{try} >= -2 && $5{chainBroken} == 1 ? 0.
$18{try} >= 3 && $7{temp} >= 0 && $5{chainBroken} == 1 ? bottom
$5{chainBroken} >= 2 && $7{temp} >= 0 && -$18{try} >= -2 ? 0.
$18{try} >= 3 && $5{chainBroken} >= 2 && $7{temp} >= 0 ? bottom

[50:]:
top ? 0.

[51:]:
top ? bottom

[52:]:
top ? bottom

[53:]:
top ? bottom

[54:]:
top ? 0.

[55:]:
top ? 0.

[56:]:
top ? bottom

[57:]:
top ? 0.

[58:]:
top ? 0.

[59:]:
top ? 0.

[60:]:
top ? 0.

[61:]:
top ? bottom

[62:]:
top ? bottom

[63:]:
top ? bottom

[64:]:
-$7{temp} >= 1 && -$5{chainBroken} >= 0 && -$18{try} >= -2 ? 0.
$18{try} >= 3 && -$7{temp} >= 1 && -$5{chainBroken} >= 0 ? bottom
-$7{temp} >= 1 && -$18{try} >= -2 && $5{chainBroken} == 1 ? 0.
$18{try} >= 3 && -$7{temp} >= 1 && $5{chainBroken} == 1 ? bottom
$5{chainBroken} >= 2 && -$7{temp} >= 1 && -$18{try} >= -2 ? 0.
$18{try} >= 3 && $5{chainBroken} >= 2 && -$7{temp} >= 1 ? bottom
$7{temp} >= 0 && -$5{chainBroken} >= 0 && -$18{try} >= -2 ? 0.
$18{try} >= 3 && $7{temp} >= 0 && -$5{chainBroken} >= 0 ? bottom
$7{temp} >= 0 && -$18{try} >= -2 && $5{chainBroken} == 1 ? 0.
$18{try} >= 3 && $7{temp} >= 0 && $5{chainBroken} == 1 ? bottom
$5{chainBroken} >= 2 && $7{temp} >= 0 && -$18{try} >= -2 ? 0.
$18{try} >= 3 && $5{chainBroken} >= 2 && $7{temp} >= 0 ? bottom

[65:]:
-$7{temp} >= 1 && -$5{chainBroken} >= 0 && -$18{try} >= -2 ? 0.
$18{try} >= 3 && -$7{temp} >= 1 && -$5{chainBroken} >= 0 ? bottom
-$7{temp} >= 1 && -$18{try} >= -2 && $5{chainBroken} == 1 ? 0.
$18{try} >= 3 && -$7{temp} >= 1 && $5{chainBroken} == 1 ? bottom
$5{chainBroken} >= 2 && -$7{temp} >= 1 && -$18{try} >= -2 ? 0.
$18{try} >= 3 && $5{chainBroken} >= 2 && -$7{temp} >= 1 ? bottom
$7{temp} >= 0 && -$5{chainBroken} >= 0 && -$18{try} >= -2 ? 0.
$18{try} >= 3 && $7{temp} >= 0 && -$5{chainBroken} >= 0 ? bottom
$7{temp} >= 0 && -$18{try} >= -2 && $5{chainBroken} == 1 ? 0.
$18{try} >= 3 && $7{temp} >= 0 && $5{chainBroken} == 1 ? bottom
$5{chainBroken} >= 2 && $7{temp} >= 0 && -$18{try} >= -2 ? 0.
$18{try} >= 3 && $5{chainBroken} >= 2 && $7{temp} >= 0 ? bottom

[66:]:
-$7{temp} >= 1 && -$5{chainBroken} >= 0 && -$18{try} >= -2 ? 0.
$18{try} >= 3 && -$7{temp} >= 1 && -$5{chainBroken} >= 0 ? bottom
-$7{temp} >= 1 && -$18{try} >= -2 && $5{chainBroken} == 1 ? 0.
$18{try} >= 3 && -$7{temp} >= 1 && $5{chainBroken} == 1 ? bottom
$5{chainBroken} >= 2 && -$7{temp} >= 1 && -$18{try} >= -2 ? 0.
$18{try} >= 3 && $5{chainBroken} >= 2 && -$7{temp} >= 1 ? bottom
$7{temp} >= 0 && -$5{chainBroken} >= 0 && -$18{try} >= -2 ? 0.
$18{try} >= 3 && $7{temp} >= 0 && -$5{chainBroken} >= 0 ? bottom
$7{temp} >= 0 && -$18{try} >= -2 && $5{chainBroken} == 1 ? 0.
$18{try} >= 3 && $7{temp} >= 0 && $5{chainBroken} == 1 ? bottom
$5{chainBroken} >= 2 && $7{temp} >= 0 && -$18{try} >= -2 ? 0.
$18{try} >= 3 && $5{chainBroken} >= 2 && $7{temp} >= 0 ? bottom

[67:]:
top ? 0.

[68:]:
top ? 0.

[69:]:
top ? 0.

[70:]:
top ? 0.

[71:]:
top ? 0.

[72:]:
top ? 0.

[73:]:
top ? 0.

[74:]:
top ? 0.

[75:]:
top ? 0.

[76:]:
top ? 0.

[77:]:
top ? bottom

[78:]:
top ? bottom

[79:]:
top ? bottom

[80:]:
top ? bottom

[81:]:
top ? bottom

[82:]:
top ? bottom

[83:]:
top ? bottom

[84:]:
top ? bottom

[85:]:
top ? bottom

[86:]:
top ? bottom

[87:]:
top ? bottom

[88:]:
top ? bottom

[89:]:
top ? bottom

[90:]:
top ? bottom

[91:]:
top ? bottom

[92:]:
top ? bottom

[93:]:
top ? bottom

[94:]:
top ? bottom

[95:]:
top ? bottom

[96:]:
top ? bottom

[97:]:
top ? bottom

[98:]:
top ? bottom

[99:]:
top ? bottom


Time: 0.653458
Analysis Result: TRUE
