[1:]:
-$8{otime}+$9{time} >= 1 ? 0.
$8{otime}-$9{time} >= 0 ? bottom

[2:]:
-$8{otime}+$9{time} >= 1 ? 0.
$8{otime}-$9{time} >= 0 ? bottom

[3:]:
-$8{otime}+$9{time} >= 1 ? 0.
$8{otime}-$9{time} >= 0 ? bottom

[4:]:
-$8{otime}+$9{time} >= 1 ? 0.
$8{otime}-$9{time} >= 0 ? bottom

[5:]:
-$8{otime}+$9{time} >= 1 ? 0.
$8{otime}-$9{time} >= 0 ? bottom

[6:]:
-$8{otime}+$9{time} >= 1 ? 0.
$8{otime}-$9{time} >= 0 ? bottom

[7:]:
-$8{otime}+$9{time} >= 1 ? 0.
$8{otime}-$9{time} >= 0 ? bottom

[8:]:
-$8{otime}+$9{time} >= 1 ? 0.
$8{otime}-$9{time} >= 0 ? bottom

[9:]:
-$8{otime}+$9{time} >= 1 ? 0.
$8{otime}-$9{time} >= 0 ? bottom

[10:]:
-$8{otime}+$9{time} >= 1 ? 0.
$8{otime}-$9{time} >= 0 ? bottom

[11:]:
-$8{otime}+$9{time} >= 1 ? 0.
$8{otime}-$9{time} >= 0 ? bottom

[12:]:
-$8{otime}+$9{time} >= 1 ? 0.
$8{otime}-$9{time} >= 0 ? bottom

[13:]:
-$8{otime}+$9{time} >= 1 ? 0.
$8{otime}-$9{time} >= 0 ? bottom

[14:]:
-$8{otime}+$9{time} >= 1 ? 0.
$8{otime}-$9{time} >= 0 ? bottom

[15:]:
-$8{otime}+$9{time} >= 1 ? 0.
$8{otime}-$9{time} >= 0 ? bottom

[16:]:
-$8{otime}+$9{time} >= 1 ? 0.
$8{otime}-$9{time} >= 0 ? bottom

[17:]:
-$8{otime}+$9{time} >= 1 ? 0.
$8{otime}-$9{time} >= 0 ? bottom

[18:]:
-$8{otime}+$9{time} >= 1 ? 0.
$8{otime}-$9{time} >= 0 ? bottom

[19:]:
-$8{otime}+$9{time} >= 1 ? 0.
$8{otime}-$9{time} >= 0 ? bottom

[20:]:
-$8{otime}+$9{time} >= 1 ? 0.
$8{otime}-$9{time} >= 0 ? bottom

[21:]:
-$8{otime}+$9{time} >= 1 ? 0.
$8{otime}-$9{time} >= 0 ? bottom

[22:]:
-$8{otime}+$9{time} >= 1 ? 0.
$8{otime}-$9{time} >= 0 ? bottom

[23:]:
-$8{otime}+$9{time} >= 1 ? 0.
$8{otime}-$9{time} >= 0 ? bottom

[24:]:
-$8{otime}+$9{time} >= 1 ? 0.
$8{otime}-$9{time} >= 0 ? bottom

[25:]:
-$8{otime}+$9{time} >= 1 ? 0.
$8{otime}-$9{time} >= 0 ? bottom

[26:]:
-$8{otime}+$9{time} >= 1 ? 0.
$8{otime}-$9{time} >= 0 ? bottom

[27:]:
-$8{otime}+$9{time} >= 1 ? 0.
$8{otime}-$9{time} >= 0 ? bottom

[28:]:
-$8{otime}+$9{time} >= 1 ? 0.
$8{otime}-$9{time} >= 0 ? bottom

[29:]:
-$8{otime}+$9{time} >= 1 ? 0.
$8{otime}-$9{time} >= 0 ? bottom

[30:]:
-$8{otime}+$9{time} >= 1 ? 0.
$8{otime}-$9{time} >= 0 ? bottom

[31:]:
-$8{otime}+$9{time} >= 1 ? 0.
$8{otime}-$9{time} >= 0 ? bottom

[32:]:
-$8{otime}+$9{time} >= 1 ? 0.
$8{otime}-$9{time} >= 0 ? bottom

[33:]:
-$8{otime}+$9{time} >= 1 ? 0.
$8{otime}-$9{time} >= 0 ? bottom

[34:]:
-$8{otime}+$9{time} >= 1 ? 0.
$8{otime}-$9{time} >= 0 ? bottom

[35:]:
-$8{otime}+$9{time} >= 1 ? 0.
$8{otime}-$9{time} >= 0 ? bottom

[36:]:
-$8{otime}+$9{time} >= 1 ? 0.
$8{otime}-$9{time} >= 0 ? bottom

[37:]:
-$8{otime}+$9{time} >= 1 ? 0.
$8{otime}-$9{time} >= 0 ? bottom

[38:]:
-$8{otime}+$9{time} >= 1 ? 0.
$8{otime}-$9{time} >= 0 ? bottom

[39:]:
-$8{otime}+$9{time} >= 1 ? 0.
$8{otime}-$9{time} >= 0 ? bottom

[40:]:
-$8{otime}+$9{time} >= 1 ? 0.
$8{otime}-$9{time} >= 0 ? bottom

[41:]:
-$8{otime}+$9{time} >= 1 ? 0.
$8{otime}-$9{time} >= 0 ? bottom

[42:]:
-$8{otime}+$9{time} >= 1 ? 0.
$8{otime}-$9{time} >= 0 ? bottom

[43:]:
-$8{otime}+$9{time} >= 1 ? 0.
$8{otime}-$9{time} >= 0 ? bottom

[44:]:
-$8{otime}+$9{time} >= 1 ? 0.
$8{otime}-$9{time} >= 0 ? bottom

[45:]:
-$8{otime}+$9{time} >= 1 ? 0.
$8{otime}-$9{time} >= 0 ? bottom

[46:]:
-$8{otime}+$9{time} >= 1 ? 0.
$8{otime}-$9{time} >= 0 ? bottom

[47:]:
-$8{otime}+$9{time} >= 1 ? 0.
$8{otime}-$9{time} >= 0 ? bottom

[48:]:
-$8{otime}+$9{time} >= 1 ? 0.
$8{otime}-$9{time} >= 0 ? bottom

[49:]:
-$8{otime}+$9{time} >= 1 ? 0.
$8{otime}-$9{time} >= 0 ? bottom

[50:]:
-$8{otime}+$9{time} >= 1 ? 0.
$8{otime}-$9{time} >= 0 ? bottom

[51:]:
-$8{otime}+$9{time} >= 1 ? 0.
$8{otime}-$9{time} >= 0 ? bottom

[52:]:
-$8{otime}+$9{time} >= 1 ? 0.
$8{otime}-$9{time} >= 0 ? bottom

[53:]:
-$8{otime}+$9{time} >= 1 ? 0.
$8{otime}-$9{time} >= 0 ? bottom

[54:]:
-$8{otime}+$9{time} >= 1 ? 0.
$8{otime}-$9{time} >= 0 ? bottom

[55:]:
-$8{otime}+$9{time} >= 1 ? 0.
$8{otime}-$9{time} >= 0 ? bottom

[56:]:
-$8{otime}+$9{time} >= 1 ? 0.
$8{otime}-$9{time} >= 0 ? bottom

[57:]:
-$8{otime}+$9{time} >= 1 ? 0.
$8{otime}-$9{time} >= 0 ? bottom

[58:]:
-$8{otime}+$9{time} >= 1 ? 0.
$8{otime}-$9{time} >= 0 ? bottom

[59:]:
-$8{otime}+$9{time} >= 1 ? 0.
$8{otime}-$9{time} >= 0 ? bottom

[60:]:
-$8{otime}+$9{time} >= 1 ? 0.
$8{otime}-$9{time} >= 0 ? bottom

[61:]:
-$8{otime}+$9{time} >= 1 ? 0.
$8{otime}-$9{time} >= 0 ? bottom

[62:]:
-$8{otime}+$9{time} >= 1 ? 0.
$8{otime}-$9{time} >= 0 ? bottom

[63:]:
-$8{otime}+$9{time} >= 1 ? 0.
$8{otime}-$9{time} >= 0 ? bottom

[64:]:
-$8{otime}+$9{time} >= 1 ? 0.
$8{otime}-$9{time} >= 0 ? bottom

[65:]:
-$8{otime}+$9{time} >= 1 ? 0.
$8{otime}-$9{time} >= 0 ? bottom

[66:]:
-$8{otime}+$9{time} >= 1 ? 0.
$8{otime}-$9{time} >= 0 ? bottom

[67:]:
-$8{otime}+$9{time} >= 1 ? 0.
$8{otime}-$9{time} >= 0 ? bottom

[68:]:
-$8{otime}+$9{time} >= 1 ? 0.
$8{otime}-$9{time} >= 0 ? bottom

[69:]:
-$8{otime}+$9{time} >= 1 ? 0.
$8{otime}-$9{time} >= 0 ? bottom

[70:]:
-$8{otime}+$9{time} >= 1 ? 0.
$8{otime}-$9{time} >= 0 ? bottom

[71:]:
-$8{otime}+$9{time} >= 1 ? 0.
$8{otime}-$9{time} >= 0 ? bottom

[72:]:
-$8{otime}+$9{time} >= 1 ? 0.
$8{otime}-$9{time} >= 0 ? bottom

[73:]:
-$8{otime}+$9{time} >= 1 ? 0.
$8{otime}-$9{time} >= 0 ? bottom

[74:]:
-$8{otime}+$9{time} >= 1 ? 0.
$8{otime}-$9{time} >= 0 ? bottom

[75:]:
-$8{otime}+$9{time} >= 1 ? 0.
$8{otime}-$9{time} >= 0 ? bottom

[76:]:
-$8{otime}+$9{time} >= 1 ? 0.
$8{otime}-$9{time} >= 0 ? bottom

[77:]:
-$8{otime}+$9{time} >= 1 ? 0.
$8{otime}-$9{time} >= 0 ? bottom

[78:]:
-$8{otime}+$9{time} >= 1 ? 0.
$8{otime}-$9{time} >= 0 ? bottom

[79:]:
-$8{otime}+$9{time} >= 1 ? 0.
$8{otime}-$9{time} >= 0 ? bottom

[80:]:
-$8{otime}+$9{time} >= 1 ? 0.
$8{otime}-$9{time} >= 0 ? bottom

[81:]:
-$8{otime}+$9{time} >= 1 ? 0.
$8{otime}-$9{time} >= 0 ? bottom

[82:]:
-$8{otime}+$9{time} >= 1 ? 0.
$8{otime}-$9{time} >= 0 ? bottom

[83:]:
-$8{otime}+$9{time} >= 1 ? 0.
$8{otime}-$9{time} >= 0 ? bottom

[84:]:
-$8{otime}+$9{time} >= 1 ? 0.
$8{otime}-$9{time} >= 0 ? bottom

[85:]:
-$8{otime}+$9{time} >= 1 ? 0.
$8{otime}-$9{time} >= 0 ? bottom

[86:]:
-$8{otime}+$9{time} >= 1 ? 0.
$8{otime}-$9{time} >= 0 ? bottom

[87:]:
-$8{otime}+$9{time} >= 1 ? 0.
$8{otime}-$9{time} >= 0 ? bottom

[88:]:
-$8{otime}+$9{time} >= 1 ? 0.
$8{otime}-$9{time} >= 0 ? bottom

[89:]:
-$8{otime}+$9{time} >= 1 ? 0.
$8{otime}-$9{time} >= 0 ? bottom

[90:]:
-$8{otime}+$9{time} >= 1 ? 0.
$8{otime}-$9{time} >= 0 ? bottom

[91:]:
-$8{otime}+$9{time} >= 1 ? 0.
$8{otime}-$9{time} >= 0 ? bottom

[1:]:
top ? bottom

[2:]:
top ? bottom

[3:]:
top ? bottom

[4:]:
top ? bottom

[5:]:
top ? bottom

[6:]:
top ? bottom

[7:]:
top ? bottom

[8:]:
top ? bottom

[9:]:
top ? bottom

[10:]:
top ? bottom

[11:]:
top ? bottom

[12:]:
top ? bottom

[13:]:
top ? bottom

[14:]:
top ? bottom

[15:]:
top ? bottom

[16:]:
top ? bottom

[17:]:
top ? bottom

[18:]:
top ? bottom

[19:]:
top ? bottom

[20:]:
top ? bottom

[21:]:
top ? bottom

[22:]:
top ? bottom

[23:]:
-$8{otime}+$9{time} >= 1 ? 0.
$8{otime}-$9{time} >= 0 ? bottom

[24:]:
top ? bottom

[25:]:
top ? bottom

[26:]:
top ? bottom

[27:]:
top ? bottom

[28:]:
top ? bottom

[29:]:
top ? bottom

[30:]:
top ? bottom

[31:]:
top ? bottom

[32:]:
top ? bottom

[33:]:
top ? bottom

[34:]:
-$8{otime}+$9{time} >= 1 ? 0.
$8{otime}-$9{time} >= 0 ? bottom

[35:]:
-$8{otime}+$9{time} >= 1 ? 0.
$8{otime}-$9{time} >= 0 ? bottom

[36:]:
-$8{otime}+$9{time} >= 1 ? 0.
$8{otime}-$9{time} >= 0 ? bottom

[37:]:
top ? bottom

[38:]:
-$8{otime}+$9{time} >= 1 ? 0.
$8{otime}-$9{time} >= 0 ? bottom

[39:]:
-$8{otime}+$9{time} >= 1 ? 0.
$8{otime}-$9{time} >= 0 ? bottom

[40:]:
-$8{otime}+$9{time} >= 1 ? 0.
$8{otime}-$9{time} >= 0 ? bottom

[41:]:
-$8{otime}+$9{time} >= 1 ? 0.
$8{otime}-$9{time} >= 0 ? bottom

[42:]:
-$8{otime}+$9{time} >= 1 ? 0.
$8{otime}-$9{time} >= 0 ? bottom

[43:]:
top ? bottom

[44:]:
top ? bottom

[45:]:
top ? bottom

[46:]:
-$8{otime}+$9{time} >= 1 ? 0.
$8{otime}-$9{time} >= 0 ? bottom

[47:]:
top ? bottom

[48:]:
top ? bottom

[49:]:
top ? bottom

[50:]:
-$8{otime}+$9{time} >= 1 ? 0.
$8{otime}-$9{time} >= 0 ? bottom

[51:]:
top ? bottom

[52:]:
top ? bottom

[53:]:
top ? bottom

[54:]:
top ? bottom

[55:]:
-$8{otime}+$9{time} >= 1 ? 0.
$8{otime}-$9{time} >= 0 ? bottom

[56:]:
-$8{otime}+$9{time} >= 1 ? 0.
$8{otime}-$9{time} >= 0 ? bottom

[57:]:
-$8{otime}+$9{time} >= 1 ? 0.
$8{otime}-$9{time} >= 0 ? bottom

[58:]:
top ? bottom

[59:]:
top ? bottom

[60:]:
top ? bottom

[61:]:
top ? bottom

[62:]:
top ? bottom

[63:]:
top ? bottom

[64:]:
top ? bottom

[65:]:
top ? bottom

[66:]:
top ? bottom

[67:]:
top ? bottom

[68:]:
top ? bottom

[69:]:
top ? bottom

[70:]:
top ? bottom

[71:]:
-$8{otime}+$9{time} >= 1 ? 0.
$8{otime}-$9{time} >= 0 ? bottom

[72:]:
-$8{otime}+$9{time} >= 1 ? 0.
$8{otime}-$9{time} >= 0 ? bottom

[73:]:
-$8{otime}+$9{time} >= 1 ? 0.
$8{otime}-$9{time} >= 0 ? bottom

[74:]:
-$8{otime}+$9{time} >= 1 ? 0.
$8{otime}-$9{time} >= 0 ? bottom

[75:]:
-$8{otime}+$9{time} >= 1 ? 0.
$8{otime}-$9{time} >= 0 ? bottom

[76:]:
-$8{otime}+$9{time} >= 1 ? 0.
$8{otime}-$9{time} >= 0 ? bottom

[77:]:
-$8{otime}+$9{time} >= 1 ? 0.
$8{otime}-$9{time} >= 0 ? bottom

[78:]:
-$8{otime}+$9{time} >= 1 ? 0.
$8{otime}-$9{time} >= 0 ? bottom

[79:]:
-$8{otime}+$9{time} >= 1 ? 0.
$8{otime}-$9{time} >= 0 ? bottom

[80:]:
-$8{otime}+$9{time} >= 1 ? 0.
$8{otime}-$9{time} >= 0 ? bottom

[81:]:
-$8{otime}+$9{time} >= 1 ? 0.
$8{otime}-$9{time} >= 0 ? bottom

[82:]:
-$8{otime}+$9{time} >= 1 ? 0.
$8{otime}-$9{time} >= 0 ? bottom

[83:]:
-$8{otime}+$9{time} >= 1 ? 0.
$8{otime}-$9{time} >= 0 ? bottom

[84:]:
-$8{otime}+$9{time} >= 1 ? 0.
$8{otime}-$9{time} >= 0 ? bottom

[85:]:
-$8{otime}+$9{time} >= 1 ? 0.
$8{otime}-$9{time} >= 0 ? bottom

[86:]:
-$8{otime}+$9{time} >= 1 ? 0.
$8{otime}-$9{time} >= 0 ? bottom

[87:]:
-$8{otime}+$9{time} >= 1 ? 0.
$8{otime}-$9{time} >= 0 ? bottom

[88:]:
-$8{otime}+$9{time} >= 1 ? 0.
$8{otime}-$9{time} >= 0 ? bottom

[89:]:
-$8{otime}+$9{time} >= 1 ? 0.
$8{otime}-$9{time} >= 0 ? bottom

[90:]:
-$8{otime}+$9{time} >= 1 ? 0.
$8{otime}-$9{time} >= 0 ? bottom

[91:]:
-$8{otime}+$9{time} >= 1 ? 0.
$8{otime}-$9{time} >= 0 ? bottom

[1:]:
top ? bottom

[2:]:
top ? bottom

[3:]:
top ? bottom

[4:]:
top ? bottom

[5:]:
top ? bottom

[6:]:
top ? bottom

[7:]:
top ? bottom

[8:]:
top ? bottom

[9:]:
top ? bottom

[10:]:
top ? bottom

[11:]:
top ? bottom

[12:]:
top ? bottom

[13:]:
top ? bottom

[14:]:
top ? bottom

[15:]:
top ? bottom

[16:]:
top ? bottom

[17:]:
top ? bottom

[18:]:
top ? bottom

[19:]:
top ? bottom

[20:]:
top ? bottom

[21:]:
top ? bottom

[22:]:
top ? bottom

[23:]:
top ? bottom

[24:]:
top ? bottom

[25:]:
top ? bottom

[26:]:
top ? bottom

[27:]:
top ? bottom

[28:]:
top ? bottom

[29:]:
top ? bottom

[30:]:
top ? bottom

[31:]:
top ? bottom

[32:]:
top ? bottom

[33:]:
top ? bottom

[34:]:
top ? bottom

[35:]:
top ? bottom

[36:]:
top ? bottom

[37:]:
top ? bottom

[38:]:
top ? bottom

[39:]:
top ? bottom

[40:]:
top ? bottom

[41:]:
top ? bottom

[42:]:
top ? bottom

[43:]:
top ? bottom

[44:]:
top ? bottom

[45:]:
top ? bottom

[46:]:
top ? bottom

[47:]:
top ? bottom

[48:]:
top ? bottom

[49:]:
top ? bottom

[50:]:
top ? bottom

[51:]:
top ? bottom

[52:]:
top ? bottom

[53:]:
top ? bottom

[54:]:
top ? bottom

[55:]:
top ? bottom

[56:]:
top ? bottom

[57:]:
top ? bottom

[58:]:
top ? bottom

[59:]:
top ? bottom

[60:]:
top ? bottom

[61:]:
top ? bottom

[62:]:
top ? bottom

[63:]:
top ? bottom

[64:]:
top ? bottom

[65:]:
top ? bottom

[66:]:
top ? bottom

[67:]:
top ? bottom

[68:]:
top ? bottom

[69:]:
top ? bottom

[70:]:
top ? bottom

[71:]:
top ? bottom

[72:]:
top ? bottom

[73:]:
top ? bottom

[74:]:
top ? bottom

[75:]:
top ? bottom

[76:]:
top ? bottom

[77:]:
top ? bottom

[78:]:
top ? bottom

[79:]:
top ? bottom

[80:]:
top ? bottom

[81:]:
top ? bottom

[82:]:
top ? bottom

[83:]:
top ? bottom

[84:]:
top ? bottom

[85:]:
top ? bottom

[86:]:
top ? bottom

[87:]:
top ? bottom

[88:]:
top ? bottom

[89:]:
top ? bottom

[90:]:
top ? bottom

[91:]:
top ? bottom

[1:]:
-$11{init} >= -2 ? 0.
$11{init} == 3 ? bottom
$11{init} >= 4 ? 0.

[2:]:
-$11{init} >= -2 ? 0.
$11{init} == 3 ? bottom
$11{init} >= 4 ? 0.

[3:]:
-$11{init} >= -2 ? 0.
$11{init} == 3 ? bottom
$11{init} >= 4 ? 0.

[4:]:
-$11{init} >= -2 ? 0.
$11{init} == 3 ? bottom
$11{init} >= 4 ? 0.

[5:]:
-$11{init} >= -2 ? 0.
$11{init} == 3 ? bottom
$11{init} >= 4 ? 0.

[6:]:
-$11{init} >= -2 ? 0.
$11{init} == 3 ? bottom
$11{init} >= 4 ? 0.

[7:]:
-$11{init} >= -2 ? 0.
$11{init} == 3 ? bottom
$11{init} >= 4 ? 0.

[8:]:
-$11{init} >= -2 ? 0.
$11{init} == 3 ? bottom
$11{init} >= 4 ? 0.

[9:]:
-$11{init} >= -2 ? 0.
$11{init} == 3 ? bottom
$11{init} >= 4 ? 0.

[10:]:
-$11{init} >= -2 ? 0.
$11{init} == 3 ? bottom
$11{init} >= 4 ? 0.

[11:]:
-$11{init} >= -2 ? 0.
$11{init} == 3 ? bottom
$11{init} >= 4 ? 0.

[12:]:
-$11{init} >= -2 ? 0.
$11{init} == 3 ? bottom
$11{init} >= 4 ? 0.

[13:]:
-$11{init} >= -2 ? 0.
$11{init} == 3 ? bottom
$11{init} >= 4 ? 0.

[14:]:
-$11{init} >= -2 ? 0.
$11{init} == 3 ? bottom
$11{init} >= 4 ? 0.

[15:]:
-$11{init} >= -2 ? 0.
$11{init} == 3 ? bottom
$11{init} >= 4 ? 0.

[16:]:
-$11{init} >= -2 ? 0.
$11{init} == 3 ? bottom
$11{init} >= 4 ? 0.

[17:]:
-$11{init} >= -2 ? 0.
$11{init} == 3 ? bottom
$11{init} >= 4 ? 0.

[18:]:
-$11{init} >= -2 ? 0.
$11{init} == 3 ? bottom
$11{init} >= 4 ? 0.

[19:]:
-$11{init} >= -2 ? 0.
$11{init} == 3 ? bottom
$11{init} >= 4 ? 0.

[20:]:
-$11{init} >= -2 ? 0.
$11{init} == 3 ? bottom
$11{init} >= 4 ? 0.

[21:]:
-$11{init} >= -2 ? 0.
$11{init} == 3 ? bottom
$11{init} >= 4 ? 0.

[22:]:
-$11{init} >= -2 ? 0.
$11{init} == 3 ? bottom
$11{init} >= 4 ? 0.

[23:]:
-$11{init} >= -2 ? 0.
$11{init} == 3 ? bottom
$11{init} >= 4 ? 0.

[24:]:
-$11{init} >= -2 ? 0.
$11{init} == 3 ? bottom
$11{init} >= 4 ? 0.

[25:]:
-$11{init} >= -2 ? 0.
$11{init} == 3 ? bottom
$11{init} >= 4 ? 0.

[26:]:
-$11{init} >= -2 ? 0.
$11{init} == 3 ? bottom
$11{init} >= 4 ? 0.

[27:]:
-$11{init} >= -2 ? 0.
$11{init} == 3 ? bottom
$11{init} >= 4 ? 0.

[28:]:
-$11{init} >= -2 ? 0.
$11{init} == 3 ? bottom
$11{init} >= 4 ? 0.

[29:]:
-$11{init} >= -2 ? 0.
$11{init} == 3 ? bottom
$11{init} >= 4 ? 0.

[30:]:
-$11{init} >= -2 ? 0.
$11{init} == 3 ? bottom
$11{init} >= 4 ? 0.

[31:]:
-$11{init} >= -2 ? 0.
$11{init} == 3 ? bottom
$11{init} >= 4 ? 0.

[32:]:
-$11{init} >= -2 ? 0.
$11{init} == 3 ? bottom
$11{init} >= 4 ? 0.

[33:]:
-$11{init} >= -2 ? 0.
$11{init} == 3 ? bottom
$11{init} >= 4 ? 0.

[34:]:
-$11{init} >= -2 ? 0.
$11{init} == 3 ? bottom
$11{init} >= 4 ? 0.

[35:]:
-$11{init} >= -2 ? 0.
$11{init} == 3 ? bottom
$11{init} >= 4 ? 0.

[36:]:
-$11{init} >= -2 ? 0.
$11{init} == 3 ? bottom
$11{init} >= 4 ? 0.

[37:]:
-$11{init} >= -2 ? 0.
$11{init} == 3 ? bottom
$11{init} >= 4 ? 0.

[38:]:
-$11{init} >= -2 ? 0.
$11{init} == 3 ? bottom
$11{init} >= 4 ? 0.

[39:]:
-$11{init} >= -2 ? 0.
$11{init} == 3 ? bottom
$11{init} >= 4 ? 0.

[40:]:
-$11{init} >= -2 ? 0.
$11{init} == 3 ? bottom
$11{init} >= 4 ? 0.

[41:]:
-$11{init} >= -2 ? 0.
$11{init} == 3 ? bottom
$11{init} >= 4 ? 0.

[42:]:
-$11{init} >= -2 ? 0.
$11{init} == 3 ? bottom
$11{init} >= 4 ? 0.

[43:]:
-$11{init} >= -2 ? 0.
$11{init} == 3 ? bottom
$11{init} >= 4 ? 0.

[44:]:
-$11{init} >= -2 ? 0.
$11{init} == 3 ? bottom
$11{init} >= 4 ? 0.

[45:]:
-$11{init} >= -2 ? 0.
$11{init} == 3 ? bottom
$11{init} >= 4 ? 0.

[46:]:
-$11{init} >= -2 ? 0.
$11{init} == 3 ? bottom
$11{init} >= 4 ? 0.

[47:]:
-$11{init} >= -2 ? 0.
$11{init} == 3 ? bottom
$11{init} >= 4 ? 0.

[48:]:
-$11{init} >= -2 ? 0.
$11{init} == 3 ? bottom
$11{init} >= 4 ? 0.

[49:]:
-$11{init} >= -2 ? 0.
$11{init} == 3 ? bottom
$11{init} >= 4 ? 0.

[50:]:
-$11{init} >= -2 ? 0.
$11{init} == 3 ? bottom
$11{init} >= 4 ? 0.

[51:]:
-$11{init} >= -2 ? 0.
$11{init} == 3 ? bottom
$11{init} >= 4 ? 0.

[52:]:
-$11{init} >= -2 ? 0.
$11{init} == 3 ? bottom
$11{init} >= 4 ? 0.

[53:]:
-$11{init} >= -2 ? 0.
$11{init} == 3 ? bottom
$11{init} >= 4 ? 0.

[54:]:
-$11{init} >= -2 ? 0.
$11{init} == 3 ? bottom
$11{init} >= 4 ? 0.

[55:]:
-$11{init} >= -2 ? 0.
$11{init} == 3 ? bottom
$11{init} >= 4 ? 0.

[56:]:
-$11{init} >= -2 ? 0.
$11{init} == 3 ? bottom
$11{init} >= 4 ? 0.

[57:]:
-$11{init} >= -2 ? 0.
$11{init} == 3 ? bottom
$11{init} >= 4 ? 0.

[58:]:
-$11{init} >= -2 ? 0.
$11{init} == 3 ? bottom
$11{init} >= 4 ? 0.

[59:]:
-$11{init} >= -2 ? 0.
$11{init} == 3 ? bottom
$11{init} >= 4 ? 0.

[60:]:
-$11{init} >= -2 ? 0.
$11{init} == 3 ? bottom
$11{init} >= 4 ? 0.

[61:]:
-$11{init} >= -2 ? 0.
$11{init} == 3 ? bottom
$11{init} >= 4 ? 0.

[62:]:
-$11{init} >= -2 ? 0.
$11{init} == 3 ? bottom
$11{init} >= 4 ? 0.

[63:]:
-$11{init} >= -2 ? 0.
$11{init} == 3 ? bottom
$11{init} >= 4 ? 0.

[64:]:
-$11{init} >= -2 ? 0.
$11{init} == 3 ? bottom
$11{init} >= 4 ? 0.

[65:]:
-$11{init} >= -2 ? 0.
$11{init} == 3 ? bottom
$11{init} >= 4 ? 0.

[66:]:
-$11{init} >= -2 ? 0.
$11{init} == 3 ? bottom
$11{init} >= 4 ? 0.

[67:]:
-$11{init} >= -2 ? 0.
$11{init} == 3 ? bottom
$11{init} >= 4 ? 0.

[68:]:
-$11{init} >= -2 ? 0.
$11{init} == 3 ? bottom
$11{init} >= 4 ? 0.

[69:]:
-$11{init} >= -2 ? 0.
$11{init} == 3 ? bottom
$11{init} >= 4 ? 0.

[70:]:
-$11{init} >= -2 ? 0.
$11{init} == 3 ? bottom
$11{init} >= 4 ? 0.

[71:]:
-$11{init} >= -2 ? 0.
$11{init} == 3 ? bottom
$11{init} >= 4 ? 0.

[72:]:
-$11{init} >= -2 ? 0.
$11{init} == 3 ? bottom
$11{init} >= 4 ? 0.

[73:]:
-$11{init} >= -2 ? 0.
$11{init} == 3 ? bottom
$11{init} >= 4 ? 0.

[74:]:
-$11{init} >= -2 ? 0.
$11{init} == 3 ? bottom
$11{init} >= 4 ? 0.

[75:]:
-$11{init} >= -2 ? 0.
$11{init} == 3 ? bottom
$11{init} >= 4 ? 0.

[76:]:
-$11{init} >= -2 ? 0.
$11{init} == 3 ? bottom
$11{init} >= 4 ? 0.

[77:]:
-$11{init} >= -2 ? 0.
$11{init} == 3 ? bottom
$11{init} >= 4 ? 0.

[78:]:
-$11{init} >= -2 ? 0.
$11{init} == 3 ? bottom
$11{init} >= 4 ? 0.

[79:]:
-$11{init} >= -2 ? 0.
$11{init} == 3 ? bottom
$11{init} >= 4 ? 0.

[80:]:
-$11{init} >= -2 ? 0.
$11{init} == 3 ? bottom
$11{init} >= 4 ? 0.

[81:]:
-$11{init} >= -2 ? 0.
$11{init} == 3 ? bottom
$11{init} >= 4 ? 0.

[82:]:
-$11{init} >= -2 ? 0.
$11{init} == 3 ? bottom
$11{init} >= 4 ? 0.

[83:]:
-$11{init} >= -2 ? 0.
$11{init} == 3 ? bottom
$11{init} >= 4 ? 0.

[84:]:
-$11{init} >= -2 ? 0.
$11{init} == 3 ? bottom
$11{init} >= 4 ? 0.

[85:]:
-$11{init} >= -2 ? 0.
$11{init} == 3 ? bottom
$11{init} >= 4 ? 0.

[86:]:
-$11{init} >= -2 ? 0.
$11{init} == 3 ? bottom
$11{init} >= 4 ? 0.

[87:]:
-$11{init} >= -2 ? 0.
$11{init} == 3 ? bottom
$11{init} >= 4 ? 0.

[88:]:
-$11{init} >= -2 ? 0.
$11{init} == 3 ? bottom
$11{init} >= 4 ? 0.

[89:]:
-$11{init} >= -2 ? 0.
$11{init} == 3 ? bottom
$11{init} >= 4 ? 0.

[90:]:
-$11{init} >= -2 ? 0.
$11{init} == 3 ? bottom
$11{init} >= 4 ? 0.

[91:]:
-$11{init} >= -2 ? 0.
$11{init} == 3 ? bottom
$11{init} >= 4 ? 0.

[1:]:
-$11{init} >= -2 ? 0.
$11{init} == 3 ? bottom
$11{init} >= 4 ? 0.

[2:]:
-$11{init} >= -2 ? 0.
$11{init} == 3 ? bottom
$11{init} >= 4 ? 0.

[3:]:
-$11{init} >= -2 ? 0.
$11{init} == 3 ? bottom
$11{init} >= 4 ? 0.

[4:]:
-$11{init} >= -2 ? 0.
$11{init} == 3 ? bottom
$11{init} >= 4 ? 0.

[5:]:
-$11{init} >= -2 ? 0.
$11{init} == 3 ? bottom
$11{init} >= 4 ? 0.

[6:]:
-$11{init} >= -2 ? 0.
$11{init} == 3 ? bottom
$11{init} >= 4 ? 0.

[7:]:
-$11{init} >= -2 ? 0.
$11{init} == 3 ? bottom
$11{init} >= 4 ? 0.

[8:]:
-$11{init} >= -2 ? 0.
$11{init} == 3 ? bottom
$11{init} >= 4 ? 0.

[9:]:
-$11{init} >= -2 ? 0.
$11{init} == 3 ? bottom
$11{init} >= 4 ? 0.

[10:]:
-$11{init} >= -2 ? 0.
$11{init} == 3 ? bottom
$11{init} >= 4 ? 0.

[11:]:
-$11{init} >= -2 ? 0.
$11{init} == 3 ? bottom
$11{init} >= 4 ? 0.

[12:]:
-$11{init} >= -2 ? 0.
$11{init} == 3 ? bottom
$11{init} >= 4 ? 0.

[13:]:
-$11{init} >= -2 ? 0.
$11{init} == 3 ? bottom
$11{init} >= 4 ? 0.

[14:]:
-$11{init} >= -2 ? 0.
$11{init} == 3 ? bottom
$11{init} >= 4 ? 0.

[15:]:
-$11{init} >= -2 ? 0.
$11{init} == 3 ? bottom
$11{init} >= 4 ? 0.

[16:]:
-$11{init} >= -2 ? 0.
$11{init} == 3 ? bottom
$11{init} >= 4 ? 0.

[17:]:
-$11{init} >= -2 ? 0.
$11{init} == 3 ? bottom
$11{init} >= 4 ? 0.

[18:]:
-$11{init} >= -2 ? 0.
$11{init} == 3 ? bottom
$11{init} >= 4 ? 0.

[19:]:
-$11{init} >= -2 ? 0.
$11{init} == 3 ? bottom
$11{init} >= 4 ? 0.

[20:]:
-$11{init} >= -2 ? 0.
$11{init} == 3 ? bottom
$11{init} >= 4 ? 0.

[21:]:
-$11{init} >= -2 ? 0.
$11{init} == 3 ? bottom
$11{init} >= 4 ? 0.

[22:]:
-$11{init} >= -2 ? 0.
$11{init} == 3 ? bottom
$11{init} >= 4 ? 0.

[23:]:
-$8{otime}+$9{time} >= 1 && -$11{init} >= -2 ? 0.
-$8{otime}+$9{time} >= 1 && $11{init} == 3 ? bottom
$11{init} >= 4 && -$8{otime}+$9{time} >= 1 ? 0.
$8{otime}-$9{time} >= 0 && -$11{init} >= -2 ? 0.
$8{otime}-$9{time} >= 0 && $11{init} == 3 ? bottom
$11{init} >= 4 && $8{otime}-$9{time} >= 0 ? 0.

[24:]:
-$11{init} >= -2 ? 0.
$11{init} == 3 ? bottom
$11{init} >= 4 ? 0.

[25:]:
-$11{init} >= -2 ? 0.
$11{init} == 3 ? bottom
$11{init} >= 4 ? 0.

[26:]:
-$11{init} >= -2 ? 0.
$11{init} == 3 ? bottom
$11{init} >= 4 ? 0.

[27:]:
-$11{init} >= -2 ? 0.
$11{init} == 3 ? bottom
$11{init} >= 4 ? 0.

[28:]:
-$11{init} >= -2 ? 0.
$11{init} == 3 ? bottom
$11{init} >= 4 ? 0.

[29:]:
-$11{init} >= -2 ? 0.
$11{init} == 3 ? bottom
$11{init} >= 4 ? 0.

[30:]:
-$11{init} >= -2 ? 0.
$11{init} == 3 ? bottom
$11{init} >= 4 ? 0.

[31:]:
-$11{init} >= -2 ? 0.
$11{init} == 3 ? bottom
$11{init} >= 4 ? 0.

[32:]:
-$11{init} >= -2 ? 0.
$11{init} == 3 ? bottom
$11{init} >= 4 ? 0.

[33:]:
-$11{init} >= -2 ? 0.
$11{init} == 3 ? bottom
$11{init} >= 4 ? 0.

[34:]:
-$8{otime}+$9{time} >= 1 && -$7{temp} >= 1 && -$11{init} >= -2 ? 0.
-$8{otime}+$9{time} >= 1 && -$7{temp} >= 1 && $11{init} == 3 ? bottom
$11{init} >= 4 && -$8{otime}+$9{time} >= 1 && -$7{temp} >= 1 ? 0.
$7{temp} >= 0 && -$8{otime}+$9{time} >= 1 && -$11{init} >= -2 ? 0.
$7{temp} >= 0 && -$8{otime}+$9{time} >= 1 && $11{init} == 3 ? bottom
$11{init} >= 4 && $7{temp} >= 0 && -$8{otime}+$9{time} >= 1 ? 0.
$8{otime}-$9{time} >= 0 && -$7{temp} >= 1 && -$11{init} >= -2 ? 0.
$8{otime}-$9{time} >= 0 && -$7{temp} >= 1 && $11{init} == 3 ? bottom
$11{init} >= 4 && $8{otime}-$9{time} >= 0 && -$7{temp} >= 1 ? 0.
$7{temp} >= 0 && $8{otime}-$9{time} >= 0 && -$11{init} >= -2 ? 0.
$7{temp} >= 0 && $8{otime}-$9{time} >= 0 && $11{init} == 3 ? bottom
$11{init} >= 4 && $7{temp} >= 0 && $8{otime}-$9{time} >= 0 ? 0.

[35:]:
-$8{otime}+$9{time} >= 1 && -$7{temp} >= 1 && -$11{init} >= -2 ? 0.
-$8{otime}+$9{time} >= 1 && -$7{temp} >= 1 && $11{init} == 3 ? bottom
$11{init} >= 4 && -$8{otime}+$9{time} >= 1 && -$7{temp} >= 1 ? 0.
$7{temp} >= 0 && -$8{otime}+$9{time} >= 1 && -$11{init} >= -2 ? 0.
$7{temp} >= 0 && -$8{otime}+$9{time} >= 1 && $11{init} == 3 ? bottom
$11{init} >= 4 && $7{temp} >= 0 && -$8{otime}+$9{time} >= 1 ? 0.
$8{otime}-$9{time} >= 0 && -$7{temp} >= 1 && -$11{init} >= -2 ? 0.
$8{otime}-$9{time} >= 0 && -$7{temp} >= 1 && $11{init} == 3 ? bottom
$11{init} >= 4 && $8{otime}-$9{time} >= 0 && -$7{temp} >= 1 ? 0.
$7{temp} >= 0 && $8{otime}-$9{time} >= 0 && -$11{init} >= -2 ? 0.
$7{temp} >= 0 && $8{otime}-$9{time} >= 0 && $11{init} == 3 ? bottom
$11{init} >= 4 && $7{temp} >= 0 && $8{otime}-$9{time} >= 0 ? 0.

[36:]:
-$8{otime}+$9{time} >= 1 && -$7{temp} >= 1 && -$18{limit} >= 273 && -$11{init} >= -2 ? 0.
-$8{otime}+$9{time} >= 1 && -$7{temp} >= 1 && -$18{limit} >= 273 && $11{init} == 3 ? bottom
$11{init} >= 4 && -$8{otime}+$9{time} >= 1 && -$7{temp} >= 1 && -$18{limit} >= 273 ? 0.
$18{limit} >= -272 && -$8{otime}+$9{time} >= 1 && -$7{temp} >= 1 && -$18{limit} >= -9 && -$11{init} >= -2 ? 0.
$18{limit} >= -272 && -$8{otime}+$9{time} >= 1 && -$7{temp} >= 1 && -$18{limit} >= -9 && $11{init} == 3 ? bottom
$11{init} >= 4 && $18{limit} >= -272 && -$8{otime}+$9{time} >= 1 && -$7{temp} >= 1 && -$18{limit} >= -9 ? 0.
$18{limit} >= 10 && -$8{otime}+$9{time} >= 1 && -$7{temp} >= 1 && -$11{init} >= -2 ? 0.
$18{limit} >= 10 && -$8{otime}+$9{time} >= 1 && -$7{temp} >= 1 && $11{init} == 3 ? bottom
$11{init} >= 4 && $18{limit} >= 10 && -$8{otime}+$9{time} >= 1 && -$7{temp} >= 1 ? 0.
$7{temp} >= 0 && -$8{otime}+$9{time} >= 1 && -$18{limit} >= 273 && -$11{init} >= -2 ? 0.
$7{temp} >= 0 && -$8{otime}+$9{time} >= 1 && -$18{limit} >= 273 && $11{init} == 3 ? bottom
$11{init} >= 4 && $7{temp} >= 0 && -$8{otime}+$9{time} >= 1 && -$18{limit} >= 273 ? 0.
$18{limit} >= -272 && $7{temp} >= 0 && -$8{otime}+$9{time} >= 1 && -$18{limit} >= -9 && -$11{init} >= -2 ? 0.
$18{limit} >= -272 && $7{temp} >= 0 && -$8{otime}+$9{time} >= 1 && -$18{limit} >= -9 && $11{init} == 3 ? bottom
$11{init} >= 4 && $18{limit} >= -272 && $7{temp} >= 0 && -$8{otime}+$9{time} >= 1 && -$18{limit} >= -9 ? 0.
$18{limit} >= 10 && $7{temp} >= 0 && -$8{otime}+$9{time} >= 1 && -$11{init} >= -2 ? 0.
$18{limit} >= 10 && $7{temp} >= 0 && -$8{otime}+$9{time} >= 1 && $11{init} == 3 ? bottom
$11{init} >= 4 && $18{limit} >= 10 && $7{temp} >= 0 && -$8{otime}+$9{time} >= 1 ? 0.
$8{otime}-$9{time} >= 0 && -$7{temp} >= 1 && -$18{limit} >= 273 && -$11{init} >= -2 ? 0.
$8{otime}-$9{time} >= 0 && -$7{temp} >= 1 && -$18{limit} >= 273 && $11{init} == 3 ? bottom
$11{init} >= 4 && $8{otime}-$9{time} >= 0 && -$7{temp} >= 1 && -$18{limit} >= 273 ? 0.
$18{limit} >= -272 && $8{otime}-$9{time} >= 0 && -$7{temp} >= 1 && -$18{limit} >= -9 && -$11{init} >= -2 ? 0.
$18{limit} >= -272 && $8{otime}-$9{time} >= 0 && -$7{temp} >= 1 && -$18{limit} >= -9 && $11{init} == 3 ? bottom
$11{init} >= 4 && $18{limit} >= -272 && $8{otime}-$9{time} >= 0 && -$7{temp} >= 1 && -$18{limit} >= -9 ? 0.
$18{limit} >= 10 && $8{otime}-$9{time} >= 0 && -$7{temp} >= 1 && -$11{init} >= -2 ? 0.
$18{limit} >= 10 && $8{otime}-$9{time} >= 0 && -$7{temp} >= 1 && $11{init} == 3 ? bottom
$11{init} >= 4 && $18{limit} >= 10 && $8{otime}-$9{time} >= 0 && -$7{temp} >= 1 ? 0.
$7{temp} >= 0 && $8{otime}-$9{time} >= 0 && -$18{limit} >= 273 && -$11{init} >= -2 ? 0.
$7{temp} >= 0 && $8{otime}-$9{time} >= 0 && -$18{limit} >= 273 && $11{init} == 3 ? bottom
$11{init} >= 4 && $7{temp} >= 0 && $8{otime}-$9{time} >= 0 && -$18{limit} >= 273 ? 0.
$18{limit} >= -272 && $7{temp} >= 0 && $8{otime}-$9{time} >= 0 && -$18{limit} >= -9 && -$11{init} >= -2 ? 0.
$18{limit} >= -272 && $7{temp} >= 0 && $8{otime}-$9{time} >= 0 && -$18{limit} >= -9 && $11{init} == 3 ? bottom
$11{init} >= 4 && $18{limit} >= -272 && $7{temp} >= 0 && $8{otime}-$9{time} >= 0 && -$18{limit} >= -9 ? 0.
$18{limit} >= 10 && $7{temp} >= 0 && $8{otime}-$9{time} >= 0 && -$11{init} >= -2 ? 0.
$18{limit} >= 10 && $7{temp} >= 0 && $8{otime}-$9{time} >= 0 && $11{init} == 3 ? bottom
$11{init} >= 4 && $18{limit} >= 10 && $7{temp} >= 0 && $8{otime}-$9{time} >= 0 ? 0.

[37:]:
-$11{init} >= -2 ? 0.
$11{init} == 3 ? bottom
$11{init} >= 4 ? 0.

[38:]:
-$8{otime}+$9{time} >= 1 && -$7{temp} >= 1 && -$11{init} >= -2 ? 0.
-$8{otime}+$9{time} >= 1 && -$7{temp} >= 1 && $11{init} == 3 ? bottom
$11{init} >= 4 && -$8{otime}+$9{time} >= 1 && -$7{temp} >= 1 ? 0.
$7{temp} >= 0 && -$8{otime}+$9{time} >= 1 && -$11{init} >= -2 ? 0.
$7{temp} >= 0 && -$8{otime}+$9{time} >= 1 && $11{init} == 3 ? bottom
$11{init} >= 4 && $7{temp} >= 0 && -$8{otime}+$9{time} >= 1 ? 0.
$8{otime}-$9{time} >= 0 && -$7{temp} >= 1 && -$11{init} >= -2 ? 0.
$8{otime}-$9{time} >= 0 && -$7{temp} >= 1 && $11{init} == 3 ? bottom
$11{init} >= 4 && $8{otime}-$9{time} >= 0 && -$7{temp} >= 1 ? 0.
$7{temp} >= 0 && $8{otime}-$9{time} >= 0 && -$11{init} >= -2 ? 0.
$7{temp} >= 0 && $8{otime}-$9{time} >= 0 && $11{init} == 3 ? bottom
$11{init} >= 4 && $7{temp} >= 0 && $8{otime}-$9{time} >= 0 ? 0.

[39:]:
-$8{otime}+$9{time} >= 1 && -$7{temp} >= 1 && -$11{init} >= -2 ? 0.
-$8{otime}+$9{time} >= 1 && -$7{temp} >= 1 && $11{init} == 3 ? bottom
$11{init} >= 4 && -$8{otime}+$9{time} >= 1 && -$7{temp} >= 1 ? 0.
$7{temp} >= 0 && -$8{otime}+$9{time} >= 1 && -$11{init} >= -2 ? 0.
$7{temp} >= 0 && -$8{otime}+$9{time} >= 1 && $11{init} == 3 ? bottom
$11{init} >= 4 && $7{temp} >= 0 && -$8{otime}+$9{time} >= 1 ? 0.
$8{otime}-$9{time} >= 0 && -$7{temp} >= 1 && -$11{init} >= -2 ? 0.
$8{otime}-$9{time} >= 0 && -$7{temp} >= 1 && $11{init} == 3 ? bottom
$11{init} >= 4 && $8{otime}-$9{time} >= 0 && -$7{temp} >= 1 ? 0.
$7{temp} >= 0 && $8{otime}-$9{time} >= 0 && -$11{init} >= -2 ? 0.
$7{temp} >= 0 && $8{otime}-$9{time} >= 0 && $11{init} == 3 ? bottom
$11{init} >= 4 && $7{temp} >= 0 && $8{otime}-$9{time} >= 0 ? 0.

[40:]:
-$8{otime}+$9{time} >= 1 && -$7{temp} >= 1 && -$11{init} >= -2 ? 0.
-$8{otime}+$9{time} >= 1 && -$7{temp} >= 1 && $11{init} == 3 ? bottom
$11{init} >= 4 && -$8{otime}+$9{time} >= 1 && -$7{temp} >= 1 ? 0.
$7{temp} >= 0 && -$8{otime}+$9{time} >= 1 && -$11{init} >= -2 ? 0.
$7{temp} >= 0 && -$8{otime}+$9{time} >= 1 && $11{init} == 3 ? bottom
$11{init} >= 4 && $7{temp} >= 0 && -$8{otime}+$9{time} >= 1 ? 0.
$8{otime}-$9{time} >= 0 && -$7{temp} >= 1 && -$11{init} >= -2 ? 0.
$8{otime}-$9{time} >= 0 && -$7{temp} >= 1 && $11{init} == 3 ? bottom
$11{init} >= 4 && $8{otime}-$9{time} >= 0 && -$7{temp} >= 1 ? 0.
$7{temp} >= 0 && $8{otime}-$9{time} >= 0 && -$11{init} >= -2 ? 0.
$7{temp} >= 0 && $8{otime}-$9{time} >= 0 && $11{init} == 3 ? bottom
$11{init} >= 4 && $7{temp} >= 0 && $8{otime}-$9{time} >= 0 ? 0.

[41:]:
-$8{otime}+$9{time} >= 1 && -$7{temp} >= 1 && -$11{init} >= -2 ? 0.
-$8{otime}+$9{time} >= 1 && -$7{temp} >= 1 && $11{init} == 3 ? bottom
$11{init} >= 4 && -$8{otime}+$9{time} >= 1 && -$7{temp} >= 1 ? 0.
$7{temp} >= 0 && -$8{otime}+$9{time} >= 1 && -$11{init} >= -2 ? 0.
$7{temp} >= 0 && -$8{otime}+$9{time} >= 1 && $11{init} == 3 ? bottom
$11{init} >= 4 && $7{temp} >= 0 && -$8{otime}+$9{time} >= 1 ? 0.
$8{otime}-$9{time} >= 0 && -$7{temp} >= 1 && -$11{init} >= -2 ? 0.
$8{otime}-$9{time} >= 0 && -$7{temp} >= 1 && $11{init} == 3 ? bottom
$11{init} >= 4 && $8{otime}-$9{time} >= 0 && -$7{temp} >= 1 ? 0.
$7{temp} >= 0 && $8{otime}-$9{time} >= 0 && -$11{init} >= -2 ? 0.
$7{temp} >= 0 && $8{otime}-$9{time} >= 0 && $11{init} == 3 ? bottom
$11{init} >= 4 && $7{temp} >= 0 && $8{otime}-$9{time} >= 0 ? 0.

[42:]:
-$8{otime}+$9{time} >= 1 && -$7{temp} >= 1 && -$11{init} >= -2 ? 0.
-$8{otime}+$9{time} >= 1 && -$7{temp} >= 1 && $11{init} == 3 ? bottom
$11{init} >= 4 && -$8{otime}+$9{time} >= 1 && -$7{temp} >= 1 ? 0.
$7{temp} >= 0 && -$8{otime}+$9{time} >= 1 && -$11{init} >= -2 ? 0.
$7{temp} >= 0 && -$8{otime}+$9{time} >= 1 && $11{init} == 3 ? bottom
$11{init} >= 4 && $7{temp} >= 0 && -$8{otime}+$9{time} >= 1 ? 0.
$8{otime}-$9{time} >= 0 && -$7{temp} >= 1 && -$11{init} >= -2 ? 0.
$8{otime}-$9{time} >= 0 && -$7{temp} >= 1 && $11{init} == 3 ? bottom
$11{init} >= 4 && $8{otime}-$9{time} >= 0 && -$7{temp} >= 1 ? 0.
$7{temp} >= 0 && $8{otime}-$9{time} >= 0 && -$11{init} >= -2 ? 0.
$7{temp} >= 0 && $8{otime}-$9{time} >= 0 && $11{init} == 3 ? bottom
$11{init} >= 4 && $7{temp} >= 0 && $8{otime}-$9{time} >= 0 ? 0.

[43:]:
-$11{init} >= -2 ? 0.
$11{init} == 3 ? bottom
$11{init} >= 4 ? 0.

[44:]:
-$11{init} >= -2 ? 0.
$11{init} == 3 ? bottom
$11{init} >= 4 ? 0.

[45:]:
-$11{init} >= -2 ? 0.
$11{init} == 3 ? bottom
$11{init} >= 4 ? 0.

[46:]:
-$8{otime}+$9{time} >= 1 && -$7{temp} >= 1 && -$11{init} >= -2 ? 0.
-$8{otime}+$9{time} >= 1 && -$7{temp} >= 1 && $11{init} == 3 ? bottom
$11{init} >= 4 && -$8{otime}+$9{time} >= 1 && -$7{temp} >= 1 ? 0.
$7{temp} >= 0 && -$8{otime}+$9{time} >= 1 && -$11{init} >= -2 ? 0.
$7{temp} >= 0 && -$8{otime}+$9{time} >= 1 && $11{init} == 3 ? bottom
$11{init} >= 4 && $7{temp} >= 0 && -$8{otime}+$9{time} >= 1 ? 0.
$8{otime}-$9{time} >= 0 && -$7{temp} >= 1 && -$11{init} >= -2 ? 0.
$8{otime}-$9{time} >= 0 && -$7{temp} >= 1 && $11{init} == 3 ? bottom
$11{init} >= 4 && $8{otime}-$9{time} >= 0 && -$7{temp} >= 1 ? 0.
$7{temp} >= 0 && $8{otime}-$9{time} >= 0 && -$11{init} >= -2 ? 0.
$7{temp} >= 0 && $8{otime}-$9{time} >= 0 && $11{init} == 3 ? bottom
$11{init} >= 4 && $7{temp} >= 0 && $8{otime}-$9{time} >= 0 ? 0.

[47:]:
-$11{init} >= -2 ? 0.
$11{init} == 3 ? bottom
$11{init} >= 4 ? 0.

[48:]:
-$11{init} >= -2 ? 0.
$11{init} == 3 ? bottom
$11{init} >= 4 ? 0.

[49:]:
-$11{init} >= -2 ? 0.
$11{init} == 3 ? bottom
$11{init} >= 4 ? 0.

[50:]:
-$11{init} >= -2 ? 0.
$11{init} == 3 ? bottom
$11{init} >= 4 ? 0.

[51:]:
-$11{init} >= -2 ? 0.
$11{init} == 3 ? bottom
$11{init} >= 4 ? 0.

[52:]:
-$11{init} >= -2 ? 0.
$11{init} == 3 ? bottom
$11{init} >= 4 ? 0.

[53:]:
-$11{init} >= -2 ? 0.
$11{init} == 3 ? bottom
$11{init} >= 4 ? 0.

[54:]:
-$11{init} >= -2 ? 0.
$11{init} == 3 ? bottom
$11{init} >= 4 ? 0.

[55:]:
-$8{otime}+$9{time} >= 1 && -$7{temp} >= 1 && -$11{init} >= -2 ? 0.
-$8{otime}+$9{time} >= 1 && -$7{temp} >= 1 && $11{init} == 3 ? bottom
$11{init} >= 4 && -$8{otime}+$9{time} >= 1 && -$7{temp} >= 1 ? 0.
$7{temp} >= 0 && -$8{otime}+$9{time} >= 1 && -$11{init} >= -2 ? 0.
$7{temp} >= 0 && -$8{otime}+$9{time} >= 1 && $11{init} == 3 ? bottom
$11{init} >= 4 && $7{temp} >= 0 && -$8{otime}+$9{time} >= 1 ? 0.
$8{otime}-$9{time} >= 0 && -$7{temp} >= 1 && -$11{init} >= -2 ? 0.
$8{otime}-$9{time} >= 0 && -$7{temp} >= 1 && $11{init} == 3 ? bottom
$11{init} >= 4 && $8{otime}-$9{time} >= 0 && -$7{temp} >= 1 ? 0.
$7{temp} >= 0 && $8{otime}-$9{time} >= 0 && -$11{init} >= -2 ? 0.
$7{temp} >= 0 && $8{otime}-$9{time} >= 0 && $11{init} == 3 ? bottom
$11{init} >= 4 && $7{temp} >= 0 && $8{otime}-$9{time} >= 0 ? 0.

[56:]:
-$8{otime}+$9{time} >= 1 && -$7{temp} >= 1 && -$11{init} >= -2 ? 0.
-$8{otime}+$9{time} >= 1 && -$7{temp} >= 1 && $11{init} == 3 ? bottom
$11{init} >= 4 && -$8{otime}+$9{time} >= 1 && -$7{temp} >= 1 ? 0.
$7{temp} >= 0 && -$8{otime}+$9{time} >= 1 && -$11{init} >= -2 ? 0.
$7{temp} >= 0 && -$8{otime}+$9{time} >= 1 && $11{init} == 3 ? bottom
$11{init} >= 4 && $7{temp} >= 0 && -$8{otime}+$9{time} >= 1 ? 0.
$8{otime}-$9{time} >= 0 && -$7{temp} >= 1 && -$11{init} >= -2 ? 0.
$8{otime}-$9{time} >= 0 && -$7{temp} >= 1 && $11{init} == 3 ? bottom
$11{init} >= 4 && $8{otime}-$9{time} >= 0 && -$7{temp} >= 1 ? 0.
$7{temp} >= 0 && $8{otime}-$9{time} >= 0 && -$11{init} >= -2 ? 0.
$7{temp} >= 0 && $8{otime}-$9{time} >= 0 && $11{init} == 3 ? bottom
$11{init} >= 4 && $7{temp} >= 0 && $8{otime}-$9{time} >= 0 ? 0.

[57:]:
-$8{otime}+$9{time} >= 1 && -$7{temp} >= 1 && -$11{init} >= -2 ? 0.
-$8{otime}+$9{time} >= 1 && -$7{temp} >= 1 && $11{init} == 3 ? bottom
$11{init} >= 4 && -$8{otime}+$9{time} >= 1 && -$7{temp} >= 1 ? 0.
$7{temp} >= 0 && -$8{otime}+$9{time} >= 1 && -$11{init} >= -2 ? 0.
$7{temp} >= 0 && -$8{otime}+$9{time} >= 1 && $11{init} == 3 ? bottom
$11{init} >= 4 && $7{temp} >= 0 && -$8{otime}+$9{time} >= 1 ? 0.
$8{otime}-$9{time} >= 0 && -$7{temp} >= 1 && -$11{init} >= -2 ? 0.
$8{otime}-$9{time} >= 0 && -$7{temp} >= 1 && $11{init} == 3 ? bottom
$11{init} >= 4 && $8{otime}-$9{time} >= 0 && -$7{temp} >= 1 ? 0.
$7{temp} >= 0 && $8{otime}-$9{time} >= 0 && -$11{init} >= -2 ? 0.
$7{temp} >= 0 && $8{otime}-$9{time} >= 0 && $11{init} == 3 ? bottom
$11{init} >= 4 && $7{temp} >= 0 && $8{otime}-$9{time} >= 0 ? 0.

[58:]:
-$11{init} >= -2 ? 0.
$11{init} == 3 ? bottom
$11{init} >= 4 ? 0.

[59:]:
-$11{init} >= -2 ? 0.
$11{init} == 3 ? bottom
$11{init} >= 4 ? 0.

[60:]:
-$11{init} >= -2 ? 0.
$11{init} == 3 ? bottom
$11{init} >= 4 ? 0.

[61:]:
-$11{init} >= -2 ? 0.
$11{init} == 3 ? bottom
$11{init} >= 4 ? 0.

[62:]:
-$11{init} >= -2 ? 0.
$11{init} == 3 ? bottom
$11{init} >= 4 ? 0.

[63:]:
-$11{init} >= -2 ? 0.
$11{init} == 3 ? bottom
$11{init} >= 4 ? 0.

[64:]:
-$11{init} >= -2 ? 0.
$11{init} == 3 ? bottom
$11{init} >= 4 ? 0.

[65:]:
-$11{init} >= -2 ? 0.
$11{init} == 3 ? bottom
$11{init} >= 4 ? 0.

[66:]:
-$11{init} >= -2 ? 0.
$11{init} == 3 ? bottom
$11{init} >= 4 ? 0.

[67:]:
-$11{init} >= -2 ? 0.
$11{init} == 3 ? bottom
$11{init} >= 4 ? 0.

[68:]:
-$11{init} >= -2 ? 0.
$11{init} == 3 ? bottom
$11{init} >= 4 ? 0.

[69:]:
-$11{init} >= -2 ? 0.
$11{init} == 3 ? bottom
$11{init} >= 4 ? 0.

[70:]:
-$11{init} >= -2 ? 0.
$11{init} == 3 ? bottom
$11{init} >= 4 ? 0.

[71:]:
-$8{otime}+$9{time} >= 1 && -$7{temp} >= 1 && -$11{init} >= -2 ? 0.
-$8{otime}+$9{time} >= 1 && -$7{temp} >= 1 && $11{init} == 3 ? bottom
$11{init} >= 4 && -$8{otime}+$9{time} >= 1 && -$7{temp} >= 1 ? 0.
$7{temp} >= 0 && -$8{otime}+$9{time} >= 1 && -$11{init} >= -2 ? 0.
$7{temp} >= 0 && -$8{otime}+$9{time} >= 1 && $11{init} == 3 ? bottom
$11{init} >= 4 && $7{temp} >= 0 && -$8{otime}+$9{time} >= 1 ? 0.
$8{otime}-$9{time} >= 0 && -$7{temp} >= 1 && -$11{init} >= -2 ? 0.
$8{otime}-$9{time} >= 0 && -$7{temp} >= 1 && $11{init} == 3 ? bottom
$11{init} >= 4 && $8{otime}-$9{time} >= 0 && -$7{temp} >= 1 ? 0.
$7{temp} >= 0 && $8{otime}-$9{time} >= 0 && -$11{init} >= -2 ? 0.
$7{temp} >= 0 && $8{otime}-$9{time} >= 0 && $11{init} == 3 ? bottom
$11{init} >= 4 && $7{temp} >= 0 && $8{otime}-$9{time} >= 0 ? 0.

[72:]:
-$8{otime}+$9{time} >= 1 && -$11{init} >= -2 ? 0.
-$8{otime}+$9{time} >= 1 && $11{init} == 3 ? bottom
$11{init} >= 4 && -$8{otime}+$9{time} >= 1 ? 0.
$8{otime}-$9{time} >= 0 && -$11{init} >= -2 ? 0.
$8{otime}-$9{time} >= 0 && $11{init} == 3 ? bottom
$11{init} >= 4 && $8{otime}-$9{time} >= 0 ? 0.

[73:]:
-$8{otime}+$9{time} >= 1 && -$7{temp} >= 1 && -$11{init} >= -2 ? 0.
-$8{otime}+$9{time} >= 1 && -$7{temp} >= 1 && $11{init} == 3 ? bottom
$11{init} >= 4 && -$8{otime}+$9{time} >= 1 && -$7{temp} >= 1 ? 0.
$7{temp} >= 0 && -$8{otime}+$9{time} >= 1 && -$11{init} >= -2 ? 0.
$7{temp} >= 0 && -$8{otime}+$9{time} >= 1 && $11{init} == 3 ? bottom
$11{init} >= 4 && $7{temp} >= 0 && -$8{otime}+$9{time} >= 1 ? 0.
$8{otime}-$9{time} >= 0 && -$7{temp} >= 1 && -$11{init} >= -2 ? 0.
$8{otime}-$9{time} >= 0 && -$7{temp} >= 1 && $11{init} == 3 ? bottom
$11{init} >= 4 && $8{otime}-$9{time} >= 0 && -$7{temp} >= 1 ? 0.
$7{temp} >= 0 && $8{otime}-$9{time} >= 0 && -$11{init} >= -2 ? 0.
$7{temp} >= 0 && $8{otime}-$9{time} >= 0 && $11{init} == 3 ? bottom
$11{init} >= 4 && $7{temp} >= 0 && $8{otime}-$9{time} >= 0 ? 0.

[74:]:
-$8{otime}+$9{time} >= 1 && -$7{temp} >= 1 && -$11{init} >= -2 ? 0.
-$8{otime}+$9{time} >= 1 && -$7{temp} >= 1 && $11{init} == 3 ? bottom
$11{init} >= 4 && -$8{otime}+$9{time} >= 1 && -$7{temp} >= 1 ? 0.
$7{temp} >= 0 && -$8{otime}+$9{time} >= 1 && -$11{init} >= -2 ? 0.
$7{temp} >= 0 && -$8{otime}+$9{time} >= 1 && $11{init} == 3 ? bottom
$11{init} >= 4 && $7{temp} >= 0 && -$8{otime}+$9{time} >= 1 ? 0.
$8{otime}-$9{time} >= 0 && -$7{temp} >= 1 && -$11{init} >= -2 ? 0.
$8{otime}-$9{time} >= 0 && -$7{temp} >= 1 && $11{init} == 3 ? bottom
$11{init} >= 4 && $8{otime}-$9{time} >= 0 && -$7{temp} >= 1 ? 0.
$7{temp} >= 0 && $8{otime}-$9{time} >= 0 && -$11{init} >= -2 ? 0.
$7{temp} >= 0 && $8{otime}-$9{time} >= 0 && $11{init} == 3 ? bottom
$11{init} >= 4 && $7{temp} >= 0 && $8{otime}-$9{time} >= 0 ? 0.

[75:]:
-$8{otime}+$9{time} >= 1 && -$7{temp} >= 1 && -$11{init} >= -2 ? 0.
-$8{otime}+$9{time} >= 1 && -$7{temp} >= 1 && $11{init} == 3 ? bottom
$11{init} >= 4 && -$8{otime}+$9{time} >= 1 && -$7{temp} >= 1 ? 0.
$7{temp} >= 0 && -$8{otime}+$9{time} >= 1 && -$11{init} >= -2 ? 0.
$7{temp} >= 0 && -$8{otime}+$9{time} >= 1 && $11{init} == 3 ? bottom
$11{init} >= 4 && $7{temp} >= 0 && -$8{otime}+$9{time} >= 1 ? 0.
$8{otime}-$9{time} >= 0 && -$7{temp} >= 1 && -$11{init} >= -2 ? 0.
$8{otime}-$9{time} >= 0 && -$7{temp} >= 1 && $11{init} == 3 ? bottom
$11{init} >= 4 && $8{otime}-$9{time} >= 0 && -$7{temp} >= 1 ? 0.
$7{temp} >= 0 && $8{otime}-$9{time} >= 0 && -$11{init} >= -2 ? 0.
$7{temp} >= 0 && $8{otime}-$9{time} >= 0 && $11{init} == 3 ? bottom
$11{init} >= 4 && $7{temp} >= 0 && $8{otime}-$9{time} >= 0 ? 0.

[76:]:
-$8{otime}+$9{time} >= 1 && -$7{temp} >= 1 && -$4{tempIn} >= -272 && -$11{init} >= -2 ? 0.
-$8{otime}+$9{time} >= 1 && -$7{temp} >= 1 && -$4{tempIn} >= -272 && $11{init} == 3 ? bottom
$11{init} >= 4 && -$8{otime}+$9{time} >= 1 && -$7{temp} >= 1 && -$4{tempIn} >= -272 ? 0.
$4{tempIn} >= 273 && -$8{otime}+$9{time} >= 1 && -$7{temp} >= 1 && -$11{init} >= -2 ? 0.
$4{tempIn} >= 273 && -$8{otime}+$9{time} >= 1 && -$7{temp} >= 1 && $11{init} == 3 ? bottom
$11{init} >= 4 && $4{tempIn} >= 273 && -$8{otime}+$9{time} >= 1 && -$7{temp} >= 1 ? 0.
$7{temp} >= 0 && -$8{otime}+$9{time} >= 1 && -$4{tempIn} >= -272 && -$11{init} >= -2 ? 0.
$7{temp} >= 0 && -$8{otime}+$9{time} >= 1 && -$4{tempIn} >= -272 && $11{init} == 3 ? bottom
$11{init} >= 4 && $7{temp} >= 0 && -$8{otime}+$9{time} >= 1 && -$4{tempIn} >= -272 ? 0.
$4{tempIn} >= 273 && $7{temp} >= 0 && -$8{otime}+$9{time} >= 1 && -$11{init} >= -2 ? 0.
$4{tempIn} >= 273 && $7{temp} >= 0 && -$8{otime}+$9{time} >= 1 && $11{init} == 3 ? bottom
$11{init} >= 4 && $4{tempIn} >= 273 && $7{temp} >= 0 && -$8{otime}+$9{time} >= 1 ? 0.
$8{otime}-$9{time} >= 0 && -$7{temp} >= 1 && -$4{tempIn} >= -272 && -$11{init} >= -2 ? 0.
$8{otime}-$9{time} >= 0 && -$7{temp} >= 1 && -$4{tempIn} >= -272 && $11{init} == 3 ? bottom
$11{init} >= 4 && $8{otime}-$9{time} >= 0 && -$7{temp} >= 1 && -$4{tempIn} >= -272 ? 0.
$4{tempIn} >= 273 && $8{otime}-$9{time} >= 0 && -$7{temp} >= 1 && -$11{init} >= -2 ? 0.
$4{tempIn} >= 273 && $8{otime}-$9{time} >= 0 && -$7{temp} >= 1 && $11{init} == 3 ? bottom
$11{init} >= 4 && $4{tempIn} >= 273 && $8{otime}-$9{time} >= 0 && -$7{temp} >= 1 ? 0.
$7{temp} >= 0 && $8{otime}-$9{time} >= 0 && -$4{tempIn} >= -272 && -$11{init} >= -2 ? 0.
$7{temp} >= 0 && $8{otime}-$9{time} >= 0 && -$4{tempIn} >= -272 && $11{init} == 3 ? bottom
$11{init} >= 4 && $7{temp} >= 0 && $8{otime}-$9{time} >= 0 && -$4{tempIn} >= -272 ? 0.
$4{tempIn} >= 273 && $7{temp} >= 0 && $8{otime}-$9{time} >= 0 && -$11{init} >= -2 ? 0.
$4{tempIn} >= 273 && $7{temp} >= 0 && $8{otime}-$9{time} >= 0 && $11{init} == 3 ? bottom
$11{init} >= 4 && $4{tempIn} >= 273 && $7{temp} >= 0 && $8{otime}-$9{time} >= 0 ? 0.

[77:]:
-$8{otime}+$9{time} >= 1 && -$7{temp} >= 1 && -$11{init} >= -2 ? 0.
-$8{otime}+$9{time} >= 1 && -$7{temp} >= 1 && $11{init} == 3 ? bottom
$11{init} >= 4 && -$8{otime}+$9{time} >= 1 && -$7{temp} >= 1 ? 0.
$7{temp} >= 0 && -$8{otime}+$9{time} >= 1 && -$11{init} >= -2 ? 0.
$7{temp} >= 0 && -$8{otime}+$9{time} >= 1 && $11{init} == 3 ? bottom
$11{init} >= 4 && $7{temp} >= 0 && -$8{otime}+$9{time} >= 1 ? 0.
$8{otime}-$9{time} >= 0 && -$7{temp} >= 1 && -$11{init} >= -2 ? 0.
$8{otime}-$9{time} >= 0 && -$7{temp} >= 1 && $11{init} == 3 ? bottom
$11{init} >= 4 && $8{otime}-$9{time} >= 0 && -$7{temp} >= 1 ? 0.
$7{temp} >= 0 && $8{otime}-$9{time} >= 0 && -$11{init} >= -2 ? 0.
$7{temp} >= 0 && $8{otime}-$9{time} >= 0 && $11{init} == 3 ? bottom
$11{init} >= 4 && $7{temp} >= 0 && $8{otime}-$9{time} >= 0 ? 0.

[78:]:
-$8{otime}+$9{time} >= 1 && -$7{temp} >= 1 && -$14{kelvin} >= -272 && -$11{init} >= -2 ? 0.
-$8{otime}+$9{time} >= 1 && -$7{temp} >= 1 && -$14{kelvin} >= -272 && $11{init} == 3 ? bottom
$11{init} >= 4 && -$8{otime}+$9{time} >= 1 && -$7{temp} >= 1 && -$14{kelvin} >= -272 ? 0.
$14{kelvin} >= 273 && -$8{otime}+$9{time} >= 1 && -$7{temp} >= 1 && -$11{init} >= -2 ? 0.
$14{kelvin} >= 273 && -$8{otime}+$9{time} >= 1 && -$7{temp} >= 1 && $11{init} == 3 ? bottom
$11{init} >= 4 && $14{kelvin} >= 273 && -$8{otime}+$9{time} >= 1 && -$7{temp} >= 1 ? 0.
$7{temp} >= 0 && -$8{otime}+$9{time} >= 1 && -$14{kelvin} >= -272 && -$11{init} >= -2 ? 0.
$7{temp} >= 0 && -$8{otime}+$9{time} >= 1 && -$14{kelvin} >= -272 && $11{init} == 3 ? bottom
$11{init} >= 4 && $7{temp} >= 0 && -$8{otime}+$9{time} >= 1 && -$14{kelvin} >= -272 ? 0.
$14{kelvin} >= 273 && $7{temp} >= 0 && -$8{otime}+$9{time} >= 1 && -$11{init} >= -2 ? 0.
$14{kelvin} >= 273 && $7{temp} >= 0 && -$8{otime}+$9{time} >= 1 && $11{init} == 3 ? bottom
$11{init} >= 4 && $14{kelvin} >= 273 && $7{temp} >= 0 && -$8{otime}+$9{time} >= 1 ? 0.
$8{otime}-$9{time} >= 0 && -$7{temp} >= 1 && -$14{kelvin} >= -272 && -$11{init} >= -2 ? 0.
$8{otime}-$9{time} >= 0 && -$7{temp} >= 1 && -$14{kelvin} >= -272 && $11{init} == 3 ? bottom
$11{init} >= 4 && $8{otime}-$9{time} >= 0 && -$7{temp} >= 1 && -$14{kelvin} >= -272 ? 0.
$14{kelvin} >= 273 && $8{otime}-$9{time} >= 0 && -$7{temp} >= 1 && -$11{init} >= -2 ? 0.
$14{kelvin} >= 273 && $8{otime}-$9{time} >= 0 && -$7{temp} >= 1 && $11{init} == 3 ? bottom
$11{init} >= 4 && $14{kelvin} >= 273 && $8{otime}-$9{time} >= 0 && -$7{temp} >= 1 ? 0.
$7{temp} >= 0 && $8{otime}-$9{time} >= 0 && -$14{kelvin} >= -272 && -$11{init} >= -2 ? 0.
$7{temp} >= 0 && $8{otime}-$9{time} >= 0 && -$14{kelvin} >= -272 && $11{init} == 3 ? bottom
$11{init} >= 4 && $7{temp} >= 0 && $8{otime}-$9{time} >= 0 && -$14{kelvin} >= -272 ? 0.
$14{kelvin} >= 273 && $7{temp} >= 0 && $8{otime}-$9{time} >= 0 && -$11{init} >= -2 ? 0.
$14{kelvin} >= 273 && $7{temp} >= 0 && $8{otime}-$9{time} >= 0 && $11{init} == 3 ? bottom
$11{init} >= 4 && $14{kelvin} >= 273 && $7{temp} >= 0 && $8{otime}-$9{time} >= 0 ? 0.

[79:]:
-$8{otime}+$9{time} >= 1 && -$15{__return_vinToCels} >= 1 && -$11{init} >= -2 ? 0.
-$8{otime}+$9{time} >= 1 && -$15{__return_vinToCels} >= 1 && $11{init} == 3 ? bottom
$11{init} >= 4 && -$8{otime}+$9{time} >= 1 && -$15{__return_vinToCels} >= 1 ? 0.
$15{__return_vinToCels} >= 0 && -$8{otime}+$9{time} >= 1 && -$11{init} >= -2 ? 0.
$15{__return_vinToCels} >= 0 && -$8{otime}+$9{time} >= 1 && $11{init} == 3 ? bottom
$11{init} >= 4 && $15{__return_vinToCels} >= 0 && -$8{otime}+$9{time} >= 1 ? 0.
$8{otime}-$9{time} >= 0 && -$15{__return_vinToCels} >= 1 && -$11{init} >= -2 ? 0.
$8{otime}-$9{time} >= 0 && -$15{__return_vinToCels} >= 1 && $11{init} == 3 ? bottom
$11{init} >= 4 && $8{otime}-$9{time} >= 0 && -$15{__return_vinToCels} >= 1 ? 0.
$15{__return_vinToCels} >= 0 && $8{otime}-$9{time} >= 0 && -$11{init} >= -2 ? 0.
$15{__return_vinToCels} >= 0 && $8{otime}-$9{time} >= 0 && $11{init} == 3 ? bottom
$11{init} >= 4 && $15{__return_vinToCels} >= 0 && $8{otime}-$9{time} >= 0 ? 0.

[80:]:
-$8{otime}+$9{time} >= 1 && -$16{__ret_vinToCels} >= 1 && -$11{init} >= -2 ? 0.
-$8{otime}+$9{time} >= 1 && -$16{__ret_vinToCels} >= 1 && $11{init} == 3 ? bottom
$11{init} >= 4 && -$8{otime}+$9{time} >= 1 && -$16{__ret_vinToCels} >= 1 ? 0.
$16{__ret_vinToCels} >= 0 && -$8{otime}+$9{time} >= 1 && -$11{init} >= -2 ? 0.
$16{__ret_vinToCels} >= 0 && -$8{otime}+$9{time} >= 1 && $11{init} == 3 ? bottom
$11{init} >= 4 && $16{__ret_vinToCels} >= 0 && -$8{otime}+$9{time} >= 1 ? 0.
$8{otime}-$9{time} >= 0 && -$16{__ret_vinToCels} >= 1 && -$11{init} >= -2 ? 0.
$8{otime}-$9{time} >= 0 && -$16{__ret_vinToCels} >= 1 && $11{init} == 3 ? bottom
$11{init} >= 4 && $8{otime}-$9{time} >= 0 && -$16{__ret_vinToCels} >= 1 ? 0.
$16{__ret_vinToCels} >= 0 && $8{otime}-$9{time} >= 0 && -$11{init} >= -2 ? 0.
$16{__ret_vinToCels} >= 0 && $8{otime}-$9{time} >= 0 && $11{init} == 3 ? bottom
$11{init} >= 4 && $16{__ret_vinToCels} >= 0 && $8{otime}-$9{time} >= 0 ? 0.

[81:]:
-$8{otime}+$9{time} >= 1 && -$7{temp} >= 1 && -$11{init} >= -2 ? 0.
-$8{otime}+$9{time} >= 1 && -$7{temp} >= 1 && $11{init} == 3 ? bottom
$11{init} >= 4 && -$8{otime}+$9{time} >= 1 && -$7{temp} >= 1 ? 0.
$7{temp} >= 0 && -$8{otime}+$9{time} >= 1 && -$11{init} >= -2 ? 0.
$7{temp} >= 0 && -$8{otime}+$9{time} >= 1 && $11{init} == 3 ? bottom
$11{init} >= 4 && $7{temp} >= 0 && -$8{otime}+$9{time} >= 1 ? 0.
$8{otime}-$9{time} >= 0 && -$7{temp} >= 1 && -$11{init} >= -2 ? 0.
$8{otime}-$9{time} >= 0 && -$7{temp} >= 1 && $11{init} == 3 ? bottom
$11{init} >= 4 && $8{otime}-$9{time} >= 0 && -$7{temp} >= 1 ? 0.
$7{temp} >= 0 && $8{otime}-$9{time} >= 0 && -$11{init} >= -2 ? 0.
$7{temp} >= 0 && $8{otime}-$9{time} >= 0 && $11{init} == 3 ? bottom
$11{init} >= 4 && $7{temp} >= 0 && $8{otime}-$9{time} >= 0 ? 0.

[82:]:
-$8{otime}+$9{time} >= 1 && -$7{temp} >= 1 && -$14{kelvin} >= -272 && -$11{init} >= -2 ? 0.
-$8{otime}+$9{time} >= 1 && -$7{temp} >= 1 && -$14{kelvin} >= -272 && $11{init} == 3 ? bottom
$11{init} >= 4 && -$8{otime}+$9{time} >= 1 && -$7{temp} >= 1 && -$14{kelvin} >= -272 ? 0.
$14{kelvin} >= 273 && -$8{otime}+$9{time} >= 1 && -$7{temp} >= 1 && -$11{init} >= -2 ? 0.
$14{kelvin} >= 273 && -$8{otime}+$9{time} >= 1 && -$7{temp} >= 1 && $11{init} == 3 ? bottom
$11{init} >= 4 && $14{kelvin} >= 273 && -$8{otime}+$9{time} >= 1 && -$7{temp} >= 1 ? 0.
$7{temp} >= 0 && -$8{otime}+$9{time} >= 1 && -$14{kelvin} >= -272 && -$11{init} >= -2 ? 0.
$7{temp} >= 0 && -$8{otime}+$9{time} >= 1 && -$14{kelvin} >= -272 && $11{init} == 3 ? bottom
$11{init} >= 4 && $7{temp} >= 0 && -$8{otime}+$9{time} >= 1 && -$14{kelvin} >= -272 ? 0.
$14{kelvin} >= 273 && $7{temp} >= 0 && -$8{otime}+$9{time} >= 1 && -$11{init} >= -2 ? 0.
$14{kelvin} >= 273 && $7{temp} >= 0 && -$8{otime}+$9{time} >= 1 && $11{init} == 3 ? bottom
$11{init} >= 4 && $14{kelvin} >= 273 && $7{temp} >= 0 && -$8{otime}+$9{time} >= 1 ? 0.
$8{otime}-$9{time} >= 0 && -$7{temp} >= 1 && -$14{kelvin} >= -272 && -$11{init} >= -2 ? 0.
$8{otime}-$9{time} >= 0 && -$7{temp} >= 1 && -$14{kelvin} >= -272 && $11{init} == 3 ? bottom
$11{init} >= 4 && $8{otime}-$9{time} >= 0 && -$7{temp} >= 1 && -$14{kelvin} >= -272 ? 0.
$14{kelvin} >= 273 && $8{otime}-$9{time} >= 0 && -$7{temp} >= 1 && -$11{init} >= -2 ? 0.
$14{kelvin} >= 273 && $8{otime}-$9{time} >= 0 && -$7{temp} >= 1 && $11{init} == 3 ? bottom
$11{init} >= 4 && $14{kelvin} >= 273 && $8{otime}-$9{time} >= 0 && -$7{temp} >= 1 ? 0.
$7{temp} >= 0 && $8{otime}-$9{time} >= 0 && -$14{kelvin} >= -272 && -$11{init} >= -2 ? 0.
$7{temp} >= 0 && $8{otime}-$9{time} >= 0 && -$14{kelvin} >= -272 && $11{init} == 3 ? bottom
$11{init} >= 4 && $7{temp} >= 0 && $8{otime}-$9{time} >= 0 && -$14{kelvin} >= -272 ? 0.
$14{kelvin} >= 273 && $7{temp} >= 0 && $8{otime}-$9{time} >= 0 && -$11{init} >= -2 ? 0.
$14{kelvin} >= 273 && $7{temp} >= 0 && $8{otime}-$9{time} >= 0 && $11{init} == 3 ? bottom
$11{init} >= 4 && $14{kelvin} >= 273 && $7{temp} >= 0 && $8{otime}-$9{time} >= 0 ? 0.

[83:]:
-$8{otime}+$9{time} >= 1 && -$15{__return_vinToCels} >= 1 && -$11{init} >= -2 ? 0.
-$8{otime}+$9{time} >= 1 && -$15{__return_vinToCels} >= 1 && $11{init} == 3 ? bottom
$11{init} >= 4 && -$8{otime}+$9{time} >= 1 && -$15{__return_vinToCels} >= 1 ? 0.
$15{__return_vinToCels} >= 0 && -$8{otime}+$9{time} >= 1 && -$11{init} >= -2 ? 0.
$15{__return_vinToCels} >= 0 && -$8{otime}+$9{time} >= 1 && $11{init} == 3 ? bottom
$11{init} >= 4 && $15{__return_vinToCels} >= 0 && -$8{otime}+$9{time} >= 1 ? 0.
$8{otime}-$9{time} >= 0 && -$15{__return_vinToCels} >= 1 && -$11{init} >= -2 ? 0.
$8{otime}-$9{time} >= 0 && -$15{__return_vinToCels} >= 1 && $11{init} == 3 ? bottom
$11{init} >= 4 && $8{otime}-$9{time} >= 0 && -$15{__return_vinToCels} >= 1 ? 0.
$15{__return_vinToCels} >= 0 && $8{otime}-$9{time} >= 0 && -$11{init} >= -2 ? 0.
$15{__return_vinToCels} >= 0 && $8{otime}-$9{time} >= 0 && $11{init} == 3 ? bottom
$11{init} >= 4 && $15{__return_vinToCels} >= 0 && $8{otime}-$9{time} >= 0 ? 0.

[84:]:
-$8{otime}+$9{time} >= 1 && -$14{kelvin} >= -272 && -$11{init} >= -2 ? 0.
-$8{otime}+$9{time} >= 1 && -$14{kelvin} >= -272 && $11{init} == 3 ? bottom
$11{init} >= 4 && -$8{otime}+$9{time} >= 1 && -$14{kelvin} >= -272 ? 0.
$14{kelvin} >= 273 && -$8{otime}+$9{time} >= 1 && -$11{init} >= -2 ? 0.
$14{kelvin} >= 273 && -$8{otime}+$9{time} >= 1 && $11{init} == 3 ? bottom
$11{init} >= 4 && $14{kelvin} >= 273 && -$8{otime}+$9{time} >= 1 ? 0.
$8{otime}-$9{time} >= 0 && -$14{kelvin} >= -272 && -$11{init} >= -2 ? 0.
$8{otime}-$9{time} >= 0 && -$14{kelvin} >= -272 && $11{init} == 3 ? bottom
$11{init} >= 4 && $8{otime}-$9{time} >= 0 && -$14{kelvin} >= -272 ? 0.
$14{kelvin} >= 273 && $8{otime}-$9{time} >= 0 && -$11{init} >= -2 ? 0.
$14{kelvin} >= 273 && $8{otime}-$9{time} >= 0 && $11{init} == 3 ? bottom
$11{init} >= 4 && $14{kelvin} >= 273 && $8{otime}-$9{time} >= 0 ? 0.

[85:]:
-$8{otime}+$9{time} >= 1 && -$14{kelvin} >= -272 && -$11{init} >= -2 ? 0.
-$8{otime}+$9{time} >= 1 && -$14{kelvin} >= -272 && $11{init} == 3 ? bottom
$11{init} >= 4 && -$8{otime}+$9{time} >= 1 && -$14{kelvin} >= -272 ? 0.
$14{kelvin} >= 273 && -$8{otime}+$9{time} >= 1 && -$11{init} >= -2 ? 0.
$14{kelvin} >= 273 && -$8{otime}+$9{time} >= 1 && $11{init} == 3 ? bottom
$11{init} >= 4 && $14{kelvin} >= 273 && -$8{otime}+$9{time} >= 1 ? 0.
$8{otime}-$9{time} >= 0 && -$14{kelvin} >= -272 && -$11{init} >= -2 ? 0.
$8{otime}-$9{time} >= 0 && -$14{kelvin} >= -272 && $11{init} == 3 ? bottom
$11{init} >= 4 && $8{otime}-$9{time} >= 0 && -$14{kelvin} >= -272 ? 0.
$14{kelvin} >= 273 && $8{otime}-$9{time} >= 0 && -$11{init} >= -2 ? 0.
$14{kelvin} >= 273 && $8{otime}-$9{time} >= 0 && $11{init} == 3 ? bottom
$11{init} >= 4 && $14{kelvin} >= 273 && $8{otime}-$9{time} >= 0 ? 0.

[86:]:
-$8{otime}+$9{time} >= 1 && -$14{kelvin} >= -272 && -$11{init} >= -2 ? 0.
-$8{otime}+$9{time} >= 1 && -$14{kelvin} >= -272 && $11{init} == 3 ? bottom
$11{init} >= 4 && -$8{otime}+$9{time} >= 1 && -$14{kelvin} >= -272 ? 0.
$14{kelvin} >= 273 && -$8{otime}+$9{time} >= 1 && -$11{init} >= -2 ? 0.
$14{kelvin} >= 273 && -$8{otime}+$9{time} >= 1 && $11{init} == 3 ? bottom
$11{init} >= 4 && $14{kelvin} >= 273 && -$8{otime}+$9{time} >= 1 ? 0.
$8{otime}-$9{time} >= 0 && -$14{kelvin} >= -272 && -$11{init} >= -2 ? 0.
$8{otime}-$9{time} >= 0 && -$14{kelvin} >= -272 && $11{init} == 3 ? bottom
$11{init} >= 4 && $8{otime}-$9{time} >= 0 && -$14{kelvin} >= -272 ? 0.
$14{kelvin} >= 273 && $8{otime}-$9{time} >= 0 && -$11{init} >= -2 ? 0.
$14{kelvin} >= 273 && $8{otime}-$9{time} >= 0 && $11{init} == 3 ? bottom
$11{init} >= 4 && $14{kelvin} >= 273 && $8{otime}-$9{time} >= 0 ? 0.

[87:]:
-$8{otime}+$9{time} >= 1 && -$14{kelvin} >= -272 && -$11{init} >= -2 ? 0.
-$8{otime}+$9{time} >= 1 && -$14{kelvin} >= -272 && $11{init} == 3 ? bottom
$11{init} >= 4 && -$8{otime}+$9{time} >= 1 && -$14{kelvin} >= -272 ? 0.
$14{kelvin} >= 273 && -$8{otime}+$9{time} >= 1 && -$11{init} >= -2 ? 0.
$14{kelvin} >= 273 && -$8{otime}+$9{time} >= 1 && $11{init} == 3 ? bottom
$11{init} >= 4 && $14{kelvin} >= 273 && -$8{otime}+$9{time} >= 1 ? 0.
$8{otime}-$9{time} >= 0 && -$14{kelvin} >= -272 && -$11{init} >= -2 ? 0.
$8{otime}-$9{time} >= 0 && -$14{kelvin} >= -272 && $11{init} == 3 ? bottom
$11{init} >= 4 && $8{otime}-$9{time} >= 0 && -$14{kelvin} >= -272 ? 0.
$14{kelvin} >= 273 && $8{otime}-$9{time} >= 0 && -$11{init} >= -2 ? 0.
$14{kelvin} >= 273 && $8{otime}-$9{time} >= 0 && $11{init} == 3 ? bottom
$11{init} >= 4 && $14{kelvin} >= 273 && $8{otime}-$9{time} >= 0 ? 0.

[88:]:
-$8{otime}+$9{time} >= 1 && -$14{kelvin} >= -272 && -$11{init} >= -2 ? 0.
-$8{otime}+$9{time} >= 1 && -$14{kelvin} >= -272 && $11{init} == 3 ? bottom
$11{init} >= 4 && -$8{otime}+$9{time} >= 1 && -$14{kelvin} >= -272 ? 0.
$14{kelvin} >= 273 && -$8{otime}+$9{time} >= 1 && -$11{init} >= -2 ? 0.
$14{kelvin} >= 273 && -$8{otime}+$9{time} >= 1 && $11{init} == 3 ? bottom
$11{init} >= 4 && $14{kelvin} >= 273 && -$8{otime}+$9{time} >= 1 ? 0.
$8{otime}-$9{time} >= 0 && -$14{kelvin} >= -272 && -$11{init} >= -2 ? 0.
$8{otime}-$9{time} >= 0 && -$14{kelvin} >= -272 && $11{init} == 3 ? bottom
$11{init} >= 4 && $8{otime}-$9{time} >= 0 && -$14{kelvin} >= -272 ? 0.
$14{kelvin} >= 273 && $8{otime}-$9{time} >= 0 && -$11{init} >= -2 ? 0.
$14{kelvin} >= 273 && $8{otime}-$9{time} >= 0 && $11{init} == 3 ? bottom
$11{init} >= 4 && $14{kelvin} >= 273 && $8{otime}-$9{time} >= 0 ? 0.

[89:]:
-$8{otime}+$9{time} >= 1 && -$14{kelvin} >= -272 && -$11{init} >= -2 ? 0.
-$8{otime}+$9{time} >= 1 && -$14{kelvin} >= -272 && $11{init} == 3 ? bottom
$11{init} >= 4 && -$8{otime}+$9{time} >= 1 && -$14{kelvin} >= -272 ? 0.
$14{kelvin} >= 273 && -$8{otime}+$9{time} >= 1 && -$11{init} >= -2 ? 0.
$14{kelvin} >= 273 && -$8{otime}+$9{time} >= 1 && $11{init} == 3 ? bottom
$11{init} >= 4 && $14{kelvin} >= 273 && -$8{otime}+$9{time} >= 1 ? 0.
$8{otime}-$9{time} >= 0 && -$14{kelvin} >= -272 && -$11{init} >= -2 ? 0.
$8{otime}-$9{time} >= 0 && -$14{kelvin} >= -272 && $11{init} == 3 ? bottom
$11{init} >= 4 && $8{otime}-$9{time} >= 0 && -$14{kelvin} >= -272 ? 0.
$14{kelvin} >= 273 && $8{otime}-$9{time} >= 0 && -$11{init} >= -2 ? 0.
$14{kelvin} >= 273 && $8{otime}-$9{time} >= 0 && $11{init} == 3 ? bottom
$11{init} >= 4 && $14{kelvin} >= 273 && $8{otime}-$9{time} >= 0 ? 0.

[90:]:
-$8{otime}+$9{time} >= 1 && -$14{kelvin} >= -272 && -$11{init} >= -2 ? 0.
-$8{otime}+$9{time} >= 1 && -$14{kelvin} >= -272 && $11{init} == 3 ? bottom
$11{init} >= 4 && -$8{otime}+$9{time} >= 1 && -$14{kelvin} >= -272 ? 0.
$14{kelvin} >= 273 && -$8{otime}+$9{time} >= 1 && -$11{init} >= -2 ? 0.
$14{kelvin} >= 273 && -$8{otime}+$9{time} >= 1 && $11{init} == 3 ? bottom
$11{init} >= 4 && $14{kelvin} >= 273 && -$8{otime}+$9{time} >= 1 ? 0.
$8{otime}-$9{time} >= 0 && -$14{kelvin} >= -272 && -$11{init} >= -2 ? 0.
$8{otime}-$9{time} >= 0 && -$14{kelvin} >= -272 && $11{init} == 3 ? bottom
$11{init} >= 4 && $8{otime}-$9{time} >= 0 && -$14{kelvin} >= -272 ? 0.
$14{kelvin} >= 273 && $8{otime}-$9{time} >= 0 && -$11{init} >= -2 ? 0.
$14{kelvin} >= 273 && $8{otime}-$9{time} >= 0 && $11{init} == 3 ? bottom
$11{init} >= 4 && $14{kelvin} >= 273 && $8{otime}-$9{time} >= 0 ? 0.

[91:]:
-$8{otime}+$9{time} >= 1 && -$14{kelvin} >= -272 && -$11{init} >= -2 ? 0.
-$8{otime}+$9{time} >= 1 && -$14{kelvin} >= -272 && $11{init} == 3 ? bottom
$11{init} >= 4 && -$8{otime}+$9{time} >= 1 && -$14{kelvin} >= -272 ? 0.
$14{kelvin} >= 273 && -$8{otime}+$9{time} >= 1 && -$11{init} >= -2 ? 0.
$14{kelvin} >= 273 && -$8{otime}+$9{time} >= 1 && $11{init} == 3 ? bottom
$11{init} >= 4 && $14{kelvin} >= 273 && -$8{otime}+$9{time} >= 1 ? 0.
$8{otime}-$9{time} >= 0 && -$14{kelvin} >= -272 && -$11{init} >= -2 ? 0.
$8{otime}-$9{time} >= 0 && -$14{kelvin} >= -272 && $11{init} == 3 ? bottom
$11{init} >= 4 && $8{otime}-$9{time} >= 0 && -$14{kelvin} >= -272 ? 0.
$14{kelvin} >= 273 && $8{otime}-$9{time} >= 0 && -$11{init} >= -2 ? 0.
$14{kelvin} >= 273 && $8{otime}-$9{time} >= 0 && $11{init} == 3 ? bottom
$11{init} >= 4 && $14{kelvin} >= 273 && $8{otime}-$9{time} >= 0 ? 0.

[1:]:
-$11{init} >= -2 ? 0.
$11{init} == 3 ? bottom
$11{init} >= 4 ? 0.

[2:]:
-$11{init} >= -2 ? 0.
$11{init} == 3 ? bottom
$11{init} >= 4 ? 0.

[3:]:
-$11{init} >= -2 ? 0.
$11{init} == 3 ? bottom
$11{init} >= 4 ? 0.

[4:]:
-$11{init} >= -2 ? 0.
$11{init} == 3 ? bottom
$11{init} >= 4 ? 0.

[5:]:
-$11{init} >= -2 ? 0.
$11{init} == 3 ? bottom
$11{init} >= 4 ? 0.

[6:]:
-$11{init} >= -2 ? 0.
$11{init} == 3 ? bottom
$11{init} >= 4 ? 0.

[7:]:
-$11{init} >= -2 ? 0.
$11{init} == 3 ? bottom
$11{init} >= 4 ? 0.

[8:]:
-$11{init} >= -2 ? 0.
$11{init} == 3 ? bottom
$11{init} >= 4 ? 0.

[9:]:
-$11{init} >= -2 ? 0.
$11{init} == 3 ? bottom
$11{init} >= 4 ? 0.

[10:]:
-$11{init} >= -2 ? 0.
$11{init} == 3 ? bottom
$11{init} >= 4 ? 0.

[11:]:
-$11{init} >= -2 ? 0.
$11{init} == 3 ? bottom
$11{init} >= 4 ? 0.

[12:]:
-$11{init} >= -2 ? 0.
$11{init} == 3 ? bottom
$11{init} >= 4 ? 0.

[13:]:
-$11{init} >= -2 ? 0.
$11{init} == 3 ? bottom
$11{init} >= 4 ? 0.

[14:]:
-$11{init} >= -2 ? 0.
$11{init} == 3 ? bottom
$11{init} >= 4 ? 0.

[15:]:
-$11{init} >= -2 ? 0.
$11{init} == 3 ? bottom
$11{init} >= 4 ? 0.

[16:]:
-$11{init} >= -2 ? 0.
$11{init} == 3 ? bottom
$11{init} >= 4 ? 0.

[17:]:
-$11{init} >= -2 ? 0.
$11{init} == 3 ? bottom
$11{init} >= 4 ? 0.

[18:]:
-$11{init} >= -2 ? 0.
$11{init} == 3 ? bottom
$11{init} >= 4 ? 0.

[19:]:
-$11{init} >= -2 ? 0.
$11{init} == 3 ? bottom
$11{init} >= 4 ? 0.

[20:]:
-$11{init} >= -2 ? 0.
$11{init} == 3 ? bottom
$11{init} >= 4 ? 0.

[21:]:
-$11{init} >= -2 ? 0.
$11{init} == 3 ? bottom
$11{init} >= 4 ? 0.

[22:]:
-$11{init} >= -2 ? 0.
$11{init} == 3 ? bottom
$11{init} >= 4 ? 0.

[23:]:
top ? bottom

[24:]:
-$11{init} >= -2 ? 0.
$11{init} == 3 ? bottom
$11{init} >= 4 ? 0.

[25:]:
-$11{init} >= -2 ? 0.
$11{init} == 3 ? bottom
$11{init} >= 4 ? 0.

[26:]:
-$11{init} >= -2 ? 0.
$11{init} == 3 ? bottom
$11{init} >= 4 ? 0.

[27:]:
-$11{init} >= -2 ? 0.
$11{init} == 3 ? bottom
$11{init} >= 4 ? 0.

[28:]:
-$11{init} >= -2 ? 0.
$11{init} == 3 ? bottom
$11{init} >= 4 ? 0.

[29:]:
-$11{init} >= -2 ? 0.
$11{init} == 3 ? bottom
$11{init} >= 4 ? 0.

[30:]:
-$11{init} >= -2 ? 0.
$11{init} == 3 ? bottom
$11{init} >= 4 ? 0.

[31:]:
-$11{init} >= -2 ? 0.
$11{init} == 3 ? bottom
$11{init} >= 4 ? 0.

[32:]:
-$11{init} >= -2 ? 0.
$11{init} == 3 ? bottom
$11{init} >= 4 ? 0.

[33:]:
-$11{init} >= -2 ? 0.
$11{init} == 3 ? bottom
$11{init} >= 4 ? 0.

[34:]:
top ? bottom

[35:]:
top ? bottom

[36:]:
-$8{otime}+$9{time} >= 1 && -$7{temp} >= 1 && -$18{limit} >= 273 && -$11{init} >= -2 ? 0.
-$8{otime}+$9{time} >= 1 && -$7{temp} >= 1 && -$18{limit} >= 273 && $11{init} == 3 ? bottom
$11{init} >= 4 && -$8{otime}+$9{time} >= 1 && -$7{temp} >= 1 && -$18{limit} >= 273 ? 0.
$18{limit} >= -272 && -$8{otime}+$9{time} >= 1 && -$7{temp} >= 1 && -$18{limit} >= -9 ? bottom
$18{limit} >= 10 && -$8{otime}+$9{time} >= 1 && -$7{temp} >= 1 && -$11{init} >= -2 ? 0.
$18{limit} >= 10 && -$8{otime}+$9{time} >= 1 && -$7{temp} >= 1 && $11{init} == 3 ? bottom
$11{init} >= 4 && $18{limit} >= 10 && -$8{otime}+$9{time} >= 1 && -$7{temp} >= 1 ? 0.
$7{temp} >= 0 && -$8{otime}+$9{time} >= 1 && -$18{limit} >= 273 && -$11{init} >= -2 ? 0.
$7{temp} >= 0 && -$8{otime}+$9{time} >= 1 && -$18{limit} >= 273 && $11{init} == 3 ? bottom
$11{init} >= 4 && $7{temp} >= 0 && -$8{otime}+$9{time} >= 1 && -$18{limit} >= 273 ? 0.
$18{limit} >= -272 && $7{temp} >= 0 && -$8{otime}+$9{time} >= 1 && -$18{limit} >= -9 ? bottom
$18{limit} >= 10 && $7{temp} >= 0 && -$8{otime}+$9{time} >= 1 && -$11{init} >= -2 ? 0.
$18{limit} >= 10 && $7{temp} >= 0 && -$8{otime}+$9{time} >= 1 && $11{init} == 3 ? bottom
$11{init} >= 4 && $18{limit} >= 10 && $7{temp} >= 0 && -$8{otime}+$9{time} >= 1 ? 0.
$8{otime}-$9{time} >= 0 && -$7{temp} >= 1 && -$18{limit} >= 273 && -$11{init} >= -2 ? 0.
$8{otime}-$9{time} >= 0 && -$7{temp} >= 1 && -$18{limit} >= 273 && $11{init} == 3 ? bottom
$11{init} >= 4 && $8{otime}-$9{time} >= 0 && -$7{temp} >= 1 && -$18{limit} >= 273 ? 0.
$18{limit} >= -272 && $8{otime}-$9{time} >= 0 && -$7{temp} >= 1 && -$18{limit} >= -9 ? bottom
$18{limit} >= 10 && $8{otime}-$9{time} >= 0 && -$7{temp} >= 1 && -$11{init} >= -2 ? 0.
$18{limit} >= 10 && $8{otime}-$9{time} >= 0 && -$7{temp} >= 1 && $11{init} == 3 ? bottom
$11{init} >= 4 && $18{limit} >= 10 && $8{otime}-$9{time} >= 0 && -$7{temp} >= 1 ? 0.
$7{temp} >= 0 && $8{otime}-$9{time} >= 0 && -$18{limit} >= 273 && -$11{init} >= -2 ? 0.
$7{temp} >= 0 && $8{otime}-$9{time} >= 0 && -$18{limit} >= 273 && $11{init} == 3 ? bottom
$11{init} >= 4 && $7{temp} >= 0 && $8{otime}-$9{time} >= 0 && -$18{limit} >= 273 ? 0.
$18{limit} >= -272 && $7{temp} >= 0 && $8{otime}-$9{time} >= 0 && -$18{limit} >= -9 ? bottom
$18{limit} >= 10 && $7{temp} >= 0 && $8{otime}-$9{time} >= 0 && -$11{init} >= -2 ? 0.
$18{limit} >= 10 && $7{temp} >= 0 && $8{otime}-$9{time} >= 0 && $11{init} == 3 ? bottom
$11{init} >= 4 && $18{limit} >= 10 && $7{temp} >= 0 && $8{otime}-$9{time} >= 0 ? 0.

[37:]:
-$11{init} >= -2 ? 0.
$11{init} == 3 ? bottom
$11{init} >= 4 ? 0.

[38:]:
top ? bottom

[39:]:
top ? bottom

[40:]:
top ? bottom

[41:]:
top ? bottom

[42:]:
top ? bottom

[43:]:
-$11{init} >= -2 ? 0.
$11{init} == 3 ? bottom
$11{init} >= 4 ? 0.

[44:]:
-$11{init} >= -2 ? 0.
$11{init} == 3 ? bottom
$11{init} >= 4 ? 0.

[45:]:
-$11{init} >= -2 ? 0.
$11{init} == 3 ? bottom
$11{init} >= 4 ? 0.

[46:]:
-$8{otime}+$9{time} >= 1 && -$7{temp} >= 1 && -$11{init} >= -2 ? 0.
-$8{otime}+$9{time} >= 1 && -$7{temp} >= 1 && $11{init} == 3 ? bottom
$11{init} >= 4 && -$8{otime}+$9{time} >= 1 && -$7{temp} >= 1 ? 0.
$7{temp} >= 0 && -$8{otime}+$9{time} >= 1 && -$11{init} >= -2 ? 0.
$7{temp} >= 0 && -$8{otime}+$9{time} >= 1 && $11{init} == 3 ? bottom
$11{init} >= 4 && $7{temp} >= 0 && -$8{otime}+$9{time} >= 1 ? 0.
$8{otime}-$9{time} >= 0 && -$7{temp} >= 1 && -$11{init} >= -2 ? 0.
$8{otime}-$9{time} >= 0 && -$7{temp} >= 1 && $11{init} == 3 ? bottom
$11{init} >= 4 && $8{otime}-$9{time} >= 0 && -$7{temp} >= 1 ? 0.
$7{temp} >= 0 && $8{otime}-$9{time} >= 0 && -$11{init} >= -2 ? 0.
$7{temp} >= 0 && $8{otime}-$9{time} >= 0 && $11{init} == 3 ? bottom
$11{init} >= 4 && $7{temp} >= 0 && $8{otime}-$9{time} >= 0 ? 0.

[47:]:
-$11{init} >= -2 ? 0.
$11{init} == 3 ? bottom
$11{init} >= 4 ? 0.

[48:]:
-$11{init} >= -2 ? 0.
$11{init} == 3 ? bottom
$11{init} >= 4 ? 0.

[49:]:
-$11{init} >= -2 ? 0.
$11{init} == 3 ? bottom
$11{init} >= 4 ? 0.

[50:]:
top ? bottom

[51:]:
-$11{init} >= -2 ? 0.
$11{init} == 3 ? bottom
$11{init} >= 4 ? 0.

[52:]:
-$11{init} >= -2 ? 0.
$11{init} == 3 ? bottom
$11{init} >= 4 ? 0.

[53:]:
-$11{init} >= -2 ? 0.
$11{init} == 3 ? bottom
$11{init} >= 4 ? 0.

[54:]:
-$11{init} >= -2 ? 0.
$11{init} == 3 ? bottom
$11{init} >= 4 ? 0.

[55:]:
top ? bottom

[56:]:
top ? bottom

[57:]:
top ? bottom

[58:]:
-$11{init} >= -2 ? 0.
$11{init} == 3 ? bottom
$11{init} >= 4 ? 0.

[59:]:
-$11{init} >= -2 ? 0.
$11{init} == 3 ? bottom
$11{init} >= 4 ? 0.

[60:]:
-$11{init} >= -2 ? 0.
$11{init} == 3 ? bottom
$11{init} >= 4 ? 0.

[61:]:
-$11{init} >= -2 ? 0.
$11{init} == 3 ? bottom
$11{init} >= 4 ? 0.

[62:]:
-$11{init} >= -2 ? 0.
$11{init} == 3 ? bottom
$11{init} >= 4 ? 0.

[63:]:
-$11{init} >= -2 ? 0.
$11{init} == 3 ? bottom
$11{init} >= 4 ? 0.

[64:]:
-$11{init} >= -2 ? 0.
$11{init} == 3 ? bottom
$11{init} >= 4 ? 0.

[65:]:
-$11{init} >= -2 ? 0.
$11{init} == 3 ? bottom
$11{init} >= 4 ? 0.

[66:]:
-$11{init} >= -2 ? 0.
$11{init} == 3 ? bottom
$11{init} >= 4 ? 0.

[67:]:
-$11{init} >= -2 ? 0.
$11{init} == 3 ? bottom
$11{init} >= 4 ? 0.

[68:]:
-$11{init} >= -2 ? 0.
$11{init} == 3 ? bottom
$11{init} >= 4 ? 0.

[69:]:
-$11{init} >= -2 ? 0.
$11{init} == 3 ? bottom
$11{init} >= 4 ? 0.

[70:]:
-$11{init} >= -2 ? 0.
$11{init} == 3 ? bottom
$11{init} >= 4 ? 0.

[71:]:
-$8{otime}+$9{time} >= 1 && -$7{temp} >= 1 && -$11{init} >= -2 ? 0.
-$8{otime}+$9{time} >= 1 && -$7{temp} >= 1 && $11{init} == 3 ? bottom
$11{init} >= 4 && -$8{otime}+$9{time} >= 1 && -$7{temp} >= 1 ? 0.
$7{temp} >= 0 && -$8{otime}+$9{time} >= 1 && -$11{init} >= -2 ? 0.
$7{temp} >= 0 && -$8{otime}+$9{time} >= 1 && $11{init} == 3 ? bottom
$11{init} >= 4 && $7{temp} >= 0 && -$8{otime}+$9{time} >= 1 ? 0.
$8{otime}-$9{time} >= 0 && -$7{temp} >= 1 && -$11{init} >= -2 ? 0.
$8{otime}-$9{time} >= 0 && -$7{temp} >= 1 && $11{init} == 3 ? bottom
$11{init} >= 4 && $8{otime}-$9{time} >= 0 && -$7{temp} >= 1 ? 0.
$7{temp} >= 0 && $8{otime}-$9{time} >= 0 && -$11{init} >= -2 ? 0.
$7{temp} >= 0 && $8{otime}-$9{time} >= 0 && $11{init} == 3 ? bottom
$11{init} >= 4 && $7{temp} >= 0 && $8{otime}-$9{time} >= 0 ? 0.

[72:]:
top ? bottom

[73:]:
-$8{otime}+$9{time} >= 1 && -$7{temp} >= 1 && -$11{init} >= -2 ? 0.
-$8{otime}+$9{time} >= 1 && -$7{temp} >= 1 && $11{init} == 3 ? bottom
$11{init} >= 4 && -$8{otime}+$9{time} >= 1 && -$7{temp} >= 1 ? 0.
$7{temp} >= 0 && -$8{otime}+$9{time} >= 1 && -$11{init} >= -2 ? 0.
$7{temp} >= 0 && -$8{otime}+$9{time} >= 1 && $11{init} == 3 ? bottom
$11{init} >= 4 && $7{temp} >= 0 && -$8{otime}+$9{time} >= 1 ? 0.
$8{otime}-$9{time} >= 0 && -$7{temp} >= 1 && -$11{init} >= -2 ? 0.
$8{otime}-$9{time} >= 0 && -$7{temp} >= 1 && $11{init} == 3 ? bottom
$11{init} >= 4 && $8{otime}-$9{time} >= 0 && -$7{temp} >= 1 ? 0.
$7{temp} >= 0 && $8{otime}-$9{time} >= 0 && -$11{init} >= -2 ? 0.
$7{temp} >= 0 && $8{otime}-$9{time} >= 0 && $11{init} == 3 ? bottom
$11{init} >= 4 && $7{temp} >= 0 && $8{otime}-$9{time} >= 0 ? 0.

[74:]:
-$8{otime}+$9{time} >= 1 && -$7{temp} >= 1 && -$11{init} >= -2 ? 0.
-$8{otime}+$9{time} >= 1 && -$7{temp} >= 1 && $11{init} == 3 ? bottom
$11{init} >= 4 && -$8{otime}+$9{time} >= 1 && -$7{temp} >= 1 ? 0.
$7{temp} >= 0 && -$8{otime}+$9{time} >= 1 && -$11{init} >= -2 ? 0.
$7{temp} >= 0 && -$8{otime}+$9{time} >= 1 && $11{init} == 3 ? bottom
$11{init} >= 4 && $7{temp} >= 0 && -$8{otime}+$9{time} >= 1 ? 0.
$8{otime}-$9{time} >= 0 && -$7{temp} >= 1 && -$11{init} >= -2 ? 0.
$8{otime}-$9{time} >= 0 && -$7{temp} >= 1 && $11{init} == 3 ? bottom
$11{init} >= 4 && $8{otime}-$9{time} >= 0 && -$7{temp} >= 1 ? 0.
$7{temp} >= 0 && $8{otime}-$9{time} >= 0 && -$11{init} >= -2 ? 0.
$7{temp} >= 0 && $8{otime}-$9{time} >= 0 && $11{init} == 3 ? bottom
$11{init} >= 4 && $7{temp} >= 0 && $8{otime}-$9{time} >= 0 ? 0.

[75:]:
-$8{otime}+$9{time} >= 1 && -$7{temp} >= 1 && -$11{init} >= -2 ? 0.
-$8{otime}+$9{time} >= 1 && -$7{temp} >= 1 && $11{init} == 3 ? bottom
$11{init} >= 4 && -$8{otime}+$9{time} >= 1 && -$7{temp} >= 1 ? 0.
$7{temp} >= 0 && -$8{otime}+$9{time} >= 1 && -$11{init} >= -2 ? 0.
$7{temp} >= 0 && -$8{otime}+$9{time} >= 1 && $11{init} == 3 ? bottom
$11{init} >= 4 && $7{temp} >= 0 && -$8{otime}+$9{time} >= 1 ? 0.
$8{otime}-$9{time} >= 0 && -$7{temp} >= 1 && -$11{init} >= -2 ? 0.
$8{otime}-$9{time} >= 0 && -$7{temp} >= 1 && $11{init} == 3 ? bottom
$11{init} >= 4 && $8{otime}-$9{time} >= 0 && -$7{temp} >= 1 ? 0.
$7{temp} >= 0 && $8{otime}-$9{time} >= 0 && -$11{init} >= -2 ? 0.
$7{temp} >= 0 && $8{otime}-$9{time} >= 0 && $11{init} == 3 ? bottom
$11{init} >= 4 && $7{temp} >= 0 && $8{otime}-$9{time} >= 0 ? 0.

[76:]:
-$8{otime}+$9{time} >= 1 && -$7{temp} >= 1 && -$4{tempIn} >= -272 && -$11{init} >= -2 ? 0.
-$8{otime}+$9{time} >= 1 && -$7{temp} >= 1 && -$4{tempIn} >= -272 && $11{init} == 3 ? bottom
$11{init} >= 4 && -$8{otime}+$9{time} >= 1 && -$7{temp} >= 1 && -$4{tempIn} >= -272 ? 0.
$4{tempIn} >= 273 && -$8{otime}+$9{time} >= 1 && -$7{temp} >= 1 && -$11{init} >= -2 ? 0.
$4{tempIn} >= 273 && -$8{otime}+$9{time} >= 1 && -$7{temp} >= 1 && $11{init} == 3 ? bottom
$11{init} >= 4 && $4{tempIn} >= 273 && -$8{otime}+$9{time} >= 1 && -$7{temp} >= 1 ? 0.
$7{temp} >= 0 && -$8{otime}+$9{time} >= 1 && -$4{tempIn} >= -272 && -$11{init} >= -2 ? 0.
$7{temp} >= 0 && -$8{otime}+$9{time} >= 1 && -$4{tempIn} >= -272 && $11{init} == 3 ? bottom
$11{init} >= 4 && $7{temp} >= 0 && -$8{otime}+$9{time} >= 1 && -$4{tempIn} >= -272 ? 0.
$4{tempIn} >= 273 && $7{temp} >= 0 && -$8{otime}+$9{time} >= 1 && -$11{init} >= -2 ? 0.
$4{tempIn} >= 273 && $7{temp} >= 0 && -$8{otime}+$9{time} >= 1 && $11{init} == 3 ? bottom
$11{init} >= 4 && $4{tempIn} >= 273 && $7{temp} >= 0 && -$8{otime}+$9{time} >= 1 ? 0.
$8{otime}-$9{time} >= 0 && -$7{temp} >= 1 && -$4{tempIn} >= -272 && -$11{init} >= -2 ? 0.
$8{otime}-$9{time} >= 0 && -$7{temp} >= 1 && -$4{tempIn} >= -272 && $11{init} == 3 ? bottom
$11{init} >= 4 && $8{otime}-$9{time} >= 0 && -$7{temp} >= 1 && -$4{tempIn} >= -272 ? 0.
$4{tempIn} >= 273 && $8{otime}-$9{time} >= 0 && -$7{temp} >= 1 && -$11{init} >= -2 ? 0.
$4{tempIn} >= 273 && $8{otime}-$9{time} >= 0 && -$7{temp} >= 1 && $11{init} == 3 ? bottom
$11{init} >= 4 && $4{tempIn} >= 273 && $8{otime}-$9{time} >= 0 && -$7{temp} >= 1 ? 0.
$7{temp} >= 0 && $8{otime}-$9{time} >= 0 && -$4{tempIn} >= -272 && -$11{init} >= -2 ? 0.
$7{temp} >= 0 && $8{otime}-$9{time} >= 0 && -$4{tempIn} >= -272 && $11{init} == 3 ? bottom
$11{init} >= 4 && $7{temp} >= 0 && $8{otime}-$9{time} >= 0 && -$4{tempIn} >= -272 ? 0.
$4{tempIn} >= 273 && $7{temp} >= 0 && $8{otime}-$9{time} >= 0 && -$11{init} >= -2 ? 0.
$4{tempIn} >= 273 && $7{temp} >= 0 && $8{otime}-$9{time} >= 0 && $11{init} == 3 ? bottom
$11{init} >= 4 && $4{tempIn} >= 273 && $7{temp} >= 0 && $8{otime}-$9{time} >= 0 ? 0.

[77:]:
-$8{otime}+$9{time} >= 1 && -$7{temp} >= 1 && -$11{init} >= -2 ? 0.
-$8{otime}+$9{time} >= 1 && -$7{temp} >= 1 && $11{init} == 3 ? bottom
$11{init} >= 4 && -$8{otime}+$9{time} >= 1 && -$7{temp} >= 1 ? 0.
$7{temp} >= 0 && -$8{otime}+$9{time} >= 1 && -$11{init} >= -2 ? 0.
$7{temp} >= 0 && -$8{otime}+$9{time} >= 1 && $11{init} == 3 ? bottom
$11{init} >= 4 && $7{temp} >= 0 && -$8{otime}+$9{time} >= 1 ? 0.
$8{otime}-$9{time} >= 0 && -$7{temp} >= 1 && -$11{init} >= -2 ? 0.
$8{otime}-$9{time} >= 0 && -$7{temp} >= 1 && $11{init} == 3 ? bottom
$11{init} >= 4 && $8{otime}-$9{time} >= 0 && -$7{temp} >= 1 ? 0.
$7{temp} >= 0 && $8{otime}-$9{time} >= 0 && -$11{init} >= -2 ? 0.
$7{temp} >= 0 && $8{otime}-$9{time} >= 0 && $11{init} == 3 ? bottom
$11{init} >= 4 && $7{temp} >= 0 && $8{otime}-$9{time} >= 0 ? 0.

[78:]:
-$8{otime}+$9{time} >= 1 && -$7{temp} >= 1 && -$14{kelvin} >= -272 && -$11{init} >= -2 ? 0.
-$8{otime}+$9{time} >= 1 && -$7{temp} >= 1 && -$14{kelvin} >= -272 && $11{init} == 3 ? bottom
$11{init} >= 4 && -$8{otime}+$9{time} >= 1 && -$7{temp} >= 1 && -$14{kelvin} >= -272 ? 0.
$14{kelvin} >= 273 && -$8{otime}+$9{time} >= 1 && -$7{temp} >= 1 && -$11{init} >= -2 ? 0.
$14{kelvin} >= 273 && -$8{otime}+$9{time} >= 1 && -$7{temp} >= 1 && $11{init} == 3 ? bottom
$11{init} >= 4 && $14{kelvin} >= 273 && -$8{otime}+$9{time} >= 1 && -$7{temp} >= 1 ? 0.
$7{temp} >= 0 && -$8{otime}+$9{time} >= 1 && -$14{kelvin} >= -272 && -$11{init} >= -2 ? 0.
$7{temp} >= 0 && -$8{otime}+$9{time} >= 1 && -$14{kelvin} >= -272 && $11{init} == 3 ? bottom
$11{init} >= 4 && $7{temp} >= 0 && -$8{otime}+$9{time} >= 1 && -$14{kelvin} >= -272 ? 0.
$14{kelvin} >= 273 && $7{temp} >= 0 && -$8{otime}+$9{time} >= 1 && -$11{init} >= -2 ? 0.
$14{kelvin} >= 273 && $7{temp} >= 0 && -$8{otime}+$9{time} >= 1 && $11{init} == 3 ? bottom
$11{init} >= 4 && $14{kelvin} >= 273 && $7{temp} >= 0 && -$8{otime}+$9{time} >= 1 ? 0.
$8{otime}-$9{time} >= 0 && -$7{temp} >= 1 && -$14{kelvin} >= -272 && -$11{init} >= -2 ? 0.
$8{otime}-$9{time} >= 0 && -$7{temp} >= 1 && -$14{kelvin} >= -272 && $11{init} == 3 ? bottom
$11{init} >= 4 && $8{otime}-$9{time} >= 0 && -$7{temp} >= 1 && -$14{kelvin} >= -272 ? 0.
$14{kelvin} >= 273 && $8{otime}-$9{time} >= 0 && -$7{temp} >= 1 && -$11{init} >= -2 ? 0.
$14{kelvin} >= 273 && $8{otime}-$9{time} >= 0 && -$7{temp} >= 1 && $11{init} == 3 ? bottom
$11{init} >= 4 && $14{kelvin} >= 273 && $8{otime}-$9{time} >= 0 && -$7{temp} >= 1 ? 0.
$7{temp} >= 0 && $8{otime}-$9{time} >= 0 && -$14{kelvin} >= -272 && -$11{init} >= -2 ? 0.
$7{temp} >= 0 && $8{otime}-$9{time} >= 0 && -$14{kelvin} >= -272 && $11{init} == 3 ? bottom
$11{init} >= 4 && $7{temp} >= 0 && $8{otime}-$9{time} >= 0 && -$14{kelvin} >= -272 ? 0.
$14{kelvin} >= 273 && $7{temp} >= 0 && $8{otime}-$9{time} >= 0 && -$11{init} >= -2 ? 0.
$14{kelvin} >= 273 && $7{temp} >= 0 && $8{otime}-$9{time} >= 0 && $11{init} == 3 ? bottom
$11{init} >= 4 && $14{kelvin} >= 273 && $7{temp} >= 0 && $8{otime}-$9{time} >= 0 ? 0.

[79:]:
-$8{otime}+$9{time} >= 1 && -$15{__return_vinToCels} >= 1 && -$11{init} >= -2 ? 0.
-$8{otime}+$9{time} >= 1 && -$15{__return_vinToCels} >= 1 && $11{init} == 3 ? bottom
$11{init} >= 4 && -$8{otime}+$9{time} >= 1 && -$15{__return_vinToCels} >= 1 ? 0.
$15{__return_vinToCels} >= 0 && -$8{otime}+$9{time} >= 1 && -$11{init} >= -2 ? 0.
$15{__return_vinToCels} >= 0 && -$8{otime}+$9{time} >= 1 && $11{init} == 3 ? bottom
$11{init} >= 4 && $15{__return_vinToCels} >= 0 && -$8{otime}+$9{time} >= 1 ? 0.
$8{otime}-$9{time} >= 0 && -$15{__return_vinToCels} >= 1 && -$11{init} >= -2 ? 0.
$8{otime}-$9{time} >= 0 && -$15{__return_vinToCels} >= 1 && $11{init} == 3 ? bottom
$11{init} >= 4 && $8{otime}-$9{time} >= 0 && -$15{__return_vinToCels} >= 1 ? 0.
$15{__return_vinToCels} >= 0 && $8{otime}-$9{time} >= 0 && -$11{init} >= -2 ? 0.
$15{__return_vinToCels} >= 0 && $8{otime}-$9{time} >= 0 && $11{init} == 3 ? bottom
$11{init} >= 4 && $15{__return_vinToCels} >= 0 && $8{otime}-$9{time} >= 0 ? 0.

[80:]:
-$8{otime}+$9{time} >= 1 && -$16{__ret_vinToCels} >= 1 && -$11{init} >= -2 ? 0.
-$8{otime}+$9{time} >= 1 && -$16{__ret_vinToCels} >= 1 && $11{init} == 3 ? bottom
$11{init} >= 4 && -$8{otime}+$9{time} >= 1 && -$16{__ret_vinToCels} >= 1 ? 0.
$16{__ret_vinToCels} >= 0 && -$8{otime}+$9{time} >= 1 && -$11{init} >= -2 ? 0.
$16{__ret_vinToCels} >= 0 && -$8{otime}+$9{time} >= 1 && $11{init} == 3 ? bottom
$11{init} >= 4 && $16{__ret_vinToCels} >= 0 && -$8{otime}+$9{time} >= 1 ? 0.
$8{otime}-$9{time} >= 0 && -$16{__ret_vinToCels} >= 1 && -$11{init} >= -2 ? 0.
$8{otime}-$9{time} >= 0 && -$16{__ret_vinToCels} >= 1 && $11{init} == 3 ? bottom
$11{init} >= 4 && $8{otime}-$9{time} >= 0 && -$16{__ret_vinToCels} >= 1 ? 0.
$16{__ret_vinToCels} >= 0 && $8{otime}-$9{time} >= 0 && -$11{init} >= -2 ? 0.
$16{__ret_vinToCels} >= 0 && $8{otime}-$9{time} >= 0 && $11{init} == 3 ? bottom
$11{init} >= 4 && $16{__ret_vinToCels} >= 0 && $8{otime}-$9{time} >= 0 ? 0.

[81:]:
-$8{otime}+$9{time} >= 1 && -$7{temp} >= 1 && -$11{init} >= -2 ? 0.
-$8{otime}+$9{time} >= 1 && -$7{temp} >= 1 && $11{init} == 3 ? bottom
$11{init} >= 4 && -$8{otime}+$9{time} >= 1 && -$7{temp} >= 1 ? 0.
$7{temp} >= 0 && -$8{otime}+$9{time} >= 1 && -$11{init} >= -2 ? 0.
$7{temp} >= 0 && -$8{otime}+$9{time} >= 1 && $11{init} == 3 ? bottom
$11{init} >= 4 && $7{temp} >= 0 && -$8{otime}+$9{time} >= 1 ? 0.
$8{otime}-$9{time} >= 0 && -$7{temp} >= 1 && -$11{init} >= -2 ? 0.
$8{otime}-$9{time} >= 0 && -$7{temp} >= 1 && $11{init} == 3 ? bottom
$11{init} >= 4 && $8{otime}-$9{time} >= 0 && -$7{temp} >= 1 ? 0.
$7{temp} >= 0 && $8{otime}-$9{time} >= 0 && -$11{init} >= -2 ? 0.
$7{temp} >= 0 && $8{otime}-$9{time} >= 0 && $11{init} == 3 ? bottom
$11{init} >= 4 && $7{temp} >= 0 && $8{otime}-$9{time} >= 0 ? 0.

[82:]:
-$8{otime}+$9{time} >= 1 && -$7{temp} >= 1 && -$14{kelvin} >= -272 && -$11{init} >= -2 ? 0.
-$8{otime}+$9{time} >= 1 && -$7{temp} >= 1 && -$14{kelvin} >= -272 && $11{init} == 3 ? bottom
$11{init} >= 4 && -$8{otime}+$9{time} >= 1 && -$7{temp} >= 1 && -$14{kelvin} >= -272 ? 0.
$14{kelvin} >= 273 && -$8{otime}+$9{time} >= 1 && -$7{temp} >= 1 && -$11{init} >= -2 ? 0.
$14{kelvin} >= 273 && -$8{otime}+$9{time} >= 1 && -$7{temp} >= 1 && $11{init} == 3 ? bottom
$11{init} >= 4 && $14{kelvin} >= 273 && -$8{otime}+$9{time} >= 1 && -$7{temp} >= 1 ? 0.
$7{temp} >= 0 && -$8{otime}+$9{time} >= 1 && -$14{kelvin} >= -272 && -$11{init} >= -2 ? 0.
$7{temp} >= 0 && -$8{otime}+$9{time} >= 1 && -$14{kelvin} >= -272 && $11{init} == 3 ? bottom
$11{init} >= 4 && $7{temp} >= 0 && -$8{otime}+$9{time} >= 1 && -$14{kelvin} >= -272 ? 0.
$14{kelvin} >= 273 && $7{temp} >= 0 && -$8{otime}+$9{time} >= 1 && -$11{init} >= -2 ? 0.
$14{kelvin} >= 273 && $7{temp} >= 0 && -$8{otime}+$9{time} >= 1 && $11{init} == 3 ? bottom
$11{init} >= 4 && $14{kelvin} >= 273 && $7{temp} >= 0 && -$8{otime}+$9{time} >= 1 ? 0.
$8{otime}-$9{time} >= 0 && -$7{temp} >= 1 && -$14{kelvin} >= -272 && -$11{init} >= -2 ? 0.
$8{otime}-$9{time} >= 0 && -$7{temp} >= 1 && -$14{kelvin} >= -272 && $11{init} == 3 ? bottom
$11{init} >= 4 && $8{otime}-$9{time} >= 0 && -$7{temp} >= 1 && -$14{kelvin} >= -272 ? 0.
$14{kelvin} >= 273 && $8{otime}-$9{time} >= 0 && -$7{temp} >= 1 && -$11{init} >= -2 ? 0.
$14{kelvin} >= 273 && $8{otime}-$9{time} >= 0 && -$7{temp} >= 1 && $11{init} == 3 ? bottom
$11{init} >= 4 && $14{kelvin} >= 273 && $8{otime}-$9{time} >= 0 && -$7{temp} >= 1 ? 0.
$7{temp} >= 0 && $8{otime}-$9{time} >= 0 && -$14{kelvin} >= -272 && -$11{init} >= -2 ? 0.
$7{temp} >= 0 && $8{otime}-$9{time} >= 0 && -$14{kelvin} >= -272 && $11{init} == 3 ? bottom
$11{init} >= 4 && $7{temp} >= 0 && $8{otime}-$9{time} >= 0 && -$14{kelvin} >= -272 ? 0.
$14{kelvin} >= 273 && $7{temp} >= 0 && $8{otime}-$9{time} >= 0 && -$11{init} >= -2 ? 0.
$14{kelvin} >= 273 && $7{temp} >= 0 && $8{otime}-$9{time} >= 0 && $11{init} == 3 ? bottom
$11{init} >= 4 && $14{kelvin} >= 273 && $7{temp} >= 0 && $8{otime}-$9{time} >= 0 ? 0.

[83:]:
-$8{otime}+$9{time} >= 1 && -$15{__return_vinToCels} >= 1 && -$11{init} >= -2 ? 0.
-$8{otime}+$9{time} >= 1 && -$15{__return_vinToCels} >= 1 && $11{init} == 3 ? bottom
$11{init} >= 4 && -$8{otime}+$9{time} >= 1 && -$15{__return_vinToCels} >= 1 ? 0.
$15{__return_vinToCels} >= 0 && -$8{otime}+$9{time} >= 1 && -$11{init} >= -2 ? 0.
$15{__return_vinToCels} >= 0 && -$8{otime}+$9{time} >= 1 && $11{init} == 3 ? bottom
$11{init} >= 4 && $15{__return_vinToCels} >= 0 && -$8{otime}+$9{time} >= 1 ? 0.
$8{otime}-$9{time} >= 0 && -$15{__return_vinToCels} >= 1 && -$11{init} >= -2 ? 0.
$8{otime}-$9{time} >= 0 && -$15{__return_vinToCels} >= 1 && $11{init} == 3 ? bottom
$11{init} >= 4 && $8{otime}-$9{time} >= 0 && -$15{__return_vinToCels} >= 1 ? 0.
$15{__return_vinToCels} >= 0 && $8{otime}-$9{time} >= 0 && -$11{init} >= -2 ? 0.
$15{__return_vinToCels} >= 0 && $8{otime}-$9{time} >= 0 && $11{init} == 3 ? bottom
$11{init} >= 4 && $15{__return_vinToCels} >= 0 && $8{otime}-$9{time} >= 0 ? 0.

[84:]:
-$8{otime}+$9{time} >= 1 && -$14{kelvin} >= -272 && -$11{init} >= -2 ? 0.
-$8{otime}+$9{time} >= 1 && -$14{kelvin} >= -272 && $11{init} == 3 ? bottom
$11{init} >= 4 && -$8{otime}+$9{time} >= 1 && -$14{kelvin} >= -272 ? 0.
$14{kelvin} >= 273 && -$8{otime}+$9{time} >= 1 && -$11{init} >= -2 ? 0.
$14{kelvin} >= 273 && -$8{otime}+$9{time} >= 1 && $11{init} == 3 ? bottom
$11{init} >= 4 && $14{kelvin} >= 273 && -$8{otime}+$9{time} >= 1 ? 0.
$8{otime}-$9{time} >= 0 && -$14{kelvin} >= -272 && -$11{init} >= -2 ? 0.
$8{otime}-$9{time} >= 0 && -$14{kelvin} >= -272 && $11{init} == 3 ? bottom
$11{init} >= 4 && $8{otime}-$9{time} >= 0 && -$14{kelvin} >= -272 ? 0.
$14{kelvin} >= 273 && $8{otime}-$9{time} >= 0 && -$11{init} >= -2 ? 0.
$14{kelvin} >= 273 && $8{otime}-$9{time} >= 0 && $11{init} == 3 ? bottom
$11{init} >= 4 && $14{kelvin} >= 273 && $8{otime}-$9{time} >= 0 ? 0.

[85:]:
-$8{otime}+$9{time} >= 1 && -$14{kelvin} >= -272 && -$11{init} >= -2 ? 0.
-$8{otime}+$9{time} >= 1 && -$14{kelvin} >= -272 && $11{init} == 3 ? bottom
$11{init} >= 4 && -$8{otime}+$9{time} >= 1 && -$14{kelvin} >= -272 ? 0.
$14{kelvin} >= 273 && -$8{otime}+$9{time} >= 1 && -$11{init} >= -2 ? 0.
$14{kelvin} >= 273 && -$8{otime}+$9{time} >= 1 && $11{init} == 3 ? bottom
$11{init} >= 4 && $14{kelvin} >= 273 && -$8{otime}+$9{time} >= 1 ? 0.
$8{otime}-$9{time} >= 0 && -$14{kelvin} >= -272 && -$11{init} >= -2 ? 0.
$8{otime}-$9{time} >= 0 && -$14{kelvin} >= -272 && $11{init} == 3 ? bottom
$11{init} >= 4 && $8{otime}-$9{time} >= 0 && -$14{kelvin} >= -272 ? 0.
$14{kelvin} >= 273 && $8{otime}-$9{time} >= 0 && -$11{init} >= -2 ? 0.
$14{kelvin} >= 273 && $8{otime}-$9{time} >= 0 && $11{init} == 3 ? bottom
$11{init} >= 4 && $14{kelvin} >= 273 && $8{otime}-$9{time} >= 0 ? 0.

[86:]:
-$8{otime}+$9{time} >= 1 && -$14{kelvin} >= -272 && -$11{init} >= -2 ? 0.
-$8{otime}+$9{time} >= 1 && -$14{kelvin} >= -272 && $11{init} == 3 ? bottom
$11{init} >= 4 && -$8{otime}+$9{time} >= 1 && -$14{kelvin} >= -272 ? 0.
$14{kelvin} >= 273 && -$8{otime}+$9{time} >= 1 && -$11{init} >= -2 ? 0.
$14{kelvin} >= 273 && -$8{otime}+$9{time} >= 1 && $11{init} == 3 ? bottom
$11{init} >= 4 && $14{kelvin} >= 273 && -$8{otime}+$9{time} >= 1 ? 0.
$8{otime}-$9{time} >= 0 && -$14{kelvin} >= -272 && -$11{init} >= -2 ? 0.
$8{otime}-$9{time} >= 0 && -$14{kelvin} >= -272 && $11{init} == 3 ? bottom
$11{init} >= 4 && $8{otime}-$9{time} >= 0 && -$14{kelvin} >= -272 ? 0.
$14{kelvin} >= 273 && $8{otime}-$9{time} >= 0 && -$11{init} >= -2 ? 0.
$14{kelvin} >= 273 && $8{otime}-$9{time} >= 0 && $11{init} == 3 ? bottom
$11{init} >= 4 && $14{kelvin} >= 273 && $8{otime}-$9{time} >= 0 ? 0.

[87:]:
-$8{otime}+$9{time} >= 1 && -$14{kelvin} >= -272 && -$11{init} >= -2 ? 0.
-$8{otime}+$9{time} >= 1 && -$14{kelvin} >= -272 && $11{init} == 3 ? bottom
$11{init} >= 4 && -$8{otime}+$9{time} >= 1 && -$14{kelvin} >= -272 ? 0.
$14{kelvin} >= 273 && -$8{otime}+$9{time} >= 1 && -$11{init} >= -2 ? 0.
$14{kelvin} >= 273 && -$8{otime}+$9{time} >= 1 && $11{init} == 3 ? bottom
$11{init} >= 4 && $14{kelvin} >= 273 && -$8{otime}+$9{time} >= 1 ? 0.
$8{otime}-$9{time} >= 0 && -$14{kelvin} >= -272 && -$11{init} >= -2 ? 0.
$8{otime}-$9{time} >= 0 && -$14{kelvin} >= -272 && $11{init} == 3 ? bottom
$11{init} >= 4 && $8{otime}-$9{time} >= 0 && -$14{kelvin} >= -272 ? 0.
$14{kelvin} >= 273 && $8{otime}-$9{time} >= 0 && -$11{init} >= -2 ? 0.
$14{kelvin} >= 273 && $8{otime}-$9{time} >= 0 && $11{init} == 3 ? bottom
$11{init} >= 4 && $14{kelvin} >= 273 && $8{otime}-$9{time} >= 0 ? 0.

[88:]:
-$8{otime}+$9{time} >= 1 && -$14{kelvin} >= -272 && -$11{init} >= -2 ? 0.
-$8{otime}+$9{time} >= 1 && -$14{kelvin} >= -272 && $11{init} == 3 ? bottom
$11{init} >= 4 && -$8{otime}+$9{time} >= 1 && -$14{kelvin} >= -272 ? 0.
$14{kelvin} >= 273 && -$8{otime}+$9{time} >= 1 && -$11{init} >= -2 ? 0.
$14{kelvin} >= 273 && -$8{otime}+$9{time} >= 1 && $11{init} == 3 ? bottom
$11{init} >= 4 && $14{kelvin} >= 273 && -$8{otime}+$9{time} >= 1 ? 0.
$8{otime}-$9{time} >= 0 && -$14{kelvin} >= -272 && -$11{init} >= -2 ? 0.
$8{otime}-$9{time} >= 0 && -$14{kelvin} >= -272 && $11{init} == 3 ? bottom
$11{init} >= 4 && $8{otime}-$9{time} >= 0 && -$14{kelvin} >= -272 ? 0.
$14{kelvin} >= 273 && $8{otime}-$9{time} >= 0 && -$11{init} >= -2 ? 0.
$14{kelvin} >= 273 && $8{otime}-$9{time} >= 0 && $11{init} == 3 ? bottom
$11{init} >= 4 && $14{kelvin} >= 273 && $8{otime}-$9{time} >= 0 ? 0.

[89:]:
-$8{otime}+$9{time} >= 1 && -$14{kelvin} >= -272 && -$11{init} >= -2 ? 0.
-$8{otime}+$9{time} >= 1 && -$14{kelvin} >= -272 && $11{init} == 3 ? bottom
$11{init} >= 4 && -$8{otime}+$9{time} >= 1 && -$14{kelvin} >= -272 ? 0.
$14{kelvin} >= 273 && -$8{otime}+$9{time} >= 1 && -$11{init} >= -2 ? 0.
$14{kelvin} >= 273 && -$8{otime}+$9{time} >= 1 && $11{init} == 3 ? bottom
$11{init} >= 4 && $14{kelvin} >= 273 && -$8{otime}+$9{time} >= 1 ? 0.
$8{otime}-$9{time} >= 0 && -$14{kelvin} >= -272 && -$11{init} >= -2 ? 0.
$8{otime}-$9{time} >= 0 && -$14{kelvin} >= -272 && $11{init} == 3 ? bottom
$11{init} >= 4 && $8{otime}-$9{time} >= 0 && -$14{kelvin} >= -272 ? 0.
$14{kelvin} >= 273 && $8{otime}-$9{time} >= 0 && -$11{init} >= -2 ? 0.
$14{kelvin} >= 273 && $8{otime}-$9{time} >= 0 && $11{init} == 3 ? bottom
$11{init} >= 4 && $14{kelvin} >= 273 && $8{otime}-$9{time} >= 0 ? 0.

[90:]:
-$8{otime}+$9{time} >= 1 && -$14{kelvin} >= -272 && -$11{init} >= -2 ? 0.
-$8{otime}+$9{time} >= 1 && -$14{kelvin} >= -272 && $11{init} == 3 ? bottom
$11{init} >= 4 && -$8{otime}+$9{time} >= 1 && -$14{kelvin} >= -272 ? 0.
$14{kelvin} >= 273 && -$8{otime}+$9{time} >= 1 && -$11{init} >= -2 ? 0.
$14{kelvin} >= 273 && -$8{otime}+$9{time} >= 1 && $11{init} == 3 ? bottom
$11{init} >= 4 && $14{kelvin} >= 273 && -$8{otime}+$9{time} >= 1 ? 0.
$8{otime}-$9{time} >= 0 && -$14{kelvin} >= -272 && -$11{init} >= -2 ? 0.
$8{otime}-$9{time} >= 0 && -$14{kelvin} >= -272 && $11{init} == 3 ? bottom
$11{init} >= 4 && $8{otime}-$9{time} >= 0 && -$14{kelvin} >= -272 ? 0.
$14{kelvin} >= 273 && $8{otime}-$9{time} >= 0 && -$11{init} >= -2 ? 0.
$14{kelvin} >= 273 && $8{otime}-$9{time} >= 0 && $11{init} == 3 ? bottom
$11{init} >= 4 && $14{kelvin} >= 273 && $8{otime}-$9{time} >= 0 ? 0.

[91:]:
-$8{otime}+$9{time} >= 1 && -$14{kelvin} >= -272 && -$11{init} >= -2 ? 0.
-$8{otime}+$9{time} >= 1 && -$14{kelvin} >= -272 && $11{init} == 3 ? bottom
$11{init} >= 4 && -$8{otime}+$9{time} >= 1 && -$14{kelvin} >= -272 ? 0.
$14{kelvin} >= 273 && -$8{otime}+$9{time} >= 1 && -$11{init} >= -2 ? 0.
$14{kelvin} >= 273 && -$8{otime}+$9{time} >= 1 && $11{init} == 3 ? bottom
$11{init} >= 4 && $14{kelvin} >= 273 && -$8{otime}+$9{time} >= 1 ? 0.
$8{otime}-$9{time} >= 0 && -$14{kelvin} >= -272 && -$11{init} >= -2 ? 0.
$8{otime}-$9{time} >= 0 && -$14{kelvin} >= -272 && $11{init} == 3 ? bottom
$11{init} >= 4 && $8{otime}-$9{time} >= 0 && -$14{kelvin} >= -272 ? 0.
$14{kelvin} >= 273 && $8{otime}-$9{time} >= 0 && -$11{init} >= -2 ? 0.
$14{kelvin} >= 273 && $8{otime}-$9{time} >= 0 && $11{init} == 3 ? bottom
$11{init} >= 4 && $14{kelvin} >= 273 && $8{otime}-$9{time} >= 0 ? 0.


Time: 0.673897
Analysis Result: TRUE
