
Abstract Syntax:
[ 1:]
void coolantControl( ):
[ 2:] $15{time} := 0
[ 3:] while [ 4:] ( 1 < 0 || 1 > 0 ) do
[ 5:]   $14{otime} := $15{time}
[ 6:]   $15{time} := $14{otime} + 1
[ 7:]   $4{tempIn} := ?
[ 8:]   $13{kelvin} := $4{tempIn}
[ 9:]   if ( $7{temp} < 0 ) then
[10:]     $1{error} := 1
[11:]     $10{tempdiff} := $13{kelvin} - 273
[12:]     $11{warning} := $1{error}
[13:]     $2{tempDisplay} := $10{tempdiff}
[14:]     $3{warnLED} := $11{warning}
[15:]
        else
[16:]
        endif
[17:]   $12{$12} := $13{kelvin} - 273
[18:]   $7{temp} := $12{$12}
[19:]   if ( $7{temp} > $8{limit} ) then
[20:]     $5{chainBroken} := 1
[21:]
        else
[22:]     $5{chainBroken} := 0
[23:]
        endif
[24:]
      od
[25:]
void display( int $10{tempdiff}; int $11{warning}; ):
[26:] $2{tempDisplay} := $10{tempdiff}
[27:] $3{warnLED} := $11{warning}
[28:]
int main( ):
[29:] $9{init} := 0
[30:] $2{tempDisplay} := 0
[31:] $3{warnLED} := 1
[32:] $4{tempIn} := 0
[33:] $1{error} := 0
[34:] $5{chainBroken} := 0
[35:] $6{warnLight} := 0
[36:] $7{temp} := 0
[37:] $8{limit} := 8
[38:] $9{init} := 1
[39:] $17{try} := 0
[40:] while [41:] ( 1 < 0 || 1 > 0 ) do
[42:]   $18{limit} := ?
[43:]   if ( $18{limit} < 10 && $18{limit} > -273 ) then
[44:]     $1{error} := 0
[45:]     $10{tempdiff} := 0
[46:]     $11{warning} := $1{error}
[47:]     $2{tempDisplay} := $10{tempdiff}
[48:]     $3{warnLED} := $11{warning}
[49:]     return
[50:]
        else
[51:]     $1{error} := 1
[52:]     $10{tempdiff} := 0
[53:]     $11{warning} := $1{error}
[54:]     $2{tempDisplay} := $10{tempdiff}
[55:]     $3{warnLED} := $11{warning}
[56:]
        endif
[57:]   if ( $17{try} >= 3 ) then
[58:]     $18{limit} := 7
[59:]     return
[60:]
        else
[61:]
        endif
[62:]   $17{try} := $17{try} + 1
[63:]
      od
[64:] $9{init} := 3
[65:] $15{time} := 0
[66:] while [67:] ( 1 < 0 || 1 > 0 ) do
[68:]   $14{otime} := $15{time}
[69:]   $15{time} := $14{otime} + 1
[70:]   $4{tempIn} := ?
[71:]   $13{kelvin} := $4{tempIn}
[72:]   if ( $7{temp} < 0 ) then
[73:]     $1{error} := 1
[74:]     $10{tempdiff} := $13{kelvin} - 273
[75:]     $11{warning} := $1{error}
[76:]     $2{tempDisplay} := $10{tempdiff}
[77:]     $3{warnLED} := $11{warning}
[78:]
        else
[79:]
        endif
[80:]   $12{$12} := $13{kelvin} - 273
[81:]   $7{temp} := $12{$12}
[82:]   if ( $7{temp} > $8{limit} ) then
[83:]     $5{chainBroken} := 1
[84:]
        else
[85:]     $5{chainBroken} := 0
[86:]
        endif
[87:]
      od
[88:]
int vinToCels( int $13{kelvin}; ):
[89:] if ( $7{temp} < 0 ) then
[90:]   $1{error} := 1
[91:]   $10{tempdiff} := $13{kelvin} - 273
[92:]   $11{warning} := $1{error}
[93:]   $2{tempDisplay} := $10{tempdiff}
[94:]   $3{warnLED} := $11{warning}
[95:]
      else
[96:]
      endif
[97:] $12{$12} := $13{kelvin} - 273
[98:] return
[99:]

Property: $5{chainBroken} <= 1 && $5{chainBroken} >= 1

[ -1:]:
-$5{chainBroken} >= 0 ? bottom
$5{chainBroken} == 1 ? 0.
$5{chainBroken} >= 2 ? bottom

[29:]:
-$5{chainBroken} >= 0 ? bottom
$5{chainBroken} == 1 ? 0.
$5{chainBroken} >= 2 ? bottom

[30:]:
-$5{chainBroken} >= 0 ? bottom
$5{chainBroken} == 1 ? 0.
$5{chainBroken} >= 2 ? bottom

[31:]:
-$5{chainBroken} >= 0 ? bottom
$5{chainBroken} == 1 ? 0.
$5{chainBroken} >= 2 ? bottom

[32:]:
-$5{chainBroken} >= 0 ? bottom
$5{chainBroken} == 1 ? 0.
$5{chainBroken} >= 2 ? bottom

[33:]:
-$5{chainBroken} >= 0 ? bottom
$5{chainBroken} == 1 ? 0.
$5{chainBroken} >= 2 ? bottom

[34:]:
-$5{chainBroken} >= 0 ? bottom
$5{chainBroken} == 1 ? 0.
$5{chainBroken} >= 2 ? bottom

[35:]:
-$5{chainBroken} >= 0 ? bottom
$5{chainBroken} == 1 ? 0.
$5{chainBroken} >= 2 ? bottom

[36:]:
-$5{chainBroken} >= 0 ? bottom
$5{chainBroken} == 1 ? 0.
$5{chainBroken} >= 2 ? bottom

[37:]:
-$5{chainBroken} >= 0 ? bottom
$5{chainBroken} == 1 ? 0.
$5{chainBroken} >= 2 ? bottom

[38:]:
-$5{chainBroken} >= 0 ? bottom
$5{chainBroken} == 1 ? 0.
$5{chainBroken} >= 2 ? bottom

[39:]:
-$5{chainBroken} >= 0 ? bottom
$5{chainBroken} == 1 ? 0.
$5{chainBroken} >= 2 ? bottom

[40:]:
-$5{chainBroken} >= 0 ? bottom
$5{chainBroken} == 1 ? 0.
$5{chainBroken} >= 2 ? bottom

[41:]:
-$5{chainBroken} >= 0 ? bottom
$5{chainBroken} == 1 ? 0.
$5{chainBroken} >= 2 ? bottom

[42:]:
-$5{chainBroken} >= 0 ? bottom
$5{chainBroken} == 1 ? 0.
$5{chainBroken} >= 2 ? bottom

[43:]:
-$5{chainBroken} >= 0 ? bottom
$5{chainBroken} == 1 ? 0.
$5{chainBroken} >= 2 ? bottom

[44:]:
-$5{chainBroken} >= 0 ? bottom
$5{chainBroken} == 1 ? 0.
$5{chainBroken} >= 2 ? bottom

[45:]:
-$5{chainBroken} >= 0 ? bottom
$5{chainBroken} == 1 ? 0.
$5{chainBroken} >= 2 ? bottom

[46:]:
-$5{chainBroken} >= 0 ? bottom
$5{chainBroken} == 1 ? 0.
$5{chainBroken} >= 2 ? bottom

[47:]:
-$5{chainBroken} >= 0 ? bottom
$5{chainBroken} == 1 ? 0.
$5{chainBroken} >= 2 ? bottom

[48:]:
-$5{chainBroken} >= 0 ? bottom
$5{chainBroken} == 1 ? 0.
$5{chainBroken} >= 2 ? bottom

[49:]:
-$5{chainBroken} >= 0 ? bottom
$5{chainBroken} == 1 ? 0.
$5{chainBroken} >= 2 ? bottom

[50:]:
-$5{chainBroken} >= 0 ? bottom
$5{chainBroken} == 1 ? 0.
$5{chainBroken} >= 2 ? bottom

[51:]:
-$5{chainBroken} >= 0 ? bottom
$5{chainBroken} == 1 ? 0.
$5{chainBroken} >= 2 ? bottom

[52:]:
-$5{chainBroken} >= 0 ? bottom
$5{chainBroken} == 1 ? 0.
$5{chainBroken} >= 2 ? bottom

[53:]:
-$5{chainBroken} >= 0 ? bottom
$5{chainBroken} == 1 ? 0.
$5{chainBroken} >= 2 ? bottom

[54:]:
-$5{chainBroken} >= 0 ? bottom
$5{chainBroken} == 1 ? 0.
$5{chainBroken} >= 2 ? bottom

[55:]:
-$5{chainBroken} >= 0 ? bottom
$5{chainBroken} == 1 ? 0.
$5{chainBroken} >= 2 ? bottom

[56:]:
-$5{chainBroken} >= 0 ? bottom
$5{chainBroken} == 1 ? 0.
$5{chainBroken} >= 2 ? bottom

[57:]:
-$5{chainBroken} >= 0 ? bottom
$5{chainBroken} == 1 ? 0.
$5{chainBroken} >= 2 ? bottom

[58:]:
-$5{chainBroken} >= 0 ? bottom
$5{chainBroken} == 1 ? 0.
$5{chainBroken} >= 2 ? bottom

[59:]:
-$5{chainBroken} >= 0 ? bottom
$5{chainBroken} == 1 ? 0.
$5{chainBroken} >= 2 ? bottom

[60:]:
-$5{chainBroken} >= 0 ? bottom
$5{chainBroken} == 1 ? 0.
$5{chainBroken} >= 2 ? bottom

[61:]:
-$5{chainBroken} >= 0 ? bottom
$5{chainBroken} == 1 ? 0.
$5{chainBroken} >= 2 ? bottom

[62:]:
-$5{chainBroken} >= 0 ? bottom
$5{chainBroken} == 1 ? 0.
$5{chainBroken} >= 2 ? bottom

[63:]:
-$5{chainBroken} >= 0 ? bottom
$5{chainBroken} == 1 ? 0.
$5{chainBroken} >= 2 ? bottom

[64:]:
-$5{chainBroken} >= 0 ? bottom
$5{chainBroken} == 1 ? 0.
$5{chainBroken} >= 2 ? bottom

[65:]:
-$5{chainBroken} >= 0 ? bottom
$5{chainBroken} == 1 ? 0.
$5{chainBroken} >= 2 ? bottom

[66:]:
-$5{chainBroken} >= 0 ? bottom
$5{chainBroken} == 1 ? 0.
$5{chainBroken} >= 2 ? bottom

[67:]:
-$5{chainBroken} >= 0 ? bottom
$5{chainBroken} == 1 ? 0.
$5{chainBroken} >= 2 ? bottom

[68:]:
-$5{chainBroken} >= 0 ? bottom
$5{chainBroken} == 1 ? 0.
$5{chainBroken} >= 2 ? bottom

[69:]:
-$5{chainBroken} >= 0 ? bottom
$5{chainBroken} == 1 ? 0.
$5{chainBroken} >= 2 ? bottom

[70:]:
-$5{chainBroken} >= 0 ? bottom
$5{chainBroken} == 1 ? 0.
$5{chainBroken} >= 2 ? bottom

[71:]:
-$5{chainBroken} >= 0 ? bottom
$5{chainBroken} == 1 ? 0.
$5{chainBroken} >= 2 ? bottom

[72:]:
-$5{chainBroken} >= 0 ? bottom
$5{chainBroken} == 1 ? 0.
$5{chainBroken} >= 2 ? bottom

[73:]:
-$5{chainBroken} >= 0 ? bottom
$5{chainBroken} == 1 ? 0.
$5{chainBroken} >= 2 ? bottom

[74:]:
-$5{chainBroken} >= 0 ? bottom
$5{chainBroken} == 1 ? 0.
$5{chainBroken} >= 2 ? bottom

[75:]:
-$5{chainBroken} >= 0 ? bottom
$5{chainBroken} == 1 ? 0.
$5{chainBroken} >= 2 ? bottom

[76:]:
-$5{chainBroken} >= 0 ? bottom
$5{chainBroken} == 1 ? 0.
$5{chainBroken} >= 2 ? bottom

[77:]:
-$5{chainBroken} >= 0 ? bottom
$5{chainBroken} == 1 ? 0.
$5{chainBroken} >= 2 ? bottom

[78:]:
-$5{chainBroken} >= 0 ? bottom
$5{chainBroken} == 1 ? 0.
$5{chainBroken} >= 2 ? bottom

[79:]:
-$5{chainBroken} >= 0 ? bottom
$5{chainBroken} == 1 ? 0.
$5{chainBroken} >= 2 ? bottom

[80:]:
-$5{chainBroken} >= 0 ? bottom
$5{chainBroken} == 1 ? 0.
$5{chainBroken} >= 2 ? bottom

[81:]:
-$5{chainBroken} >= 0 ? bottom
$5{chainBroken} == 1 ? 0.
$5{chainBroken} >= 2 ? bottom

[82:]:
-$5{chainBroken} >= 0 ? bottom
$5{chainBroken} == 1 ? 0.
$5{chainBroken} >= 2 ? bottom

[83:]:
-$5{chainBroken} >= 0 ? bottom
$5{chainBroken} == 1 ? 0.
$5{chainBroken} >= 2 ? bottom

[84:]:
-$5{chainBroken} >= 0 ? bottom
$5{chainBroken} == 1 ? 0.
$5{chainBroken} >= 2 ? bottom

[85:]:
-$5{chainBroken} >= 0 ? bottom
$5{chainBroken} == 1 ? 0.
$5{chainBroken} >= 2 ? bottom

[86:]:
-$5{chainBroken} >= 0 ? bottom
$5{chainBroken} == 1 ? 0.
$5{chainBroken} >= 2 ? bottom

[87:]:
-$5{chainBroken} >= 0 ? bottom
$5{chainBroken} == 1 ? 0.
$5{chainBroken} >= 2 ? bottom

[88:]:
-$5{chainBroken} >= 0 ? bottom
$5{chainBroken} == 1 ? 0.
$5{chainBroken} >= 2 ? bottom

Property: AG{$5{chainBroken} <= 1 && $5{chainBroken} >= 1}

[ -1:]:
top ? bottom

[29:]:
top ? bottom

[30:]:
top ? bottom

[31:]:
top ? bottom

[32:]:
top ? bottom

[33:]:
top ? bottom

[34:]:
top ? bottom

[35:]:
top ? bottom

[36:]:
top ? bottom

[37:]:
top ? bottom

[38:]:
top ? bottom

[39:]:
top ? bottom

[40:]:
top ? bottom

[41:]:
top ? bottom

[42:]:
top ? bottom

[43:]:
top ? bottom

[44:]:
top ? bottom

[45:]:
top ? bottom

[46:]:
top ? bottom

[47:]:
top ? bottom

[48:]:
top ? bottom

[49:]:
top ? bottom

[50:]:
top ? bottom

[51:]:
top ? bottom

[52:]:
top ? bottom

[53:]:
top ? bottom

[54:]:
top ? bottom

[55:]:
top ? bottom

[56:]:
top ? bottom

[57:]:
top ? bottom

[58:]:
top ? bottom

[59:]:
top ? bottom

[60:]:
top ? bottom

[61:]:
top ? bottom

[62:]:
top ? bottom

[63:]:
top ? bottom

[64:]:
top ? bottom

[65:]:
top ? bottom

[66:]:
top ? bottom

[67:]:
top ? bottom

[68:]:
top ? bottom

[69:]:
top ? bottom

[70:]:
top ? bottom

[71:]:
top ? bottom

[72:]:
top ? bottom

[73:]:
top ? bottom

[74:]:
top ? bottom

[75:]:
top ? bottom

[76:]:
top ? bottom

[77:]:
top ? bottom

[78:]:
top ? bottom

[79:]:
top ? bottom

[80:]:
top ? bottom

[81:]:
top ? bottom

[82:]:
top ? bottom

[83:]:
top ? bottom

[84:]:
top ? bottom

[85:]:
top ? bottom

[86:]:
top ? bottom

[87:]:
top ? bottom

[88:]:
top ? bottom

Property: $5{chainBroken} < 1 || $5{chainBroken} > 1

[ -1:]:
-$5{chainBroken} >= 0 ? 0.
$5{chainBroken} == 1 ? bottom
$5{chainBroken} >= 2 ? 0.

[29:]:
-$5{chainBroken} >= 0 ? 0.
$5{chainBroken} == 1 ? bottom
$5{chainBroken} >= 2 ? 0.

[30:]:
-$5{chainBroken} >= 0 ? 0.
$5{chainBroken} == 1 ? bottom
$5{chainBroken} >= 2 ? 0.

[31:]:
-$5{chainBroken} >= 0 ? 0.
$5{chainBroken} == 1 ? bottom
$5{chainBroken} >= 2 ? 0.

[32:]:
-$5{chainBroken} >= 0 ? 0.
$5{chainBroken} == 1 ? bottom
$5{chainBroken} >= 2 ? 0.

[33:]:
-$5{chainBroken} >= 0 ? 0.
$5{chainBroken} == 1 ? bottom
$5{chainBroken} >= 2 ? 0.

[34:]:
-$5{chainBroken} >= 0 ? 0.
$5{chainBroken} == 1 ? bottom
$5{chainBroken} >= 2 ? 0.

[35:]:
-$5{chainBroken} >= 0 ? 0.
$5{chainBroken} == 1 ? bottom
$5{chainBroken} >= 2 ? 0.

[36:]:
-$5{chainBroken} >= 0 ? 0.
$5{chainBroken} == 1 ? bottom
$5{chainBroken} >= 2 ? 0.

[37:]:
-$5{chainBroken} >= 0 ? 0.
$5{chainBroken} == 1 ? bottom
$5{chainBroken} >= 2 ? 0.

[38:]:
-$5{chainBroken} >= 0 ? 0.
$5{chainBroken} == 1 ? bottom
$5{chainBroken} >= 2 ? 0.

[39:]:
-$5{chainBroken} >= 0 ? 0.
$5{chainBroken} == 1 ? bottom
$5{chainBroken} >= 2 ? 0.

[40:]:
-$5{chainBroken} >= 0 ? 0.
$5{chainBroken} == 1 ? bottom
$5{chainBroken} >= 2 ? 0.

[41:]:
-$5{chainBroken} >= 0 ? 0.
$5{chainBroken} == 1 ? bottom
$5{chainBroken} >= 2 ? 0.

[42:]:
-$5{chainBroken} >= 0 ? 0.
$5{chainBroken} == 1 ? bottom
$5{chainBroken} >= 2 ? 0.

[43:]:
-$5{chainBroken} >= 0 ? 0.
$5{chainBroken} == 1 ? bottom
$5{chainBroken} >= 2 ? 0.

[44:]:
-$5{chainBroken} >= 0 ? 0.
$5{chainBroken} == 1 ? bottom
$5{chainBroken} >= 2 ? 0.

[45:]:
-$5{chainBroken} >= 0 ? 0.
$5{chainBroken} == 1 ? bottom
$5{chainBroken} >= 2 ? 0.

[46:]:
-$5{chainBroken} >= 0 ? 0.
$5{chainBroken} == 1 ? bottom
$5{chainBroken} >= 2 ? 0.

[47:]:
-$5{chainBroken} >= 0 ? 0.
$5{chainBroken} == 1 ? bottom
$5{chainBroken} >= 2 ? 0.

[48:]:
-$5{chainBroken} >= 0 ? 0.
$5{chainBroken} == 1 ? bottom
$5{chainBroken} >= 2 ? 0.

[49:]:
-$5{chainBroken} >= 0 ? 0.
$5{chainBroken} == 1 ? bottom
$5{chainBroken} >= 2 ? 0.

[50:]:
-$5{chainBroken} >= 0 ? 0.
$5{chainBroken} == 1 ? bottom
$5{chainBroken} >= 2 ? 0.

[51:]:
-$5{chainBroken} >= 0 ? 0.
$5{chainBroken} == 1 ? bottom
$5{chainBroken} >= 2 ? 0.

[52:]:
-$5{chainBroken} >= 0 ? 0.
$5{chainBroken} == 1 ? bottom
$5{chainBroken} >= 2 ? 0.

[53:]:
-$5{chainBroken} >= 0 ? 0.
$5{chainBroken} == 1 ? bottom
$5{chainBroken} >= 2 ? 0.

[54:]:
-$5{chainBroken} >= 0 ? 0.
$5{chainBroken} == 1 ? bottom
$5{chainBroken} >= 2 ? 0.

[55:]:
-$5{chainBroken} >= 0 ? 0.
$5{chainBroken} == 1 ? bottom
$5{chainBroken} >= 2 ? 0.

[56:]:
-$5{chainBroken} >= 0 ? 0.
$5{chainBroken} == 1 ? bottom
$5{chainBroken} >= 2 ? 0.

[57:]:
-$5{chainBroken} >= 0 ? 0.
$5{chainBroken} == 1 ? bottom
$5{chainBroken} >= 2 ? 0.

[58:]:
-$5{chainBroken} >= 0 ? 0.
$5{chainBroken} == 1 ? bottom
$5{chainBroken} >= 2 ? 0.

[59:]:
-$5{chainBroken} >= 0 ? 0.
$5{chainBroken} == 1 ? bottom
$5{chainBroken} >= 2 ? 0.

[60:]:
-$5{chainBroken} >= 0 ? 0.
$5{chainBroken} == 1 ? bottom
$5{chainBroken} >= 2 ? 0.

[61:]:
-$5{chainBroken} >= 0 ? 0.
$5{chainBroken} == 1 ? bottom
$5{chainBroken} >= 2 ? 0.

[62:]:
-$5{chainBroken} >= 0 ? 0.
$5{chainBroken} == 1 ? bottom
$5{chainBroken} >= 2 ? 0.

[63:]:
-$5{chainBroken} >= 0 ? 0.
$5{chainBroken} == 1 ? bottom
$5{chainBroken} >= 2 ? 0.

[64:]:
-$5{chainBroken} >= 0 ? 0.
$5{chainBroken} == 1 ? bottom
$5{chainBroken} >= 2 ? 0.

[65:]:
-$5{chainBroken} >= 0 ? 0.
$5{chainBroken} == 1 ? bottom
$5{chainBroken} >= 2 ? 0.

[66:]:
-$5{chainBroken} >= 0 ? 0.
$5{chainBroken} == 1 ? bottom
$5{chainBroken} >= 2 ? 0.

[67:]:
-$5{chainBroken} >= 0 ? 0.
$5{chainBroken} == 1 ? bottom
$5{chainBroken} >= 2 ? 0.

[68:]:
-$5{chainBroken} >= 0 ? 0.
$5{chainBroken} == 1 ? bottom
$5{chainBroken} >= 2 ? 0.

[69:]:
-$5{chainBroken} >= 0 ? 0.
$5{chainBroken} == 1 ? bottom
$5{chainBroken} >= 2 ? 0.

[70:]:
-$5{chainBroken} >= 0 ? 0.
$5{chainBroken} == 1 ? bottom
$5{chainBroken} >= 2 ? 0.

[71:]:
-$5{chainBroken} >= 0 ? 0.
$5{chainBroken} == 1 ? bottom
$5{chainBroken} >= 2 ? 0.

[72:]:
-$5{chainBroken} >= 0 ? 0.
$5{chainBroken} == 1 ? bottom
$5{chainBroken} >= 2 ? 0.

[73:]:
-$5{chainBroken} >= 0 ? 0.
$5{chainBroken} == 1 ? bottom
$5{chainBroken} >= 2 ? 0.

[74:]:
-$5{chainBroken} >= 0 ? 0.
$5{chainBroken} == 1 ? bottom
$5{chainBroken} >= 2 ? 0.

[75:]:
-$5{chainBroken} >= 0 ? 0.
$5{chainBroken} == 1 ? bottom
$5{chainBroken} >= 2 ? 0.

[76:]:
-$5{chainBroken} >= 0 ? 0.
$5{chainBroken} == 1 ? bottom
$5{chainBroken} >= 2 ? 0.

[77:]:
-$5{chainBroken} >= 0 ? 0.
$5{chainBroken} == 1 ? bottom
$5{chainBroken} >= 2 ? 0.

[78:]:
-$5{chainBroken} >= 0 ? 0.
$5{chainBroken} == 1 ? bottom
$5{chainBroken} >= 2 ? 0.

[79:]:
-$5{chainBroken} >= 0 ? 0.
$5{chainBroken} == 1 ? bottom
$5{chainBroken} >= 2 ? 0.

[80:]:
-$5{chainBroken} >= 0 ? 0.
$5{chainBroken} == 1 ? bottom
$5{chainBroken} >= 2 ? 0.

[81:]:
-$5{chainBroken} >= 0 ? 0.
$5{chainBroken} == 1 ? bottom
$5{chainBroken} >= 2 ? 0.

[82:]:
-$5{chainBroken} >= 0 ? 0.
$5{chainBroken} == 1 ? bottom
$5{chainBroken} >= 2 ? 0.

[83:]:
-$5{chainBroken} >= 0 ? 0.
$5{chainBroken} == 1 ? bottom
$5{chainBroken} >= 2 ? 0.

[84:]:
-$5{chainBroken} >= 0 ? 0.
$5{chainBroken} == 1 ? bottom
$5{chainBroken} >= 2 ? 0.

[85:]:
-$5{chainBroken} >= 0 ? 0.
$5{chainBroken} == 1 ? bottom
$5{chainBroken} >= 2 ? 0.

[86:]:
-$5{chainBroken} >= 0 ? 0.
$5{chainBroken} == 1 ? bottom
$5{chainBroken} >= 2 ? 0.

[87:]:
-$5{chainBroken} >= 0 ? 0.
$5{chainBroken} == 1 ? bottom
$5{chainBroken} >= 2 ? 0.

[88:]:
-$5{chainBroken} >= 0 ? 0.
$5{chainBroken} == 1 ? bottom
$5{chainBroken} >= 2 ? 0.

Property: OR{$5{chainBroken} < 1 || $5{chainBroken} > 1}{AG{$5{chainBroken} <= 1 && $5{chainBroken} >= 1}}

[ -1:]:
-$5{chainBroken} >= 0 ? 0.
$5{chainBroken} == 1 ? bottom
$5{chainBroken} >= 2 ? 0.

[29:]:
-$5{chainBroken} >= 0 ? 0.
$5{chainBroken} == 1 ? bottom
$5{chainBroken} >= 2 ? 0.

[30:]:
-$5{chainBroken} >= 0 ? 0.
$5{chainBroken} == 1 ? bottom
$5{chainBroken} >= 2 ? 0.

[31:]:
-$5{chainBroken} >= 0 ? 0.
$5{chainBroken} == 1 ? bottom
$5{chainBroken} >= 2 ? 0.

[32:]:
-$5{chainBroken} >= 0 ? 0.
$5{chainBroken} == 1 ? bottom
$5{chainBroken} >= 2 ? 0.

[33:]:
-$5{chainBroken} >= 0 ? 0.
$5{chainBroken} == 1 ? bottom
$5{chainBroken} >= 2 ? 0.

[34:]:
-$5{chainBroken} >= 0 ? 0.
$5{chainBroken} == 1 ? bottom
$5{chainBroken} >= 2 ? 0.

[35:]:
-$5{chainBroken} >= 0 ? 0.
$5{chainBroken} == 1 ? bottom
$5{chainBroken} >= 2 ? 0.

[36:]:
-$5{chainBroken} >= 0 ? 0.
$5{chainBroken} == 1 ? bottom
$5{chainBroken} >= 2 ? 0.

[37:]:
-$7{temp} >= 1 && -$5{chainBroken} >= 0 ? 0.
-$7{temp} >= 1 && $5{chainBroken} == 1 ? bottom
$5{chainBroken} >= 2 && -$7{temp} >= 1 ? 0.
$7{temp} >= 0 && -$5{chainBroken} >= 0 ? 0.
$7{temp} >= 0 && $5{chainBroken} == 1 ? bottom
$5{chainBroken} >= 2 && $7{temp} >= 0 ? 0.

[38:]:
-$7{temp} >= 1 && -$5{chainBroken} >= 0 ? 0.
-$7{temp} >= 1 && $5{chainBroken} == 1 ? bottom
$5{chainBroken} >= 2 && -$7{temp} >= 1 ? 0.
$7{temp} >= 0 && -$5{chainBroken} >= 0 ? 0.
$7{temp} >= 0 && $5{chainBroken} == 1 ? bottom
$5{chainBroken} >= 2 && $7{temp} >= 0 ? 0.

[39:]:
-$7{temp} >= 1 && -$5{chainBroken} >= 0 ? 0.
-$7{temp} >= 1 && $5{chainBroken} == 1 ? bottom
$5{chainBroken} >= 2 && -$7{temp} >= 1 ? 0.
$7{temp} >= 0 && -$5{chainBroken} >= 0 ? 0.
$7{temp} >= 0 && $5{chainBroken} == 1 ? bottom
$5{chainBroken} >= 2 && $7{temp} >= 0 ? 0.

[40:]:
-$7{temp} >= 1 && -$5{chainBroken} >= 0 ? 0.
-$7{temp} >= 1 && $5{chainBroken} == 1 ? bottom
$5{chainBroken} >= 2 && -$7{temp} >= 1 ? 0.
$7{temp} >= 0 && -$5{chainBroken} >= 0 ? 0.
$7{temp} >= 0 && $5{chainBroken} == 1 ? bottom
$5{chainBroken} >= 2 && $7{temp} >= 0 ? 0.

[41:]:
-$7{temp} >= 1 && -$5{chainBroken} >= 0 ? 0.
-$7{temp} >= 1 && $5{chainBroken} == 1 ? bottom
$5{chainBroken} >= 2 && -$7{temp} >= 1 ? 0.
$7{temp} >= 0 && -$5{chainBroken} >= 0 ? 0.
$7{temp} >= 0 && $5{chainBroken} == 1 ? bottom
$5{chainBroken} >= 2 && $7{temp} >= 0 ? 0.

[42:]:
-$7{temp} >= 1 && -$5{chainBroken} >= 0 ? 0.
-$7{temp} >= 1 && $5{chainBroken} == 1 ? bottom
$5{chainBroken} >= 2 && -$7{temp} >= 1 ? 0.
$7{temp} >= 0 && -$5{chainBroken} >= 0 ? 0.
$7{temp} >= 0 && $5{chainBroken} == 1 ? bottom
$5{chainBroken} >= 2 && $7{temp} >= 0 ? 0.

[43:]:
-$7{temp} >= 1 && -$5{chainBroken} >= 0 ? 0.
-$7{temp} >= 1 && $5{chainBroken} == 1 ? bottom
$5{chainBroken} >= 2 && -$7{temp} >= 1 ? 0.
$7{temp} >= 0 && -$5{chainBroken} >= 0 ? 0.
$7{temp} >= 0 && $5{chainBroken} == 1 ? bottom
$5{chainBroken} >= 2 && $7{temp} >= 0 ? 0.

[44:]:
-$5{chainBroken} >= 0 ? 0.
$5{chainBroken} == 1 ? bottom
$5{chainBroken} >= 2 ? 0.

[45:]:
-$5{chainBroken} >= 0 ? 0.
$5{chainBroken} == 1 ? bottom
$5{chainBroken} >= 2 ? 0.

[46:]:
-$5{chainBroken} >= 0 ? 0.
$5{chainBroken} == 1 ? bottom
$5{chainBroken} >= 2 ? 0.

[47:]:
-$5{chainBroken} >= 0 ? 0.
$5{chainBroken} == 1 ? bottom
$5{chainBroken} >= 2 ? 0.

[48:]:
-$5{chainBroken} >= 0 ? 0.
$5{chainBroken} == 1 ? bottom
$5{chainBroken} >= 2 ? 0.

[49:]:
-$5{chainBroken} >= 0 ? 0.
$5{chainBroken} == 1 ? bottom
$5{chainBroken} >= 2 ? 0.

[50:]:
-$7{temp} >= 1 && -$5{chainBroken} >= 0 ? 0.
-$7{temp} >= 1 && $5{chainBroken} == 1 ? bottom
$5{chainBroken} >= 2 && -$7{temp} >= 1 ? 0.
$7{temp} >= 0 && -$5{chainBroken} >= 0 ? 0.
$7{temp} >= 0 && $5{chainBroken} == 1 ? bottom
$5{chainBroken} >= 2 && $7{temp} >= 0 ? 0.

[51:]:
-$7{temp} >= 1 && -$5{chainBroken} >= 0 ? 0.
-$7{temp} >= 1 && $5{chainBroken} == 1 ? bottom
$5{chainBroken} >= 2 && -$7{temp} >= 1 ? 0.
$7{temp} >= 0 && -$5{chainBroken} >= 0 ? 0.
$7{temp} >= 0 && $5{chainBroken} == 1 ? bottom
$5{chainBroken} >= 2 && $7{temp} >= 0 ? 0.

[52:]:
-$7{temp} >= 1 && -$5{chainBroken} >= 0 ? 0.
-$7{temp} >= 1 && $5{chainBroken} == 1 ? bottom
$5{chainBroken} >= 2 && -$7{temp} >= 1 ? 0.
$7{temp} >= 0 && -$5{chainBroken} >= 0 ? 0.
$7{temp} >= 0 && $5{chainBroken} == 1 ? bottom
$5{chainBroken} >= 2 && $7{temp} >= 0 ? 0.

[53:]:
-$7{temp} >= 1 && -$5{chainBroken} >= 0 ? 0.
-$7{temp} >= 1 && $5{chainBroken} == 1 ? bottom
$5{chainBroken} >= 2 && -$7{temp} >= 1 ? 0.
$7{temp} >= 0 && -$5{chainBroken} >= 0 ? 0.
$7{temp} >= 0 && $5{chainBroken} == 1 ? bottom
$5{chainBroken} >= 2 && $7{temp} >= 0 ? 0.

[54:]:
-$7{temp} >= 1 && -$5{chainBroken} >= 0 ? 0.
-$7{temp} >= 1 && $5{chainBroken} == 1 ? bottom
$5{chainBroken} >= 2 && -$7{temp} >= 1 ? 0.
$7{temp} >= 0 && -$5{chainBroken} >= 0 ? 0.
$7{temp} >= 0 && $5{chainBroken} == 1 ? bottom
$5{chainBroken} >= 2 && $7{temp} >= 0 ? 0.

[55:]:
-$7{temp} >= 1 && -$5{chainBroken} >= 0 ? 0.
-$7{temp} >= 1 && $5{chainBroken} == 1 ? bottom
$5{chainBroken} >= 2 && -$7{temp} >= 1 ? 0.
$7{temp} >= 0 && -$5{chainBroken} >= 0 ? 0.
$7{temp} >= 0 && $5{chainBroken} == 1 ? bottom
$5{chainBroken} >= 2 && $7{temp} >= 0 ? 0.

[56:]:
-$7{temp} >= 1 && -$5{chainBroken} >= 0 ? 0.
-$7{temp} >= 1 && $5{chainBroken} == 1 ? bottom
$5{chainBroken} >= 2 && -$7{temp} >= 1 ? 0.
$7{temp} >= 0 && -$5{chainBroken} >= 0 ? 0.
$7{temp} >= 0 && $5{chainBroken} == 1 ? bottom
$5{chainBroken} >= 2 && $7{temp} >= 0 ? 0.

[57:]:
-$7{temp} >= 1 && -$5{chainBroken} >= 0 ? 0.
-$7{temp} >= 1 && $5{chainBroken} == 1 ? bottom
$5{chainBroken} >= 2 && -$7{temp} >= 1 ? 0.
$7{temp} >= 0 && -$5{chainBroken} >= 0 ? 0.
$7{temp} >= 0 && $5{chainBroken} == 1 ? bottom
$5{chainBroken} >= 2 && $7{temp} >= 0 ? 0.

[58:]:
-$5{chainBroken} >= 0 ? 0.
$5{chainBroken} == 1 ? bottom
$5{chainBroken} >= 2 ? 0.

[59:]:
-$5{chainBroken} >= 0 ? 0.
$5{chainBroken} == 1 ? bottom
$5{chainBroken} >= 2 ? 0.

[60:]:
-$7{temp} >= 1 && -$5{chainBroken} >= 0 ? 0.
-$7{temp} >= 1 && $5{chainBroken} == 1 ? bottom
$5{chainBroken} >= 2 && -$7{temp} >= 1 ? 0.
$7{temp} >= 0 && -$5{chainBroken} >= 0 ? 0.
$7{temp} >= 0 && $5{chainBroken} == 1 ? bottom
$5{chainBroken} >= 2 && $7{temp} >= 0 ? 0.

[61:]:
-$7{temp} >= 1 && -$5{chainBroken} >= 0 ? 0.
-$7{temp} >= 1 && $5{chainBroken} == 1 ? bottom
$5{chainBroken} >= 2 && -$7{temp} >= 1 ? 0.
$7{temp} >= 0 && -$5{chainBroken} >= 0 ? 0.
$7{temp} >= 0 && $5{chainBroken} == 1 ? bottom
$5{chainBroken} >= 2 && $7{temp} >= 0 ? 0.

[62:]:
-$7{temp} >= 1 && -$5{chainBroken} >= 0 ? 0.
-$7{temp} >= 1 && $5{chainBroken} == 1 ? bottom
$5{chainBroken} >= 2 && -$7{temp} >= 1 ? 0.
$7{temp} >= 0 && -$5{chainBroken} >= 0 ? 0.
$7{temp} >= 0 && $5{chainBroken} == 1 ? bottom
$5{chainBroken} >= 2 && $7{temp} >= 0 ? 0.

[63:]:
-$7{temp} >= 1 && -$5{chainBroken} >= 0 ? 0.
-$7{temp} >= 1 && $5{chainBroken} == 1 ? bottom
$5{chainBroken} >= 2 && -$7{temp} >= 1 ? 0.
$7{temp} >= 0 && -$5{chainBroken} >= 0 ? 0.
$7{temp} >= 0 && $5{chainBroken} == 1 ? bottom
$5{chainBroken} >= 2 && $7{temp} >= 0 ? 0.

[64:]:
-$7{temp} >= 1 && -$5{chainBroken} >= 0 ? 0.
-$7{temp} >= 1 && $5{chainBroken} == 1 ? bottom
$5{chainBroken} >= 2 && -$7{temp} >= 1 ? 0.
$7{temp} >= 0 && -$5{chainBroken} >= 0 ? 0.
$7{temp} >= 0 && $5{chainBroken} == 1 ? bottom
$5{chainBroken} >= 2 && $7{temp} >= 0 ? 0.

[65:]:
-$7{temp} >= 1 && -$5{chainBroken} >= 0 ? 0.
-$7{temp} >= 1 && $5{chainBroken} == 1 ? bottom
$5{chainBroken} >= 2 && -$7{temp} >= 1 ? 0.
$7{temp} >= 0 && -$5{chainBroken} >= 0 ? 0.
$7{temp} >= 0 && $5{chainBroken} == 1 ? bottom
$5{chainBroken} >= 2 && $7{temp} >= 0 ? 0.

[66:]:
-$7{temp} >= 1 && -$5{chainBroken} >= 0 ? 0.
-$7{temp} >= 1 && $5{chainBroken} == 1 ? bottom
$5{chainBroken} >= 2 && -$7{temp} >= 1 ? 0.
$7{temp} >= 0 && -$5{chainBroken} >= 0 ? 0.
$7{temp} >= 0 && $5{chainBroken} == 1 ? bottom
$5{chainBroken} >= 2 && $7{temp} >= 0 ? 0.

[67:]:
-$7{temp} >= 1 && -$5{chainBroken} >= 0 ? 0.
-$7{temp} >= 1 && $5{chainBroken} == 1 ? bottom
$5{chainBroken} >= 2 && -$7{temp} >= 1 ? 0.
$7{temp} >= 0 && -$5{chainBroken} >= 0 ? 0.
$7{temp} >= 0 && $5{chainBroken} == 1 ? bottom
$5{chainBroken} >= 2 && $7{temp} >= 0 ? 0.

[68:]:
-$7{temp} >= 1 && -$5{chainBroken} >= 0 ? 0.
-$7{temp} >= 1 && $5{chainBroken} == 1 ? bottom
$5{chainBroken} >= 2 && -$7{temp} >= 1 ? 0.
$7{temp} >= 0 && -$5{chainBroken} >= 0 ? 0.
$7{temp} >= 0 && $5{chainBroken} == 1 ? bottom
$5{chainBroken} >= 2 && $7{temp} >= 0 ? 0.

[69:]:
-$7{temp} >= 1 && -$5{chainBroken} >= 0 ? 0.
-$7{temp} >= 1 && $5{chainBroken} == 1 ? bottom
$5{chainBroken} >= 2 && -$7{temp} >= 1 ? 0.
$7{temp} >= 0 && -$5{chainBroken} >= 0 ? 0.
$7{temp} >= 0 && $5{chainBroken} == 1 ? bottom
$5{chainBroken} >= 2 && $7{temp} >= 0 ? 0.

[70:]:
-$7{temp} >= 1 && -$5{chainBroken} >= 0 ? 0.
-$7{temp} >= 1 && $5{chainBroken} == 1 ? bottom
$5{chainBroken} >= 2 && -$7{temp} >= 1 ? 0.
$7{temp} >= 0 && -$5{chainBroken} >= 0 ? 0.
$7{temp} >= 0 && $5{chainBroken} == 1 ? bottom
$5{chainBroken} >= 2 && $7{temp} >= 0 ? 0.

[71:]:
-$7{temp} >= 1 && -$5{chainBroken} >= 0 ? 0.
-$7{temp} >= 1 && $5{chainBroken} == 1 ? bottom
$5{chainBroken} >= 2 && -$7{temp} >= 1 ? 0.
$7{temp} >= 0 && -$5{chainBroken} >= 0 ? 0.
$7{temp} >= 0 && $5{chainBroken} == 1 ? bottom
$5{chainBroken} >= 2 && $7{temp} >= 0 ? 0.

[72:]:
-$7{temp} >= 1 && -$5{chainBroken} >= 0 ? 0.
-$7{temp} >= 1 && $5{chainBroken} == 1 ? bottom
$5{chainBroken} >= 2 && -$7{temp} >= 1 ? 0.
$7{temp} >= 0 && -$5{chainBroken} >= 0 ? 0.
$7{temp} >= 0 && $5{chainBroken} == 1 ? bottom
$5{chainBroken} >= 2 && $7{temp} >= 0 ? 0.

[73:]:
-$5{chainBroken} >= 0 ? 0.
$5{chainBroken} == 1 ? bottom
$5{chainBroken} >= 2 ? 0.

[74:]:
-$5{chainBroken} >= 0 ? 0.
$5{chainBroken} == 1 ? bottom
$5{chainBroken} >= 2 ? 0.

[75:]:
-$5{chainBroken} >= 0 ? 0.
$5{chainBroken} == 1 ? bottom
$5{chainBroken} >= 2 ? 0.

[76:]:
-$5{chainBroken} >= 0 ? 0.
$5{chainBroken} == 1 ? bottom
$5{chainBroken} >= 2 ? 0.

[77:]:
-$5{chainBroken} >= 0 ? 0.
$5{chainBroken} == 1 ? bottom
$5{chainBroken} >= 2 ? 0.

[78:]:
-$5{chainBroken} >= 0 ? 0.
$5{chainBroken} == 1 ? bottom
$5{chainBroken} >= 2 ? 0.

[79:]:
-$5{chainBroken} >= 0 ? 0.
$5{chainBroken} == 1 ? bottom
$5{chainBroken} >= 2 ? 0.

[80:]:
-$5{chainBroken} >= 0 ? 0.
$5{chainBroken} == 1 ? bottom
$5{chainBroken} >= 2 ? 0.

[81:]:
-$5{chainBroken} >= 0 ? 0.
$5{chainBroken} == 1 ? bottom
$5{chainBroken} >= 2 ? 0.

[82:]:
-$7{temp}+$8{limit} >= 0 && -$7{temp} >= 1 && -$5{chainBroken} >= 0 ? 0.
-$7{temp}+$8{limit} >= 0 && -$7{temp} >= 1 && $5{chainBroken} == 1 ? bottom
$5{chainBroken} >= 2 && -$7{temp}+$8{limit} >= 0 && -$7{temp} >= 1 ? 0.
$7{temp} >= 0 && -$7{temp}+$8{limit} >= 0 && -$5{chainBroken} >= 0 ? 0.
$7{temp} >= 0 && -$7{temp}+$8{limit} >= 0 && $5{chainBroken} == 1 ? bottom
$5{chainBroken} >= 2 && $7{temp} >= 0 && -$7{temp}+$8{limit} >= 0 ? 0.
$7{temp}-$8{limit} >= 1 && -$7{temp} >= 1 && -$5{chainBroken} >= 0 ? 0.
$7{temp}-$8{limit} >= 1 && -$7{temp} >= 1 && $5{chainBroken} == 1 ? bottom
$5{chainBroken} >= 2 && $7{temp}-$8{limit} >= 1 && -$7{temp} >= 1 ? 0.
$7{temp} >= 0 && $7{temp}-$8{limit} >= 1 && -$5{chainBroken} >= 0 ? 0.
$7{temp} >= 0 && $7{temp}-$8{limit} >= 1 && $5{chainBroken} == 1 ? bottom
$5{chainBroken} >= 2 && $7{temp} >= 0 && $7{temp}-$8{limit} >= 1 ? 0.

[83:]:
-$7{temp} >= 1 && -$5{chainBroken} >= 0 ? 0.
-$7{temp} >= 1 && $5{chainBroken} == 1 ? bottom
$5{chainBroken} >= 2 && -$7{temp} >= 1 ? 0.
$7{temp} >= 0 && -$5{chainBroken} >= 0 ? 0.
$7{temp} >= 0 && $5{chainBroken} == 1 ? bottom
$5{chainBroken} >= 2 && $7{temp} >= 0 ? 0.

[84:]:
-$7{temp} >= 1 && -$5{chainBroken} >= 0 ? 0.
-$7{temp} >= 1 && $5{chainBroken} == 1 ? bottom
$5{chainBroken} >= 2 && -$7{temp} >= 1 ? 0.
$7{temp} >= 0 && -$5{chainBroken} >= 0 ? 0.
$7{temp} >= 0 && $5{chainBroken} == 1 ? bottom
$5{chainBroken} >= 2 && $7{temp} >= 0 ? 0.

[85:]:
-$7{temp} >= 1 && -$5{chainBroken} >= 0 ? 0.
-$7{temp} >= 1 && $5{chainBroken} == 1 ? bottom
$5{chainBroken} >= 2 && -$7{temp} >= 1 ? 0.
$7{temp} >= 0 && -$5{chainBroken} >= 0 ? 0.
$7{temp} >= 0 && $5{chainBroken} == 1 ? bottom
$5{chainBroken} >= 2 && $7{temp} >= 0 ? 0.

[86:]:
-$7{temp} >= 1 && -$5{chainBroken} >= 0 ? 0.
-$7{temp} >= 1 && $5{chainBroken} == 1 ? bottom
$5{chainBroken} >= 2 && -$7{temp} >= 1 ? 0.
$7{temp} >= 0 && -$5{chainBroken} >= 0 ? 0.
$7{temp} >= 0 && $5{chainBroken} == 1 ? bottom
$5{chainBroken} >= 2 && $7{temp} >= 0 ? 0.

[87:]:
-$7{temp} >= 1 && -$5{chainBroken} >= 0 ? 0.
-$7{temp} >= 1 && $5{chainBroken} == 1 ? bottom
$5{chainBroken} >= 2 && -$7{temp} >= 1 ? 0.
$7{temp} >= 0 && -$5{chainBroken} >= 0 ? 0.
$7{temp} >= 0 && $5{chainBroken} == 1 ? bottom
$5{chainBroken} >= 2 && $7{temp} >= 0 ? 0.

[88:]:
-$5{chainBroken} >= 0 ? 0.
$5{chainBroken} == 1 ? bottom
$5{chainBroken} >= 2 ? 0.

Property: AG{OR{$5{chainBroken} < 1 || $5{chainBroken} > 1}{AG{$5{chainBroken} <= 1 && $5{chainBroken} >= 1}}}

[ -1:]:
top ? bottom

[29:]:
top ? bottom

[30:]:
top ? bottom

[31:]:
top ? bottom

[32:]:
top ? bottom

[33:]:
top ? bottom

[34:]:
top ? bottom

[35:]:
top ? bottom

[36:]:
top ? bottom

[37:]:
top ? bottom

[38:]:
top ? bottom

[39:]:
top ? bottom

[40:]:
top ? bottom

[41:]:
top ? bottom

[42:]:
top ? bottom

[43:]:
top ? bottom

[44:]:
top ? bottom

[45:]:
top ? bottom

[46:]:
top ? bottom

[47:]:
top ? bottom

[48:]:
top ? bottom

[49:]:
top ? bottom

[50:]:
top ? bottom

[51:]:
top ? bottom

[52:]:
top ? bottom

[53:]:
top ? bottom

[54:]:
top ? bottom

[55:]:
top ? bottom

[56:]:
top ? bottom

[57:]:
top ? bottom

[58:]:
top ? bottom

[59:]:
top ? bottom

[60:]:
top ? bottom

[61:]:
top ? bottom

[62:]:
top ? bottom

[63:]:
top ? bottom

[64:]:
top ? bottom

[65:]:
top ? bottom

[66:]:
top ? bottom

[67:]:
top ? bottom

[68:]:
top ? bottom

[69:]:
top ? bottom

[70:]:
top ? bottom

[71:]:
top ? bottom

[72:]:
top ? bottom

[73:]:
top ? bottom

[74:]:
top ? bottom

[75:]:
top ? bottom

[76:]:
top ? bottom

[77:]:
top ? bottom

[78:]:
top ? bottom

[79:]:
top ? bottom

[80:]:
top ? bottom

[81:]:
top ? bottom

[82:]:
top ? bottom

[83:]:
top ? bottom

[84:]:
top ? bottom

[85:]:
top ? bottom

[86:]:
top ? bottom

[87:]:
top ? bottom

[88:]:
top ? bottom


Time: 0.599107
Analysis Result: UNKNOWN
